<?xml version="1.0" encoding="UTF-8"?>
<robot generator="Robot 7.2.2 (Python 3.10.6 on win32)" generated="2025-05-22T19:36:59.249648" rpa="false" schemaversion="5">
<suite id="s1" name="Tests" source="C:\Users\Pedro\Documents\Compass UOL\Documentos\Semana 10 - Base Testes Automatizados + Testes automatizados de APIs REST com Robot Framework\Teste Restful-Booker API\tests">
<suite id="s1-s1" name="Auth" source="C:\Users\Pedro\Documents\Compass UOL\Documentos\Semana 10 - Base Testes Automatizados + Testes automatizados de APIs REST com Robot Framework\Teste Restful-Booker API\tests\auth.robot">
<kw name="Health Check" owner="healthcheck" type="SETUP">
<kw name="Create Session" owner="RequestsLibrary">
<msg time="2025-05-22T19:36:59.458848" level="INFO">Creating Session using : alias=Booker, url=https://restful-booker.herokuapp.com, headers={},                     cookies={}, auth=None, timeout=None, proxies=None, verify=False,                     debug=0 </msg>
<arg>Booker</arg>
<arg>${base_url}</arg>
<doc>Create Session: create a HTTP session to a server</doc>
<status status="PASS" start="2025-05-22T19:36:59.457848" elapsed="0.001000"/>
</kw>
<kw name="GET On Session" owner="RequestsLibrary">
<msg time="2025-05-22T19:37:00.112411" level="INFO">GET Request : url=https://restful-booker.herokuapp.com/ping 
 path_url=/ping 
 headers={'User-Agent': 'python-requests/2.32.3', 'Accept-Encoding': 'gzip, deflate, br', 'Accept': '*/*', 'Connection': 'keep-alive'} 
 body=None 
 </msg>
<msg time="2025-05-22T19:37:00.112411" level="INFO">GET Response : url=https://restful-booker.herokuapp.com/ping 
 status=201, reason=Created 
 headers={'Content-Length': '7', 'Content-Type': 'text/plain; charset=utf-8', 'Date': 'Thu, 22 May 2025 22:36:59 GMT', 'Etag': 'W/"7-rM9AyJuqT6iOan/xHh+AW+7K/T8"', 'Nel': '{"report_to":"heroku-nel","response_headers":["Via"],"max_age":3600,"success_fraction":0.01,"failure_fraction":0.1}', 'Report-To': '{"group":"heroku-nel","endpoints":[{"url":"https://nel.heroku.com/reports?s=fRmQ%2FL9o0dODj5H9nx1RE5BECzz6aoUsOjrKAxM4JTU%3D\\u0026sid=c46efe9b-d3d2-4a0c-8c76-bfafa16c5add\\u0026ts=1747953419"}],"max_age":3600}', 'Reporting-Endpoints': 'heroku-nel="https://nel.heroku.com/reports?s=fRmQ%2FL9o0dODj5H9nx1RE5BECzz6aoUsOjrKAxM4JTU%3D&amp;sid=c46efe9b-d3d2-4a0c-8c76-bfafa16c5add&amp;ts=1747953419"', 'Server': 'Heroku', 'Via': '1.1 heroku-router', 'X-Powered-By': 'Express'} 
 body=Created 
 </msg>
<msg time="2025-05-22T19:37:00.112411" level="INFO">C:\Users\Pedro\AppData\Local\Programs\Python\Python310\lib\site-packages\urllib3\connectionpool.py:1097: InsecureRequestWarning: Unverified HTTPS request is being made to host 'restful-booker.herokuapp.com'. Adding certificate verification is strongly advised. See: https://urllib3.readthedocs.io/en/latest/advanced-usage.html#tls-warnings
  warnings.warn(</msg>
<msg time="2025-05-22T19:37:00.113426" level="INFO">${response} = &lt;Response [201]&gt;</msg>
<var>${response}</var>
<arg>Booker</arg>
<arg>/ping</arg>
<arg>expected_status=201</arg>
<doc>Sends a GET request on a previously created HTTP Session.</doc>
<status status="PASS" start="2025-05-22T19:36:59.458848" elapsed="0.654578"/>
</kw>
<status status="PASS" start="2025-05-22T19:36:59.457848" elapsed="0.655578"/>
</kw>
<test id="s1-s1-t1" name="Generate Token and Validate" line="8">
<kw name="Generate Auth Token" owner="auth">
<kw name="Create Dictionary" owner="BuiltIn">
<msg time="2025-05-22T19:37:00.115412" level="INFO">${headers} = {'Content-Type': 'application/json'}</msg>
<var>${headers}</var>
<arg>Content-Type=application/json</arg>
<doc>Creates and returns a dictionary based on the given ``items``.</doc>
<status status="PASS" start="2025-05-22T19:37:00.114411" elapsed="0.001001"/>
</kw>
<kw name="Create Dictionary" owner="BuiltIn">
<msg time="2025-05-22T19:37:00.115412" level="INFO">${body} = {'username': 'admin', 'password': 'password123'}</msg>
<var>${body}</var>
<arg>username=admin</arg>
<arg>password=password123</arg>
<doc>Creates and returns a dictionary based on the given ``items``.</doc>
<status status="PASS" start="2025-05-22T19:37:00.115412" elapsed="0.000000"/>
</kw>
<kw name="Create Session" owner="RequestsLibrary">
<msg time="2025-05-22T19:37:00.115412" level="INFO">Creating Session using : alias=Booker, url=https://restful-booker.herokuapp.com, headers={},                     cookies={}, auth=None, timeout=None, proxies=None, verify=False,                     debug=0 </msg>
<arg>Booker</arg>
<arg>${base_url}</arg>
<doc>Create Session: create a HTTP session to a server</doc>
<status status="PASS" start="2025-05-22T19:37:00.115412" elapsed="0.001002"/>
</kw>
<kw name="POST On Session" owner="RequestsLibrary">
<msg time="2025-05-22T19:37:00.728989" level="INFO">POST Request : url=https://restful-booker.herokuapp.com/auth 
 path_url=/auth 
 headers={'User-Agent': 'python-requests/2.32.3', 'Accept-Encoding': 'gzip, deflate, br', 'Accept': '*/*', 'Connection': 'keep-alive', 'Content-Type': 'application/json', 'Content-Length': '48'} 
 body=b'{"username": "admin", "password": "password123"}' 
 </msg>
<msg time="2025-05-22T19:37:00.730008" level="INFO">POST Response : url=https://restful-booker.herokuapp.com/auth 
 status=200, reason=OK 
 headers={'Content-Length': '27', 'Content-Type': 'application/json; charset=utf-8', 'Date': 'Thu, 22 May 2025 22:37:00 GMT', 'Etag': 'W/"1b-sfHQISrWMPppqHAeAGDRwPoN9wo"', 'Nel': '{"report_to":"heroku-nel","response_headers":["Via"],"max_age":3600,"success_fraction":0.01,"failure_fraction":0.1}', 'Report-To': '{"group":"heroku-nel","endpoints":[{"url":"https://nel.heroku.com/reports?s=BsUpvwsN58%2FfHlWT8lzihKRv%2BsdQCruWCDgbOWMZWA8%3D\\u0026sid=c46efe9b-d3d2-4a0c-8c76-bfafa16c5add\\u0026ts=1747953420"}],"max_age":3600}', 'Reporting-Endpoints': 'heroku-nel="https://nel.heroku.com/reports?s=BsUpvwsN58%2FfHlWT8lzihKRv%2BsdQCruWCDgbOWMZWA8%3D&amp;sid=c46efe9b-d3d2-4a0c-8c76-bfafa16c5add&amp;ts=1747953420"', 'Server': 'Heroku', 'Via': '1.1 heroku-router', 'X-Powered-By': 'Express'} 
 body={"token":"85dcbb6e6bbaa51"} 
 </msg>
<msg time="2025-05-22T19:37:00.730008" level="INFO">C:\Users\Pedro\AppData\Local\Programs\Python\Python310\lib\site-packages\urllib3\connectionpool.py:1097: InsecureRequestWarning: Unverified HTTPS request is being made to host 'restful-booker.herokuapp.com'. Adding certificate verification is strongly advised. See: https://urllib3.readthedocs.io/en/latest/advanced-usage.html#tls-warnings
  warnings.warn(</msg>
<msg time="2025-05-22T19:37:00.730008" level="INFO">${response} = &lt;Response [200]&gt;</msg>
<var>${response}</var>
<arg>Booker</arg>
<arg>/auth</arg>
<arg>json=${body}</arg>
<arg>headers=${headers}</arg>
<arg>expected_status=200</arg>
<doc>Sends a POST request on a previously created HTTP Session.</doc>
<status status="PASS" start="2025-05-22T19:37:00.116414" elapsed="0.613594"/>
</kw>
<kw name="Set Variable" owner="BuiltIn">
<msg time="2025-05-22T19:37:00.731006" level="INFO">${json} = {'token': '85dcbb6e6bbaa51'}</msg>
<var>${json}</var>
<arg>${response.json()}</arg>
<doc>Returns the given values which can then be assigned to a variables.</doc>
<status status="PASS" start="2025-05-22T19:37:00.730008" elapsed="0.000998"/>
</kw>
<kw name="Dictionary Should Contain Key" owner="Collections">
<arg>${json}</arg>
<arg>token</arg>
<doc>Fails if ``key`` is not found from ``dictionary``.</doc>
<status status="PASS" start="2025-05-22T19:37:00.731006" elapsed="0.001001"/>
</kw>
<kw name="Set Suite Variable" owner="BuiltIn">
<msg time="2025-05-22T19:37:00.733008" level="INFO">${auth_token} = 85dcbb6e6bbaa51</msg>
<arg>${auth_token}</arg>
<arg>${json['token']}</arg>
<doc>Makes a variable available everywhere within the scope of the current suite.</doc>
<status status="PASS" start="2025-05-22T19:37:00.732007" elapsed="0.001001"/>
</kw>
<status status="PASS" start="2025-05-22T19:37:00.114411" elapsed="0.618597"/>
</kw>
<kw name="Log To Console" owner="BuiltIn">
<arg>Auth token generated: ${auth_token}</arg>
<doc>Logs the given message to the console.</doc>
<status status="PASS" start="2025-05-22T19:37:00.733008" elapsed="0.000997"/>
</kw>
<kw name="Should Not Be Empty" owner="BuiltIn">
<msg time="2025-05-22T19:37:00.734005" level="INFO">Length is 15.</msg>
<arg>${auth_token}</arg>
<doc>Verifies that the given item is not empty.</doc>
<status status="PASS" start="2025-05-22T19:37:00.734005" elapsed="0.000000"/>
</kw>
<status status="PASS" start="2025-05-22T19:37:00.113426" elapsed="0.620579"/>
</test>
<status status="PASS" start="2025-05-22T19:36:59.281971" elapsed="1.453036"/>
</suite>
<suite id="s1-s2" name="Booking" source="C:\Users\Pedro\Documents\Compass UOL\Documentos\Semana 10 - Base Testes Automatizados + Testes automatizados de APIs REST com Robot Framework\Teste Restful-Booker API\tests\booking.robot">
<kw name="Health Check" owner="healthcheck" type="SETUP">
<kw name="Create Session" owner="RequestsLibrary">
<msg time="2025-05-22T19:37:00.774763" level="INFO">Creating Session using : alias=Booker, url=https://restful-booker.herokuapp.com, headers={},                     cookies={}, auth=None, timeout=None, proxies=None, verify=False,                     debug=0 </msg>
<arg>Booker</arg>
<arg>${base_url}</arg>
<doc>Create Session: create a HTTP session to a server</doc>
<status status="PASS" start="2025-05-22T19:37:00.774763" elapsed="0.000996"/>
</kw>
<kw name="GET On Session" owner="RequestsLibrary">
<msg time="2025-05-22T19:37:01.353722" level="INFO">GET Request : url=https://restful-booker.herokuapp.com/ping 
 path_url=/ping 
 headers={'User-Agent': 'python-requests/2.32.3', 'Accept-Encoding': 'gzip, deflate, br', 'Accept': '*/*', 'Connection': 'keep-alive'} 
 body=None 
 </msg>
<msg time="2025-05-22T19:37:01.353722" level="INFO">GET Response : url=https://restful-booker.herokuapp.com/ping 
 status=201, reason=Created 
 headers={'Content-Length': '7', 'Content-Type': 'text/plain; charset=utf-8', 'Date': 'Thu, 22 May 2025 22:37:00 GMT', 'Etag': 'W/"7-rM9AyJuqT6iOan/xHh+AW+7K/T8"', 'Nel': '{"report_to":"heroku-nel","response_headers":["Via"],"max_age":3600,"success_fraction":0.01,"failure_fraction":0.1}', 'Report-To': '{"group":"heroku-nel","endpoints":[{"url":"https://nel.heroku.com/reports?s=BsUpvwsN58%2FfHlWT8lzihKRv%2BsdQCruWCDgbOWMZWA8%3D\\u0026sid=c46efe9b-d3d2-4a0c-8c76-bfafa16c5add\\u0026ts=1747953420"}],"max_age":3600}', 'Reporting-Endpoints': 'heroku-nel="https://nel.heroku.com/reports?s=BsUpvwsN58%2FfHlWT8lzihKRv%2BsdQCruWCDgbOWMZWA8%3D&amp;sid=c46efe9b-d3d2-4a0c-8c76-bfafa16c5add&amp;ts=1747953420"', 'Server': 'Heroku', 'Via': '1.1 heroku-router', 'X-Powered-By': 'Express'} 
 body=Created 
 </msg>
<msg time="2025-05-22T19:37:01.353722" level="INFO">C:\Users\Pedro\AppData\Local\Programs\Python\Python310\lib\site-packages\urllib3\connectionpool.py:1097: InsecureRequestWarning: Unverified HTTPS request is being made to host 'restful-booker.herokuapp.com'. Adding certificate verification is strongly advised. See: https://urllib3.readthedocs.io/en/latest/advanced-usage.html#tls-warnings
  warnings.warn(</msg>
<msg time="2025-05-22T19:37:01.354719" level="INFO">${response} = &lt;Response [201]&gt;</msg>
<var>${response}</var>
<arg>Booker</arg>
<arg>/ping</arg>
<arg>expected_status=201</arg>
<doc>Sends a GET request on a previously created HTTP Session.</doc>
<status status="PASS" start="2025-05-22T19:37:00.775759" elapsed="0.578960"/>
</kw>
<status status="PASS" start="2025-05-22T19:37:00.773760" elapsed="0.580959"/>
</kw>
<test id="s1-s2-t1" name="Booking Scenario: Create, List, Filter, Update, Patch, Delete and Validate Booking" line="9">
<kw name="Generate Auth Token" owner="auth">
<kw name="Create Dictionary" owner="BuiltIn">
<msg time="2025-05-22T19:37:01.356866" level="INFO">${headers} = {'Content-Type': 'application/json'}</msg>
<var>${headers}</var>
<arg>Content-Type=application/json</arg>
<doc>Creates and returns a dictionary based on the given ``items``.</doc>
<status status="PASS" start="2025-05-22T19:37:01.355851" elapsed="0.001015"/>
</kw>
<kw name="Create Dictionary" owner="BuiltIn">
<msg time="2025-05-22T19:37:01.356866" level="INFO">${body} = {'username': 'admin', 'password': 'password123'}</msg>
<var>${body}</var>
<arg>username=admin</arg>
<arg>password=password123</arg>
<doc>Creates and returns a dictionary based on the given ``items``.</doc>
<status status="PASS" start="2025-05-22T19:37:01.356866" elapsed="0.000000"/>
</kw>
<kw name="Create Session" owner="RequestsLibrary">
<msg time="2025-05-22T19:37:01.357862" level="INFO">Creating Session using : alias=Booker, url=https://restful-booker.herokuapp.com, headers={},                     cookies={}, auth=None, timeout=None, proxies=None, verify=False,                     debug=0 </msg>
<arg>Booker</arg>
<arg>${base_url}</arg>
<doc>Create Session: create a HTTP session to a server</doc>
<status status="PASS" start="2025-05-22T19:37:01.357862" elapsed="0.000000"/>
</kw>
<kw name="POST On Session" owner="RequestsLibrary">
<msg time="2025-05-22T19:37:01.927720" level="INFO">POST Request : url=https://restful-booker.herokuapp.com/auth 
 path_url=/auth 
 headers={'User-Agent': 'python-requests/2.32.3', 'Accept-Encoding': 'gzip, deflate, br', 'Accept': '*/*', 'Connection': 'keep-alive', 'Content-Type': 'application/json', 'Content-Length': '48'} 
 body=b'{"username": "admin", "password": "password123"}' 
 </msg>
<msg time="2025-05-22T19:37:01.927720" level="INFO">POST Response : url=https://restful-booker.herokuapp.com/auth 
 status=200, reason=OK 
 headers={'Content-Length': '27', 'Content-Type': 'application/json; charset=utf-8', 'Date': 'Thu, 22 May 2025 22:37:01 GMT', 'Etag': 'W/"1b-dUZqywlA0aDty7J4d3wBXghnvow"', 'Nel': '{"report_to":"heroku-nel","response_headers":["Via"],"max_age":3600,"success_fraction":0.01,"failure_fraction":0.1}', 'Report-To': '{"group":"heroku-nel","endpoints":[{"url":"https://nel.heroku.com/reports?s=Zl%2BaKTh%2FeHGmmzR5ogEFNLHbwNUwLJRsv0cJ%2FdxMNfA%3D\\u0026sid=c46efe9b-d3d2-4a0c-8c76-bfafa16c5add\\u0026ts=1747953421"}],"max_age":3600}', 'Reporting-Endpoints': 'heroku-nel="https://nel.heroku.com/reports?s=Zl%2BaKTh%2FeHGmmzR5ogEFNLHbwNUwLJRsv0cJ%2FdxMNfA%3D&amp;sid=c46efe9b-d3d2-4a0c-8c76-bfafa16c5add&amp;ts=1747953421"', 'Server': 'Heroku', 'Via': '1.1 heroku-router', 'X-Powered-By': 'Express'} 
 body={"token":"7ab1ff1e8ce06ad"} 
 </msg>
<msg time="2025-05-22T19:37:01.927720" level="INFO">C:\Users\Pedro\AppData\Local\Programs\Python\Python310\lib\site-packages\urllib3\connectionpool.py:1097: InsecureRequestWarning: Unverified HTTPS request is being made to host 'restful-booker.herokuapp.com'. Adding certificate verification is strongly advised. See: https://urllib3.readthedocs.io/en/latest/advanced-usage.html#tls-warnings
  warnings.warn(</msg>
<msg time="2025-05-22T19:37:01.928739" level="INFO">${response} = &lt;Response [200]&gt;</msg>
<var>${response}</var>
<arg>Booker</arg>
<arg>/auth</arg>
<arg>json=${body}</arg>
<arg>headers=${headers}</arg>
<arg>expected_status=200</arg>
<doc>Sends a POST request on a previously created HTTP Session.</doc>
<status status="PASS" start="2025-05-22T19:37:01.357862" elapsed="0.570877"/>
</kw>
<kw name="Set Variable" owner="BuiltIn">
<msg time="2025-05-22T19:37:01.929722" level="INFO">${json} = {'token': '7ab1ff1e8ce06ad'}</msg>
<var>${json}</var>
<arg>${response.json()}</arg>
<doc>Returns the given values which can then be assigned to a variables.</doc>
<status status="PASS" start="2025-05-22T19:37:01.928739" elapsed="0.000983"/>
</kw>
<kw name="Dictionary Should Contain Key" owner="Collections">
<arg>${json}</arg>
<arg>token</arg>
<doc>Fails if ``key`` is not found from ``dictionary``.</doc>
<status status="PASS" start="2025-05-22T19:37:01.929722" elapsed="0.000000"/>
</kw>
<kw name="Set Suite Variable" owner="BuiltIn">
<msg time="2025-05-22T19:37:01.931732" level="INFO">${auth_token} = 7ab1ff1e8ce06ad</msg>
<arg>${auth_token}</arg>
<arg>${json['token']}</arg>
<doc>Makes a variable available everywhere within the scope of the current suite.</doc>
<status status="PASS" start="2025-05-22T19:37:01.930735" elapsed="0.000997"/>
</kw>
<status status="PASS" start="2025-05-22T19:37:01.355851" elapsed="0.575881"/>
</kw>
<kw name="Create New Booking" owner="booking">
<kw name="Generate Random String" owner="String">
<msg time="2025-05-22T19:37:01.933375" level="INFO">${firstname} = CWkLeZFc</msg>
<var>${firstname}</var>
<arg>8</arg>
<arg>[LETTERS]</arg>
<doc>Generates a string with a desired ``length`` from the given ``chars``.</doc>
<status status="PASS" start="2025-05-22T19:37:01.932339" elapsed="0.001036"/>
</kw>
<kw name="Generate Random String" owner="String">
<msg time="2025-05-22T19:37:01.933375" level="INFO">${lastname} = Oqwe</msg>
<var>${lastname}</var>
<arg>4</arg>
<arg>[LETTERS]</arg>
<doc>Generates a string with a desired ``length`` from the given ``chars``.</doc>
<status status="PASS" start="2025-05-22T19:37:01.933375" elapsed="0.000000"/>
</kw>
<kw name="Evaluate" owner="BuiltIn">
<msg time="2025-05-22T19:37:01.934370" level="INFO">${total_price} = 617</msg>
<var>${total_price}</var>
<arg>random.randint(100, 1000)</arg>
<arg>modules=random</arg>
<doc>Evaluates the given expression in Python and returns the result.</doc>
<status status="PASS" start="2025-05-22T19:37:01.933375" elapsed="0.000995"/>
</kw>
<kw name="Create Dictionary" owner="BuiltIn">
<msg time="2025-05-22T19:37:01.934370" level="INFO">${headers} = {'Content-Type': 'application/json', 'Accept': 'application/json'}</msg>
<var>${headers}</var>
<arg>Content-Type=application/json</arg>
<arg>Accept=application/json</arg>
<doc>Creates and returns a dictionary based on the given ``items``.</doc>
<status status="PASS" start="2025-05-22T19:37:01.934370" elapsed="0.000000"/>
</kw>
<kw name="Create Dictionary" owner="BuiltIn">
<msg time="2025-05-22T19:37:01.935364" level="INFO">${booking_dates} = {'checkin': '2025-05-22', 'checkout': '2026-05-26'}</msg>
<var>${booking_dates}</var>
<arg>checkin=2025-05-22</arg>
<arg>checkout=2026-05-26</arg>
<doc>Creates and returns a dictionary based on the given ``items``.</doc>
<status status="PASS" start="2025-05-22T19:37:01.934370" elapsed="0.000994"/>
</kw>
<kw name="Create Dictionary" owner="BuiltIn">
<msg time="2025-05-22T19:37:01.935364" level="INFO">${request_body} = {'firstname': 'CWkLeZFc', 'lastname': 'Oqwe', 'totalprice': 617, 'depositpaid': True, 'bookingdates': {'checkin': '2025-05-22', 'checkout': '2026-05-26'}, 'additionalneeds': 'Double bed'}</msg>
<var>${request_body}</var>
<arg>firstname=${firstname}</arg>
<arg>lastname=${lastname}</arg>
<arg>totalprice=${total_price}</arg>
<arg>depositpaid=${True}</arg>
<arg>bookingdates=${booking_dates}</arg>
<arg>additionalneeds=Double bed</arg>
<doc>Creates and returns a dictionary based on the given ``items``.</doc>
<status status="PASS" start="2025-05-22T19:37:01.935364" elapsed="0.000000"/>
</kw>
<kw name="Create Session" owner="RequestsLibrary">
<msg time="2025-05-22T19:37:01.936363" level="INFO">Creating Session using : alias=Booker, url=https://restful-booker.herokuapp.com, headers={},                     cookies={}, auth=None, timeout=None, proxies=None, verify=False,                     debug=0 </msg>
<arg>Booker</arg>
<arg>${base_url}</arg>
<doc>Create Session: create a HTTP session to a server</doc>
<status status="PASS" start="2025-05-22T19:37:01.936363" elapsed="0.000000"/>
</kw>
<kw name="POST On Session" owner="RequestsLibrary">
<msg time="2025-05-22T19:37:02.514351" level="INFO">POST Request : url=https://restful-booker.herokuapp.com/booking 
 path_url=/booking 
 headers={'User-Agent': 'python-requests/2.32.3', 'Accept-Encoding': 'gzip, deflate, br', 'Accept': 'application/json', 'Connection': 'keep-alive', 'Content-Type': 'application/json', 'Content-Length': '187'} 
 body=b'{"firstname": "CWkLeZFc", "lastname": "Oqwe", "totalprice": 617, "depositpaid": true, "bookingdates": {"checkin": "2025-05-22", "checkout": "2026-05-26"}, "additionalneeds": "Double bed"}' 
 </msg>
<msg time="2025-05-22T19:37:02.515380" level="INFO">POST Response : url=https://restful-booker.herokuapp.com/booking 
 status=200, reason=OK 
 headers={'Content-Length': '202', 'Content-Type': 'application/json; charset=utf-8', 'Date': 'Thu, 22 May 2025 22:37:02 GMT', 'Etag': 'W/"ca-mIiT4XQ1/w1YszF7sF3Bgfr2apw"', 'Nel': '{"report_to":"heroku-nel","response_headers":["Via"],"max_age":3600,"success_fraction":0.01,"failure_fraction":0.1}', 'Report-To': '{"group":"heroku-nel","endpoints":[{"url":"https://nel.heroku.com/reports?s=zXP8jz5wfU%2FS7itWklkDP8xXhsQ0vlH2VpNxb%2BLGCbs%3D\\u0026sid=c46efe9b-d3d2-4a0c-8c76-bfafa16c5add\\u0026ts=1747953422"}],"max_age":3600}', 'Reporting-Endpoints': 'heroku-nel="https://nel.heroku.com/reports?s=zXP8jz5wfU%2FS7itWklkDP8xXhsQ0vlH2VpNxb%2BLGCbs%3D&amp;sid=c46efe9b-d3d2-4a0c-8c76-bfafa16c5add&amp;ts=1747953422"', 'Server': 'Heroku', 'Via': '1.1 heroku-router', 'X-Powered-By': 'Express'} 
 body={"bookingid":3306,"booking":{"firstname":"CWkLeZFc","lastname":"Oqwe","totalprice":617,"depositpaid":true,"bookingdates":{"checkin":"2025-05-22","checkout":"2026-05-26"},"additionalneeds":"Double bed"}} 
 </msg>
<msg time="2025-05-22T19:37:02.515380" level="INFO">C:\Users\Pedro\AppData\Local\Programs\Python\Python310\lib\site-packages\urllib3\connectionpool.py:1097: InsecureRequestWarning: Unverified HTTPS request is being made to host 'restful-booker.herokuapp.com'. Adding certificate verification is strongly advised. See: https://urllib3.readthedocs.io/en/latest/advanced-usage.html#tls-warnings
  warnings.warn(</msg>
<msg time="2025-05-22T19:37:02.515380" level="INFO">${response} = &lt;Response [200]&gt;</msg>
<var>${response}</var>
<arg>Booker</arg>
<arg>/booking</arg>
<arg>json=${request_body}</arg>
<arg>headers=${headers}</arg>
<arg>expected_status=200</arg>
<doc>Sends a POST request on a previously created HTTP Session.</doc>
<status status="PASS" start="2025-05-22T19:37:01.936363" elapsed="0.579017"/>
</kw>
<kw name="Set Suite Variable" owner="BuiltIn">
<msg time="2025-05-22T19:37:02.517377" level="INFO">${booking_id} = 3306</msg>
<arg>${booking_id}</arg>
<arg>${response.json()}[bookingid]</arg>
<doc>Makes a variable available everywhere within the scope of the current suite.</doc>
<status status="PASS" start="2025-05-22T19:37:02.516379" elapsed="0.000998"/>
</kw>
<kw name="Set Suite Variable" owner="BuiltIn">
<msg time="2025-05-22T19:37:02.518377" level="INFO">${firstname_returned} = CWkLeZFc</msg>
<arg>${firstname_returned}</arg>
<arg>${response.json()}[booking][firstname]</arg>
<doc>Makes a variable available everywhere within the scope of the current suite.</doc>
<status status="PASS" start="2025-05-22T19:37:02.517377" elapsed="0.001000"/>
</kw>
<kw name="Set Suite Variable" owner="BuiltIn">
<msg time="2025-05-22T19:37:02.520376" level="INFO">${lastname_returned} = Oqwe</msg>
<arg>${lastname_returned}</arg>
<arg>${response.json()}[booking][lastname]</arg>
<doc>Makes a variable available everywhere within the scope of the current suite.</doc>
<status status="PASS" start="2025-05-22T19:37:02.519376" elapsed="0.001000"/>
</kw>
<kw name="Set Suite Variable" owner="BuiltIn">
<msg time="2025-05-22T19:37:02.521377" level="INFO">${totalprice_returned} = 617</msg>
<arg>${totalprice_returned}</arg>
<arg>${response.json()}[booking][totalprice]</arg>
<doc>Makes a variable available everywhere within the scope of the current suite.</doc>
<status status="PASS" start="2025-05-22T19:37:02.520376" elapsed="0.001001"/>
</kw>
<kw name="Set Suite Variable" owner="BuiltIn">
<msg time="2025-05-22T19:37:02.522376" level="INFO">${depositpaid_returned} = True</msg>
<arg>${depositpaid_returned}</arg>
<arg>${response.json()}[booking][depositpaid]</arg>
<doc>Makes a variable available everywhere within the scope of the current suite.</doc>
<status status="PASS" start="2025-05-22T19:37:02.521377" elapsed="0.002002"/>
</kw>
<kw name="Set Suite Variable" owner="BuiltIn">
<msg time="2025-05-22T19:37:02.524368" level="INFO">${checkin_returned} = 2025-05-22</msg>
<arg>${checkin_returned}</arg>
<arg>${response.json()}[booking][bookingdates][checkin]</arg>
<doc>Makes a variable available everywhere within the scope of the current suite.</doc>
<status status="PASS" start="2025-05-22T19:37:02.523379" elapsed="0.000989"/>
</kw>
<kw name="Set Suite Variable" owner="BuiltIn">
<msg time="2025-05-22T19:37:02.526365" level="INFO">${checkout_returned} = 2026-05-26</msg>
<arg>${checkout_returned}</arg>
<arg>${response.json()}[booking][bookingdates][checkout]</arg>
<doc>Makes a variable available everywhere within the scope of the current suite.</doc>
<status status="PASS" start="2025-05-22T19:37:02.525366" elapsed="0.001998"/>
</kw>
<kw name="Set Suite Variable" owner="BuiltIn">
<msg time="2025-05-22T19:37:02.528367" level="INFO">${needs_returned} = Double bed</msg>
<arg>${needs_returned}</arg>
<arg>${response.json()}[booking][additionalneeds]</arg>
<doc>Makes a variable available everywhere within the scope of the current suite.</doc>
<status status="PASS" start="2025-05-22T19:37:02.527364" elapsed="0.001003"/>
</kw>
<kw name="Set Suite Variable" owner="BuiltIn">
<msg time="2025-05-22T19:37:02.530368" level="INFO">${firstname_sent} = CWkLeZFc</msg>
<arg>${firstname_sent}</arg>
<arg>${firstname}</arg>
<doc>Makes a variable available everywhere within the scope of the current suite.</doc>
<status status="PASS" start="2025-05-22T19:37:02.529367" elapsed="0.001001"/>
</kw>
<kw name="Set Suite Variable" owner="BuiltIn">
<msg time="2025-05-22T19:37:02.531379" level="INFO">${lastname_sent} = Oqwe</msg>
<arg>${lastname_sent}</arg>
<arg>${lastname}</arg>
<doc>Makes a variable available everywhere within the scope of the current suite.</doc>
<status status="PASS" start="2025-05-22T19:37:02.530368" elapsed="0.001011"/>
</kw>
<kw name="Set Suite Variable" owner="BuiltIn">
<msg time="2025-05-22T19:37:02.532379" level="INFO">${totalprice_sent} = 617</msg>
<arg>${totalprice_sent}</arg>
<arg>${total_price}</arg>
<doc>Makes a variable available everywhere within the scope of the current suite.</doc>
<status status="PASS" start="2025-05-22T19:37:02.531379" elapsed="0.001000"/>
</kw>
<status status="PASS" start="2025-05-22T19:37:01.932339" elapsed="0.601025"/>
</kw>
<kw name="Get All Booking IDs" owner="booking">
<kw name="Create Session" owner="RequestsLibrary">
<msg time="2025-05-22T19:37:02.534380" level="INFO">Creating Session using : alias=Booker, url=https://restful-booker.herokuapp.com, headers={},                     cookies={}, auth=None, timeout=None, proxies=None, verify=False,                     debug=0 </msg>
<arg>Booker</arg>
<arg>${base_url}</arg>
<doc>Create Session: create a HTTP session to a server</doc>
<status status="PASS" start="2025-05-22T19:37:02.533364" elapsed="0.001016"/>
</kw>
<kw name="GET On Session" owner="RequestsLibrary">
<msg time="2025-05-22T19:37:03.241899" level="INFO">GET Request : url=https://restful-booker.herokuapp.com/booking 
 path_url=/booking 
 headers={'User-Agent': 'python-requests/2.32.3', 'Accept-Encoding': 'gzip, deflate, br', 'Accept': '*/*', 'Connection': 'keep-alive'} 
 body=None 
 </msg>
<msg time="2025-05-22T19:37:03.241899" level="INFO">GET Response : url=https://restful-booker.herokuapp.com/booking 
 status=200, reason=OK 
 headers={'Content-Length': '42520', 'Content-Type': 'application/json; charset=utf-8', 'Date': 'Thu, 22 May 2025 22:37:02 GMT', 'Etag': 'W/"a618-ve6P+rvIZB1O+NovdwObYMzUpMU"', 'Nel': '{"report_to":"heroku-nel","response_headers":["Via"],"max_age":3600,"success_fraction":0.01,"failure_fraction":0.1}', 'Report-To': '{"group":"heroku-nel","endpoints":[{"url":"https://nel.heroku.com/reports?s=zXP8jz5wfU%2FS7itWklkDP8xXhsQ0vlH2VpNxb%2BLGCbs%3D\\u0026sid=c46efe9b-d3d2-4a0c-8c76-bfafa16c5add\\u0026ts=1747953422"}],"max_age":3600}', 'Reporting-Endpoints': 'heroku-nel="https://nel.heroku.com/reports?s=zXP8jz5wfU%2FS7itWklkDP8xXhsQ0vlH2VpNxb%2BLGCbs%3D&amp;sid=c46efe9b-d3d2-4a0c-8c76-bfafa16c5add&amp;ts=1747953422"', 'Server': 'Heroku', 'Via': '1.1 heroku-router', 'X-Powered-By': 'Express'} 
 body=[{"bookingid":1665},{"bookingid":537},{"bookingid":3001},{"bookingid":1689},{"bookingid":894},{"bookingid":1961},{"bookingid":3101},{"bookingid":716},{"bookingid":3237},{"bookingid":815},{"bookingid":1366},{"bookingid":2607},{"bookingid":593},{"bookingid":92},{"bookingid":3235},{"bookingid":3018},{"bookingid":1128},{"bookingid":146},{"bookingid":2208},{"bookingid":162},{"bookingid":42},{"bookingid":1195},{"bookingid":3261},{"bookingid":2683},{"bookingid":557},{"bookingid":2729},{"bookingid":1304},{"bookingid":2741},{"bookingid":2569},{"bookingid":9},{"bookingid":1227},{"bookingid":3270},{"bookingid":2},{"bookingid":3234},{"bookingid":1253},{"bookingid":2071},{"bookingid":1385},{"bookingid":875},{"bookingid":1275},{"bookingid":1697},{"bookingid":854},{"bookingid":3},{"bookingid":2929},{"bookingid":1111},{"bookingid":134},{"bookingid":750},{"bookingid":1811},{"bookingid":3267},{"bookingid":2549},{"bookingid":482},{"bookingid":3199},{"bookingid":1033},{"bookingid":745},{"bookingid":4},{"bookingid":375},{"bookingid":325},{"bookingid":2939},{"bookingid":1900},{"bookingid":274},{"bookingid":1979},{"bookingid":3302},{"bookingid":1414},{"bookingid":1690},{"bookingid":2488},{"bookingid":1004},{"bookingid":840},{"bookingid":881},{"bookingid":2851},{"bookingid":2823},{"bookingid":523},{"bookingid":2050},{"bookingid":979},{"bookingid":1396},{"bookingid":2480},{"bookingid":460},{"bookingid":2769},{"bookingid":1612},{"bookingid":2511},{"bookingid":2109},{"bookingid":1466},{"bookingid":399},{"bookingid":2554},{"bookingid":3137},{"bookingid":3016},{"bookingid":1507},{"bookingid":681},{"bookingid":3292},{"bookingid":2582},{"bookingid":2280},{"bookingid":1771},{"bookingid":2385},{"bookingid":2082},{"bookingid":2203},{"bookingid":1447},{"bookingid":1633},{"bookingid":254},{"bookingid":456},{"bookingid":195},{"bookingid":1554},{"bookingid":721},{"bookingid":903},{"bookingid":3135},{"bookingid":2449},{"bookingid":25},{"bookingid":362},{"bookingid":2558},{"bookingid":1213},{"bookingid":3284},{"bookingid":1345},{"bookingid":508},{"bookingid":1608},{"bookingid":320},{"bookingid":2793},{"bookingid":798},{"bookingid":1744},{"bookingid":2390},{"bookingid":610},{"bookingid":1980},{"bookingid":948},{"bookingid":2253},{"bookingid":1006},{"bookingid":96},{"bookingid":3064},{"bookingid":2675},{"bookingid":2465},{"bookingid":2044},{"bookingid":770},{"bookingid":1230},{"bookingid":327},{"bookingid":2880},{"bookingid":825},{"bookingid":2467},{"bookingid":1210},{"bookingid":3003},{"bookingid":659},{"bookingid":2148},{"bookingid":1941},{"bookingid":3298},{"bookingid":870},{"bookingid":3025},{"bookingid":3050},{"bookingid":1009},{"bookingid":1651},{"bookingid":1733},{"bookingid":1518},{"bookingid":759},{"bookingid":744},{"bookingid":2655},{"bookingid":2850},{"bookingid":2158},{"bookingid":2571},{"bookingid":1339},{"bookingid":1751},{"bookingid":2338},{"bookingid":3109},{"bookingid":887},{"bookingid":181},{"bookingid":2434},{"bookingid":1506},{"bookingid":3030},{"bookingid":1752},{"bookingid":1228},{"bookingid":788},{"bookingid":2710},{"bookingid":3186},{"bookingid":1457},{"bookingid":1347},{"bookingid":527},{"bookingid":106},{"bookingid":3272},{"bookingid":1093},{"bookingid":912},{"bookingid":1974},{"bookingid":2784},{"bookingid":1530},{"bookingid":174},{"bookingid":2490},{"bookingid":2579},{"bookingid":2104},{"bookingid":976},{"bookingid":3053},{"bookingid":487},{"bookingid":2946},{"bookingid":296},{"bookingid":1428},{"bookingid":76},{"bookingid":797},{"bookingid":397},{"bookingid":87},{"bookingid":3240},{"bookingid":3166},{"bookingid":1125},{"bookingid":1872},{"bookingid":804},{"bookingid":2031},{"bookingid":571},{"bookingid":1678},{"bookingid":36},{"bookingid":2335},{"bookingid":495},{"bookingid":1273},{"bookingid":704},{"bookingid":741},{"bookingid":2914},{"bookingid":1036},{"bookingid":1486},{"bookingid":3295},{"bookingid":413},{"bookingid":2822},{"bookingid":2586},{"bookingid":2151},{"bookingid":255},{"bookingid":1803},{"bookingid":2316},{"bookingid":2196},{"bookingid":1320},{"bookingid":2623},{"bookingid":2624},{"bookingid":2403},{"bookingid":427},{"bookingid":347},{"bookingid":412},{"bookingid":1019},{"bookingid":902},{"bookingid":1178},{"bookingid":1766},{"bookingid":1863},{"bookingid":1205},{"bookingid":479},{"bookingid":180},{"bookingid":2944},{"bookingid":644},{"bookingid":2021},{"bookingid":2346},{"bookingid":1312},{"bookingid":2441},{"bookingid":502},{"bookingid":1340},{"bookingid":1234},{"bookingid":468},{"bookingid":2352},{"bookingid":2496},{"bookingid":2256},{"bookingid":2847},{"bookingid":1463},{"bookingid":2905},{"bookingid":1986},{"bookingid":3059},{"bookingid":1245},{"bookingid":3303},{"bookingid":1183},{"bookingid":795},{"bookingid":1909},{"bookingid":1239},{"bookingid":2106},{"bookingid":186},{"bookingid":1854},{"bookingid":691},{"bookingid":2519},{"bookingid":1624},{"bookingid":562},{"bookingid":265},{"bookingid":12},{"bookingid":484},{"bookingid":1835},{"bookingid":1406},{"bookingid":2458},{"bookingid":501},{"bookingid":242},{"bookingid":2978},{"bookingid":2209},{"bookingid":1130},{"bookingid":1032},{"bookingid":966},{"bookingid":2575},{"bookingid":2712},{"bookingid":1955},{"bookingid":2089},{"bookingid":764},{"bookingid":2662},{"bookingid":3131},{"bookingid":1069},{"bookingid":2143},{"bookingid":1180},{"bookingid":3217},{"bookingid":2221},{"bookingid":3038},{"bookingid":2960},{"bookingid":1512},{"bookingid":1263},{"bookingid":361},{"bookingid":3122},{"bookingid":2807},{"bookingid":1636},{"bookingid":2433},{"bookingid":1016},{"bookingid":1950},{"bookingid":2580},{"bookingid":1736},{"bookingid":2325},{"bookingid":170},{"bookingid":2742},{"bookingid":315},{"bookingid":2139},{"bookingid":1323},{"bookingid":1408},{"bookingid":2283},{"bookingid":556},{"bookingid":581},{"bookingid":1224},{"bookingid":1580},{"bookingid":130},{"bookingid":3191},{"bookingid":1901},{"bookingid":617},{"bookingid":60},{"bookingid":972},{"bookingid":638},{"bookingid":2033},{"bookingid":719},{"bookingid":1270},{"bookingid":1374},{"bookingid":1279},{"bookingid":1995},{"bookingid":1225},{"bookingid":1866},{"bookingid":613},{"bookingid":599},{"bookingid":3076},{"bookingid":337},{"bookingid":1008},{"bookingid":2751},{"bookingid":275},{"bookingid":532},{"bookingid":3254},{"bookingid":2672},{"bookingid":2407},{"bookingid":2112},{"bookingid":2013},{"bookingid":662},{"bookingid":1070},{"bookingid":1116},{"bookingid":423},{"bookingid":2867},{"bookingid":2981},{"bookingid":2755},{"bookingid":2584},{"bookingid":2949},{"bookingid":1494},{"bookingid":2279},{"bookingid":2268},{"bookingid":3022},{"bookingid":2640},{"bookingid":1249},{"bookingid":3115},{"bookingid":2274},{"bookingid":1440},{"bookingid":1089},{"bookingid":660},{"bookingid":3169},{"bookingid":592},{"bookingid":139},{"bookingid":2420},{"bookingid":729},{"bookingid":2160},{"bookingid":1342},{"bookingid":2724},{"bookingid":2303},{"bookingid":1922},{"bookingid":2545},{"bookingid":2517},{"bookingid":990},{"bookingid":286},{"bookingid":1365},{"bookingid":1588},{"bookingid":26},{"bookingid":56},{"bookingid":3100},{"bookingid":2989},{"bookingid":2705},{"bookingid":1550},{"bookingid":1845},{"bookingid":1072},{"bookingid":2030},{"bookingid":1485},{"bookingid":1645},{"bookingid":2542},{"bookingid":920},{"bookingid":650},{"bookingid":777},{"bookingid":553},{"bookingid":1393},{"bookingid":3307},{"bookingid":2103},{"bookingid":2260},{"bookingid":15},{"bookingid":924},{"bookingid":167},{"bookingid":2626},{"bookingid":842},{"bookingid":2940},{"bookingid":271},{"bookingid":2005},{"bookingid":2527},{"bookingid":2728},{"bookingid":71},{"bookingid":3178},{"bookingid":2829},{"bookingid":1774},{"bookingid":3300},{"bookingid":322},{"bookingid":247},{"bookingid":2903},{"bookingid":2780},{"bookingid":1958},{"bookingid":2669},{"bookingid":1430},{"bookingid":217},{"bookingid":2391},{"bookingid":1973},{"bookingid":1500},{"bookingid":731},{"bookingid":323},{"bookingid":3002},{"bookingid":1038},{"bookingid":3264},{"bookingid":10},{"bookingid":116},{"bookingid":105},{"bookingid":677},{"bookingid":483},{"bookingid":1965},{"bookingid":2697},{"bookingid":243},{"bookingid":1541},{"bookingid":2230},{"bookingid":1619},{"bookingid":1912},{"bookingid":2636},{"bookingid":2483},{"bookingid":239},{"bookingid":241},{"bookingid":137},{"bookingid":73},{"bookingid":3021},{"bookingid":1003},{"bookingid":3258},{"bookingid":1679},{"bookingid":2754},{"bookingid":1893},{"bookingid":3219},{"bookingid":226},{"bookingid":2002},{"bookingid":901},{"bookingid":251},{"bookingid":698},{"bookingid":1448},{"bookingid":2059},{"bookingid":1647},{"bookingid":236},{"bookingid":1681},{"bookingid":2486},{"bookingid":1472},{"bookingid":1776},{"bookingid":93},{"bookingid":574},{"bookingid":1809},{"bookingid":1634},{"bookingid":3047},{"bookingid":2430},{"bookingid":2122},{"bookingid":2917},{"bookingid":1274},{"bookingid":3088},{"bookingid":2427},{"bookingid":475},{"bookingid":2999},{"bookingid":1318},{"bookingid":3123},{"bookingid":1343},{"bookingid":1398},{"bookingid":1236},{"bookingid":2239},{"bookingid":2309},{"bookingid":1673},{"bookingid":711},{"bookingid":1012},{"bookingid":3049},{"bookingid":531},{"bookingid":2955},{"bookingid":2251},{"bookingid":2247},{"bookingid":3093},{"bookingid":385},{"bookingid":107},{"bookingid":2932},{"bookingid":2090},{"bookingid":1765},{"bookingid":1488},{"bookingid":52},{"bookingid":2466},{"bookingid":2461},{"bookingid":2025},{"bookingid":612},{"bookingid":855},{"bookingid":1852},{"bookingid":1219},{"bookingid":1068},{"bookingid":2651},{"bookingid":1216},{"bookingid":3128},{"bookingid":923},{"bookingid":143},{"bookingid":1410},{"bookingid":2189},{"bookingid":2833},{"bookingid":1567},{"bookingid":2018},{"bookingid":154},{"bookingid":1204},{"bookingid":1686},{"bookingid":1642},{"bookingid":3154},{"bookingid":3082},{"bookingid":1411},{"bookingid":1106},{"bookingid":1048},{"bookingid":2038},{"bookingid":1352},{"bookingid":1083},{"bookingid":2008},{"bookingid":513},{"bookingid":311},{"bookingid":2634},{"bookingid":1143},{"bookingid":74},{"boo... (set the log level to DEBUG or TRACE to see the full content) 
 </msg>
<msg time="2025-05-22T19:37:03.242911" level="INFO">C:\Users\Pedro\AppData\Local\Programs\Python\Python310\lib\site-packages\urllib3\connectionpool.py:1097: InsecureRequestWarning: Unverified HTTPS request is being made to host 'restful-booker.herokuapp.com'. Adding certificate verification is strongly advised. See: https://urllib3.readthedocs.io/en/latest/advanced-usage.html#tls-warnings
  warnings.warn(</msg>
<msg time="2025-05-22T19:37:03.242911" level="INFO">${response} = &lt;Response [200]&gt;</msg>
<var>${response}</var>
<arg>Booker</arg>
<arg>/booking</arg>
<arg>expected_status=200</arg>
<doc>Sends a GET request on a previously created HTTP Session.</doc>
<status status="PASS" start="2025-05-22T19:37:02.534380" elapsed="0.708531"/>
</kw>
<kw name="Should Not Be Empty" owner="BuiltIn">
<msg time="2025-05-22T19:37:03.244926" level="INFO">Length is 2280.</msg>
<arg>${response.json()}</arg>
<doc>Verifies that the given item is not empty.</doc>
<status status="PASS" start="2025-05-22T19:37:03.243928" elapsed="0.000998"/>
</kw>
<status status="PASS" start="2025-05-22T19:37:02.533364" elapsed="0.711562"/>
</kw>
<kw name="Filter Booking By Name And Dates" owner="booking">
<kw name="Create Dictionary" owner="BuiltIn">
<msg time="2025-05-22T19:37:03.246926" level="INFO">${params} = {'firstname': 'CWkLeZFc', 'lastname': 'Oqwe', 'checkin': '2025-05-22', 'checkout': '2026-05-26'}</msg>
<var>${params}</var>
<arg>firstname=${firstname_returned}</arg>
<arg>lastname=${lastname_returned}</arg>
<arg>checkin=${checkin_returned}</arg>
<arg>checkout=${checkout_returned}</arg>
<doc>Creates and returns a dictionary based on the given ``items``.</doc>
<status status="PASS" start="2025-05-22T19:37:03.246047" elapsed="0.000879"/>
</kw>
<kw name="Create Session" owner="RequestsLibrary">
<msg time="2025-05-22T19:37:03.246926" level="INFO">Creating Session using : alias=Booker, url=https://restful-booker.herokuapp.com, headers={},                     cookies={}, auth=None, timeout=None, proxies=None, verify=False,                     debug=0 </msg>
<arg>Booker</arg>
<arg>${base_url}</arg>
<doc>Create Session: create a HTTP session to a server</doc>
<status status="PASS" start="2025-05-22T19:37:03.246926" elapsed="0.000000"/>
</kw>
<kw name="GET On Session" owner="RequestsLibrary">
<msg time="2025-05-22T19:37:03.824607" level="INFO">GET Request : url=https://restful-booker.herokuapp.com/booking?firstname=CWkLeZFc&amp;lastname=Oqwe&amp;checkin=2025-05-22&amp;checkout=2026-05-26 
 path_url=/booking?firstname=CWkLeZFc&amp;lastname=Oqwe&amp;checkin=2025-05-22&amp;checkout=2026-05-26 
 headers={'User-Agent': 'python-requests/2.32.3', 'Accept-Encoding': 'gzip, deflate, br', 'Accept': '*/*', 'Connection': 'keep-alive'} 
 body=None 
 </msg>
<msg time="2025-05-22T19:37:03.824607" level="INFO">GET Response : url=https://restful-booker.herokuapp.com/booking?firstname=CWkLeZFc&amp;lastname=Oqwe&amp;checkin=2025-05-22&amp;checkout=2026-05-26 
 status=200, reason=OK 
 headers={'Content-Length': '2', 'Content-Type': 'application/json; charset=utf-8', 'Date': 'Thu, 22 May 2025 22:37:03 GMT', 'Etag': 'W/"2-l9Fw4VUO7kr8CvBlt4zaMCqXZ0w"', 'Nel': '{"report_to":"heroku-nel","response_headers":["Via"],"max_age":3600,"success_fraction":0.01,"failure_fraction":0.1}', 'Report-To': '{"group":"heroku-nel","endpoints":[{"url":"https://nel.heroku.com/reports?s=Dg88UnDcQphL0awOl8hJbZAuWM2gz2Oddt3lYHkfae8%3D\\u0026sid=c46efe9b-d3d2-4a0c-8c76-bfafa16c5add\\u0026ts=1747953423"}],"max_age":3600}', 'Reporting-Endpoints': 'heroku-nel="https://nel.heroku.com/reports?s=Dg88UnDcQphL0awOl8hJbZAuWM2gz2Oddt3lYHkfae8%3D&amp;sid=c46efe9b-d3d2-4a0c-8c76-bfafa16c5add&amp;ts=1747953423"', 'Server': 'Heroku', 'Via': '1.1 heroku-router', 'X-Powered-By': 'Express'} 
 body=[] 
 </msg>
<msg time="2025-05-22T19:37:03.824607" level="INFO">C:\Users\Pedro\AppData\Local\Programs\Python\Python310\lib\site-packages\urllib3\connectionpool.py:1097: InsecureRequestWarning: Unverified HTTPS request is being made to host 'restful-booker.herokuapp.com'. Adding certificate verification is strongly advised. See: https://urllib3.readthedocs.io/en/latest/advanced-usage.html#tls-warnings
  warnings.warn(</msg>
<msg time="2025-05-22T19:37:03.824607" level="INFO">${response} = &lt;Response [200]&gt;</msg>
<var>${response}</var>
<arg>Booker</arg>
<arg>/booking</arg>
<arg>params=${params}</arg>
<arg>expected_status=200</arg>
<doc>Sends a GET request on a previously created HTTP Session.</doc>
<status status="PASS" start="2025-05-22T19:37:03.246926" elapsed="0.577681"/>
</kw>
<status status="PASS" start="2025-05-22T19:37:03.246047" elapsed="0.579544"/>
</kw>
<kw name="Get Booking By ID And Validate" owner="booking">
<kw name="Create Session" owner="RequestsLibrary">
<msg time="2025-05-22T19:37:03.826607" level="INFO">Creating Session using : alias=Booker, url=https://restful-booker.herokuapp.com, headers={},                     cookies={}, auth=None, timeout=None, proxies=None, verify=False,                     debug=0 </msg>
<arg>Booker</arg>
<arg>${base_url}</arg>
<doc>Create Session: create a HTTP session to a server</doc>
<status status="PASS" start="2025-05-22T19:37:03.825591" elapsed="0.001257"/>
</kw>
<kw name="Create Dictionary" owner="BuiltIn">
<msg time="2025-05-22T19:37:03.826956" level="INFO">${headers} = {'Accept': 'application/json'}</msg>
<var>${headers}</var>
<arg>Accept=application/json</arg>
<doc>Creates and returns a dictionary based on the given ``items``.</doc>
<status status="PASS" start="2025-05-22T19:37:03.826956" elapsed="0.000000"/>
</kw>
<kw name="GET On Session" owner="RequestsLibrary">
<msg time="2025-05-22T19:37:04.407888" level="INFO">GET Request : url=https://restful-booker.herokuapp.com/booking/3306 
 path_url=/booking/3306 
 headers={'User-Agent': 'python-requests/2.32.3', 'Accept-Encoding': 'gzip, deflate, br', 'Accept': 'application/json', 'Connection': 'keep-alive'} 
 body=None 
 </msg>
<msg time="2025-05-22T19:37:04.408797" level="INFO">GET Response : url=https://restful-booker.herokuapp.com/booking/3306 
 status=200, reason=OK 
 headers={'Content-Length': '173', 'Content-Type': 'application/json; charset=utf-8', 'Date': 'Thu, 22 May 2025 22:37:03 GMT', 'Etag': 'W/"ad-8R9wzMZGZpp18c9zkxvK+IMnTUo"', 'Nel': '{"report_to":"heroku-nel","response_headers":["Via"],"max_age":3600,"success_fraction":0.01,"failure_fraction":0.1}', 'Report-To': '{"group":"heroku-nel","endpoints":[{"url":"https://nel.heroku.com/reports?s=Dg88UnDcQphL0awOl8hJbZAuWM2gz2Oddt3lYHkfae8%3D\\u0026sid=c46efe9b-d3d2-4a0c-8c76-bfafa16c5add\\u0026ts=1747953423"}],"max_age":3600}', 'Reporting-Endpoints': 'heroku-nel="https://nel.heroku.com/reports?s=Dg88UnDcQphL0awOl8hJbZAuWM2gz2Oddt3lYHkfae8%3D&amp;sid=c46efe9b-d3d2-4a0c-8c76-bfafa16c5add&amp;ts=1747953423"', 'Server': 'Heroku', 'Via': '1.1 heroku-router', 'X-Powered-By': 'Express'} 
 body={"firstname":"CWkLeZFc","lastname":"Oqwe","totalprice":617,"depositpaid":true,"bookingdates":{"checkin":"2025-05-22","checkout":"2026-05-26"},"additionalneeds":"Double bed"} 
 </msg>
<msg time="2025-05-22T19:37:04.408797" level="INFO">C:\Users\Pedro\AppData\Local\Programs\Python\Python310\lib\site-packages\urllib3\connectionpool.py:1097: InsecureRequestWarning: Unverified HTTPS request is being made to host 'restful-booker.herokuapp.com'. Adding certificate verification is strongly advised. See: https://urllib3.readthedocs.io/en/latest/advanced-usage.html#tls-warnings
  warnings.warn(</msg>
<msg time="2025-05-22T19:37:04.408797" level="INFO">${response} = &lt;Response [200]&gt;</msg>
<var>${response}</var>
<arg>Booker</arg>
<arg>/booking/${booking_id}</arg>
<arg>headers=${headers}</arg>
<arg>expected_status=200</arg>
<doc>Sends a GET request on a previously created HTTP Session.</doc>
<status status="PASS" start="2025-05-22T19:37:03.826956" elapsed="0.581841"/>
</kw>
<kw name="Set Variable" owner="BuiltIn">
<msg time="2025-05-22T19:37:04.409783" level="INFO">${json} = {'firstname': 'CWkLeZFc', 'lastname': 'Oqwe', 'totalprice': 617, 'depositpaid': True, 'bookingdates': {'checkin': '2025-05-22', 'checkout': '2026-05-26'}, 'additionalneeds': 'Double bed'}</msg>
<var>${json}</var>
<arg>${response.json()}</arg>
<doc>Returns the given values which can then be assigned to a variables.</doc>
<status status="PASS" start="2025-05-22T19:37:04.409783" elapsed="0.000000"/>
</kw>
<kw name="Should Be Equal" owner="BuiltIn">
<arg>${json['firstname']}</arg>
<arg>${firstname_sent}</arg>
<doc>Fails if the given objects are unequal.</doc>
<status status="PASS" start="2025-05-22T19:37:04.410795" elapsed="0.000000"/>
</kw>
<kw name="Should Be Equal" owner="BuiltIn">
<arg>${json['lastname']}</arg>
<arg>${lastname_sent}</arg>
<doc>Fails if the given objects are unequal.</doc>
<status status="PASS" start="2025-05-22T19:37:04.410795" elapsed="0.000999"/>
</kw>
<kw name="Should Be Equal As Numbers" owner="BuiltIn">
<arg>${json['totalprice']}</arg>
<arg>${totalprice_sent}</arg>
<doc>Fails if objects are unequal after converting them to real numbers.</doc>
<status status="PASS" start="2025-05-22T19:37:04.411794" elapsed="0.000989"/>
</kw>
<kw name="Should Be Equal" owner="BuiltIn">
<arg>${json['bookingdates']['checkin']}</arg>
<arg>${checkin_returned}</arg>
<doc>Fails if the given objects are unequal.</doc>
<status status="PASS" start="2025-05-22T19:37:04.412783" elapsed="0.001014"/>
</kw>
<kw name="Should Be Equal" owner="BuiltIn">
<arg>${json['bookingdates']['checkout']}</arg>
<arg>${checkout_returned}</arg>
<doc>Fails if the given objects are unequal.</doc>
<status status="PASS" start="2025-05-22T19:37:04.413797" elapsed="0.000997"/>
</kw>
<kw name="Should Be Equal" owner="BuiltIn">
<arg>${json['additionalneeds']}</arg>
<arg>${needs_returned}</arg>
<doc>Fails if the given objects are unequal.</doc>
<status status="PASS" start="2025-05-22T19:37:04.414794" elapsed="0.000000"/>
</kw>
<status status="PASS" start="2025-05-22T19:37:03.825591" elapsed="0.590203"/>
</kw>
<kw name="Update Booking By ID And Validade" owner="booking">
<kw name="Create Session" owner="RequestsLibrary">
<msg time="2025-05-22T19:37:04.416795" level="INFO">Creating Session using : alias=Booker, url=https://restful-booker.herokuapp.com, headers={},                     cookies={}, auth=None, timeout=None, proxies=None, verify=False,                     debug=0 </msg>
<arg>Booker</arg>
<arg>${base_url}</arg>
<doc>Create Session: create a HTTP session to a server</doc>
<status status="PASS" start="2025-05-22T19:37:04.415794" elapsed="0.001001"/>
</kw>
<kw name="Create Dictionary" owner="BuiltIn">
<msg time="2025-05-22T19:37:04.416795" level="INFO">${headers} = {'Content-Type': 'application/json', 'Accept': 'application/json', 'Cookie': 'token=7ab1ff1e8ce06ad'}</msg>
<var>${headers}</var>
<arg>Content-Type=application/json</arg>
<arg>Accept=application/json</arg>
<arg>Cookie=token=${auth_token}</arg>
<doc>Creates and returns a dictionary based on the given ``items``.</doc>
<status status="PASS" start="2025-05-22T19:37:04.416795" elapsed="0.000000"/>
</kw>
<kw name="Create Dictionary" owner="BuiltIn">
<msg time="2025-05-22T19:37:04.417794" level="INFO">${booking_dates} = {'checkin': '2025-05-28', 'checkout': '2026-05-30'}</msg>
<var>${booking_dates}</var>
<arg>checkin=2025-05-28</arg>
<arg>checkout=2026-05-30</arg>
<doc>Creates and returns a dictionary based on the given ``items``.</doc>
<status status="PASS" start="2025-05-22T19:37:04.417794" elapsed="0.000000"/>
</kw>
<kw name="Generate Random String" owner="String">
<msg time="2025-05-22T19:37:04.417794" level="INFO">${firstname} = PGilZaTj</msg>
<var>${firstname}</var>
<arg>8</arg>
<arg>[LETTERS]</arg>
<doc>Generates a string with a desired ``length`` from the given ``chars``.</doc>
<status status="PASS" start="2025-05-22T19:37:04.417794" elapsed="0.000000"/>
</kw>
<kw name="Generate Random String" owner="String">
<msg time="2025-05-22T19:37:04.418794" level="INFO">${lastname} = cnGo</msg>
<var>${lastname}</var>
<arg>4</arg>
<arg>[LETTERS]</arg>
<doc>Generates a string with a desired ``length`` from the given ``chars``.</doc>
<status status="PASS" start="2025-05-22T19:37:04.417794" elapsed="0.001000"/>
</kw>
<kw name="Evaluate" owner="BuiltIn">
<msg time="2025-05-22T19:37:04.418794" level="INFO">${total_price} = 968</msg>
<var>${total_price}</var>
<arg>random.randint(100, 1000)</arg>
<arg>modules=random</arg>
<doc>Evaluates the given expression in Python and returns the result.</doc>
<status status="PASS" start="2025-05-22T19:37:04.418794" elapsed="0.000000"/>
</kw>
<kw name="Create Dictionary" owner="BuiltIn">
<msg time="2025-05-22T19:37:04.419794" level="INFO">${request_body} = {'firstname': 'PGilZaTj', 'lastname': 'cnGo', 'totalprice': 968, 'depositpaid': True, 'bookingdates': {'checkin': '2025-05-28', 'checkout': '2026-05-30'}, 'additionalneeds': 'Triple bed'}</msg>
<var>${request_body}</var>
<arg>firstname=${firstname}</arg>
<arg>lastname=${lastname}</arg>
<arg>totalprice=${total_price}</arg>
<arg>depositpaid=${True}</arg>
<arg>bookingdates=${booking_dates}</arg>
<arg>additionalneeds=Triple bed</arg>
<doc>Creates and returns a dictionary based on the given ``items``.</doc>
<status status="PASS" start="2025-05-22T19:37:04.418794" elapsed="0.001000"/>
</kw>
<kw name="PUT On Session" owner="RequestsLibrary">
<msg time="2025-05-22T19:37:05.004029" level="INFO">PUT Request : url=https://restful-booker.herokuapp.com/booking/3306 
 path_url=/booking/3306 
 headers={'User-Agent': 'python-requests/2.32.3', 'Accept-Encoding': 'gzip, deflate, br', 'Accept': 'application/json', 'Connection': 'keep-alive', 'Content-Type': 'application/json', 'Cookie': 'token=7ab1ff1e8ce06ad', 'Content-Length': '187'} 
 body=b'{"firstname": "PGilZaTj", "lastname": "cnGo", "totalprice": 968, "depositpaid": true, "bookingdates": {"checkin": "2025-05-28", "checkout": "2026-05-30"}, "additionalneeds": "Triple bed"}' 
 </msg>
<msg time="2025-05-22T19:37:05.004029" level="INFO">PUT Response : url=https://restful-booker.herokuapp.com/booking/3306 
 status=200, reason=OK 
 headers={'Content-Length': '173', 'Content-Type': 'application/json; charset=utf-8', 'Date': 'Thu, 22 May 2025 22:37:04 GMT', 'Etag': 'W/"ad-laHqR/JKGOPOLz0sNZK07nj3vIw"', 'Nel': '{"report_to":"heroku-nel","response_headers":["Via"],"max_age":3600,"success_fraction":0.01,"failure_fraction":0.1}', 'Report-To': '{"group":"heroku-nel","endpoints":[{"url":"https://nel.heroku.com/reports?s=ixKbjtH2ytaTtgBrIeZ8b1NjWk8Dhg90nkigm01JgJc%3D\\u0026sid=c46efe9b-d3d2-4a0c-8c76-bfafa16c5add\\u0026ts=1747953424"}],"max_age":3600}', 'Reporting-Endpoints': 'heroku-nel="https://nel.heroku.com/reports?s=ixKbjtH2ytaTtgBrIeZ8b1NjWk8Dhg90nkigm01JgJc%3D&amp;sid=c46efe9b-d3d2-4a0c-8c76-bfafa16c5add&amp;ts=1747953424"', 'Server': 'Heroku', 'Via': '1.1 heroku-router', 'X-Powered-By': 'Express'} 
 body={"firstname":"PGilZaTj","lastname":"cnGo","totalprice":968,"depositpaid":true,"bookingdates":{"checkin":"2025-05-28","checkout":"2026-05-30"},"additionalneeds":"Triple bed"} 
 </msg>
<msg time="2025-05-22T19:37:05.004029" level="INFO">C:\Users\Pedro\AppData\Local\Programs\Python\Python310\lib\site-packages\urllib3\connectionpool.py:1097: InsecureRequestWarning: Unverified HTTPS request is being made to host 'restful-booker.herokuapp.com'. Adding certificate verification is strongly advised. See: https://urllib3.readthedocs.io/en/latest/advanced-usage.html#tls-warnings
  warnings.warn(</msg>
<msg time="2025-05-22T19:37:05.005085" level="INFO">${response} = &lt;Response [200]&gt;</msg>
<var>${response}</var>
<arg>Booker</arg>
<arg>/booking/${booking_id}</arg>
<arg>json=${request_body}</arg>
<arg>headers=${headers}</arg>
<arg>expected_status=200</arg>
<doc>Sends a PUT request on a previously created HTTP Session.</doc>
<status status="PASS" start="2025-05-22T19:37:04.419794" elapsed="0.585291"/>
</kw>
<kw name="Set Variable" owner="BuiltIn">
<msg time="2025-05-22T19:37:05.006031" level="INFO">${updated_json} = {'firstname': 'PGilZaTj', 'lastname': 'cnGo', 'totalprice': 968, 'depositpaid': True, 'bookingdates': {'checkin': '2025-05-28', 'checkout': '2026-05-30'}, 'additionalneeds': 'Triple bed'}</msg>
<var>${updated_json}</var>
<arg>${response.json()}</arg>
<doc>Returns the given values which can then be assigned to a variables.</doc>
<status status="PASS" start="2025-05-22T19:37:05.005085" elapsed="0.000946"/>
</kw>
<kw name="Should Be Equal" owner="BuiltIn">
<arg>${updated_json['firstname']}</arg>
<arg>${firstname}</arg>
<doc>Fails if the given objects are unequal.</doc>
<status status="PASS" start="2025-05-22T19:37:05.006031" elapsed="0.001013"/>
</kw>
<kw name="Should Be Equal" owner="BuiltIn">
<arg>${updated_json['lastname']}</arg>
<arg>${lastname}</arg>
<doc>Fails if the given objects are unequal.</doc>
<status status="PASS" start="2025-05-22T19:37:05.007044" elapsed="0.001125"/>
</kw>
<kw name="Should Be Equal As Numbers" owner="BuiltIn">
<arg>${updated_json['totalprice']}</arg>
<arg>${total_price}</arg>
<doc>Fails if objects are unequal after converting them to real numbers.</doc>
<status status="PASS" start="2025-05-22T19:37:05.008169" elapsed="0.000873"/>
</kw>
<kw name="Should Be Equal" owner="BuiltIn">
<arg>${updated_json['bookingdates']['checkin']}</arg>
<arg>${booking_dates['checkin']}</arg>
<doc>Fails if the given objects are unequal.</doc>
<status status="PASS" start="2025-05-22T19:37:05.009042" elapsed="0.000999"/>
</kw>
<kw name="Should Be Equal" owner="BuiltIn">
<arg>${updated_json['bookingdates']['checkout']}</arg>
<arg>${booking_dates['checkout']}</arg>
<doc>Fails if the given objects are unequal.</doc>
<status status="PASS" start="2025-05-22T19:37:05.010041" elapsed="0.001000"/>
</kw>
<kw name="Should Be Equal" owner="BuiltIn">
<arg>${updated_json['additionalneeds']}</arg>
<arg>Triple bed</arg>
<doc>Fails if the given objects are unequal.</doc>
<status status="PASS" start="2025-05-22T19:37:05.011041" elapsed="0.001000"/>
</kw>
<status status="PASS" start="2025-05-22T19:37:04.415794" elapsed="0.596427"/>
</kw>
<kw name="Partial Update Booking By ID" owner="booking">
<kw name="Create Session" owner="RequestsLibrary">
<msg time="2025-05-22T19:37:05.012317" level="INFO">Creating Session using : alias=Booker, url=https://restful-booker.herokuapp.com, headers={},                     cookies={}, auth=None, timeout=None, proxies=None, verify=False,                     debug=0 </msg>
<arg>Booker</arg>
<arg>${base_url}</arg>
<doc>Create Session: create a HTTP session to a server</doc>
<status status="PASS" start="2025-05-22T19:37:05.012317" elapsed="0.001017"/>
</kw>
<kw name="Create Dictionary" owner="BuiltIn">
<msg time="2025-05-22T19:37:05.013334" level="INFO">${headers} = {'Content-Type': 'application/json', 'Accept': 'application/json', 'Cookie': 'token=7ab1ff1e8ce06ad'}</msg>
<var>${headers}</var>
<arg>Content-Type=application/json</arg>
<arg>Accept=application/json</arg>
<arg>Cookie=token=${auth_token}</arg>
<doc>Creates and returns a dictionary based on the given ``items``.</doc>
<status status="PASS" start="2025-05-22T19:37:05.013334" elapsed="0.000000"/>
</kw>
<kw name="Generate Random String" owner="String">
<msg time="2025-05-22T19:37:05.014333" level="INFO">${updated_firstname} = cROkcO</msg>
<var>${updated_firstname}</var>
<arg>6</arg>
<arg>[LETTERS]</arg>
<doc>Generates a string with a desired ``length`` from the given ``chars``.</doc>
<status status="PASS" start="2025-05-22T19:37:05.013334" elapsed="0.000999"/>
</kw>
<kw name="Set Variable" owner="BuiltIn">
<msg time="2025-05-22T19:37:05.014333" level="INFO">${updated_needs} = Breakfast only</msg>
<var>${updated_needs}</var>
<arg>Breakfast only</arg>
<doc>Returns the given values which can then be assigned to a variables.</doc>
<status status="PASS" start="2025-05-22T19:37:05.014333" elapsed="0.000000"/>
</kw>
<kw name="Create Dictionary" owner="BuiltIn">
<msg time="2025-05-22T19:37:05.015331" level="INFO">${partial_body} = {'firstname': 'cROkcO', 'additionalneeds': 'Breakfast only'}</msg>
<var>${partial_body}</var>
<arg>firstname=${updated_firstname}</arg>
<arg>additionalneeds=${updated_needs}</arg>
<doc>Creates and returns a dictionary based on the given ``items``.</doc>
<status status="PASS" start="2025-05-22T19:37:05.014333" elapsed="0.000998"/>
</kw>
<kw name="PATCH On Session" owner="RequestsLibrary">
<msg time="2025-05-22T19:37:05.598886" level="INFO">PATCH Request : url=https://restful-booker.herokuapp.com/booking/3306 
 path_url=/booking/3306 
 headers={'User-Agent': 'python-requests/2.32.3', 'Accept-Encoding': 'gzip, deflate, br', 'Accept': 'application/json', 'Connection': 'keep-alive', 'Content-Type': 'application/json', 'Cookie': 'token=7ab1ff1e8ce06ad', 'Content-Length': '60'} 
 body=b'{"firstname": "cROkcO", "additionalneeds": "Breakfast only"}' 
 </msg>
<msg time="2025-05-22T19:37:05.598886" level="INFO">PATCH Response : url=https://restful-booker.herokuapp.com/booking/3306 
 status=200, reason=OK 
 headers={'Content-Length': '175', 'Content-Type': 'application/json; charset=utf-8', 'Date': 'Thu, 22 May 2025 22:37:05 GMT', 'Etag': 'W/"af-zFpcZoyZUuu7D940GXGjOu9Ksvk"', 'Nel': '{"report_to":"heroku-nel","response_headers":["Via"],"max_age":3600,"success_fraction":0.01,"failure_fraction":0.1}', 'Report-To': '{"group":"heroku-nel","endpoints":[{"url":"https://nel.heroku.com/reports?s=RG3McVt1H7nIcAtvwWcBL7CZZ8R%2Bx%2Fs3S5jguVn%2FGx8%3D\\u0026sid=c46efe9b-d3d2-4a0c-8c76-bfafa16c5add\\u0026ts=1747953425"}],"max_age":3600}', 'Reporting-Endpoints': 'heroku-nel="https://nel.heroku.com/reports?s=RG3McVt1H7nIcAtvwWcBL7CZZ8R%2Bx%2Fs3S5jguVn%2FGx8%3D&amp;sid=c46efe9b-d3d2-4a0c-8c76-bfafa16c5add&amp;ts=1747953425"', 'Server': 'Heroku', 'Via': '1.1 heroku-router', 'X-Powered-By': 'Express'} 
 body={"firstname":"cROkcO","lastname":"cnGo","totalprice":968,"depositpaid":true,"bookingdates":{"checkin":"2025-05-28","checkout":"2026-05-30"},"additionalneeds":"Breakfast only"} 
 </msg>
<msg time="2025-05-22T19:37:05.598886" level="INFO">C:\Users\Pedro\AppData\Local\Programs\Python\Python310\lib\site-packages\urllib3\connectionpool.py:1097: InsecureRequestWarning: Unverified HTTPS request is being made to host 'restful-booker.herokuapp.com'. Adding certificate verification is strongly advised. See: https://urllib3.readthedocs.io/en/latest/advanced-usage.html#tls-warnings
  warnings.warn(</msg>
<msg time="2025-05-22T19:37:05.599900" level="INFO">${response} = &lt;Response [200]&gt;</msg>
<var>${response}</var>
<arg>Booker</arg>
<arg>/booking/${booking_id}</arg>
<arg>json=${partial_body}</arg>
<arg>headers=${headers}</arg>
<arg>expected_status=200</arg>
<doc>Sends a PATCH request on a previously created HTTP Session.</doc>
<status status="PASS" start="2025-05-22T19:37:05.015331" elapsed="0.584569"/>
</kw>
<kw name="Set Variable" owner="BuiltIn">
<msg time="2025-05-22T19:37:05.600887" level="INFO">${json} = {'firstname': 'cROkcO', 'lastname': 'cnGo', 'totalprice': 968, 'depositpaid': True, 'bookingdates': {'checkin': '2025-05-28', 'checkout': '2026-05-30'}, 'additionalneeds': 'Breakfast only'}</msg>
<var>${json}</var>
<arg>${response.json()}</arg>
<doc>Returns the given values which can then be assigned to a variables.</doc>
<status status="PASS" start="2025-05-22T19:37:05.599900" elapsed="0.000987"/>
</kw>
<kw name="Should Be Equal" owner="BuiltIn">
<arg>${json['firstname']}</arg>
<arg>${updated_firstname}</arg>
<doc>Fails if the given objects are unequal.</doc>
<status status="PASS" start="2025-05-22T19:37:05.601899" elapsed="0.000000"/>
</kw>
<kw name="Should Be Equal" owner="BuiltIn">
<arg>${json['additionalneeds']}</arg>
<arg>${updated_needs}</arg>
<doc>Fails if the given objects are unequal.</doc>
<status status="PASS" start="2025-05-22T19:37:05.601899" elapsed="0.000988"/>
</kw>
<status status="PASS" start="2025-05-22T19:37:05.012317" elapsed="0.590570"/>
</kw>
<kw name="Delete Booking By ID" owner="booking">
<kw name="Create Session" owner="RequestsLibrary">
<msg time="2025-05-22T19:37:05.603886" level="INFO">Creating Session using : alias=Booker, url=https://restful-booker.herokuapp.com, headers={},                     cookies={}, auth=None, timeout=None, proxies=None, verify=False,                     debug=0 </msg>
<arg>Booker</arg>
<arg>${base_url}</arg>
<doc>Create Session: create a HTTP session to a server</doc>
<status status="PASS" start="2025-05-22T19:37:05.603886" elapsed="0.001014"/>
</kw>
<kw name="Create Dictionary" owner="BuiltIn">
<msg time="2025-05-22T19:37:05.604900" level="INFO">${headers} = {'Content-Type': 'application/json', 'Accept': 'application/json', 'Cookie': 'token=7ab1ff1e8ce06ad'}</msg>
<var>${headers}</var>
<arg>Content-Type=application/json</arg>
<arg>Accept=application/json</arg>
<arg>Cookie=token=${auth_token}</arg>
<doc>Creates and returns a dictionary based on the given ``items``.</doc>
<status status="PASS" start="2025-05-22T19:37:05.604900" elapsed="0.000000"/>
</kw>
<kw name="DELETE On Session" owner="RequestsLibrary">
<msg time="2025-05-22T19:37:06.177054" level="INFO">DELETE Request : url=https://restful-booker.herokuapp.com/booking/3306 
 path_url=/booking/3306 
 headers={'User-Agent': 'python-requests/2.32.3', 'Accept-Encoding': 'gzip, deflate, br', 'Accept': 'application/json', 'Connection': 'keep-alive', 'Content-Type': 'application/json', 'Cookie': 'token=7ab1ff1e8ce06ad', 'Content-Length': '0'} 
 body=None 
 </msg>
<msg time="2025-05-22T19:37:06.178070" level="INFO">DELETE Response : url=https://restful-booker.herokuapp.com/booking/3306 
 status=201, reason=Created 
 headers={'Content-Length': '7', 'Content-Type': 'text/plain; charset=utf-8', 'Date': 'Thu, 22 May 2025 22:37:05 GMT', 'Etag': 'W/"7-rM9AyJuqT6iOan/xHh+AW+7K/T8"', 'Nel': '{"report_to":"heroku-nel","response_headers":["Via"],"max_age":3600,"success_fraction":0.01,"failure_fraction":0.1}', 'Report-To': '{"group":"heroku-nel","endpoints":[{"url":"https://nel.heroku.com/reports?s=RG3McVt1H7nIcAtvwWcBL7CZZ8R%2Bx%2Fs3S5jguVn%2FGx8%3D\\u0026sid=c46efe9b-d3d2-4a0c-8c76-bfafa16c5add\\u0026ts=1747953425"}],"max_age":3600}', 'Reporting-Endpoints': 'heroku-nel="https://nel.heroku.com/reports?s=RG3McVt1H7nIcAtvwWcBL7CZZ8R%2Bx%2Fs3S5jguVn%2FGx8%3D&amp;sid=c46efe9b-d3d2-4a0c-8c76-bfafa16c5add&amp;ts=1747953425"', 'Server': 'Heroku', 'Via': '1.1 heroku-router', 'X-Powered-By': 'Express'} 
 body=Created 
 </msg>
<msg time="2025-05-22T19:37:06.178070" level="INFO">C:\Users\Pedro\AppData\Local\Programs\Python\Python310\lib\site-packages\urllib3\connectionpool.py:1097: InsecureRequestWarning: Unverified HTTPS request is being made to host 'restful-booker.herokuapp.com'. Adding certificate verification is strongly advised. See: https://urllib3.readthedocs.io/en/latest/advanced-usage.html#tls-warnings
  warnings.warn(</msg>
<msg time="2025-05-22T19:37:06.178070" level="INFO">${response} = &lt;Response [201]&gt;</msg>
<var>${response}</var>
<arg>Booker</arg>
<arg>/booking/${booking_id}</arg>
<arg>headers=${headers}</arg>
<arg>expected_status=201</arg>
<doc>Sends a DELETE request on a previously created HTTP Session.</doc>
<status status="PASS" start="2025-05-22T19:37:05.604900" elapsed="0.573170"/>
</kw>
<kw name="Should Be Equal" owner="BuiltIn">
<arg>${response.content.decode()}</arg>
<arg>Created</arg>
<doc>Fails if the given objects are unequal.</doc>
<status status="PASS" start="2025-05-22T19:37:06.179060" elapsed="0.000000"/>
</kw>
<status status="PASS" start="2025-05-22T19:37:05.603886" elapsed="0.575174"/>
</kw>
<status status="PASS" start="2025-05-22T19:37:01.354719" elapsed="4.825345"/>
</test>
<status status="PASS" start="2025-05-22T19:37:00.736006" elapsed="5.444058"/>
</suite>
<suite id="s1-s3" name="Health" source="C:\Users\Pedro\Documents\Compass UOL\Documentos\Semana 10 - Base Testes Automatizados + Testes automatizados de APIs REST com Robot Framework\Teste Restful-Booker API\tests\health.robot">
<test id="s1-s3-t1" name="Ping - Health Check" line="6">
<kw name="Health Check" owner="healthcheck">
<kw name="Create Session" owner="RequestsLibrary">
<msg time="2025-05-22T19:37:06.188267" level="INFO">Creating Session using : alias=Booker, url=https://restful-booker.herokuapp.com, headers={},                     cookies={}, auth=None, timeout=None, proxies=None, verify=False,                     debug=0 </msg>
<arg>Booker</arg>
<arg>${base_url}</arg>
<doc>Create Session: create a HTTP session to a server</doc>
<status status="PASS" start="2025-05-22T19:37:06.188267" elapsed="0.000000"/>
</kw>
<kw name="GET On Session" owner="RequestsLibrary">
<msg time="2025-05-22T19:37:06.813465" level="INFO">GET Request : url=https://restful-booker.herokuapp.com/ping 
 path_url=/ping 
 headers={'User-Agent': 'python-requests/2.32.3', 'Accept-Encoding': 'gzip, deflate, br', 'Accept': '*/*', 'Connection': 'keep-alive'} 
 body=None 
 </msg>
<msg time="2025-05-22T19:37:06.813465" level="INFO">GET Response : url=https://restful-booker.herokuapp.com/ping 
 status=201, reason=Created 
 headers={'Content-Length': '7', 'Content-Type': 'text/plain; charset=utf-8', 'Date': 'Thu, 22 May 2025 22:37:06 GMT', 'Etag': 'W/"7-rM9AyJuqT6iOan/xHh+AW+7K/T8"', 'Nel': '{"report_to":"heroku-nel","response_headers":["Via"],"max_age":3600,"success_fraction":0.01,"failure_fraction":0.1}', 'Report-To': '{"group":"heroku-nel","endpoints":[{"url":"https://nel.heroku.com/reports?s=fK9hD%2FGhZndK%2Few2OhHISHcbb41bnxsPxhNEuTFx%2BUY%3D\\u0026sid=c46efe9b-d3d2-4a0c-8c76-bfafa16c5add\\u0026ts=1747953426"}],"max_age":3600}', 'Reporting-Endpoints': 'heroku-nel="https://nel.heroku.com/reports?s=fK9hD%2FGhZndK%2Few2OhHISHcbb41bnxsPxhNEuTFx%2BUY%3D&amp;sid=c46efe9b-d3d2-4a0c-8c76-bfafa16c5add&amp;ts=1747953426"', 'Server': 'Heroku', 'Via': '1.1 heroku-router', 'X-Powered-By': 'Express'} 
 body=Created 
 </msg>
<msg time="2025-05-22T19:37:06.813465" level="INFO">C:\Users\Pedro\AppData\Local\Programs\Python\Python310\lib\site-packages\urllib3\connectionpool.py:1097: InsecureRequestWarning: Unverified HTTPS request is being made to host 'restful-booker.herokuapp.com'. Adding certificate verification is strongly advised. See: https://urllib3.readthedocs.io/en/latest/advanced-usage.html#tls-warnings
  warnings.warn(</msg>
<msg time="2025-05-22T19:37:06.814465" level="INFO">${response} = &lt;Response [201]&gt;</msg>
<var>${response}</var>
<arg>Booker</arg>
<arg>/ping</arg>
<arg>expected_status=201</arg>
<doc>Sends a GET request on a previously created HTTP Session.</doc>
<status status="PASS" start="2025-05-22T19:37:06.188267" elapsed="0.626198"/>
</kw>
<status status="PASS" start="2025-05-22T19:37:06.187262" elapsed="0.627203"/>
</kw>
<status status="PASS" start="2025-05-22T19:37:06.186262" elapsed="0.628203"/>
</test>
<status status="PASS" start="2025-05-22T19:37:06.181060" elapsed="0.634402"/>
</suite>
<status status="PASS" start="2025-05-22T19:36:59.251648" elapsed="7.564816"/>
</suite>
<statistics>
<total>
<stat pass="3" fail="0" skip="0">All Tests</stat>
</total>
<tag>
</tag>
<suite>
<stat name="Tests" id="s1" pass="3" fail="0" skip="0">Tests</stat>
<stat name="Auth" id="s1-s1" pass="1" fail="0" skip="0">Tests.Auth</stat>
<stat name="Booking" id="s1-s2" pass="1" fail="0" skip="0">Tests.Booking</stat>
<stat name="Health" id="s1-s3" pass="1" fail="0" skip="0">Tests.Health</stat>
</suite>
</statistics>
<errors>
</errors>
</robot>
