<?xml version="1.0" encoding="UTF-8"?>
<robot generator="Robot 7.2.2 (Python 3.10.6 on win32)" generated="2025-06-02T23:52:10.683152" rpa="false" schemaversion="5">
<suite id="s1" name="Tests" source="C:\Users\Pedro\Documents\Compass UOL\Documentos\Semana 12 - Challenge 03\ServeRest-Tests\tests">
<suite id="s1-s1" name="Carrinhos Tests" source="C:\Users\Pedro\Documents\Compass UOL\Documentos\Semana 12 - Challenge 03\ServeRest-Tests\tests\carrinhos_tests.robot">
<kw name="Criar Sessão" owner="common" type="SETUP">
<kw name="Create Session" owner="RequestsLibrary">
<msg time="2025-06-02T23:52:12.047352" level="INFO">Creating Session using : alias=ServeRest, url=https://serverest.dev/, headers={},                     cookies={}, auth=None, timeout=None, proxies=None, verify=False,                     debug=0 </msg>
<arg>ServeRest</arg>
<arg>https://serverest.dev/</arg>
<doc>Create Session: create a HTTP session to a server</doc>
<status status="PASS" start="2025-06-02T23:52:12.047352" elapsed="0.015624"/>
</kw>
<kw name="Log" owner="BuiltIn">
<msg time="2025-06-02T23:52:12.062976" level="INFO">Sessão criada com sucesso.</msg>
<arg>Sessão criada com sucesso.</arg>
<doc>Logs the given message with the given level.</doc>
<status status="PASS" start="2025-06-02T23:52:12.062976" elapsed="0.000000"/>
</kw>
<status status="PASS" start="2025-06-02T23:52:12.047352" elapsed="0.015624"/>
</kw>
<test id="s1-s1-t1" name="Cenário: POST Criar Carrinho com Token Válido - 201" line="12">
<kw name="Criar Usuário Dinâmico" owner="usuarios_keywords">
<kw name="Name" owner="FakerLibrary">
<msg time="2025-06-02T23:52:12.062976" level="INFO">${nome} = Kristina Matthews</msg>
<var>${nome}</var>
<doc>:example: 'John Doe'</doc>
<status status="PASS" start="2025-06-02T23:52:12.062976" elapsed="0.000000"/>
</kw>
<kw name="Email" owner="FakerLibrary">
<msg time="2025-06-02T23:52:12.062976" level="INFO">${email} = bellleslie@example.net</msg>
<var>${email}</var>
<status status="PASS" start="2025-06-02T23:52:12.062976" elapsed="0.000000"/>
</kw>
<kw name="Password" owner="FakerLibrary">
<msg time="2025-06-02T23:52:12.062976" level="INFO">${senha} = hf4MyhRK*z</msg>
<var>${senha}</var>
<doc>Generate a random password of the specified ``length``.</doc>
<status status="PASS" start="2025-06-02T23:52:12.062976" elapsed="0.000000"/>
</kw>
<kw name="Set Suite Variable" owner="BuiltIn">
<msg time="2025-06-02T23:52:12.062976" level="INFO">${email} = bellleslie@example.net</msg>
<arg>${email}</arg>
<doc>Makes a variable available everywhere within the scope of the current suite.</doc>
<status status="PASS" start="2025-06-02T23:52:12.062976" elapsed="0.000000"/>
</kw>
<kw name="Set Suite Variable" owner="BuiltIn">
<msg time="2025-06-02T23:52:12.062976" level="INFO">${senha} = hf4MyhRK*z</msg>
<arg>${senha}</arg>
<doc>Makes a variable available everywhere within the scope of the current suite.</doc>
<status status="PASS" start="2025-06-02T23:52:12.062976" elapsed="0.000000"/>
</kw>
<kw name="Create Dictionary" owner="BuiltIn">
<msg time="2025-06-02T23:52:12.062976" level="INFO">&amp;{payload} = { nome=Kristina Matthews | email=bellleslie@example.net | password=hf4MyhRK*z | administrador=true }</msg>
<var>&amp;{payload}</var>
<arg>nome=${nome}</arg>
<arg>email=${email}</arg>
<arg>password=${senha}</arg>
<arg>administrador=true</arg>
<doc>Creates and returns a dictionary based on the given ``items``.</doc>
<status status="PASS" start="2025-06-02T23:52:12.062976" elapsed="0.000000"/>
</kw>
<kw name="POST On Session" owner="RequestsLibrary">
<msg time="2025-06-02T23:52:12.447702" level="INFO">POST Request : url=https://serverest.dev/usuarios 
 path_url=/usuarios 
 headers={'User-Agent': 'python-requests/2.32.3', 'Accept-Encoding': 'gzip, deflate, br', 'Accept': '*/*', 'Connection': 'keep-alive', 'Content-Length': '94', 'Content-Type': 'application/x-www-form-urlencoded'} 
 body=nome=Kristina+Matthews&amp;email=bellleslie%40example.net&amp;password=hf4MyhRK%2Az&amp;administrador=true 
 </msg>
<msg time="2025-06-02T23:52:12.447702" level="INFO">POST Response : url=https://serverest.dev/usuarios 
 status=201, reason=Created 
 headers={'access-control-allow-origin': '*', 'x-dns-prefetch-control': 'off', 'x-frame-options': 'SAMEORIGIN', 'strict-transport-security': 'max-age=15552000; includeSubDomains', 'x-download-options': 'noopen', 'x-content-type-options': 'nosniff', 'x-xss-protection': '1; mode=block', 'content-type': 'application/json; charset=utf-8', 'x-cloud-trace-context': '71ebe75eb041b2cf5f2f61b82cd7a79f;o=1', 'date': 'Tue, 03 Jun 2025 02:52:12 GMT', 'server': 'Google Frontend', 'Content-Length': '82'} 
 body={
    "message": "Cadastro realizado com sucesso",
    "_id": "bmeigf6GrGz0RMK1"
} 
 </msg>
<msg time="2025-06-02T23:52:12.447702" level="INFO">C:\Users\Pedro\AppData\Local\Programs\Python\Python310\lib\site-packages\urllib3\connectionpool.py:1097: InsecureRequestWarning: Unverified HTTPS request is being made to host 'serverest.dev'. Adding certificate verification is strongly advised. See: https://urllib3.readthedocs.io/en/latest/advanced-usage.html#tls-warnings
  warnings.warn(</msg>
<msg time="2025-06-02T23:52:12.447702" level="INFO">${response} = &lt;Response [201]&gt;</msg>
<var>${response}</var>
<arg>ServeRest</arg>
<arg>/usuarios</arg>
<arg>data=${payload}</arg>
<doc>Sends a POST request on a previously created HTTP Session.</doc>
<status status="PASS" start="2025-06-02T23:52:12.062976" elapsed="0.384726"/>
</kw>
<status status="PASS" start="2025-06-02T23:52:12.062976" elapsed="0.384726"/>
</kw>
<kw name="Realizar Login Com Usuário Dinâmico" owner="login_keywords">
<kw name="Create Dictionary" owner="BuiltIn">
<msg time="2025-06-02T23:52:12.447702" level="INFO">&amp;{payload} = { email=bellleslie@example.net | password=hf4MyhRK*z }</msg>
<var>&amp;{payload}</var>
<arg>email=${email}</arg>
<arg>password=${senha}</arg>
<doc>Creates and returns a dictionary based on the given ``items``.</doc>
<status status="PASS" start="2025-06-02T23:52:12.447702" elapsed="0.000000"/>
</kw>
<kw name="POST On Session" owner="RequestsLibrary">
<msg time="2025-06-02T23:52:12.631956" level="INFO">POST Request : url=https://serverest.dev/login 
 path_url=/login 
 headers={'User-Agent': 'python-requests/2.32.3', 'Accept-Encoding': 'gzip, deflate, br', 'Accept': '*/*', 'Connection': 'keep-alive', 'Content-Length': '52', 'Content-Type': 'application/x-www-form-urlencoded'} 
 body=email=bellleslie%40example.net&amp;password=hf4MyhRK%2Az 
 </msg>
<msg time="2025-06-02T23:52:12.631956" level="INFO">POST Response : url=https://serverest.dev/login 
 status=200, reason=OK 
 headers={'access-control-allow-origin': '*', 'x-dns-prefetch-control': 'off', 'x-frame-options': 'SAMEORIGIN', 'strict-transport-security': 'max-age=15552000; includeSubDomains', 'x-download-options': 'noopen', 'x-content-type-options': 'nosniff', 'x-xss-protection': '1; mode=block', 'content-type': 'application/json; charset=utf-8', 'x-cloud-trace-context': '9b46e16d37b7da465f2f61b82cd7a1d9', 'date': 'Tue, 03 Jun 2025 02:52:13 GMT', 'server': 'Google Frontend', 'Content-Length': '284'} 
 body={
    "message": "Login realizado com sucesso",
    "authorization": "Bearer eyJhbGciOiJIUzI1NiIsInR5cCI6IkpXVCJ9.eyJlbWFpbCI6ImJlbGxsZXNsaWVAZXhhbXBsZS5uZXQiLCJwYXNzd29yZCI6ImhmNE15aFJLKnoiLCJpYXQiOjE3NDg5MTkxMzMsImV4cCI6MTc0ODkxOTczM30.uXUMakorGMgQ5VBMqzgd0nJicI0UTsHQx1dgYt838PQ"
} 
 </msg>
<msg time="2025-06-02T23:52:12.631956" level="INFO">C:\Users\Pedro\AppData\Local\Programs\Python\Python310\lib\site-packages\urllib3\connectionpool.py:1097: InsecureRequestWarning: Unverified HTTPS request is being made to host 'serverest.dev'. Adding certificate verification is strongly advised. See: https://urllib3.readthedocs.io/en/latest/advanced-usage.html#tls-warnings
  warnings.warn(</msg>
<msg time="2025-06-02T23:52:12.631956" level="INFO">${response} = &lt;Response [200]&gt;</msg>
<var>${response}</var>
<arg>ServeRest</arg>
<arg>/login</arg>
<arg>data=${payload}</arg>
<doc>Sends a POST request on a previously created HTTP Session.</doc>
<status status="PASS" start="2025-06-02T23:52:12.447702" elapsed="0.184254"/>
</kw>
<kw name="Set Global Variable" owner="BuiltIn">
<msg time="2025-06-02T23:52:12.631956" level="INFO">${auth_token} = Bearer eyJhbGciOiJIUzI1NiIsInR5cCI6IkpXVCJ9.eyJlbWFpbCI6ImJlbGxsZXNsaWVAZXhhbXBsZS5uZXQiLCJwYXNzd29yZCI6ImhmNE15aFJLKnoiLCJpYXQiOjE3NDg5MTkxMzMsImV4cCI6MTc0ODkxOTczM30.uXUMakorGMgQ5VBMqzgd0nJicI0UTsHQ...</msg>
<arg>${auth_token}</arg>
<arg>${response.json()["authorization"]}</arg>
<doc>Makes a variable available globally in all tests and suites.</doc>
<status status="PASS" start="2025-06-02T23:52:12.631956" elapsed="0.000000"/>
</kw>
<status status="PASS" start="2025-06-02T23:52:12.447702" elapsed="0.184254"/>
</kw>
<kw name="Criar Produto Para Carrinho" owner="produtos_keywords">
<kw name="Word" owner="FakerLibrary">
<msg time="2025-06-02T23:52:12.631956" level="INFO">${palavra} = tough</msg>
<var>${palavra}</var>
<doc>Generate a word.</doc>
<status status="PASS" start="2025-06-02T23:52:12.631956" elapsed="0.000000"/>
</kw>
<kw name="Generate Random String" owner="String">
<msg time="2025-06-02T23:52:12.631956" level="INFO">${sufixo} = 93325</msg>
<var>${sufixo}</var>
<arg>5</arg>
<arg>[NUMBERS]</arg>
<doc>Generates a string with a desired ``length`` from the given ``chars``.</doc>
<status status="PASS" start="2025-06-02T23:52:12.631956" elapsed="0.000000"/>
</kw>
<kw name="Set Variable" owner="BuiltIn">
<msg time="2025-06-02T23:52:12.631956" level="INFO">${nome_produto} = tough-93325</msg>
<var>${nome_produto}</var>
<arg>${palavra}-${sufixo}</arg>
<doc>Returns the given values which can then be assigned to a variables.</doc>
<status status="PASS" start="2025-06-02T23:52:12.631956" elapsed="0.000000"/>
</kw>
<kw name="Set Variable" owner="BuiltIn">
<msg time="2025-06-02T23:52:12.631956" level="INFO">${preco} = 777</msg>
<var>${preco}</var>
<arg>777</arg>
<doc>Returns the given values which can then be assigned to a variables.</doc>
<status status="PASS" start="2025-06-02T23:52:12.631956" elapsed="0.000000"/>
</kw>
<kw name="Set Variable" owner="BuiltIn">
<msg time="2025-06-02T23:52:12.631956" level="INFO">${descricao} = Produto do Carrinho</msg>
<var>${descricao}</var>
<arg>Produto do Carrinho</arg>
<doc>Returns the given values which can then be assigned to a variables.</doc>
<status status="PASS" start="2025-06-02T23:52:12.631956" elapsed="0.000000"/>
</kw>
<kw name="Set Variable" owner="BuiltIn">
<msg time="2025-06-02T23:52:12.631956" level="INFO">${quantidade} = 5</msg>
<var>${quantidade}</var>
<arg>5</arg>
<doc>Returns the given values which can then be assigned to a variables.</doc>
<status status="PASS" start="2025-06-02T23:52:12.631956" elapsed="0.000000"/>
</kw>
<kw name="Create Dictionary" owner="BuiltIn">
<msg time="2025-06-02T23:52:12.631956" level="INFO">&amp;{headers} = { Authorization=Bearer eyJhbGciOiJIUzI1NiIsInR5cCI6IkpXVCJ9.eyJlbWFpbCI6ImJlbGxsZXNsaWVAZXhhbXBsZS5uZXQiLCJwYXNzd29yZCI6ImhmNE15aFJLKnoiLCJpYXQiOjE3NDg5MTkxMzMsImV4cCI6MTc0ODkxOTczM30.uXUMakorGMgQ5VBM...</msg>
<var>&amp;{headers}</var>
<arg>Authorization=${auth_token}</arg>
<doc>Creates and returns a dictionary based on the given ``items``.</doc>
<status status="PASS" start="2025-06-02T23:52:12.631956" elapsed="0.000000"/>
</kw>
<kw name="Create Dictionary" owner="BuiltIn">
<msg time="2025-06-02T23:52:12.631956" level="INFO">&amp;{payload} = { nome=tough-93325 | preco=777 | descricao=Produto do Carrinho | quantidade=5 }</msg>
<var>&amp;{payload}</var>
<arg>nome=${nome_produto}</arg>
<arg>preco=${preco}</arg>
<arg>descricao=${descricao}</arg>
<arg>quantidade=${quantidade}</arg>
<doc>Creates and returns a dictionary based on the given ``items``.</doc>
<status status="PASS" start="2025-06-02T23:52:12.631956" elapsed="0.000000"/>
</kw>
<kw name="POST On Session" owner="RequestsLibrary">
<msg time="2025-06-02T23:52:12.816676" level="INFO">POST Request : url=https://serverest.dev/produtos 
 path_url=/produtos 
 headers={'User-Agent': 'python-requests/2.32.3', 'Accept-Encoding': 'gzip, deflate, br', 'Accept': '*/*', 'Connection': 'keep-alive', 'Authorization': 'Bearer eyJhbGciOiJIUzI1NiIsInR5cCI6IkpXVCJ9.eyJlbWFpbCI6ImJlbGxsZXNsaWVAZXhhbXBsZS5uZXQiLCJwYXNzd29yZCI6ImhmNE15aFJLKnoiLCJpYXQiOjE3NDg5MTkxMzMsImV4cCI6MTc0ODkxOTczM30.uXUMakorGMgQ5VBMqzgd0nJicI0UTsHQx1dgYt838PQ', 'Content-Length': '69', 'Content-Type': 'application/x-www-form-urlencoded'} 
 body=nome=tough-93325&amp;preco=777&amp;descricao=Produto+do+Carrinho&amp;quantidade=5 
 </msg>
<msg time="2025-06-02T23:52:12.816676" level="INFO">POST Response : url=https://serverest.dev/produtos 
 status=201, reason=Created 
 headers={'access-control-allow-origin': '*', 'x-dns-prefetch-control': 'off', 'x-frame-options': 'SAMEORIGIN', 'strict-transport-security': 'max-age=15552000; includeSubDomains', 'x-download-options': 'noopen', 'x-content-type-options': 'nosniff', 'x-xss-protection': '1; mode=block', 'content-type': 'application/json; charset=utf-8', 'x-cloud-trace-context': 'af1227a92915bc205f2f61b82cd7a6b5', 'date': 'Tue, 03 Jun 2025 02:52:13 GMT', 'server': 'Google Frontend', 'Content-Length': '82'} 
 body={
    "message": "Cadastro realizado com sucesso",
    "_id": "ropZXHWxKIVT6uGv"
} 
 </msg>
<msg time="2025-06-02T23:52:12.816676" level="INFO">C:\Users\Pedro\AppData\Local\Programs\Python\Python310\lib\site-packages\urllib3\connectionpool.py:1097: InsecureRequestWarning: Unverified HTTPS request is being made to host 'serverest.dev'. Adding certificate verification is strongly advised. See: https://urllib3.readthedocs.io/en/latest/advanced-usage.html#tls-warnings
  warnings.warn(</msg>
<msg time="2025-06-02T23:52:12.832325" level="INFO">${response} = &lt;Response [201]&gt;</msg>
<var>${response}</var>
<arg>ServeRest</arg>
<arg>/produtos</arg>
<arg>headers=${headers}</arg>
<arg>data=${payload}</arg>
<doc>Sends a POST request on a previously created HTTP Session.</doc>
<status status="PASS" start="2025-06-02T23:52:12.631956" elapsed="0.200369"/>
</kw>
<kw name="Set Variable" owner="BuiltIn">
<msg time="2025-06-02T23:52:12.832325" level="INFO">${id_produto} = ropZXHWxKIVT6uGv</msg>
<var>${id_produto}</var>
<arg>${response.json()["_id"]}</arg>
<doc>Returns the given values which can then be assigned to a variables.</doc>
<status status="PASS" start="2025-06-02T23:52:12.832325" elapsed="0.000000"/>
</kw>
<kw name="Set Suite Variable" owner="BuiltIn">
<msg time="2025-06-02T23:52:12.832325" level="INFO">${id_produto} = ropZXHWxKIVT6uGv</msg>
<arg>${id_produto}</arg>
<doc>Makes a variable available everywhere within the scope of the current suite.</doc>
<status status="PASS" start="2025-06-02T23:52:12.832325" elapsed="0.000000"/>
</kw>
<status status="PASS" start="2025-06-02T23:52:12.631956" elapsed="0.200369"/>
</kw>
<kw name="Criar Carrinho Com Produto" owner="carrinhos_keywords">
<kw name="Create Dictionary" owner="BuiltIn">
<msg time="2025-06-02T23:52:12.832325" level="INFO">&amp;{headers} = { Authorization=Bearer eyJhbGciOiJIUzI1NiIsInR5cCI6IkpXVCJ9.eyJlbWFpbCI6ImJlbGxsZXNsaWVAZXhhbXBsZS5uZXQiLCJwYXNzd29yZCI6ImhmNE15aFJLKnoiLCJpYXQiOjE3NDg5MTkxMzMsImV4cCI6MTc0ODkxOTczM30.uXUMakorGMgQ5VBM...</msg>
<var>&amp;{headers}</var>
<arg>Authorization=${auth_token}</arg>
<doc>Creates and returns a dictionary based on the given ``items``.</doc>
<status status="PASS" start="2025-06-02T23:52:12.832325" elapsed="0.000000"/>
</kw>
<kw name="Evaluate" owner="BuiltIn">
<msg time="2025-06-02T23:52:12.832325" level="INFO">${produto} = {'idProduto': 'ropZXHWxKIVT6uGv', 'quantidade': 1}</msg>
<var>${produto}</var>
<arg>{"idProduto": "${id}", "quantidade": 1}</arg>
<arg>json</arg>
<doc>Evaluates the given expression in Python and returns the result.</doc>
<status status="PASS" start="2025-06-02T23:52:12.832325" elapsed="0.000000"/>
</kw>
<kw name="Create List" owner="BuiltIn">
<msg time="2025-06-02T23:52:12.832325" level="INFO">@{produtos} = [ {'idProduto': 'ropZXHWxKIVT6uGv', 'quantidade': 1} ]</msg>
<var>@{produtos}</var>
<arg>${produto}</arg>
<doc>Returns a list containing given items.</doc>
<status status="PASS" start="2025-06-02T23:52:12.832325" elapsed="0.000000"/>
</kw>
<kw name="Create Dictionary" owner="BuiltIn">
<msg time="2025-06-02T23:52:12.832325" level="INFO">&amp;{payload} = { produtos=[{'idProduto': 'ropZXHWxKIVT6uGv', 'quantidade': 1}] }</msg>
<var>&amp;{payload}</var>
<arg>produtos=${produtos}</arg>
<doc>Creates and returns a dictionary based on the given ``items``.</doc>
<status status="PASS" start="2025-06-02T23:52:12.832325" elapsed="0.000000"/>
</kw>
<kw name="POST On Session" owner="RequestsLibrary">
<msg time="2025-06-02T23:52:13.016712" level="INFO">POST Request : url=https://serverest.dev/carrinhos 
 path_url=/carrinhos 
 headers={'User-Agent': 'python-requests/2.32.3', 'Accept-Encoding': 'gzip, deflate, br', 'Accept': '*/*', 'Connection': 'keep-alive', 'Authorization': 'Bearer eyJhbGciOiJIUzI1NiIsInR5cCI6IkpXVCJ9.eyJlbWFpbCI6ImJlbGxsZXNsaWVAZXhhbXBsZS5uZXQiLCJwYXNzd29yZCI6ImhmNE15aFJLKnoiLCJpYXQiOjE3NDg5MTkxMzMsImV4cCI6MTc0ODkxOTczM30.uXUMakorGMgQ5VBMqzgd0nJicI0UTsHQx1dgYt838PQ', 'Content-Length': '66', 'Content-Type': 'application/json'} 
 body=b'{"produtos": [{"idProduto": "ropZXHWxKIVT6uGv", "quantidade": 1}]}' 
 </msg>
<msg time="2025-06-02T23:52:13.016712" level="INFO">POST Response : url=https://serverest.dev/carrinhos 
 status=201, reason=Created 
 headers={'access-control-allow-origin': '*', 'x-dns-prefetch-control': 'off', 'x-frame-options': 'SAMEORIGIN', 'strict-transport-security': 'max-age=15552000; includeSubDomains', 'x-download-options': 'noopen', 'x-content-type-options': 'nosniff', 'x-xss-protection': '1; mode=block', 'content-type': 'application/json; charset=utf-8', 'x-cloud-trace-context': '1662a4e3893fdf9d5f2f61b82cd7ab91', 'date': 'Tue, 03 Jun 2025 02:52:13 GMT', 'server': 'Google Frontend', 'Content-Length': '82'} 
 body={
    "message": "Cadastro realizado com sucesso",
    "_id": "lRwG982gZTMYqn91"
} 
 </msg>
<msg time="2025-06-02T23:52:13.016712" level="INFO">C:\Users\Pedro\AppData\Local\Programs\Python\Python310\lib\site-packages\urllib3\connectionpool.py:1097: InsecureRequestWarning: Unverified HTTPS request is being made to host 'serverest.dev'. Adding certificate verification is strongly advised. See: https://urllib3.readthedocs.io/en/latest/advanced-usage.html#tls-warnings
  warnings.warn(</msg>
<msg time="2025-06-02T23:52:13.016712" level="INFO">${response} = &lt;Response [201]&gt;</msg>
<var>${response}</var>
<arg>ServeRest</arg>
<arg>/carrinhos</arg>
<arg>headers=${headers}</arg>
<arg>json=${payload}</arg>
<arg>expected_status=ANY</arg>
<doc>Sends a POST request on a previously created HTTP Session.</doc>
<status status="PASS" start="2025-06-02T23:52:12.832325" elapsed="0.184387"/>
</kw>
<kw name="Log To Console" owner="BuiltIn">
<arg>Carrinho criado: ${response.content}</arg>
<doc>Logs the given message to the console.</doc>
<status status="PASS" start="2025-06-02T23:52:13.016712" elapsed="0.000000"/>
</kw>
<kw name="Set Global Variable" owner="BuiltIn">
<msg time="2025-06-02T23:52:13.016712" level="INFO">${response} = &lt;Response [201]&gt;</msg>
<arg>${response}</arg>
<doc>Makes a variable available globally in all tests and suites.</doc>
<status status="PASS" start="2025-06-02T23:52:13.016712" elapsed="0.000000"/>
</kw>
<arg>${id_produto}</arg>
<status status="PASS" start="2025-06-02T23:52:12.832325" elapsed="0.184387"/>
</kw>
<kw name="Validar Status Code" owner="common">
<kw name="Should Be Equal As Integers" owner="BuiltIn">
<msg time="2025-06-02T23:52:13.032368" level="INFO">Argument types are:
&lt;class 'int'&gt;
&lt;class 'str'&gt;</msg>
<arg>${response.status_code}</arg>
<arg>${status_esperado}</arg>
<doc>Fails if objects are unequal after converting them to integers.</doc>
<status status="PASS" start="2025-06-02T23:52:13.016712" elapsed="0.015656"/>
</kw>
<arg>201</arg>
<status status="PASS" start="2025-06-02T23:52:13.016712" elapsed="0.015656"/>
</kw>
<kw name="Cancelar Carrinho" owner="carrinhos_keywords" type="TEARDOWN">
<kw name="Create Dictionary" owner="BuiltIn">
<msg time="2025-06-02T23:52:13.032368" level="INFO">&amp;{headers} = { Authorization=Bearer eyJhbGciOiJIUzI1NiIsInR5cCI6IkpXVCJ9.eyJlbWFpbCI6ImJlbGxsZXNsaWVAZXhhbXBsZS5uZXQiLCJwYXNzd29yZCI6ImhmNE15aFJLKnoiLCJpYXQiOjE3NDg5MTkxMzMsImV4cCI6MTc0ODkxOTczM30.uXUMakorGMgQ5VBM...</msg>
<var>&amp;{headers}</var>
<arg>Authorization=${auth_token}</arg>
<doc>Creates and returns a dictionary based on the given ``items``.</doc>
<status status="PASS" start="2025-06-02T23:52:13.032368" elapsed="0.000000"/>
</kw>
<kw name="DELETE On Session" owner="RequestsLibrary">
<msg time="2025-06-02T23:52:13.202675" level="INFO">DELETE Request : url=https://serverest.dev/carrinhos/cancelar-compra 
 path_url=/carrinhos/cancelar-compra 
 headers={'User-Agent': 'python-requests/2.32.3', 'Accept-Encoding': 'gzip, deflate, br', 'Accept': '*/*', 'Connection': 'keep-alive', 'Authorization': 'Bearer eyJhbGciOiJIUzI1NiIsInR5cCI6IkpXVCJ9.eyJlbWFpbCI6ImJlbGxsZXNsaWVAZXhhbXBsZS5uZXQiLCJwYXNzd29yZCI6ImhmNE15aFJLKnoiLCJpYXQiOjE3NDg5MTkxMzMsImV4cCI6MTc0ODkxOTczM30.uXUMakorGMgQ5VBMqzgd0nJicI0UTsHQx1dgYt838PQ', 'Content-Length': '0'} 
 body=None 
 </msg>
<msg time="2025-06-02T23:52:13.202675" level="INFO">DELETE Response : url=https://serverest.dev/carrinhos/cancelar-compra 
 status=200, reason=OK 
 headers={'access-control-allow-origin': '*', 'x-dns-prefetch-control': 'off', 'x-frame-options': 'SAMEORIGIN', 'strict-transport-security': 'max-age=15552000; includeSubDomains', 'x-download-options': 'noopen', 'x-content-type-options': 'nosniff', 'x-xss-protection': '1; mode=block', 'content-type': 'application/json; charset=utf-8', 'x-cloud-trace-context': '413bf4866cf8299a5f2f61b82cd7a77b', 'date': 'Tue, 03 Jun 2025 02:52:13 GMT', 'server': 'Google Frontend', 'Content-Length': '86'} 
 body={
    "message": "Registro excluído com sucesso. Estoque dos produtos reabastecido"
} 
 </msg>
<msg time="2025-06-02T23:52:13.202675" level="INFO">C:\Users\Pedro\AppData\Local\Programs\Python\Python310\lib\site-packages\urllib3\connectionpool.py:1097: InsecureRequestWarning: Unverified HTTPS request is being made to host 'serverest.dev'. Adding certificate verification is strongly advised. See: https://urllib3.readthedocs.io/en/latest/advanced-usage.html#tls-warnings
  warnings.warn(</msg>
<msg time="2025-06-02T23:52:13.202675" level="INFO">${response} = &lt;Response [200]&gt;</msg>
<var>${response}</var>
<arg>ServeRest</arg>
<arg>/carrinhos/cancelar-compra</arg>
<arg>headers=${headers}</arg>
<arg>expected_status=ANY</arg>
<doc>Sends a DELETE request on a previously created HTTP Session.</doc>
<status status="PASS" start="2025-06-02T23:52:13.032368" elapsed="0.170307"/>
</kw>
<kw name="Log To Console" owner="BuiltIn">
<arg>Carrinho cancelado: ${response.content}</arg>
<doc>Logs the given message to the console.</doc>
<status status="PASS" start="2025-06-02T23:52:13.202675" elapsed="0.000000"/>
</kw>
<kw name="Set Global Variable" owner="BuiltIn">
<msg time="2025-06-02T23:52:13.202675" level="INFO">${response} = &lt;Response [200]&gt;</msg>
<arg>${response}</arg>
<doc>Makes a variable available globally in all tests and suites.</doc>
<status status="PASS" start="2025-06-02T23:52:13.202675" elapsed="0.000000"/>
</kw>
<status status="PASS" start="2025-06-02T23:52:13.032368" elapsed="0.170307"/>
</kw>
<tag>CT019</tag>
<tag>POSTCARRINHO</tag>
<status status="PASS" start="2025-06-02T23:52:12.062976" elapsed="1.154731"/>
</test>
<test id="s1-s1-t2" name="Cenário: POST Criar Carrinho com Produto Inexistente - 400" line="21">
<kw name="Criar Usuário Dinâmico" owner="usuarios_keywords">
<kw name="Name" owner="FakerLibrary">
<msg time="2025-06-02T23:52:13.217707" level="INFO">${nome} = Monica Jordan</msg>
<var>${nome}</var>
<doc>:example: 'John Doe'</doc>
<status status="PASS" start="2025-06-02T23:52:13.217707" elapsed="0.000000"/>
</kw>
<kw name="Email" owner="FakerLibrary">
<msg time="2025-06-02T23:52:13.217707" level="INFO">${email} = lauradudley@example.org</msg>
<var>${email}</var>
<status status="PASS" start="2025-06-02T23:52:13.217707" elapsed="0.000000"/>
</kw>
<kw name="Password" owner="FakerLibrary">
<msg time="2025-06-02T23:52:13.217707" level="INFO">${senha} = p5&amp;7H1Pf!+</msg>
<var>${senha}</var>
<doc>Generate a random password of the specified ``length``.</doc>
<status status="PASS" start="2025-06-02T23:52:13.217707" elapsed="0.000000"/>
</kw>
<kw name="Set Suite Variable" owner="BuiltIn">
<msg time="2025-06-02T23:52:13.217707" level="INFO">${email} = lauradudley@example.org</msg>
<arg>${email}</arg>
<doc>Makes a variable available everywhere within the scope of the current suite.</doc>
<status status="PASS" start="2025-06-02T23:52:13.217707" elapsed="0.000000"/>
</kw>
<kw name="Set Suite Variable" owner="BuiltIn">
<msg time="2025-06-02T23:52:13.217707" level="INFO">${senha} = p5&amp;7H1Pf!+</msg>
<arg>${senha}</arg>
<doc>Makes a variable available everywhere within the scope of the current suite.</doc>
<status status="PASS" start="2025-06-02T23:52:13.217707" elapsed="0.000000"/>
</kw>
<kw name="Create Dictionary" owner="BuiltIn">
<msg time="2025-06-02T23:52:13.217707" level="INFO">&amp;{payload} = { nome=Monica Jordan | email=lauradudley@example.org | password=p5&amp;7H1Pf!+ | administrador=true }</msg>
<var>&amp;{payload}</var>
<arg>nome=${nome}</arg>
<arg>email=${email}</arg>
<arg>password=${senha}</arg>
<arg>administrador=true</arg>
<doc>Creates and returns a dictionary based on the given ``items``.</doc>
<status status="PASS" start="2025-06-02T23:52:13.217707" elapsed="0.000000"/>
</kw>
<kw name="POST On Session" owner="RequestsLibrary">
<msg time="2025-06-02T23:52:13.403717" level="INFO">POST Request : url=https://serverest.dev/usuarios 
 path_url=/usuarios 
 headers={'User-Agent': 'python-requests/2.32.3', 'Accept-Encoding': 'gzip, deflate, br', 'Accept': '*/*', 'Connection': 'keep-alive', 'Content-Length': '95', 'Content-Type': 'application/x-www-form-urlencoded'} 
 body=nome=Monica+Jordan&amp;email=lauradudley%40example.org&amp;password=p5%267H1Pf%21%2B&amp;administrador=true 
 </msg>
<msg time="2025-06-02T23:52:13.403717" level="INFO">POST Response : url=https://serverest.dev/usuarios 
 status=201, reason=Created 
 headers={'access-control-allow-origin': '*', 'x-dns-prefetch-control': 'off', 'x-frame-options': 'SAMEORIGIN', 'strict-transport-security': 'max-age=15552000; includeSubDomains', 'x-download-options': 'noopen', 'x-content-type-options': 'nosniff', 'x-xss-protection': '1; mode=block', 'content-type': 'application/json; charset=utf-8', 'x-cloud-trace-context': 'ba7b826b9b93aab65f2f61b82cd7aa8d', 'date': 'Tue, 03 Jun 2025 02:52:13 GMT', 'server': 'Google Frontend', 'Content-Length': '82'} 
 body={
    "message": "Cadastro realizado com sucesso",
    "_id": "oBCASEuHORKoSX50"
} 
 </msg>
<msg time="2025-06-02T23:52:13.403717" level="INFO">C:\Users\Pedro\AppData\Local\Programs\Python\Python310\lib\site-packages\urllib3\connectionpool.py:1097: InsecureRequestWarning: Unverified HTTPS request is being made to host 'serverest.dev'. Adding certificate verification is strongly advised. See: https://urllib3.readthedocs.io/en/latest/advanced-usage.html#tls-warnings
  warnings.warn(</msg>
<msg time="2025-06-02T23:52:13.403717" level="INFO">${response} = &lt;Response [201]&gt;</msg>
<var>${response}</var>
<arg>ServeRest</arg>
<arg>/usuarios</arg>
<arg>data=${payload}</arg>
<doc>Sends a POST request on a previously created HTTP Session.</doc>
<status status="PASS" start="2025-06-02T23:52:13.217707" elapsed="0.186010"/>
</kw>
<status status="PASS" start="2025-06-02T23:52:13.217707" elapsed="0.186010"/>
</kw>
<kw name="Realizar Login Com Usuário Dinâmico" owner="login_keywords">
<kw name="Create Dictionary" owner="BuiltIn">
<msg time="2025-06-02T23:52:13.403717" level="INFO">&amp;{payload} = { email=lauradudley@example.org | password=p5&amp;7H1Pf!+ }</msg>
<var>&amp;{payload}</var>
<arg>email=${email}</arg>
<arg>password=${senha}</arg>
<doc>Creates and returns a dictionary based on the given ``items``.</doc>
<status status="PASS" start="2025-06-02T23:52:13.403717" elapsed="0.000000"/>
</kw>
<kw name="POST On Session" owner="RequestsLibrary">
<msg time="2025-06-02T23:52:13.581283" level="INFO">POST Request : url=https://serverest.dev/login 
 path_url=/login 
 headers={'User-Agent': 'python-requests/2.32.3', 'Accept-Encoding': 'gzip, deflate, br', 'Accept': '*/*', 'Connection': 'keep-alive', 'Content-Length': '57', 'Content-Type': 'application/x-www-form-urlencoded'} 
 body=email=lauradudley%40example.org&amp;password=p5%267H1Pf%21%2B 
 </msg>
<msg time="2025-06-02T23:52:13.581283" level="INFO">POST Response : url=https://serverest.dev/login 
 status=200, reason=OK 
 headers={'access-control-allow-origin': '*', 'x-dns-prefetch-control': 'off', 'x-frame-options': 'SAMEORIGIN', 'strict-transport-security': 'max-age=15552000; includeSubDomains', 'x-download-options': 'noopen', 'x-content-type-options': 'nosniff', 'x-xss-protection': '1; mode=block', 'content-type': 'application/json; charset=utf-8', 'x-cloud-trace-context': 'c89f8cd3f25625c25f2f61b82cd7a2fd', 'date': 'Tue, 03 Jun 2025 02:52:13 GMT', 'server': 'Google Frontend', 'Content-Length': '285'} 
 body={
    "message": "Login realizado com sucesso",
    "authorization": "Bearer eyJhbGciOiJIUzI1NiIsInR5cCI6IkpXVCJ9.eyJlbWFpbCI6ImxhdXJhZHVkbGV5QGV4YW1wbGUub3JnIiwicGFzc3dvcmQiOiJwNSY3SDFQZiErIiwiaWF0IjoxNzQ4OTE5MTMzLCJleHAiOjE3NDg5MTk3MzN9.-F1pHKHRPwImPEPiuiE2WdLzehIsadxku7MkmwhGrcc"
} 
 </msg>
<msg time="2025-06-02T23:52:13.581283" level="INFO">C:\Users\Pedro\AppData\Local\Programs\Python\Python310\lib\site-packages\urllib3\connectionpool.py:1097: InsecureRequestWarning: Unverified HTTPS request is being made to host 'serverest.dev'. Adding certificate verification is strongly advised. See: https://urllib3.readthedocs.io/en/latest/advanced-usage.html#tls-warnings
  warnings.warn(</msg>
<msg time="2025-06-02T23:52:13.581283" level="INFO">${response} = &lt;Response [200]&gt;</msg>
<var>${response}</var>
<arg>ServeRest</arg>
<arg>/login</arg>
<arg>data=${payload}</arg>
<doc>Sends a POST request on a previously created HTTP Session.</doc>
<status status="PASS" start="2025-06-02T23:52:13.403717" elapsed="0.177566"/>
</kw>
<kw name="Set Global Variable" owner="BuiltIn">
<msg time="2025-06-02T23:52:13.581283" level="INFO">${auth_token} = Bearer eyJhbGciOiJIUzI1NiIsInR5cCI6IkpXVCJ9.eyJlbWFpbCI6ImxhdXJhZHVkbGV5QGV4YW1wbGUub3JnIiwicGFzc3dvcmQiOiJwNSY3SDFQZiErIiwiaWF0IjoxNzQ4OTE5MTMzLCJleHAiOjE3NDg5MTk3MzN9.-F1pHKHRPwImPEPiuiE2WdLzehIsadx...</msg>
<arg>${auth_token}</arg>
<arg>${response.json()["authorization"]}</arg>
<doc>Makes a variable available globally in all tests and suites.</doc>
<status status="PASS" start="2025-06-02T23:52:13.581283" elapsed="0.000000"/>
</kw>
<status status="PASS" start="2025-06-02T23:52:13.403717" elapsed="0.177566"/>
</kw>
<kw name="Gerar ID Inexistente" owner="common">
<kw name="Generate Random String" owner="String">
<msg time="2025-06-02T23:52:13.581283" level="INFO">${id_inexistente} = eYOlDDjEMrnSnewQ</msg>
<var>${id_inexistente}</var>
<arg>16</arg>
<arg>[LETTERS]</arg>
<doc>Generates a string with a desired ``length`` from the given ``chars``.</doc>
<status status="PASS" start="2025-06-02T23:52:13.581283" elapsed="0.000000"/>
</kw>
<kw name="Set Suite Variable" owner="BuiltIn">
<msg time="2025-06-02T23:52:13.581283" level="INFO">${id_inexistente} = eYOlDDjEMrnSnewQ</msg>
<arg>${id_inexistente}</arg>
<doc>Makes a variable available everywhere within the scope of the current suite.</doc>
<status status="PASS" start="2025-06-02T23:52:13.581283" elapsed="0.000000"/>
</kw>
<status status="PASS" start="2025-06-02T23:52:13.581283" elapsed="0.000000"/>
</kw>
<kw name="Criar Carrinho Com Produto Inexistente" owner="carrinhos_keywords">
<kw name="Create Dictionary" owner="BuiltIn">
<msg time="2025-06-02T23:52:13.581283" level="INFO">&amp;{headers} = { Authorization=Bearer eyJhbGciOiJIUzI1NiIsInR5cCI6IkpXVCJ9.eyJlbWFpbCI6ImxhdXJhZHVkbGV5QGV4YW1wbGUub3JnIiwicGFzc3dvcmQiOiJwNSY3SDFQZiErIiwiaWF0IjoxNzQ4OTE5MTMzLCJleHAiOjE3NDg5MTk3MzN9.-F1pHKHRPwImPEP...</msg>
<var>&amp;{headers}</var>
<arg>Authorization=${auth_token}</arg>
<doc>Creates and returns a dictionary based on the given ``items``.</doc>
<status status="PASS" start="2025-06-02T23:52:13.581283" elapsed="0.000000"/>
</kw>
<kw name="Evaluate" owner="BuiltIn">
<msg time="2025-06-02T23:52:13.581283" level="INFO">${produto} = {'idProduto': 'eYOlDDjEMrnSnewQ', 'quantidade': 1}</msg>
<var>${produto}</var>
<arg>{"idProduto": "${id_inexistente}", "quantidade": 1}</arg>
<arg>json</arg>
<doc>Evaluates the given expression in Python and returns the result.</doc>
<status status="PASS" start="2025-06-02T23:52:13.581283" elapsed="0.000000"/>
</kw>
<kw name="Create List" owner="BuiltIn">
<msg time="2025-06-02T23:52:13.581283" level="INFO">@{produtos} = [ {'idProduto': 'eYOlDDjEMrnSnewQ', 'quantidade': 1} ]</msg>
<var>@{produtos}</var>
<arg>${produto}</arg>
<doc>Returns a list containing given items.</doc>
<status status="PASS" start="2025-06-02T23:52:13.581283" elapsed="0.000000"/>
</kw>
<kw name="Create Dictionary" owner="BuiltIn">
<msg time="2025-06-02T23:52:13.581283" level="INFO">&amp;{payload} = { produtos=[{'idProduto': 'eYOlDDjEMrnSnewQ', 'quantidade': 1}] }</msg>
<var>&amp;{payload}</var>
<arg>produtos=${produtos}</arg>
<doc>Creates and returns a dictionary based on the given ``items``.</doc>
<status status="PASS" start="2025-06-02T23:52:13.581283" elapsed="0.000000"/>
</kw>
<kw name="POST On Session" owner="RequestsLibrary">
<msg time="2025-06-02T23:52:13.766123" level="INFO">POST Request : url=https://serverest.dev/carrinhos 
 path_url=/carrinhos 
 headers={'User-Agent': 'python-requests/2.32.3', 'Accept-Encoding': 'gzip, deflate, br', 'Accept': '*/*', 'Connection': 'keep-alive', 'Authorization': 'Bearer eyJhbGciOiJIUzI1NiIsInR5cCI6IkpXVCJ9.eyJlbWFpbCI6ImxhdXJhZHVkbGV5QGV4YW1wbGUub3JnIiwicGFzc3dvcmQiOiJwNSY3SDFQZiErIiwiaWF0IjoxNzQ4OTE5MTMzLCJleHAiOjE3NDg5MTk3MzN9.-F1pHKHRPwImPEPiuiE2WdLzehIsadxku7MkmwhGrcc', 'Content-Length': '66', 'Content-Type': 'application/json'} 
 body=b'{"produtos": [{"idProduto": "eYOlDDjEMrnSnewQ", "quantidade": 1}]}' 
 </msg>
<msg time="2025-06-02T23:52:13.766123" level="INFO">POST Response : url=https://serverest.dev/carrinhos 
 status=400, reason=Bad Request 
 headers={'access-control-allow-origin': '*', 'x-dns-prefetch-control': 'off', 'x-frame-options': 'SAMEORIGIN', 'strict-transport-security': 'max-age=15552000; includeSubDomains', 'x-download-options': 'noopen', 'x-content-type-options': 'nosniff', 'x-xss-protection': '1; mode=block', 'content-type': 'application/json; charset=utf-8', 'x-cloud-trace-context': '7b4bc78d5cbeef8b5f2f61b82cd7a636', 'date': 'Tue, 03 Jun 2025 02:52:14 GMT', 'server': 'Google Frontend', 'Content-Length': '150'} 
 body={
    "message": "Produto não encontrado",
    "item": {
        "idProduto": "eYOlDDjEMrnSnewQ",
        "quantidade": 1,
        "index": 0
    }
} 
 </msg>
<msg time="2025-06-02T23:52:13.766123" level="INFO">C:\Users\Pedro\AppData\Local\Programs\Python\Python310\lib\site-packages\urllib3\connectionpool.py:1097: InsecureRequestWarning: Unverified HTTPS request is being made to host 'serverest.dev'. Adding certificate verification is strongly advised. See: https://urllib3.readthedocs.io/en/latest/advanced-usage.html#tls-warnings
  warnings.warn(</msg>
<msg time="2025-06-02T23:52:13.766123" level="INFO">${response} = &lt;Response [400]&gt;</msg>
<var>${response}</var>
<arg>ServeRest</arg>
<arg>/carrinhos</arg>
<arg>headers=${headers}</arg>
<arg>json=${payload}</arg>
<arg>expected_status=ANY</arg>
<doc>Sends a POST request on a previously created HTTP Session.</doc>
<status status="PASS" start="2025-06-02T23:52:13.581283" elapsed="0.184840"/>
</kw>
<kw name="Log To Console" owner="BuiltIn">
<arg>Carrinho criado com produto inválido: ${response.content}</arg>
<doc>Logs the given message to the console.</doc>
<status status="PASS" start="2025-06-02T23:52:13.766123" elapsed="0.000000"/>
</kw>
<kw name="Set Global Variable" owner="BuiltIn">
<msg time="2025-06-02T23:52:13.766123" level="INFO">${response} = &lt;Response [400]&gt;</msg>
<arg>${response}</arg>
<doc>Makes a variable available globally in all tests and suites.</doc>
<status status="PASS" start="2025-06-02T23:52:13.766123" elapsed="0.000000"/>
</kw>
<status status="PASS" start="2025-06-02T23:52:13.581283" elapsed="0.184840"/>
</kw>
<kw name="Validar Status Code" owner="common">
<kw name="Should Be Equal As Integers" owner="BuiltIn">
<msg time="2025-06-02T23:52:13.781359" level="INFO">Argument types are:
&lt;class 'int'&gt;
&lt;class 'str'&gt;</msg>
<arg>${response.status_code}</arg>
<arg>${status_esperado}</arg>
<doc>Fails if objects are unequal after converting them to integers.</doc>
<status status="PASS" start="2025-06-02T23:52:13.766123" elapsed="0.015236"/>
</kw>
<arg>400</arg>
<status status="PASS" start="2025-06-02T23:52:13.766123" elapsed="0.015236"/>
</kw>
<kw name="Sleep" owner="BuiltIn" type="TEARDOWN">
<msg time="2025-06-02T23:52:15.786614" level="INFO">Slept 2 seconds.</msg>
<arg>${global_delay}</arg>
<doc>Pauses the test executed for the given time.</doc>
<status status="PASS" start="2025-06-02T23:52:13.781359" elapsed="2.005255"/>
</kw>
<tag>CT020</tag>
<tag>POSTCARRINHO</tag>
<status status="PASS" start="2025-06-02T23:52:13.217707" elapsed="2.568907"/>
</test>
<test id="s1-s1-t3" name="Cenário: POST Criar Carrinho com Produto Duplicado - 400" line="29">
<kw name="Criar Usuário Dinâmico" owner="usuarios_keywords">
<kw name="Name" owner="FakerLibrary">
<msg time="2025-06-02T23:52:15.786614" level="INFO">${nome} = Sarah Bradley</msg>
<var>${nome}</var>
<doc>:example: 'John Doe'</doc>
<status status="PASS" start="2025-06-02T23:52:15.786614" elapsed="0.000000"/>
</kw>
<kw name="Email" owner="FakerLibrary">
<msg time="2025-06-02T23:52:15.786614" level="INFO">${email} = goldenpatrick@example.com</msg>
<var>${email}</var>
<status status="PASS" start="2025-06-02T23:52:15.786614" elapsed="0.000000"/>
</kw>
<kw name="Password" owner="FakerLibrary">
<msg time="2025-06-02T23:52:15.786614" level="INFO">${senha} = !$_6nUEc@3</msg>
<var>${senha}</var>
<doc>Generate a random password of the specified ``length``.</doc>
<status status="PASS" start="2025-06-02T23:52:15.786614" elapsed="0.000000"/>
</kw>
<kw name="Set Suite Variable" owner="BuiltIn">
<msg time="2025-06-02T23:52:15.786614" level="INFO">${email} = goldenpatrick@example.com</msg>
<arg>${email}</arg>
<doc>Makes a variable available everywhere within the scope of the current suite.</doc>
<status status="PASS" start="2025-06-02T23:52:15.786614" elapsed="0.000000"/>
</kw>
<kw name="Set Suite Variable" owner="BuiltIn">
<msg time="2025-06-02T23:52:15.786614" level="INFO">${senha} = !$_6nUEc@3</msg>
<arg>${senha}</arg>
<doc>Makes a variable available everywhere within the scope of the current suite.</doc>
<status status="PASS" start="2025-06-02T23:52:15.786614" elapsed="0.000000"/>
</kw>
<kw name="Create Dictionary" owner="BuiltIn">
<msg time="2025-06-02T23:52:15.786614" level="INFO">&amp;{payload} = { nome=Sarah Bradley | email=goldenpatrick@example.com | password=!$_6nUEc@3 | administrador=true }</msg>
<var>&amp;{payload}</var>
<arg>nome=${nome}</arg>
<arg>email=${email}</arg>
<arg>password=${senha}</arg>
<arg>administrador=true</arg>
<doc>Creates and returns a dictionary based on the given ``items``.</doc>
<status status="PASS" start="2025-06-02T23:52:15.786614" elapsed="0.000000"/>
</kw>
<kw name="POST On Session" owner="RequestsLibrary">
<msg time="2025-06-02T23:52:15.972794" level="INFO">POST Request : url=https://serverest.dev/usuarios 
 path_url=/usuarios 
 headers={'User-Agent': 'python-requests/2.32.3', 'Accept-Encoding': 'gzip, deflate, br', 'Accept': '*/*', 'Connection': 'keep-alive', 'Content-Length': '97', 'Content-Type': 'application/x-www-form-urlencoded'} 
 body=nome=Sarah+Bradley&amp;email=goldenpatrick%40example.com&amp;password=%21%24_6nUEc%403&amp;administrador=true 
 </msg>
<msg time="2025-06-02T23:52:15.972794" level="INFO">POST Response : url=https://serverest.dev/usuarios 
 status=201, reason=Created 
 headers={'access-control-allow-origin': '*', 'x-dns-prefetch-control': 'off', 'x-frame-options': 'SAMEORIGIN', 'strict-transport-security': 'max-age=15552000; includeSubDomains', 'x-download-options': 'noopen', 'x-content-type-options': 'nosniff', 'x-xss-protection': '1; mode=block', 'content-type': 'application/json; charset=utf-8', 'x-cloud-trace-context': '001ad31bfd5e4f6e5f2f61b82cd7a823', 'date': 'Tue, 03 Jun 2025 02:52:16 GMT', 'server': 'Google Frontend', 'Content-Length': '82'} 
 body={
    "message": "Cadastro realizado com sucesso",
    "_id": "RW28mavgHJBL4vuZ"
} 
 </msg>
<msg time="2025-06-02T23:52:15.972794" level="INFO">C:\Users\Pedro\AppData\Local\Programs\Python\Python310\lib\site-packages\urllib3\connectionpool.py:1097: InsecureRequestWarning: Unverified HTTPS request is being made to host 'serverest.dev'. Adding certificate verification is strongly advised. See: https://urllib3.readthedocs.io/en/latest/advanced-usage.html#tls-warnings
  warnings.warn(</msg>
<msg time="2025-06-02T23:52:15.972794" level="INFO">${response} = &lt;Response [201]&gt;</msg>
<var>${response}</var>
<arg>ServeRest</arg>
<arg>/usuarios</arg>
<arg>data=${payload}</arg>
<doc>Sends a POST request on a previously created HTTP Session.</doc>
<status status="PASS" start="2025-06-02T23:52:15.786614" elapsed="0.186180"/>
</kw>
<status status="PASS" start="2025-06-02T23:52:15.786614" elapsed="0.186180"/>
</kw>
<kw name="Realizar Login Com Usuário Dinâmico" owner="login_keywords">
<kw name="Create Dictionary" owner="BuiltIn">
<msg time="2025-06-02T23:52:15.972794" level="INFO">&amp;{payload} = { email=goldenpatrick@example.com | password=!$_6nUEc@3 }</msg>
<var>&amp;{payload}</var>
<arg>email=${email}</arg>
<arg>password=${senha}</arg>
<doc>Creates and returns a dictionary based on the given ``items``.</doc>
<status status="PASS" start="2025-06-02T23:52:15.972794" elapsed="0.000000"/>
</kw>
<kw name="POST On Session" owner="RequestsLibrary">
<msg time="2025-06-02T23:52:16.155800" level="INFO">POST Request : url=https://serverest.dev/login 
 path_url=/login 
 headers={'User-Agent': 'python-requests/2.32.3', 'Accept-Encoding': 'gzip, deflate, br', 'Accept': '*/*', 'Connection': 'keep-alive', 'Content-Length': '59', 'Content-Type': 'application/x-www-form-urlencoded'} 
 body=email=goldenpatrick%40example.com&amp;password=%21%24_6nUEc%403 
 </msg>
<msg time="2025-06-02T23:52:16.155800" level="INFO">POST Response : url=https://serverest.dev/login 
 status=200, reason=OK 
 headers={'access-control-allow-origin': '*', 'x-dns-prefetch-control': 'off', 'x-frame-options': 'SAMEORIGIN', 'strict-transport-security': 'max-age=15552000; includeSubDomains', 'x-download-options': 'noopen', 'x-content-type-options': 'nosniff', 'x-xss-protection': '1; mode=block', 'content-type': 'application/json; charset=utf-8', 'x-cloud-trace-context': 'c48dc7bef405377c5f2f61b82cd7aec9', 'date': 'Tue, 03 Jun 2025 02:52:16 GMT', 'server': 'Google Frontend', 'Content-Length': '288'} 
 body={
    "message": "Login realizado com sucesso",
    "authorization": "Bearer eyJhbGciOiJIUzI1NiIsInR5cCI6IkpXVCJ9.eyJlbWFpbCI6ImdvbGRlbnBhdHJpY2tAZXhhbXBsZS5jb20iLCJwYXNzd29yZCI6IiEkXzZuVUVjQDMiLCJpYXQiOjE3NDg5MTkxMzYsImV4cCI6MTc0ODkxOTczNn0.qY2ycdSlilJGYs7dKX-D3tkpjxLInZHlT-4vcCJlxK4"
} 
 </msg>
<msg time="2025-06-02T23:52:16.155800" level="INFO">C:\Users\Pedro\AppData\Local\Programs\Python\Python310\lib\site-packages\urllib3\connectionpool.py:1097: InsecureRequestWarning: Unverified HTTPS request is being made to host 'serverest.dev'. Adding certificate verification is strongly advised. See: https://urllib3.readthedocs.io/en/latest/advanced-usage.html#tls-warnings
  warnings.warn(</msg>
<msg time="2025-06-02T23:52:16.155800" level="INFO">${response} = &lt;Response [200]&gt;</msg>
<var>${response}</var>
<arg>ServeRest</arg>
<arg>/login</arg>
<arg>data=${payload}</arg>
<doc>Sends a POST request on a previously created HTTP Session.</doc>
<status status="PASS" start="2025-06-02T23:52:15.972794" elapsed="0.183006"/>
</kw>
<kw name="Set Global Variable" owner="BuiltIn">
<msg time="2025-06-02T23:52:16.155800" level="INFO">${auth_token} = Bearer eyJhbGciOiJIUzI1NiIsInR5cCI6IkpXVCJ9.eyJlbWFpbCI6ImdvbGRlbnBhdHJpY2tAZXhhbXBsZS5jb20iLCJwYXNzd29yZCI6IiEkXzZuVUVjQDMiLCJpYXQiOjE3NDg5MTkxMzYsImV4cCI6MTc0ODkxOTczNn0.qY2ycdSlilJGYs7dKX-D3tkpjxLI...</msg>
<arg>${auth_token}</arg>
<arg>${response.json()["authorization"]}</arg>
<doc>Makes a variable available globally in all tests and suites.</doc>
<status status="PASS" start="2025-06-02T23:52:16.155800" elapsed="0.000000"/>
</kw>
<status status="PASS" start="2025-06-02T23:52:15.972794" elapsed="0.183006"/>
</kw>
<kw name="Criar Produto Para Carrinho" owner="produtos_keywords">
<kw name="Word" owner="FakerLibrary">
<msg time="2025-06-02T23:52:16.155800" level="INFO">${palavra} = lot</msg>
<var>${palavra}</var>
<doc>Generate a word.</doc>
<status status="PASS" start="2025-06-02T23:52:16.155800" elapsed="0.000000"/>
</kw>
<kw name="Generate Random String" owner="String">
<msg time="2025-06-02T23:52:16.155800" level="INFO">${sufixo} = 84044</msg>
<var>${sufixo}</var>
<arg>5</arg>
<arg>[NUMBERS]</arg>
<doc>Generates a string with a desired ``length`` from the given ``chars``.</doc>
<status status="PASS" start="2025-06-02T23:52:16.155800" elapsed="0.000000"/>
</kw>
<kw name="Set Variable" owner="BuiltIn">
<msg time="2025-06-02T23:52:16.155800" level="INFO">${nome_produto} = lot-84044</msg>
<var>${nome_produto}</var>
<arg>${palavra}-${sufixo}</arg>
<doc>Returns the given values which can then be assigned to a variables.</doc>
<status status="PASS" start="2025-06-02T23:52:16.155800" elapsed="0.000000"/>
</kw>
<kw name="Set Variable" owner="BuiltIn">
<msg time="2025-06-02T23:52:16.155800" level="INFO">${preco} = 777</msg>
<var>${preco}</var>
<arg>777</arg>
<doc>Returns the given values which can then be assigned to a variables.</doc>
<status status="PASS" start="2025-06-02T23:52:16.155800" elapsed="0.000000"/>
</kw>
<kw name="Set Variable" owner="BuiltIn">
<msg time="2025-06-02T23:52:16.155800" level="INFO">${descricao} = Produto do Carrinho</msg>
<var>${descricao}</var>
<arg>Produto do Carrinho</arg>
<doc>Returns the given values which can then be assigned to a variables.</doc>
<status status="PASS" start="2025-06-02T23:52:16.155800" elapsed="0.000000"/>
</kw>
<kw name="Set Variable" owner="BuiltIn">
<msg time="2025-06-02T23:52:16.155800" level="INFO">${quantidade} = 5</msg>
<var>${quantidade}</var>
<arg>5</arg>
<doc>Returns the given values which can then be assigned to a variables.</doc>
<status status="PASS" start="2025-06-02T23:52:16.155800" elapsed="0.000000"/>
</kw>
<kw name="Create Dictionary" owner="BuiltIn">
<msg time="2025-06-02T23:52:16.155800" level="INFO">&amp;{headers} = { Authorization=Bearer eyJhbGciOiJIUzI1NiIsInR5cCI6IkpXVCJ9.eyJlbWFpbCI6ImdvbGRlbnBhdHJpY2tAZXhhbXBsZS5jb20iLCJwYXNzd29yZCI6IiEkXzZuVUVjQDMiLCJpYXQiOjE3NDg5MTkxMzYsImV4cCI6MTc0ODkxOTczNn0.qY2ycdSlilJG...</msg>
<var>&amp;{headers}</var>
<arg>Authorization=${auth_token}</arg>
<doc>Creates and returns a dictionary based on the given ``items``.</doc>
<status status="PASS" start="2025-06-02T23:52:16.155800" elapsed="0.000000"/>
</kw>
<kw name="Create Dictionary" owner="BuiltIn">
<msg time="2025-06-02T23:52:16.155800" level="INFO">&amp;{payload} = { nome=lot-84044 | preco=777 | descricao=Produto do Carrinho | quantidade=5 }</msg>
<var>&amp;{payload}</var>
<arg>nome=${nome_produto}</arg>
<arg>preco=${preco}</arg>
<arg>descricao=${descricao}</arg>
<arg>quantidade=${quantidade}</arg>
<doc>Creates and returns a dictionary based on the given ``items``.</doc>
<status status="PASS" start="2025-06-02T23:52:16.155800" elapsed="0.000000"/>
</kw>
<kw name="POST On Session" owner="RequestsLibrary">
<msg time="2025-06-02T23:52:16.341243" level="INFO">POST Request : url=https://serverest.dev/produtos 
 path_url=/produtos 
 headers={'User-Agent': 'python-requests/2.32.3', 'Accept-Encoding': 'gzip, deflate, br', 'Accept': '*/*', 'Connection': 'keep-alive', 'Authorization': 'Bearer eyJhbGciOiJIUzI1NiIsInR5cCI6IkpXVCJ9.eyJlbWFpbCI6ImdvbGRlbnBhdHJpY2tAZXhhbXBsZS5jb20iLCJwYXNzd29yZCI6IiEkXzZuVUVjQDMiLCJpYXQiOjE3NDg5MTkxMzYsImV4cCI6MTc0ODkxOTczNn0.qY2ycdSlilJGYs7dKX-D3tkpjxLInZHlT-4vcCJlxK4', 'Content-Length': '67', 'Content-Type': 'application/x-www-form-urlencoded'} 
 body=nome=lot-84044&amp;preco=777&amp;descricao=Produto+do+Carrinho&amp;quantidade=5 
 </msg>
<msg time="2025-06-02T23:52:16.341243" level="INFO">POST Response : url=https://serverest.dev/produtos 
 status=201, reason=Created 
 headers={'access-control-allow-origin': '*', 'x-dns-prefetch-control': 'off', 'x-frame-options': 'SAMEORIGIN', 'strict-transport-security': 'max-age=15552000; includeSubDomains', 'x-download-options': 'noopen', 'x-content-type-options': 'nosniff', 'x-xss-protection': '1; mode=block', 'content-type': 'application/json; charset=utf-8', 'x-cloud-trace-context': '19a8709f8bbe0e325f2f61b82cd7a398', 'date': 'Tue, 03 Jun 2025 02:52:16 GMT', 'server': 'Google Frontend', 'Content-Length': '82'} 
 body={
    "message": "Cadastro realizado com sucesso",
    "_id": "PHrRgzKHilvywic9"
} 
 </msg>
<msg time="2025-06-02T23:52:16.341243" level="INFO">C:\Users\Pedro\AppData\Local\Programs\Python\Python310\lib\site-packages\urllib3\connectionpool.py:1097: InsecureRequestWarning: Unverified HTTPS request is being made to host 'serverest.dev'. Adding certificate verification is strongly advised. See: https://urllib3.readthedocs.io/en/latest/advanced-usage.html#tls-warnings
  warnings.warn(</msg>
<msg time="2025-06-02T23:52:16.341243" level="INFO">${response} = &lt;Response [201]&gt;</msg>
<var>${response}</var>
<arg>ServeRest</arg>
<arg>/produtos</arg>
<arg>headers=${headers}</arg>
<arg>data=${payload}</arg>
<doc>Sends a POST request on a previously created HTTP Session.</doc>
<status status="PASS" start="2025-06-02T23:52:16.155800" elapsed="0.185443"/>
</kw>
<kw name="Set Variable" owner="BuiltIn">
<msg time="2025-06-02T23:52:16.341243" level="INFO">${id_produto} = PHrRgzKHilvywic9</msg>
<var>${id_produto}</var>
<arg>${response.json()["_id"]}</arg>
<doc>Returns the given values which can then be assigned to a variables.</doc>
<status status="PASS" start="2025-06-02T23:52:16.341243" elapsed="0.000000"/>
</kw>
<kw name="Set Suite Variable" owner="BuiltIn">
<msg time="2025-06-02T23:52:16.341243" level="INFO">${id_produto} = PHrRgzKHilvywic9</msg>
<arg>${id_produto}</arg>
<doc>Makes a variable available everywhere within the scope of the current suite.</doc>
<status status="PASS" start="2025-06-02T23:52:16.341243" elapsed="0.000000"/>
</kw>
<status status="PASS" start="2025-06-02T23:52:16.155800" elapsed="0.185443"/>
</kw>
<kw name="Criar Carrinho Com Produto Duplicado" owner="carrinhos_keywords">
<kw name="Should Not Be Empty" owner="BuiltIn">
<msg time="2025-06-02T23:52:16.341243" level="INFO">Length is 16.</msg>
<arg>${id_produto}</arg>
<doc>Verifies that the given item is not empty.</doc>
<status status="PASS" start="2025-06-02T23:52:16.341243" elapsed="0.000000"/>
</kw>
<kw name="Log To Console" owner="BuiltIn">
<arg>ID do produto duplicado: ${id_produto}</arg>
<doc>Logs the given message to the console.</doc>
<status status="PASS" start="2025-06-02T23:52:16.341243" elapsed="0.000000"/>
</kw>
<kw name="Create Dictionary" owner="BuiltIn">
<msg time="2025-06-02T23:52:16.341243" level="INFO">&amp;{headers} = { Authorization=Bearer eyJhbGciOiJIUzI1NiIsInR5cCI6IkpXVCJ9.eyJlbWFpbCI6ImdvbGRlbnBhdHJpY2tAZXhhbXBsZS5jb20iLCJwYXNzd29yZCI6IiEkXzZuVUVjQDMiLCJpYXQiOjE3NDg5MTkxMzYsImV4cCI6MTc0ODkxOTczNn0.qY2ycdSlilJG...</msg>
<var>&amp;{headers}</var>
<arg>Authorization=${auth_token}</arg>
<arg>Content-Type=application/json</arg>
<doc>Creates and returns a dictionary based on the given ``items``.</doc>
<status status="PASS" start="2025-06-02T23:52:16.341243" elapsed="0.000000"/>
</kw>
<kw name="Create Dictionary" owner="BuiltIn">
<msg time="2025-06-02T23:52:16.341243" level="INFO">&amp;{produto1} = { idProduto=PHrRgzKHilvywic9 | quantidade=1 }</msg>
<var>&amp;{produto1}</var>
<arg>idProduto=${id_produto}</arg>
<arg>quantidade=1</arg>
<doc>Creates and returns a dictionary based on the given ``items``.</doc>
<status status="PASS" start="2025-06-02T23:52:16.341243" elapsed="0.000000"/>
</kw>
<kw name="Create Dictionary" owner="BuiltIn">
<msg time="2025-06-02T23:52:16.341243" level="INFO">&amp;{produto2} = { idProduto=PHrRgzKHilvywic9 | quantidade=2 }</msg>
<var>&amp;{produto2}</var>
<arg>idProduto=${id_produto}</arg>
<arg>quantidade=2</arg>
<doc>Creates and returns a dictionary based on the given ``items``.</doc>
<status status="PASS" start="2025-06-02T23:52:16.341243" elapsed="0.000000"/>
</kw>
<kw name="Create List" owner="BuiltIn">
<msg time="2025-06-02T23:52:16.341243" level="INFO">@{lista_produtos} = [ {'idProduto': 'PHrRgzKHilvywic9', 'quantidade': '1'} | {'idProduto': 'PHrRgzKHilvywic9', 'quantidade': '2'} ]</msg>
<var>@{lista_produtos}</var>
<arg>${produto1}</arg>
<arg>${produto2}</arg>
<doc>Returns a list containing given items.</doc>
<status status="PASS" start="2025-06-02T23:52:16.341243" elapsed="0.000000"/>
</kw>
<kw name="Create Dictionary" owner="BuiltIn">
<msg time="2025-06-02T23:52:16.341243" level="INFO">&amp;{payload} = { produtos=[{'idProduto': 'PHrRgzKHilvywic9', 'quantidade': '1'}, {'idProduto': 'PHrRgzKHilvywic9', 'quantidade': '2'}] }</msg>
<var>&amp;{payload}</var>
<arg>produtos=${lista_produtos}</arg>
<doc>Creates and returns a dictionary based on the given ``items``.</doc>
<status status="PASS" start="2025-06-02T23:52:16.341243" elapsed="0.000000"/>
</kw>
<kw name="Evaluate" owner="BuiltIn">
<msg time="2025-06-02T23:52:16.341243" level="INFO">${json_payload} = {"produtos": [{"idProduto": "PHrRgzKHilvywic9", "quantidade": "1"}, {"idProduto": "PHrRgzKHilvywic9", "quantidade": "2"}]}</msg>
<var>${json_payload}</var>
<arg>json.dumps(${payload})</arg>
<arg>json</arg>
<doc>Evaluates the given expression in Python and returns the result.</doc>
<status status="PASS" start="2025-06-02T23:52:16.341243" elapsed="0.000000"/>
</kw>
<kw name="POST On Session" owner="RequestsLibrary">
<msg time="2025-06-02T23:52:16.526253" level="INFO">POST Request : url=https://serverest.dev/carrinhos 
 path_url=/carrinhos 
 headers={'User-Agent': 'python-requests/2.32.3', 'Accept-Encoding': 'gzip, deflate, br', 'Accept': '*/*', 'Connection': 'keep-alive', 'Authorization': 'Bearer eyJhbGciOiJIUzI1NiIsInR5cCI6IkpXVCJ9.eyJlbWFpbCI6ImdvbGRlbnBhdHJpY2tAZXhhbXBsZS5jb20iLCJwYXNzd29yZCI6IiEkXzZuVUVjQDMiLCJpYXQiOjE3NDg5MTkxMzYsImV4cCI6MTc0ODkxOTczNn0.qY2ycdSlilJGYs7dKX-D3tkpjxLInZHlT-4vcCJlxK4', 'Content-Type': 'application/json', 'Content-Length': '122'} 
 body={"produtos": [{"idProduto": "PHrRgzKHilvywic9", "quantidade": "1"}, {"idProduto": "PHrRgzKHilvywic9", "quantidade": "2"}]} 
 </msg>
<msg time="2025-06-02T23:52:16.526253" level="INFO">POST Response : url=https://serverest.dev/carrinhos 
 status=400, reason=Bad Request 
 headers={'access-control-allow-origin': '*', 'x-dns-prefetch-control': 'off', 'x-frame-options': 'SAMEORIGIN', 'strict-transport-security': 'max-age=15552000; includeSubDomains', 'x-download-options': 'noopen', 'x-content-type-options': 'nosniff', 'x-xss-protection': '1; mode=block', 'content-type': 'application/json; charset=utf-8', 'x-cloud-trace-context': '7435eda658bd97125f2f61b82cd7a6aa', 'date': 'Tue, 03 Jun 2025 02:52:16 GMT', 'server': 'Google Frontend', 'Content-Length': '128'} 
 body={
    "message": "Não é permitido possuir produto duplicado",
    "idProdutosDuplicados": [
        "PHrRgzKHilvywic9"
    ]
} 
 </msg>
<msg time="2025-06-02T23:52:16.526253" level="INFO">C:\Users\Pedro\AppData\Local\Programs\Python\Python310\lib\site-packages\urllib3\connectionpool.py:1097: InsecureRequestWarning: Unverified HTTPS request is being made to host 'serverest.dev'. Adding certificate verification is strongly advised. See: https://urllib3.readthedocs.io/en/latest/advanced-usage.html#tls-warnings
  warnings.warn(</msg>
<msg time="2025-06-02T23:52:16.526253" level="INFO">${response} = &lt;Response [400]&gt;</msg>
<var>${response}</var>
<arg>ServeRest</arg>
<arg>/carrinhos</arg>
<arg>headers=${headers}</arg>
<arg>data=${json_payload}</arg>
<arg>expected_status=ANY</arg>
<doc>Sends a POST request on a previously created HTTP Session.</doc>
<status status="PASS" start="2025-06-02T23:52:16.341243" elapsed="0.185010"/>
</kw>
<kw name="Log To Console" owner="BuiltIn">
<arg>Resposta com produto duplicado: ${response.content}</arg>
<doc>Logs the given message to the console.</doc>
<status status="PASS" start="2025-06-02T23:52:16.526253" elapsed="0.000000"/>
</kw>
<kw name="Set Global Variable" owner="BuiltIn">
<msg time="2025-06-02T23:52:16.526253" level="INFO">${response} = &lt;Response [400]&gt;</msg>
<arg>${response}</arg>
<doc>Makes a variable available globally in all tests and suites.</doc>
<status status="PASS" start="2025-06-02T23:52:16.526253" elapsed="0.000000"/>
</kw>
<status status="PASS" start="2025-06-02T23:52:16.341243" elapsed="0.185010"/>
</kw>
<kw name="Validar Status Code" owner="common">
<kw name="Should Be Equal As Integers" owner="BuiltIn">
<msg time="2025-06-02T23:52:16.526253" level="INFO">Argument types are:
&lt;class 'int'&gt;
&lt;class 'str'&gt;</msg>
<arg>${response.status_code}</arg>
<arg>${status_esperado}</arg>
<doc>Fails if objects are unequal after converting them to integers.</doc>
<status status="PASS" start="2025-06-02T23:52:16.526253" elapsed="0.000000"/>
</kw>
<arg>400</arg>
<status status="PASS" start="2025-06-02T23:52:16.526253" elapsed="0.000000"/>
</kw>
<kw name="Sleep" owner="BuiltIn" type="TEARDOWN">
<msg time="2025-06-02T23:52:18.546666" level="INFO">Slept 2 seconds.</msg>
<arg>${global_delay}</arg>
<doc>Pauses the test executed for the given time.</doc>
<status status="PASS" start="2025-06-02T23:52:16.526253" elapsed="2.020413"/>
</kw>
<tag>CT021</tag>
<tag>POSTCARRINHO</tag>
<status status="PASS" start="2025-06-02T23:52:15.786614" elapsed="2.760052"/>
</test>
<test id="s1-s1-t4" name="Cenário: POST Criar Segundo Carrinho para o Mesmo Usuário - 400" line="37">
<kw name="Criar Usuário Dinâmico" owner="usuarios_keywords">
<kw name="Name" owner="FakerLibrary">
<msg time="2025-06-02T23:52:18.546666" level="INFO">${nome} = James Mcmillan</msg>
<var>${nome}</var>
<doc>:example: 'John Doe'</doc>
<status status="PASS" start="2025-06-02T23:52:18.546666" elapsed="0.000000"/>
</kw>
<kw name="Email" owner="FakerLibrary">
<msg time="2025-06-02T23:52:18.546666" level="INFO">${email} = joseph10@example.com</msg>
<var>${email}</var>
<status status="PASS" start="2025-06-02T23:52:18.546666" elapsed="0.000000"/>
</kw>
<kw name="Password" owner="FakerLibrary">
<msg time="2025-06-02T23:52:18.546666" level="INFO">${senha} = o7O@57vx)J</msg>
<var>${senha}</var>
<doc>Generate a random password of the specified ``length``.</doc>
<status status="PASS" start="2025-06-02T23:52:18.546666" elapsed="0.000000"/>
</kw>
<kw name="Set Suite Variable" owner="BuiltIn">
<msg time="2025-06-02T23:52:18.546666" level="INFO">${email} = joseph10@example.com</msg>
<arg>${email}</arg>
<doc>Makes a variable available everywhere within the scope of the current suite.</doc>
<status status="PASS" start="2025-06-02T23:52:18.546666" elapsed="0.000000"/>
</kw>
<kw name="Set Suite Variable" owner="BuiltIn">
<msg time="2025-06-02T23:52:18.546666" level="INFO">${senha} = o7O@57vx)J</msg>
<arg>${senha}</arg>
<doc>Makes a variable available everywhere within the scope of the current suite.</doc>
<status status="PASS" start="2025-06-02T23:52:18.546666" elapsed="0.000000"/>
</kw>
<kw name="Create Dictionary" owner="BuiltIn">
<msg time="2025-06-02T23:52:18.546666" level="INFO">&amp;{payload} = { nome=James Mcmillan | email=joseph10@example.com | password=o7O@57vx)J | administrador=true }</msg>
<var>&amp;{payload}</var>
<arg>nome=${nome}</arg>
<arg>email=${email}</arg>
<arg>password=${senha}</arg>
<arg>administrador=true</arg>
<doc>Creates and returns a dictionary based on the given ``items``.</doc>
<status status="PASS" start="2025-06-02T23:52:18.546666" elapsed="0.000000"/>
</kw>
<kw name="POST On Session" owner="RequestsLibrary">
<msg time="2025-06-02T23:52:18.731433" level="INFO">POST Request : url=https://serverest.dev/usuarios 
 path_url=/usuarios 
 headers={'User-Agent': 'python-requests/2.32.3', 'Accept-Encoding': 'gzip, deflate, br', 'Accept': '*/*', 'Connection': 'keep-alive', 'Content-Length': '91', 'Content-Type': 'application/x-www-form-urlencoded'} 
 body=nome=James+Mcmillan&amp;email=joseph10%40example.com&amp;password=o7O%4057vx%29J&amp;administrador=true 
 </msg>
<msg time="2025-06-02T23:52:18.731433" level="INFO">POST Response : url=https://serverest.dev/usuarios 
 status=201, reason=Created 
 headers={'access-control-allow-origin': '*', 'x-dns-prefetch-control': 'off', 'x-frame-options': 'SAMEORIGIN', 'strict-transport-security': 'max-age=15552000; includeSubDomains', 'x-download-options': 'noopen', 'x-content-type-options': 'nosniff', 'x-xss-protection': '1; mode=block', 'content-type': 'application/json; charset=utf-8', 'x-cloud-trace-context': '442f3834d6f9420b5f2f61b82cd7abf7', 'date': 'Tue, 03 Jun 2025 02:52:19 GMT', 'server': 'Google Frontend', 'Content-Length': '82'} 
 body={
    "message": "Cadastro realizado com sucesso",
    "_id": "bKRDlTU1HHHx9BGt"
} 
 </msg>
<msg time="2025-06-02T23:52:18.731433" level="INFO">C:\Users\Pedro\AppData\Local\Programs\Python\Python310\lib\site-packages\urllib3\connectionpool.py:1097: InsecureRequestWarning: Unverified HTTPS request is being made to host 'serverest.dev'. Adding certificate verification is strongly advised. See: https://urllib3.readthedocs.io/en/latest/advanced-usage.html#tls-warnings
  warnings.warn(</msg>
<msg time="2025-06-02T23:52:18.731433" level="INFO">${response} = &lt;Response [201]&gt;</msg>
<var>${response}</var>
<arg>ServeRest</arg>
<arg>/usuarios</arg>
<arg>data=${payload}</arg>
<doc>Sends a POST request on a previously created HTTP Session.</doc>
<status status="PASS" start="2025-06-02T23:52:18.546666" elapsed="0.184767"/>
</kw>
<status status="PASS" start="2025-06-02T23:52:18.546666" elapsed="0.184767"/>
</kw>
<kw name="Realizar Login Com Usuário Dinâmico" owner="login_keywords">
<kw name="Create Dictionary" owner="BuiltIn">
<msg time="2025-06-02T23:52:18.731433" level="INFO">&amp;{payload} = { email=joseph10@example.com | password=o7O@57vx)J }</msg>
<var>&amp;{payload}</var>
<arg>email=${email}</arg>
<arg>password=${senha}</arg>
<doc>Creates and returns a dictionary based on the given ``items``.</doc>
<status status="PASS" start="2025-06-02T23:52:18.731433" elapsed="0.000000"/>
</kw>
<kw name="POST On Session" owner="RequestsLibrary">
<msg time="2025-06-02T23:52:18.915466" level="INFO">POST Request : url=https://serverest.dev/login 
 path_url=/login 
 headers={'User-Agent': 'python-requests/2.32.3', 'Accept-Encoding': 'gzip, deflate, br', 'Accept': '*/*', 'Connection': 'keep-alive', 'Content-Length': '52', 'Content-Type': 'application/x-www-form-urlencoded'} 
 body=email=joseph10%40example.com&amp;password=o7O%4057vx%29J 
 </msg>
<msg time="2025-06-02T23:52:18.915466" level="INFO">POST Response : url=https://serverest.dev/login 
 status=200, reason=OK 
 headers={'access-control-allow-origin': '*', 'x-dns-prefetch-control': 'off', 'x-frame-options': 'SAMEORIGIN', 'strict-transport-security': 'max-age=15552000; includeSubDomains', 'x-download-options': 'noopen', 'x-content-type-options': 'nosniff', 'x-xss-protection': '1; mode=block', 'content-type': 'application/json; charset=utf-8', 'x-cloud-trace-context': 'e8b88fc0d5d52c325f2f61b82cd7a808', 'date': 'Tue, 03 Jun 2025 02:52:19 GMT', 'server': 'Google Frontend', 'Content-Length': '281'} 
 body={
    "message": "Login realizado com sucesso",
    "authorization": "Bearer eyJhbGciOiJIUzI1NiIsInR5cCI6IkpXVCJ9.eyJlbWFpbCI6Impvc2VwaDEwQGV4YW1wbGUuY29tIiwicGFzc3dvcmQiOiJvN09ANTd2eClKIiwiaWF0IjoxNzQ4OTE5MTM5LCJleHAiOjE3NDg5MTk3Mzl9.aCyNFCwOmq5ZJolBLc5d2l8tXGGF9HSPSJ3adktK8AA"
} 
 </msg>
<msg time="2025-06-02T23:52:18.915466" level="INFO">C:\Users\Pedro\AppData\Local\Programs\Python\Python310\lib\site-packages\urllib3\connectionpool.py:1097: InsecureRequestWarning: Unverified HTTPS request is being made to host 'serverest.dev'. Adding certificate verification is strongly advised. See: https://urllib3.readthedocs.io/en/latest/advanced-usage.html#tls-warnings
  warnings.warn(</msg>
<msg time="2025-06-02T23:52:18.915466" level="INFO">${response} = &lt;Response [200]&gt;</msg>
<var>${response}</var>
<arg>ServeRest</arg>
<arg>/login</arg>
<arg>data=${payload}</arg>
<doc>Sends a POST request on a previously created HTTP Session.</doc>
<status status="PASS" start="2025-06-02T23:52:18.731433" elapsed="0.184033"/>
</kw>
<kw name="Set Global Variable" owner="BuiltIn">
<msg time="2025-06-02T23:52:18.915466" level="INFO">${auth_token} = Bearer eyJhbGciOiJIUzI1NiIsInR5cCI6IkpXVCJ9.eyJlbWFpbCI6Impvc2VwaDEwQGV4YW1wbGUuY29tIiwicGFzc3dvcmQiOiJvN09ANTd2eClKIiwiaWF0IjoxNzQ4OTE5MTM5LCJleHAiOjE3NDg5MTk3Mzl9.aCyNFCwOmq5ZJolBLc5d2l8tXGGF9HSPSJ3...</msg>
<arg>${auth_token}</arg>
<arg>${response.json()["authorization"]}</arg>
<doc>Makes a variable available globally in all tests and suites.</doc>
<status status="PASS" start="2025-06-02T23:52:18.915466" elapsed="0.000000"/>
</kw>
<status status="PASS" start="2025-06-02T23:52:18.731433" elapsed="0.184033"/>
</kw>
<kw name="Criar Produto Para Carrinho" owner="produtos_keywords">
<kw name="Word" owner="FakerLibrary">
<msg time="2025-06-02T23:52:18.915466" level="INFO">${palavra} = foot</msg>
<var>${palavra}</var>
<doc>Generate a word.</doc>
<status status="PASS" start="2025-06-02T23:52:18.915466" elapsed="0.000000"/>
</kw>
<kw name="Generate Random String" owner="String">
<msg time="2025-06-02T23:52:18.915466" level="INFO">${sufixo} = 66208</msg>
<var>${sufixo}</var>
<arg>5</arg>
<arg>[NUMBERS]</arg>
<doc>Generates a string with a desired ``length`` from the given ``chars``.</doc>
<status status="PASS" start="2025-06-02T23:52:18.915466" elapsed="0.000000"/>
</kw>
<kw name="Set Variable" owner="BuiltIn">
<msg time="2025-06-02T23:52:18.915466" level="INFO">${nome_produto} = foot-66208</msg>
<var>${nome_produto}</var>
<arg>${palavra}-${sufixo}</arg>
<doc>Returns the given values which can then be assigned to a variables.</doc>
<status status="PASS" start="2025-06-02T23:52:18.915466" elapsed="0.000000"/>
</kw>
<kw name="Set Variable" owner="BuiltIn">
<msg time="2025-06-02T23:52:18.915466" level="INFO">${preco} = 777</msg>
<var>${preco}</var>
<arg>777</arg>
<doc>Returns the given values which can then be assigned to a variables.</doc>
<status status="PASS" start="2025-06-02T23:52:18.915466" elapsed="0.000000"/>
</kw>
<kw name="Set Variable" owner="BuiltIn">
<msg time="2025-06-02T23:52:18.915466" level="INFO">${descricao} = Produto do Carrinho</msg>
<var>${descricao}</var>
<arg>Produto do Carrinho</arg>
<doc>Returns the given values which can then be assigned to a variables.</doc>
<status status="PASS" start="2025-06-02T23:52:18.915466" elapsed="0.000000"/>
</kw>
<kw name="Set Variable" owner="BuiltIn">
<msg time="2025-06-02T23:52:18.915466" level="INFO">${quantidade} = 5</msg>
<var>${quantidade}</var>
<arg>5</arg>
<doc>Returns the given values which can then be assigned to a variables.</doc>
<status status="PASS" start="2025-06-02T23:52:18.915466" elapsed="0.000000"/>
</kw>
<kw name="Create Dictionary" owner="BuiltIn">
<msg time="2025-06-02T23:52:18.915466" level="INFO">&amp;{headers} = { Authorization=Bearer eyJhbGciOiJIUzI1NiIsInR5cCI6IkpXVCJ9.eyJlbWFpbCI6Impvc2VwaDEwQGV4YW1wbGUuY29tIiwicGFzc3dvcmQiOiJvN09ANTd2eClKIiwiaWF0IjoxNzQ4OTE5MTM5LCJleHAiOjE3NDg5MTk3Mzl9.aCyNFCwOmq5ZJolBLc5...</msg>
<var>&amp;{headers}</var>
<arg>Authorization=${auth_token}</arg>
<doc>Creates and returns a dictionary based on the given ``items``.</doc>
<status status="PASS" start="2025-06-02T23:52:18.915466" elapsed="0.000000"/>
</kw>
<kw name="Create Dictionary" owner="BuiltIn">
<msg time="2025-06-02T23:52:18.915466" level="INFO">&amp;{payload} = { nome=foot-66208 | preco=777 | descricao=Produto do Carrinho | quantidade=5 }</msg>
<var>&amp;{payload}</var>
<arg>nome=${nome_produto}</arg>
<arg>preco=${preco}</arg>
<arg>descricao=${descricao}</arg>
<arg>quantidade=${quantidade}</arg>
<doc>Creates and returns a dictionary based on the given ``items``.</doc>
<status status="PASS" start="2025-06-02T23:52:18.915466" elapsed="0.000000"/>
</kw>
<kw name="POST On Session" owner="RequestsLibrary">
<msg time="2025-06-02T23:52:19.112948" level="INFO">POST Request : url=https://serverest.dev/produtos 
 path_url=/produtos 
 headers={'User-Agent': 'python-requests/2.32.3', 'Accept-Encoding': 'gzip, deflate, br', 'Accept': '*/*', 'Connection': 'keep-alive', 'Authorization': 'Bearer eyJhbGciOiJIUzI1NiIsInR5cCI6IkpXVCJ9.eyJlbWFpbCI6Impvc2VwaDEwQGV4YW1wbGUuY29tIiwicGFzc3dvcmQiOiJvN09ANTd2eClKIiwiaWF0IjoxNzQ4OTE5MTM5LCJleHAiOjE3NDg5MTk3Mzl9.aCyNFCwOmq5ZJolBLc5d2l8tXGGF9HSPSJ3adktK8AA', 'Content-Length': '68', 'Content-Type': 'application/x-www-form-urlencoded'} 
 body=nome=foot-66208&amp;preco=777&amp;descricao=Produto+do+Carrinho&amp;quantidade=5 
 </msg>
<msg time="2025-06-02T23:52:19.112948" level="INFO">POST Response : url=https://serverest.dev/produtos 
 status=201, reason=Created 
 headers={'access-control-allow-origin': '*', 'x-dns-prefetch-control': 'off', 'x-frame-options': 'SAMEORIGIN', 'strict-transport-security': 'max-age=15552000; includeSubDomains', 'x-download-options': 'noopen', 'x-content-type-options': 'nosniff', 'x-xss-protection': '1; mode=block', 'content-type': 'application/json; charset=utf-8', 'x-cloud-trace-context': 'dd4409ae3f79bd075f2f61b82cd7a5e3', 'date': 'Tue, 03 Jun 2025 02:52:19 GMT', 'server': 'Google Frontend', 'Content-Length': '82'} 
 body={
    "message": "Cadastro realizado com sucesso",
    "_id": "PoUiKcBzgtJfWtkb"
} 
 </msg>
<msg time="2025-06-02T23:52:19.112948" level="INFO">C:\Users\Pedro\AppData\Local\Programs\Python\Python310\lib\site-packages\urllib3\connectionpool.py:1097: InsecureRequestWarning: Unverified HTTPS request is being made to host 'serverest.dev'. Adding certificate verification is strongly advised. See: https://urllib3.readthedocs.io/en/latest/advanced-usage.html#tls-warnings
  warnings.warn(</msg>
<msg time="2025-06-02T23:52:19.115028" level="INFO">${response} = &lt;Response [201]&gt;</msg>
<var>${response}</var>
<arg>ServeRest</arg>
<arg>/produtos</arg>
<arg>headers=${headers}</arg>
<arg>data=${payload}</arg>
<doc>Sends a POST request on a previously created HTTP Session.</doc>
<status status="PASS" start="2025-06-02T23:52:18.915466" elapsed="0.199562"/>
</kw>
<kw name="Set Variable" owner="BuiltIn">
<msg time="2025-06-02T23:52:19.115028" level="INFO">${id_produto} = PoUiKcBzgtJfWtkb</msg>
<var>${id_produto}</var>
<arg>${response.json()["_id"]}</arg>
<doc>Returns the given values which can then be assigned to a variables.</doc>
<status status="PASS" start="2025-06-02T23:52:19.115028" elapsed="0.000000"/>
</kw>
<kw name="Set Suite Variable" owner="BuiltIn">
<msg time="2025-06-02T23:52:19.115028" level="INFO">${id_produto} = PoUiKcBzgtJfWtkb</msg>
<arg>${id_produto}</arg>
<doc>Makes a variable available everywhere within the scope of the current suite.</doc>
<status status="PASS" start="2025-06-02T23:52:19.115028" elapsed="0.000000"/>
</kw>
<status status="PASS" start="2025-06-02T23:52:18.915466" elapsed="0.199562"/>
</kw>
<kw name="Criar Carrinho Com Produto" owner="carrinhos_keywords">
<kw name="Create Dictionary" owner="BuiltIn">
<msg time="2025-06-02T23:52:19.115028" level="INFO">&amp;{headers} = { Authorization=Bearer eyJhbGciOiJIUzI1NiIsInR5cCI6IkpXVCJ9.eyJlbWFpbCI6Impvc2VwaDEwQGV4YW1wbGUuY29tIiwicGFzc3dvcmQiOiJvN09ANTd2eClKIiwiaWF0IjoxNzQ4OTE5MTM5LCJleHAiOjE3NDg5MTk3Mzl9.aCyNFCwOmq5ZJolBLc5...</msg>
<var>&amp;{headers}</var>
<arg>Authorization=${auth_token}</arg>
<doc>Creates and returns a dictionary based on the given ``items``.</doc>
<status status="PASS" start="2025-06-02T23:52:19.115028" elapsed="0.000000"/>
</kw>
<kw name="Evaluate" owner="BuiltIn">
<msg time="2025-06-02T23:52:19.115028" level="INFO">${produto} = {'idProduto': 'PoUiKcBzgtJfWtkb', 'quantidade': 1}</msg>
<var>${produto}</var>
<arg>{"idProduto": "${id}", "quantidade": 1}</arg>
<arg>json</arg>
<doc>Evaluates the given expression in Python and returns the result.</doc>
<status status="PASS" start="2025-06-02T23:52:19.115028" elapsed="0.000000"/>
</kw>
<kw name="Create List" owner="BuiltIn">
<msg time="2025-06-02T23:52:19.115028" level="INFO">@{produtos} = [ {'idProduto': 'PoUiKcBzgtJfWtkb', 'quantidade': 1} ]</msg>
<var>@{produtos}</var>
<arg>${produto}</arg>
<doc>Returns a list containing given items.</doc>
<status status="PASS" start="2025-06-02T23:52:19.115028" elapsed="0.000000"/>
</kw>
<kw name="Create Dictionary" owner="BuiltIn">
<msg time="2025-06-02T23:52:19.115028" level="INFO">&amp;{payload} = { produtos=[{'idProduto': 'PoUiKcBzgtJfWtkb', 'quantidade': 1}] }</msg>
<var>&amp;{payload}</var>
<arg>produtos=${produtos}</arg>
<doc>Creates and returns a dictionary based on the given ``items``.</doc>
<status status="PASS" start="2025-06-02T23:52:19.115028" elapsed="0.000000"/>
</kw>
<kw name="POST On Session" owner="RequestsLibrary">
<msg time="2025-06-02T23:52:19.300614" level="INFO">POST Request : url=https://serverest.dev/carrinhos 
 path_url=/carrinhos 
 headers={'User-Agent': 'python-requests/2.32.3', 'Accept-Encoding': 'gzip, deflate, br', 'Accept': '*/*', 'Connection': 'keep-alive', 'Authorization': 'Bearer eyJhbGciOiJIUzI1NiIsInR5cCI6IkpXVCJ9.eyJlbWFpbCI6Impvc2VwaDEwQGV4YW1wbGUuY29tIiwicGFzc3dvcmQiOiJvN09ANTd2eClKIiwiaWF0IjoxNzQ4OTE5MTM5LCJleHAiOjE3NDg5MTk3Mzl9.aCyNFCwOmq5ZJolBLc5d2l8tXGGF9HSPSJ3adktK8AA', 'Content-Length': '66', 'Content-Type': 'application/json'} 
 body=b'{"produtos": [{"idProduto": "PoUiKcBzgtJfWtkb", "quantidade": 1}]}' 
 </msg>
<msg time="2025-06-02T23:52:19.300614" level="INFO">POST Response : url=https://serverest.dev/carrinhos 
 status=201, reason=Created 
 headers={'access-control-allow-origin': '*', 'x-dns-prefetch-control': 'off', 'x-frame-options': 'SAMEORIGIN', 'strict-transport-security': 'max-age=15552000; includeSubDomains', 'x-download-options': 'noopen', 'x-content-type-options': 'nosniff', 'x-xss-protection': '1; mode=block', 'content-type': 'application/json; charset=utf-8', 'x-cloud-trace-context': 'e2baeaaf52dffbc80ef48e59cb0200f6', 'date': 'Tue, 03 Jun 2025 02:52:19 GMT', 'server': 'Google Frontend', 'Content-Length': '82'} 
 body={
    "message": "Cadastro realizado com sucesso",
    "_id": "DGO6HBavv0CLt24Z"
} 
 </msg>
<msg time="2025-06-02T23:52:19.300614" level="INFO">C:\Users\Pedro\AppData\Local\Programs\Python\Python310\lib\site-packages\urllib3\connectionpool.py:1097: InsecureRequestWarning: Unverified HTTPS request is being made to host 'serverest.dev'. Adding certificate verification is strongly advised. See: https://urllib3.readthedocs.io/en/latest/advanced-usage.html#tls-warnings
  warnings.warn(</msg>
<msg time="2025-06-02T23:52:19.300614" level="INFO">${response} = &lt;Response [201]&gt;</msg>
<var>${response}</var>
<arg>ServeRest</arg>
<arg>/carrinhos</arg>
<arg>headers=${headers}</arg>
<arg>json=${payload}</arg>
<arg>expected_status=ANY</arg>
<doc>Sends a POST request on a previously created HTTP Session.</doc>
<status status="PASS" start="2025-06-02T23:52:19.115028" elapsed="0.185586"/>
</kw>
<kw name="Log To Console" owner="BuiltIn">
<arg>Carrinho criado: ${response.content}</arg>
<doc>Logs the given message to the console.</doc>
<status status="PASS" start="2025-06-02T23:52:19.300614" elapsed="0.000000"/>
</kw>
<kw name="Set Global Variable" owner="BuiltIn">
<msg time="2025-06-02T23:52:19.300614" level="INFO">${response} = &lt;Response [201]&gt;</msg>
<arg>${response}</arg>
<doc>Makes a variable available globally in all tests and suites.</doc>
<status status="PASS" start="2025-06-02T23:52:19.300614" elapsed="0.000000"/>
</kw>
<arg>${id_produto}</arg>
<status status="PASS" start="2025-06-02T23:52:19.115028" elapsed="0.185586"/>
</kw>
<kw name="Criar Carrinho Com Produto" owner="carrinhos_keywords">
<kw name="Create Dictionary" owner="BuiltIn">
<msg time="2025-06-02T23:52:19.300614" level="INFO">&amp;{headers} = { Authorization=Bearer eyJhbGciOiJIUzI1NiIsInR5cCI6IkpXVCJ9.eyJlbWFpbCI6Impvc2VwaDEwQGV4YW1wbGUuY29tIiwicGFzc3dvcmQiOiJvN09ANTd2eClKIiwiaWF0IjoxNzQ4OTE5MTM5LCJleHAiOjE3NDg5MTk3Mzl9.aCyNFCwOmq5ZJolBLc5...</msg>
<var>&amp;{headers}</var>
<arg>Authorization=${auth_token}</arg>
<doc>Creates and returns a dictionary based on the given ``items``.</doc>
<status status="PASS" start="2025-06-02T23:52:19.300614" elapsed="0.000000"/>
</kw>
<kw name="Evaluate" owner="BuiltIn">
<msg time="2025-06-02T23:52:19.300614" level="INFO">${produto} = {'idProduto': 'PoUiKcBzgtJfWtkb', 'quantidade': 1}</msg>
<var>${produto}</var>
<arg>{"idProduto": "${id}", "quantidade": 1}</arg>
<arg>json</arg>
<doc>Evaluates the given expression in Python and returns the result.</doc>
<status status="PASS" start="2025-06-02T23:52:19.300614" elapsed="0.000000"/>
</kw>
<kw name="Create List" owner="BuiltIn">
<msg time="2025-06-02T23:52:19.300614" level="INFO">@{produtos} = [ {'idProduto': 'PoUiKcBzgtJfWtkb', 'quantidade': 1} ]</msg>
<var>@{produtos}</var>
<arg>${produto}</arg>
<doc>Returns a list containing given items.</doc>
<status status="PASS" start="2025-06-02T23:52:19.300614" elapsed="0.000000"/>
</kw>
<kw name="Create Dictionary" owner="BuiltIn">
<msg time="2025-06-02T23:52:19.300614" level="INFO">&amp;{payload} = { produtos=[{'idProduto': 'PoUiKcBzgtJfWtkb', 'quantidade': 1}] }</msg>
<var>&amp;{payload}</var>
<arg>produtos=${produtos}</arg>
<doc>Creates and returns a dictionary based on the given ``items``.</doc>
<status status="PASS" start="2025-06-02T23:52:19.300614" elapsed="0.000000"/>
</kw>
<kw name="POST On Session" owner="RequestsLibrary">
<msg time="2025-06-02T23:52:19.485350" level="INFO">POST Request : url=https://serverest.dev/carrinhos 
 path_url=/carrinhos 
 headers={'User-Agent': 'python-requests/2.32.3', 'Accept-Encoding': 'gzip, deflate, br', 'Accept': '*/*', 'Connection': 'keep-alive', 'Authorization': 'Bearer eyJhbGciOiJIUzI1NiIsInR5cCI6IkpXVCJ9.eyJlbWFpbCI6Impvc2VwaDEwQGV4YW1wbGUuY29tIiwicGFzc3dvcmQiOiJvN09ANTd2eClKIiwiaWF0IjoxNzQ4OTE5MTM5LCJleHAiOjE3NDg5MTk3Mzl9.aCyNFCwOmq5ZJolBLc5d2l8tXGGF9HSPSJ3adktK8AA', 'Content-Length': '66', 'Content-Type': 'application/json'} 
 body=b'{"produtos": [{"idProduto": "PoUiKcBzgtJfWtkb", "quantidade": 1}]}' 
 </msg>
<msg time="2025-06-02T23:52:19.485350" level="INFO">POST Response : url=https://serverest.dev/carrinhos 
 status=400, reason=Bad Request 
 headers={'access-control-allow-origin': '*', 'x-dns-prefetch-control': 'off', 'x-frame-options': 'SAMEORIGIN', 'strict-transport-security': 'max-age=15552000; includeSubDomains', 'x-download-options': 'noopen', 'x-content-type-options': 'nosniff', 'x-xss-protection': '1; mode=block', 'content-type': 'application/json; charset=utf-8', 'x-cloud-trace-context': '129310ede1d5042a0ef48e59cb020e19', 'date': 'Tue, 03 Jun 2025 02:52:19 GMT', 'server': 'Google Frontend', 'Content-Length': '61'} 
 body={
    "message": "Não é permitido ter mais de 1 carrinho"
} 
 </msg>
<msg time="2025-06-02T23:52:19.485350" level="INFO">C:\Users\Pedro\AppData\Local\Programs\Python\Python310\lib\site-packages\urllib3\connectionpool.py:1097: InsecureRequestWarning: Unverified HTTPS request is being made to host 'serverest.dev'. Adding certificate verification is strongly advised. See: https://urllib3.readthedocs.io/en/latest/advanced-usage.html#tls-warnings
  warnings.warn(</msg>
[...]
<msg time="2025-06-03T00:04:07.624231" level="INFO">${usuario_email} = mlee@example.com</msg>
<arg>${usuario_email}</arg>
<arg>${email}</arg>
<doc>Makes a variable available everywhere within the scope of the current suite.</doc>
<status status="PASS" start="2025-06-03T00:04:07.624231" elapsed="0.000000"/>
</kw>
<kw name="Log" owner="BuiltIn">
<msg time="2025-06-03T00:04:07.624231" level="INFO">Nome gerado: Michael Reyes</msg>
<arg>Nome gerado: ${usuario_nome}</arg>
<doc>Logs the given message with the given level.</doc>
<status status="PASS" start="2025-06-03T00:04:07.624231" elapsed="0.000000"/>
</kw>
<kw name="Log" owner="BuiltIn">
<msg time="2025-06-03T00:04:07.624231" level="INFO">Email gerado: mlee@example.com</msg>
<arg>Email gerado: ${usuario_email}</arg>
<doc>Logs the given message with the given level.</doc>
<status status="PASS" start="2025-06-03T00:04:07.624231" elapsed="0.000000"/>
</kw>
<status status="PASS" start="2025-06-03T00:04:07.624231" elapsed="0.000000"/>
</kw>
<kw name="POST Endpoint /usuarios" owner="usuarios_keywords">
<kw name="Create Dictionary" owner="BuiltIn">
<msg time="2025-06-03T00:04:07.624231" level="INFO">&amp;{payload} = { nome=Michael Reyes | email=mlee@example.com | password=12345678901 | administrador=true }</msg>
<var>&amp;{payload}</var>
<arg>nome=${usuario_nome}</arg>
<arg>email=${usuario_email}</arg>
<arg>password=${usuario_senha}</arg>
<arg>administrador=${usuario_administrador}</arg>
<doc>Creates and returns a dictionary based on the given ``items``.</doc>
<status status="PASS" start="2025-06-03T00:04:07.624231" elapsed="0.000000"/>
</kw>
<kw name="POST On Session" owner="RequestsLibrary">
<msg time="2025-06-03T00:04:07.809263" level="INFO">POST Request : url=https://serverest.dev/usuarios 
 path_url=/usuarios 
 headers={'User-Agent': 'python-requests/2.32.3', 'Accept-Encoding': 'gzip, deflate, br', 'Accept': '*/*', 'Connection': 'keep-alive', 'Content-Length': '106', 'Content-Type': 'application/json'} 
 body=b'{"nome": "Michael Reyes", "email": "mlee@example.com", "password": "12345678901", "administrador": "true"}' 
 </msg>
<msg time="2025-06-03T00:04:07.809263" level="INFO">POST Response : url=https://serverest.dev/usuarios 
 status=201, reason=Created 
 headers={'access-control-allow-origin': '*', 'x-dns-prefetch-control': 'off', 'x-frame-options': 'SAMEORIGIN', 'strict-transport-security': 'max-age=15552000; includeSubDomains', 'x-download-options': 'noopen', 'x-content-type-options': 'nosniff', 'x-xss-protection': '1; mode=block', 'content-type': 'application/json; charset=utf-8', 'x-cloud-trace-context': '7ae844067b4898cbdf134c5ad76884d3', 'date': 'Tue, 03 Jun 2025 03:04:08 GMT', 'server': 'Google Frontend', 'Content-Length': '82'} 
 body={
    "message": "Cadastro realizado com sucesso",
    "_id": "fn8N3aFK6FSbHryE"
} 
 </msg>
<msg time="2025-06-03T00:04:07.809263" level="INFO">C:\Users\Pedro\AppData\Local\Programs\Python\Python310\lib\site-packages\urllib3\connectionpool.py:1097: InsecureRequestWarning: Unverified HTTPS request is being made to host 'serverest.dev'. Adding certificate verification is strongly advised. See: https://urllib3.readthedocs.io/en/latest/advanced-usage.html#tls-warnings
  warnings.warn(</msg>
<msg time="2025-06-03T00:04:07.809263" level="INFO">${response} = &lt;Response [201]&gt;</msg>
<var>${response}</var>
<arg>ServeRest</arg>
<arg>/usuarios</arg>
<arg>json=${payload}</arg>
<arg>expected_status=ANY</arg>
<doc>Sends a POST request on a previously created HTTP Session.</doc>
<status status="PASS" start="2025-06-03T00:04:07.624231" elapsed="0.185032"/>
</kw>
<kw name="Log To Console" owner="BuiltIn">
<arg>Response: ${response.content}</arg>
<doc>Logs the given message to the console.</doc>
<status status="PASS" start="2025-06-03T00:04:07.809263" elapsed="0.000000"/>
</kw>
<kw name="Set Global Variable" owner="BuiltIn">
<msg time="2025-06-03T00:04:07.824909" level="INFO">${response} = &lt;Response [201]&gt;</msg>
<arg>${response}</arg>
<doc>Makes a variable available globally in all tests and suites.</doc>
<status status="PASS" start="2025-06-03T00:04:07.809263" elapsed="0.015646"/>
</kw>
<status status="PASS" start="2025-06-03T00:04:07.624231" elapsed="0.200678"/>
</kw>
<kw name="Validar Status Code" owner="common">
<kw name="Should Be Equal As Integers" owner="BuiltIn">
<msg time="2025-06-03T00:04:07.824909" level="INFO">Argument types are:
&lt;class 'int'&gt;
&lt;class 'str'&gt;</msg>
<arg>${response.status_code}</arg>
<arg>${status_esperado}</arg>
<doc>Fails if objects are unequal after converting them to integers.</doc>
<status status="PASS" start="2025-06-03T00:04:07.824909" elapsed="0.000000"/>
</kw>
<arg>201</arg>
<status status="PASS" start="2025-06-03T00:04:07.824909" elapsed="0.000000"/>
</kw>
<kw name="Set Variable" owner="BuiltIn">
<msg time="2025-06-03T00:04:07.824909" level="INFO">${email_existente} = mlee@example.com</msg>
<var>${email_existente}</var>
<arg>${usuario_email}</arg>
<doc>Returns the given values which can then be assigned to a variables.</doc>
<status status="PASS" start="2025-06-03T00:04:07.824909" elapsed="0.000000"/>
</kw>
<kw name="Carregar Dados de Usuário Válido" owner="usuarios_keywords">
<kw name="Name" owner="FakerLibrary">
<msg time="2025-06-03T00:04:07.824909" level="INFO">${nome} = Christopher Miller</msg>
<var>${nome}</var>
<doc>:example: 'John Doe'</doc>
<status status="PASS" start="2025-06-03T00:04:07.824909" elapsed="0.000000"/>
</kw>
<kw name="Email" owner="FakerLibrary">
<msg time="2025-06-03T00:04:07.824909" level="INFO">${email} = xwilson@example.net</msg>
<var>${email}</var>
<status status="PASS" start="2025-06-03T00:04:07.824909" elapsed="0.000000"/>
</kw>
<kw name="Set Suite Variable" owner="BuiltIn">
<msg time="2025-06-03T00:04:07.824909" level="INFO">${usuario_nome} = Christopher Miller</msg>
<arg>${usuario_nome}</arg>
<arg>${nome}</arg>
<doc>Makes a variable available everywhere within the scope of the current suite.</doc>
<status status="PASS" start="2025-06-03T00:04:07.824909" elapsed="0.000000"/>
</kw>
<kw name="Set Suite Variable" owner="BuiltIn">
<msg time="2025-06-03T00:04:07.824909" level="INFO">${usuario_email} = xwilson@example.net</msg>
<arg>${usuario_email}</arg>
<arg>${email}</arg>
<doc>Makes a variable available everywhere within the scope of the current suite.</doc>
<status status="PASS" start="2025-06-03T00:04:07.824909" elapsed="0.000000"/>
</kw>
<kw name="Log" owner="BuiltIn">
<msg time="2025-06-03T00:04:07.824909" level="INFO">Nome gerado: Christopher Miller</msg>
<arg>Nome gerado: ${usuario_nome}</arg>
<doc>Logs the given message with the given level.</doc>
<status status="PASS" start="2025-06-03T00:04:07.824909" elapsed="0.000000"/>
</kw>
<kw name="Log" owner="BuiltIn">
<msg time="2025-06-03T00:04:07.824909" level="INFO">Email gerado: xwilson@example.net</msg>
<arg>Email gerado: ${usuario_email}</arg>
<doc>Logs the given message with the given level.</doc>
<status status="PASS" start="2025-06-03T00:04:07.824909" elapsed="0.000000"/>
</kw>
<status status="PASS" start="2025-06-03T00:04:07.824909" elapsed="0.000000"/>
</kw>
<kw name="POST Endpoint /usuarios" owner="usuarios_keywords">
<kw name="Create Dictionary" owner="BuiltIn">
<msg time="2025-06-03T00:04:07.824909" level="INFO">&amp;{payload} = { nome=Christopher Miller | email=xwilson@example.net | password=12345678901 | administrador=true }</msg>
<var>&amp;{payload}</var>
<arg>nome=${usuario_nome}</arg>
<arg>email=${usuario_email}</arg>
<arg>password=${usuario_senha}</arg>
<arg>administrador=${usuario_administrador}</arg>
<doc>Creates and returns a dictionary based on the given ``items``.</doc>
<status status="PASS" start="2025-06-03T00:04:07.824909" elapsed="0.000000"/>
</kw>
<kw name="POST On Session" owner="RequestsLibrary">
<msg time="2025-06-03T00:04:07.992572" level="INFO">POST Request : url=https://serverest.dev/usuarios 
 path_url=/usuarios 
 headers={'User-Agent': 'python-requests/2.32.3', 'Accept-Encoding': 'gzip, deflate, br', 'Accept': '*/*', 'Connection': 'keep-alive', 'Content-Length': '114', 'Content-Type': 'application/json'} 
 body=b'{"nome": "Christopher Miller", "email": "xwilson@example.net", "password": "12345678901", "administrador": "true"}' 
 </msg>
<msg time="2025-06-03T00:04:07.992572" level="INFO">POST Response : url=https://serverest.dev/usuarios 
 status=201, reason=Created 
 headers={'access-control-allow-origin': '*', 'x-dns-prefetch-control': 'off', 'x-frame-options': 'SAMEORIGIN', 'strict-transport-security': 'max-age=15552000; includeSubDomains', 'x-download-options': 'noopen', 'x-content-type-options': 'nosniff', 'x-xss-protection': '1; mode=block', 'content-type': 'application/json; charset=utf-8', 'x-cloud-trace-context': '7358771efa934067df134c5ad76882b2', 'date': 'Tue, 03 Jun 2025 03:04:08 GMT', 'server': 'Google Frontend', 'Content-Length': '82'} 
 body={
    "message": "Cadastro realizado com sucesso",
    "_id": "xILPpaeWUXJ4yRjN"
} 
 </msg>
<msg time="2025-06-03T00:04:07.992572" level="INFO">C:\Users\Pedro\AppData\Local\Programs\Python\Python310\lib\site-packages\urllib3\connectionpool.py:1097: InsecureRequestWarning: Unverified HTTPS request is being made to host 'serverest.dev'. Adding certificate verification is strongly advised. See: https://urllib3.readthedocs.io/en/latest/advanced-usage.html#tls-warnings
  warnings.warn(</msg>
<msg time="2025-06-03T00:04:07.992572" level="INFO">${response} = &lt;Response [201]&gt;</msg>
<var>${response}</var>
<arg>ServeRest</arg>
<arg>/usuarios</arg>
<arg>json=${payload}</arg>
<arg>expected_status=ANY</arg>
<doc>Sends a POST request on a previously created HTTP Session.</doc>
<status status="PASS" start="2025-06-03T00:04:07.824909" elapsed="0.167663"/>
</kw>
<kw name="Log To Console" owner="BuiltIn">
<arg>Response: ${response.content}</arg>
<doc>Logs the given message to the console.</doc>
<status status="PASS" start="2025-06-03T00:04:07.992572" elapsed="0.000000"/>
</kw>
<kw name="Set Global Variable" owner="BuiltIn">
<msg time="2025-06-03T00:04:07.992572" level="INFO">${response} = &lt;Response [201]&gt;</msg>
<arg>${response}</arg>
<doc>Makes a variable available globally in all tests and suites.</doc>
<status status="PASS" start="2025-06-03T00:04:07.992572" elapsed="0.000000"/>
</kw>
<status status="PASS" start="2025-06-03T00:04:07.824909" elapsed="0.167663"/>
</kw>
<kw name="Validar Status Code" owner="common">
<kw name="Should Be Equal As Integers" owner="BuiltIn">
<msg time="2025-06-03T00:04:07.992572" level="INFO">Argument types are:
&lt;class 'int'&gt;
&lt;class 'str'&gt;</msg>
<arg>${response.status_code}</arg>
<arg>${status_esperado}</arg>
<doc>Fails if objects are unequal after converting them to integers.</doc>
<status status="PASS" start="2025-06-03T00:04:07.992572" elapsed="0.000000"/>
</kw>
<arg>201</arg>
<status status="PASS" start="2025-06-03T00:04:07.992572" elapsed="0.000000"/>
</kw>
<kw name="Salvar ID do Usuário Criado" owner="usuarios_keywords">
<kw name="Set Variable" owner="BuiltIn">
<msg time="2025-06-03T00:04:07.992572" level="INFO">${id} = xILPpaeWUXJ4yRjN</msg>
<var>${id}</var>
<arg>${response.json()["_id"]}</arg>
<doc>Returns the given values which can then be assigned to a variables.</doc>
<status status="PASS" start="2025-06-03T00:04:07.992572" elapsed="0.000000"/>
</kw>
<kw name="Set Suite Variable" owner="BuiltIn">
<msg time="2025-06-03T00:04:07.992572" level="INFO">${usuario_id} = xILPpaeWUXJ4yRjN</msg>
<arg>${usuario_id}</arg>
<arg>${id}</arg>
<doc>Makes a variable available everywhere within the scope of the current suite.</doc>
<status status="PASS" start="2025-06-03T00:04:07.992572" elapsed="0.000000"/>
</kw>
<status status="PASS" start="2025-06-03T00:04:07.992572" elapsed="0.000000"/>
</kw>
<kw name="Editar Usuário Com Email Existente" owner="usuarios_keywords">
<kw name="Name" owner="FakerLibrary">
<msg time="2025-06-03T00:04:07.992572" level="INFO">${novo_nome} = Jonathan Ross</msg>
<var>${novo_nome}</var>
<doc>:example: 'John Doe'</doc>
<status status="PASS" start="2025-06-03T00:04:07.992572" elapsed="0.000000"/>
</kw>
<kw name="Set Suite Variable" owner="BuiltIn">
<msg time="2025-06-03T00:04:07.992572" level="INFO">${usuario_nome} = Jonathan Ross</msg>
<arg>${usuario_nome}</arg>
<arg>${novo_nome}</arg>
<doc>Makes a variable available everywhere within the scope of the current suite.</doc>
<status status="PASS" start="2025-06-03T00:04:07.992572" elapsed="0.000000"/>
</kw>
<kw name="Set Suite Variable" owner="BuiltIn">
<msg time="2025-06-03T00:04:07.992572" level="INFO">${usuario_email} = mlee@example.com</msg>
<arg>${usuario_email}</arg>
<arg>${email_usado}</arg>
<doc>Makes a variable available everywhere within the scope of the current suite.</doc>
<status status="PASS" start="2025-06-03T00:04:07.992572" elapsed="0.000000"/>
</kw>
<kw name="PUT Endpoint /usuarios/${usuario_id}" owner="usuarios_keywords" source_name="PUT Endpoint /usuarios/${id}">
<kw name="Create Dictionary" owner="BuiltIn">
<msg time="2025-06-03T00:04:07.992572" level="INFO">&amp;{payload} = { nome=Jonathan Ross | email=mlee@example.com | password=12345678901 | administrador=true }</msg>
<var>&amp;{payload}</var>
<arg>nome=${usuario_nome}</arg>
<arg>email=${usuario_email}</arg>
<arg>password=${usuario_senha}</arg>
<arg>administrador=${usuario_administrador}</arg>
<doc>Creates and returns a dictionary based on the given ``items``.</doc>
<status status="PASS" start="2025-06-03T00:04:07.992572" elapsed="0.000000"/>
</kw>
<kw name="PUT On Session" owner="RequestsLibrary">
<msg time="2025-06-03T00:04:08.145674" level="INFO">PUT Request : url=https://serverest.dev/usuarios/xILPpaeWUXJ4yRjN 
 path_url=/usuarios/xILPpaeWUXJ4yRjN 
 headers={'User-Agent': 'python-requests/2.32.3', 'Accept-Encoding': 'gzip, deflate, br', 'Accept': '*/*', 'Connection': 'keep-alive', 'Content-Length': '106', 'Content-Type': 'application/json'} 
 body=b'{"nome": "Jonathan Ross", "email": "mlee@example.com", "password": "12345678901", "administrador": "true"}' 
 </msg>
<msg time="2025-06-03T00:04:08.145674" level="INFO">PUT Response : url=https://serverest.dev/usuarios/xILPpaeWUXJ4yRjN 
 status=400, reason=Bad Request 
 headers={'access-control-allow-origin': '*', 'x-dns-prefetch-control': 'off', 'x-frame-options': 'SAMEORIGIN', 'strict-transport-security': 'max-age=15552000; includeSubDomains', 'x-download-options': 'noopen', 'x-content-type-options': 'nosniff', 'x-xss-protection': '1; mode=block', 'content-type': 'application/json; charset=utf-8', 'x-cloud-trace-context': '2721d6fe97ad8f50df134c5ad7688cac', 'date': 'Tue, 03 Jun 2025 03:04:08 GMT', 'server': 'Google Frontend', 'Content-Length': '53'} 
 body={
    "message": "Este email já está sendo usado"
} 
 </msg>
<msg time="2025-06-03T00:04:08.145674" level="INFO">C:\Users\Pedro\AppData\Local\Programs\Python\Python310\lib\site-packages\urllib3\connectionpool.py:1097: InsecureRequestWarning: Unverified HTTPS request is being made to host 'serverest.dev'. Adding certificate verification is strongly advised. See: https://urllib3.readthedocs.io/en/latest/advanced-usage.html#tls-warnings
  warnings.warn(</msg>
<msg time="2025-06-03T00:04:08.145674" level="INFO">${response} = &lt;Response [400]&gt;</msg>
<var>${response}</var>
<arg>ServeRest</arg>
<arg>/usuarios/${id}</arg>
<arg>json=${payload}</arg>
<arg>expected_status=ANY</arg>
<doc>Sends a PUT request on a previously created HTTP Session.</doc>
<status status="PASS" start="2025-06-03T00:04:07.992572" elapsed="0.153102"/>
</kw>
<kw name="Log To Console" owner="BuiltIn">
<arg>Response: ${response.content}</arg>
<doc>Logs the given message to the console.</doc>
<status status="PASS" start="2025-06-03T00:04:08.145674" elapsed="0.015639"/>
</kw>
<kw name="Set Global Variable" owner="BuiltIn">
<msg time="2025-06-03T00:04:08.161313" level="INFO">${response} = &lt;Response [400]&gt;</msg>
<arg>${response}</arg>
<doc>Makes a variable available globally in all tests and suites.</doc>
<status status="PASS" start="2025-06-03T00:04:08.161313" elapsed="0.000000"/>
</kw>
<status status="PASS" start="2025-06-03T00:04:07.992572" elapsed="0.168741"/>
</kw>
<arg>${email_existente}</arg>
<status status="PASS" start="2025-06-03T00:04:07.992572" elapsed="0.168741"/>
</kw>
<kw name="Validar Status Code" owner="common">
<kw name="Should Be Equal As Integers" owner="BuiltIn">
<msg time="2025-06-03T00:04:08.161313" level="INFO">Argument types are:
&lt;class 'int'&gt;
&lt;class 'str'&gt;</msg>
<arg>${response.status_code}</arg>
<arg>${status_esperado}</arg>
<doc>Fails if objects are unequal after converting them to integers.</doc>
<status status="PASS" start="2025-06-03T00:04:08.161313" elapsed="0.000000"/>
</kw>
<arg>400</arg>
<status status="PASS" start="2025-06-03T00:04:08.161313" elapsed="0.000000"/>
</kw>
<kw name="Validar Mensagem de Erro" owner="usuarios_keywords">
<kw name="Should Be Equal" owner="BuiltIn">
<arg>${response.json()["message"]}</arg>
<arg>${mensagem_esperada}</arg>
<doc>Fails if the given objects are unequal.</doc>
<status status="PASS" start="2025-06-03T00:04:08.161313" elapsed="0.000000"/>
</kw>
<arg>Este email já está sendo usado</arg>
<status status="PASS" start="2025-06-03T00:04:08.161313" elapsed="0.000000"/>
</kw>
<kw name="Sleep" owner="BuiltIn" type="TEARDOWN">
<msg time="2025-06-03T00:04:10.163643" level="INFO">Slept 2 seconds.</msg>
<arg>${global_delay}</arg>
<doc>Pauses the test executed for the given time.</doc>
<status status="PASS" start="2025-06-03T00:04:08.161313" elapsed="2.002330"/>
</kw>
<tag>CT008</tag>
<tag>PUTUSUARIO</tag>
<status status="PASS" start="2025-06-03T00:04:07.624231" elapsed="2.539412"/>
</test>
<doc>Arquivo de Testes para o Endpoint /usuarios</doc>
<status status="FAIL" start="2025-06-03T00:03:48.415045" elapsed="21.748598"/>
</suite>
<status status="FAIL" start="2025-06-02T23:52:10.686152" elapsed="719.477491"/>
</suite>
<statistics>
<total>
<stat pass="21" fail="3" skip="0">All Tests</stat>
</total>
<tag>
<stat pass="1" fail="0" skip="0">CT001</stat>
<stat pass="1" fail="0" skip="0">CT002</stat>
<stat pass="1" fail="0" skip="0">CT003</stat>
<stat pass="0" fail="1" skip="0">CT004</stat>
<stat pass="0" fail="1" skip="0">CT005</stat>
<stat pass="0" fail="1" skip="0">CT006</stat>
<stat pass="1" fail="0" skip="0">CT007</stat>
<stat pass="1" fail="0" skip="0">CT008</stat>
<stat pass="1" fail="0" skip="0">CT009</stat>
<stat pass="1" fail="0" skip="0">CT010</stat>
<stat pass="1" fail="0" skip="0">CT011</stat>
<stat pass="1" fail="0" skip="0">CT012</stat>
<stat pass="1" fail="0" skip="0">CT013</stat>
<stat pass="1" fail="0" skip="0">CT014</stat>
<stat pass="1" fail="0" skip="0">CT015</stat>
<stat pass="1" fail="0" skip="0">CT016</stat>
<stat pass="1" fail="0" skip="0">CT017</stat>
<stat pass="1" fail="0" skip="0">CT018</stat>
<stat pass="1" fail="0" skip="0">CT019</stat>
<stat pass="1" fail="0" skip="0">CT020</stat>
<stat pass="1" fail="0" skip="0">CT021</stat>
<stat pass="1" fail="0" skip="0">CT022</stat>
<stat pass="1" fail="0" skip="0">CT023</stat>
<stat pass="1" fail="0" skip="0">CT024</stat>
<stat pass="2" fail="0" skip="0">DELETECARRINHO</stat>
<stat pass="1" fail="0" skip="0">DELETEPRODUTO</stat>
<stat pass="4" fail="0" skip="0">POSTCARRINHO</stat>
<stat pass="4" fail="0" skip="0">POSTLOGIN</stat>
<stat pass="3" fail="0" skip="0">POSTPRODUTO</stat>
<stat pass="3" fail="3" skip="0">POSTUSUARIO</stat>
<stat pass="2" fail="0" skip="0">PUTPRODUTO</stat>
<stat pass="2" fail="0" skip="0">PUTUSUARIO</stat>
</tag>
<suite>
<stat name="Tests" id="s1" pass="21" fail="3" skip="0">Tests</stat>
<stat name="Carrinhos Tests" id="s1-s1" pass="6" fail="0" skip="0">Tests.Carrinhos Tests</stat>
<stat name="Login Tests" id="s1-s2" pass="4" fail="0" skip="0">Tests.Login Tests</stat>
<stat name="Produtos Tests" id="s1-s3" pass="6" fail="0" skip="0">Tests.Produtos Tests</stat>
<stat name="Usuarios Tests" id="s1-s4" pass="5" fail="3" skip="0">Tests.Usuarios Tests</stat>
</suite>
</statistics>
<errors>
</errors>
</robot>
