<?xml version="1.0" encoding="UTF-8"?>
<robot generator="Robot 7.2.2 (Python 3.10.6 on win32)" generated="2025-06-05T23:40:53.320716" rpa="false" schemaversion="5">
<suite id="s1" name="Tests" source="C:\Users\Pedro\Documents\Compass UOL\Documentos\Semana 12 - Challenge 03\ServeRest-Tests\tests">
<suite id="s1-s1" name="Carrinhos Tests" source="C:\Users\Pedro\Documents\Compass UOL\Documentos\Semana 12 - Challenge 03\ServeRest-Tests\tests\carrinhos_tests.robot">
<kw name="Setup Geral da Suite" owner="common" type="SETUP">
<kw name="Desativar Avisos SSL" owner="common">
<kw name="Evaluate" owner="BuiltIn">
<arg>__import__('urllib3').disable_warnings()</arg>
<doc>Evaluates the given expression in Python and returns the result.</doc>
<status status="PASS" start="2025-06-05T23:40:54.534129" elapsed="0.000000"/>
</kw>
<status status="PASS" start="2025-06-05T23:40:54.533130" elapsed="0.000999"/>
</kw>
<kw name="Criar Sessão" owner="common">
<kw name="Create Session" owner="RequestsLibrary">
<msg time="2025-06-05T23:40:54.535129" level="INFO">Creating Session using : alias=ServeRest, url=https://compassuol.serverest.dev/, headers={},                     cookies={}, auth=None, timeout=None, proxies=None, verify=False,                     debug=0 </msg>
<arg>ServeRest</arg>
<arg>${base_url}</arg>
<doc>Create Session: create a HTTP session to a server</doc>
<status status="PASS" start="2025-06-05T23:40:54.535129" elapsed="0.000999"/>
</kw>
<kw name="Log" owner="BuiltIn">
<msg time="2025-06-05T23:40:54.536128" level="INFO">Sessão criada com sucesso: https://compassuol.serverest.dev/</msg>
<arg>Sessão criada com sucesso: ${base_url}</arg>
<doc>Logs the given message with the given level.</doc>
<status status="PASS" start="2025-06-05T23:40:54.536128" elapsed="0.000000"/>
</kw>
<status status="PASS" start="2025-06-05T23:40:54.535129" elapsed="0.000999"/>
</kw>
<status status="PASS" start="2025-06-05T23:40:54.532130" elapsed="0.003998"/>
</kw>
<test id="s1-s1-t1" name="Cenário: POST Criar Carrinho com Token Válido - 201" line="11">
<kw name="Criar Usuário Dinâmico" owner="usuarios_keywords">
<kw name="First Name" owner="FakerLibrary">
<msg time="2025-06-05T23:40:54.538128" level="INFO">${nome} = Ricardo</msg>
<var>${nome}</var>
<status status="PASS" start="2025-06-05T23:40:54.537128" elapsed="0.001000"/>
</kw>
<kw name="Email" owner="FakerLibrary">
<msg time="2025-06-05T23:40:54.538128" level="INFO">${email} = nhutchinson@example.net</msg>
<var>${email}</var>
<status status="PASS" start="2025-06-05T23:40:54.538128" elapsed="0.000000"/>
</kw>
<kw name="Password" owner="FakerLibrary">
<msg time="2025-06-05T23:40:54.539128" level="INFO">${senha} = +4QiLjaauM</msg>
<var>${senha}</var>
<doc>Generate a random password of the specified ``length``.</doc>
<status status="PASS" start="2025-06-05T23:40:54.538128" elapsed="0.001000"/>
</kw>
<kw name="Sanitizar Senha" owner="common">
<kw name="Set Variable" owner="BuiltIn">
<msg time="2025-06-05T23:40:54.539128" level="INFO">${s} = +4QiLjaauM</msg>
<var>${s}</var>
<arg>${senha_original}</arg>
<doc>Returns the given values which can then be assigned to a variables.</doc>
<status status="PASS" start="2025-06-05T23:40:54.539128" elapsed="0.001000"/>
</kw>
<kw name="Replace String" owner="String">
<msg time="2025-06-05T23:40:54.540128" level="INFO">${s} = +4QiLjaauM</msg>
<var>${s}</var>
<arg>${s}</arg>
<arg>\${</arg>
<arg>_</arg>
<doc>Replaces ``search_for`` in the given ``string`` with ``replace_with``.</doc>
<status status="PASS" start="2025-06-05T23:40:54.540128" elapsed="0.000000"/>
</kw>
<kw name="Replace String" owner="String">
<msg time="2025-06-05T23:40:54.540128" level="INFO">${s} = +4QiLjaauM</msg>
<var>${s}</var>
<arg>${s}</arg>
<arg>}</arg>
<arg>_</arg>
<doc>Replaces ``search_for`` in the given ``string`` with ``replace_with``.</doc>
<status status="PASS" start="2025-06-05T23:40:54.540128" elapsed="0.000000"/>
</kw>
<kw name="Replace String" owner="String">
<msg time="2025-06-05T23:40:54.541128" level="INFO">${s} = +4QiLjaauM</msg>
<var>${s}</var>
<arg>${s}</arg>
<arg>&amp;</arg>
<arg>_</arg>
<doc>Replaces ``search_for`` in the given ``string`` with ``replace_with``.</doc>
<status status="PASS" start="2025-06-05T23:40:54.541128" elapsed="0.000000"/>
</kw>
<kw name="Replace String" owner="String">
<msg time="2025-06-05T23:40:54.541128" level="INFO">${s} = +4QiLjaauM</msg>
<var>${s}</var>
<arg>${s}</arg>
<arg>=</arg>
<arg>_</arg>
<doc>Replaces ``search_for`` in the given ``string`` with ``replace_with``.</doc>
<status status="PASS" start="2025-06-05T23:40:54.541128" elapsed="0.000000"/>
</kw>
<kw name="Replace String" owner="String">
<msg time="2025-06-05T23:40:54.542128" level="INFO">${s} = +4QiLjaauM</msg>
<var>${s}</var>
<arg>${s}</arg>
<arg>*</arg>
<arg>_</arg>
<doc>Replaces ``search_for`` in the given ``string`` with ``replace_with``.</doc>
<status status="PASS" start="2025-06-05T23:40:54.541128" elapsed="0.001000"/>
</kw>
<kw name="Replace String" owner="String">
<msg time="2025-06-05T23:40:54.542128" level="INFO">${s} = +4QiLjaauM</msg>
<var>${s}</var>
<arg>${s}</arg>
<arg>"</arg>
<arg>_</arg>
<doc>Replaces ``search_for`` in the given ``string`` with ``replace_with``.</doc>
<status status="PASS" start="2025-06-05T23:40:54.542128" elapsed="0.000000"/>
</kw>
<kw name="Replace String" owner="String">
<msg time="2025-06-05T23:40:54.543132" level="INFO">${s} = +4QiLjaauM</msg>
<var>${s}</var>
<arg>${s}</arg>
<arg>'</arg>
<arg>_</arg>
<doc>Replaces ``search_for`` in the given ``string`` with ``replace_with``.</doc>
<status status="PASS" start="2025-06-05T23:40:54.542128" elapsed="0.001004"/>
</kw>
<return>
<value>${s}</value>
<status status="PASS" start="2025-06-05T23:40:54.543132" elapsed="0.000000"/>
</return>
<msg time="2025-06-05T23:40:54.543132" level="INFO">${senha} = +4QiLjaauM</msg>
<var>${senha}</var>
<arg>${senha}</arg>
<status status="PASS" start="2025-06-05T23:40:54.539128" elapsed="0.004004"/>
</kw>
<kw name="Set Suite Variable" owner="BuiltIn">
<msg time="2025-06-05T23:40:54.543132" level="INFO">${nome} = Ricardo</msg>
<arg>${nome}</arg>
<arg>${nome}</arg>
<doc>Makes a variable available everywhere within the scope of the current suite.</doc>
<status status="PASS" start="2025-06-05T23:40:54.543132" elapsed="0.000000"/>
</kw>
<kw name="Set Suite Variable" owner="BuiltIn">
<msg time="2025-06-05T23:40:54.544128" level="INFO">${email} = nhutchinson@example.net</msg>
<arg>${email}</arg>
<arg>${email}</arg>
<doc>Makes a variable available everywhere within the scope of the current suite.</doc>
<status status="PASS" start="2025-06-05T23:40:54.544128" elapsed="0.000000"/>
</kw>
<kw name="Set Suite Variable" owner="BuiltIn">
<msg time="2025-06-05T23:40:54.544128" level="INFO">${senha} = +4QiLjaauM</msg>
<arg>${senha}</arg>
<arg>${senha}</arg>
<doc>Makes a variable available everywhere within the scope of the current suite.</doc>
<status status="PASS" start="2025-06-05T23:40:54.544128" elapsed="0.000000"/>
</kw>
<kw name="Create Dictionary" owner="BuiltIn">
<msg time="2025-06-05T23:40:54.545128" level="INFO">&amp;{payload} = { nome=Ricardo | email=nhutchinson@example.net | password=+4QiLjaauM | administrador=true }</msg>
<var>&amp;{payload}</var>
<arg>nome=${nome}</arg>
<arg>email=${email}</arg>
<arg>password=${senha}</arg>
<arg>administrador=true</arg>
<doc>Creates and returns a dictionary based on the given ``items``.</doc>
<status status="PASS" start="2025-06-05T23:40:54.545128" elapsed="0.000000"/>
</kw>
<kw name="POST On Session" owner="RequestsLibrary">
<msg time="2025-06-05T23:40:54.990465" level="INFO">POST Request : url=https://compassuol.serverest.dev/usuarios 
 path_url=/usuarios 
 headers={'User-Agent': 'python-requests/2.32.3', 'Accept-Encoding': 'gzip, deflate, br', 'Accept': '*/*', 'Connection': 'keep-alive', 'Content-Length': '85', 'Content-Type': 'application/x-www-form-urlencoded'} 
 body=nome=Ricardo&amp;email=nhutchinson%40example.net&amp;password=%2B4QiLjaauM&amp;administrador=true 
 </msg>
<msg time="2025-06-05T23:40:54.990465" level="INFO">POST Response : url=https://compassuol.serverest.dev/usuarios 
 status=201, reason=Created 
 headers={'access-control-allow-origin': '*', 'x-dns-prefetch-control': 'off', 'x-frame-options': 'SAMEORIGIN', 'strict-transport-security': 'max-age=15552000; includeSubDomains', 'x-download-options': 'noopen', 'x-content-type-options': 'nosniff', 'x-xss-protection': '1; mode=block', 'content-type': 'application/json; charset=utf-8', 'x-cloud-trace-context': '37ff83dda1c4d3d0d748e6968317c10e;o=1', 'date': 'Fri, 06 Jun 2025 02:40:55 GMT', 'server': 'Google Frontend', 'Content-Length': '82'} 
 body={
    "message": "Cadastro realizado com sucesso",
    "_id": "ijHynEV2f41HzsII"
} 
 </msg>
<msg time="2025-06-05T23:40:54.991469" level="INFO">${response} = &lt;Response [201]&gt;</msg>
<var>${response}</var>
<arg>ServeRest</arg>
<arg>/usuarios</arg>
<arg>data=${payload}</arg>
<doc>Sends a POST request on a previously created HTTP Session.</doc>
<status status="PASS" start="2025-06-05T23:40:54.545128" elapsed="0.446341"/>
</kw>
<kw name="Set Global Variable" owner="BuiltIn">
<msg time="2025-06-05T23:40:54.993480" level="INFO">${id_usuario} = ijHynEV2f41HzsII</msg>
<arg>${id_usuario}</arg>
<arg>${response.json()["_id"]}</arg>
<doc>Makes a variable available globally in all tests and suites.</doc>
<status status="PASS" start="2025-06-05T23:40:54.991469" elapsed="0.002011"/>
</kw>
<status status="PASS" start="2025-06-05T23:40:54.537128" elapsed="0.456352"/>
</kw>
<kw name="Realizar Login Com Usuário Dinâmico" owner="login_keywords">
<kw name="Create Dictionary" owner="BuiltIn">
<msg time="2025-06-05T23:40:54.994464" level="INFO">&amp;{payload} = { email=nhutchinson@example.net | password=+4QiLjaauM }</msg>
<var>&amp;{payload}</var>
<arg>email=${email}</arg>
<arg>password=${senha}</arg>
<doc>Creates and returns a dictionary based on the given ``items``.</doc>
<status status="PASS" start="2025-06-05T23:40:54.994464" elapsed="0.000000"/>
</kw>
<kw name="POST On Session" owner="RequestsLibrary">
<msg time="2025-06-05T23:40:55.159632" level="INFO">POST Request : url=https://compassuol.serverest.dev/login 
 path_url=/login 
 headers={'User-Agent': 'python-requests/2.32.3', 'Accept-Encoding': 'gzip, deflate, br', 'Accept': '*/*', 'Connection': 'keep-alive', 'Content-Length': '53', 'Content-Type': 'application/x-www-form-urlencoded'} 
 body=email=nhutchinson%40example.net&amp;password=%2B4QiLjaauM 
 </msg>
<msg time="2025-06-05T23:40:55.159632" level="INFO">POST Response : url=https://compassuol.serverest.dev/login 
 status=200, reason=OK 
 headers={'access-control-allow-origin': '*', 'x-dns-prefetch-control': 'off', 'x-frame-options': 'SAMEORIGIN', 'strict-transport-security': 'max-age=15552000; includeSubDomains', 'x-download-options': 'noopen', 'x-content-type-options': 'nosniff', 'x-xss-protection': '1; mode=block', 'content-type': 'application/json; charset=utf-8', 'x-cloud-trace-context': 'ae8fe34ec3826f2bd748e6968317c928', 'date': 'Fri, 06 Jun 2025 02:40:55 GMT', 'server': 'Google Frontend', 'Content-Length': '285'} 
 body={
    "message": "Login realizado com sucesso",
    "authorization": "Bearer eyJhbGciOiJIUzI1NiIsInR5cCI6IkpXVCJ9.eyJlbWFpbCI6Im5odXRjaGluc29uQGV4YW1wbGUubmV0IiwicGFzc3dvcmQiOiIrNFFpTGphYXVNIiwiaWF0IjoxNzQ5MTc3NjU1LCJleHAiOjE3NDkxNzgyNTV9.kK_PsqcDSDKo_VsO_NKW2icRXHJ5du4OA65MGHwBh2Y"
} 
 </msg>
<msg time="2025-06-05T23:40:55.159632" level="INFO">${response} = &lt;Response [200]&gt;</msg>
<var>${response}</var>
<arg>ServeRest</arg>
<arg>/login</arg>
<arg>data=${payload}</arg>
<doc>Sends a POST request on a previously created HTTP Session.</doc>
<status status="PASS" start="2025-06-05T23:40:54.995479" elapsed="0.164153"/>
</kw>
<kw name="Set Global Variable" owner="BuiltIn">
<msg time="2025-06-05T23:40:55.161630" level="INFO">${auth_token} = Bearer eyJhbGciOiJIUzI1NiIsInR5cCI6IkpXVCJ9.eyJlbWFpbCI6Im5odXRjaGluc29uQGV4YW1wbGUubmV0IiwicGFzc3dvcmQiOiIrNFFpTGphYXVNIiwiaWF0IjoxNzQ5MTc3NjU1LCJleHAiOjE3NDkxNzgyNTV9.kK_PsqcDSDKo_VsO_NKW2icRXHJ5du4...</msg>
<arg>${auth_token}</arg>
<arg>${response.json()["authorization"]}</arg>
<doc>Makes a variable available globally in all tests and suites.</doc>
<status status="PASS" start="2025-06-05T23:40:55.160630" elapsed="0.001000"/>
</kw>
<status status="PASS" start="2025-06-05T23:40:54.993480" elapsed="0.168150"/>
</kw>
<kw name="Criar Produto Para Carrinho" owner="produtos_keywords">
<kw name="Word" owner="FakerLibrary">
<msg time="2025-06-05T23:40:55.162629" level="INFO">${palavra} = hundred</msg>
<var>${palavra}</var>
<doc>Generate a word.</doc>
<status status="PASS" start="2025-06-05T23:40:55.162629" elapsed="0.000000"/>
</kw>
<kw name="Random Int" owner="FakerLibrary">
<msg time="2025-06-05T23:40:55.163627" level="INFO">${numero} = 4592</msg>
<var>${numero}</var>
<arg>1000</arg>
<arg>9999</arg>
<doc>Generate a random integer between two integers ``min`` and ``max`` inclusive
while observing the provided ``step`` value.</doc>
<status status="PASS" start="2025-06-05T23:40:55.163627" elapsed="0.000000"/>
</kw>
<kw name="Set Variable" owner="BuiltIn">
<msg time="2025-06-05T23:40:55.163627" level="INFO">${nome_produto} = hundred_4592</msg>
<var>${nome_produto}</var>
<arg>${palavra}_${numero}</arg>
<doc>Returns the given values which can then be assigned to a variables.</doc>
<status status="PASS" start="2025-06-05T23:40:55.163627" elapsed="0.001015"/>
</kw>
<kw name="Set Variable" owner="BuiltIn">
<msg time="2025-06-05T23:40:55.164642" level="INFO">${preco} = 199</msg>
<var>${preco}</var>
<arg>199</arg>
<doc>Returns the given values which can then be assigned to a variables.</doc>
<status status="PASS" start="2025-06-05T23:40:55.164642" elapsed="0.000000"/>
</kw>
<kw name="Set Variable" owner="BuiltIn">
<msg time="2025-06-05T23:40:55.164642" level="INFO">${descricao} = Produto do Carrinho</msg>
<var>${descricao}</var>
<arg>Produto do Carrinho</arg>
<doc>Returns the given values which can then be assigned to a variables.</doc>
<status status="PASS" start="2025-06-05T23:40:55.164642" elapsed="0.000000"/>
</kw>
<kw name="Set Variable" owner="BuiltIn">
<msg time="2025-06-05T23:40:55.165641" level="INFO">${quantidade} = 5</msg>
<var>${quantidade}</var>
<arg>5</arg>
<doc>Returns the given values which can then be assigned to a variables.</doc>
<status status="PASS" start="2025-06-05T23:40:55.164642" elapsed="0.000999"/>
</kw>
<kw name="Create Dictionary" owner="BuiltIn">
<msg time="2025-06-05T23:40:55.165641" level="INFO">&amp;{headers} = { Authorization=Bearer eyJhbGciOiJIUzI1NiIsInR5cCI6IkpXVCJ9.eyJlbWFpbCI6Im5odXRjaGluc29uQGV4YW1wbGUubmV0IiwicGFzc3dvcmQiOiIrNFFpTGphYXVNIiwiaWF0IjoxNzQ5MTc3NjU1LCJleHAiOjE3NDkxNzgyNTV9.kK_PsqcDSDKo_Vs...</msg>
<var>&amp;{headers}</var>
<arg>Authorization=${auth_token}</arg>
<doc>Creates and returns a dictionary based on the given ``items``.</doc>
<status status="PASS" start="2025-06-05T23:40:55.165641" elapsed="0.000000"/>
</kw>
<kw name="Create Dictionary" owner="BuiltIn">
<msg time="2025-06-05T23:40:55.166640" level="INFO">&amp;{payload} = { nome=hundred_4592 | preco=199 | descricao=Produto do Carrinho | quantidade=5 }</msg>
<var>&amp;{payload}</var>
<arg>nome=${nome_produto}</arg>
<arg>preco=${preco}</arg>
<arg>descricao=${descricao}</arg>
<arg>quantidade=${quantidade}</arg>
<doc>Creates and returns a dictionary based on the given ``items``.</doc>
<status status="PASS" start="2025-06-05T23:40:55.165641" elapsed="0.000999"/>
</kw>
<kw name="POST On Session" owner="RequestsLibrary">
<msg time="2025-06-05T23:40:55.356568" level="INFO">POST Request : url=https://compassuol.serverest.dev/produtos 
 path_url=/produtos 
 headers={'User-Agent': 'python-requests/2.32.3', 'Accept-Encoding': 'gzip, deflate, br', 'Accept': '*/*', 'Connection': 'keep-alive', 'Authorization': 'Bearer eyJhbGciOiJIUzI1NiIsInR5cCI6IkpXVCJ9.eyJlbWFpbCI6Im5odXRjaGluc29uQGV4YW1wbGUubmV0IiwicGFzc3dvcmQiOiIrNFFpTGphYXVNIiwiaWF0IjoxNzQ5MTc3NjU1LCJleHAiOjE3NDkxNzgyNTV9.kK_PsqcDSDKo_VsO_NKW2icRXHJ5du4OA65MGHwBh2Y', 'Content-Length': '70', 'Content-Type': 'application/x-www-form-urlencoded'} 
 body=nome=hundred_4592&amp;preco=199&amp;descricao=Produto+do+Carrinho&amp;quantidade=5 
 </msg>
<msg time="2025-06-05T23:40:55.356568" level="INFO">POST Response : url=https://compassuol.serverest.dev/produtos 
 status=201, reason=Created 
 headers={'access-control-allow-origin': '*', 'x-dns-prefetch-control': 'off', 'x-frame-options': 'SAMEORIGIN', 'strict-transport-security': 'max-age=15552000; includeSubDomains', 'x-download-options': 'noopen', 'x-content-type-options': 'nosniff', 'x-xss-protection': '1; mode=block', 'content-type': 'application/json; charset=utf-8', 'x-cloud-trace-context': '471968881ea621d7d748e6968317cb79', 'date': 'Fri, 06 Jun 2025 02:40:55 GMT', 'server': 'Google Frontend', 'Content-Length': '82'} 
 body={
    "message": "Cadastro realizado com sucesso",
    "_id": "lBEOUC9QYmYBCaU9"
} 
 </msg>
<msg time="2025-06-05T23:40:55.357569" level="INFO">${response} = &lt;Response [201]&gt;</msg>
<var>${response}</var>
<arg>ServeRest</arg>
<arg>/produtos</arg>
<arg>headers=${headers}</arg>
<arg>data=${payload}</arg>
<arg>expected_status=ANY</arg>
<doc>Sends a POST request on a previously created HTTP Session.</doc>
<status status="PASS" start="2025-06-05T23:40:55.166640" elapsed="0.190929"/>
</kw>
<kw name="Log To Console" owner="BuiltIn">
<arg>Produto criado: ${response.content}</arg>
<doc>Logs the given message to the console.</doc>
<status status="PASS" start="2025-06-05T23:40:55.357569" elapsed="0.001000"/>
</kw>
<kw name="Should Be Equal As Integers" owner="BuiltIn">
<msg time="2025-06-05T23:40:55.359568" level="INFO">Argument types are:
&lt;class 'int'&gt;
&lt;class 'str'&gt;</msg>
<arg>${response.status_code}</arg>
<arg>201</arg>
<doc>Fails if objects are unequal after converting them to integers.</doc>
<status status="PASS" start="2025-06-05T23:40:55.358569" elapsed="0.000999"/>
</kw>
<kw name="Set Variable" owner="BuiltIn">
<msg time="2025-06-05T23:40:55.360569" level="INFO">${id_produto} = lBEOUC9QYmYBCaU9</msg>
<var>${id_produto}</var>
<arg>${response.json()["_id"]}</arg>
<doc>Returns the given values which can then be assigned to a variables.</doc>
<status status="PASS" start="2025-06-05T23:40:55.359568" elapsed="0.001001"/>
</kw>
<kw name="Set Suite Variable" owner="BuiltIn">
<msg time="2025-06-05T23:40:55.361569" level="INFO">${id_produto} = lBEOUC9QYmYBCaU9</msg>
<arg>${id_produto}</arg>
<doc>Makes a variable available everywhere within the scope of the current suite.</doc>
<status status="PASS" start="2025-06-05T23:40:55.360569" elapsed="0.001000"/>
</kw>
<kw name="Set Suite Variable" owner="BuiltIn">
<msg time="2025-06-05T23:40:55.361569" level="INFO">${nome_produto} = hundred_4592</msg>
<arg>${nome_produto}</arg>
<doc>Makes a variable available everywhere within the scope of the current suite.</doc>
<status status="PASS" start="2025-06-05T23:40:55.361569" elapsed="0.000000"/>
</kw>
<status status="PASS" start="2025-06-05T23:40:55.162629" elapsed="0.198940"/>
</kw>
<kw name="Criar Carrinho Com Produto" owner="carrinhos_keywords">
<kw name="Create Dictionary" owner="BuiltIn">
<msg time="2025-06-05T23:40:55.363569" level="INFO">&amp;{headers} = { Authorization=Bearer eyJhbGciOiJIUzI1NiIsInR5cCI6IkpXVCJ9.eyJlbWFpbCI6Im5odXRjaGluc29uQGV4YW1wbGUubmV0IiwicGFzc3dvcmQiOiIrNFFpTGphYXVNIiwiaWF0IjoxNzQ5MTc3NjU1LCJleHAiOjE3NDkxNzgyNTV9.kK_PsqcDSDKo_Vs...</msg>
<var>&amp;{headers}</var>
<arg>Authorization=${auth_token}</arg>
<doc>Creates and returns a dictionary based on the given ``items``.</doc>
<status status="PASS" start="2025-06-05T23:40:55.362567" elapsed="0.001002"/>
</kw>
<kw name="Evaluate" owner="BuiltIn">
<msg time="2025-06-05T23:40:55.363569" level="INFO">${produto} = {'idProduto': 'lBEOUC9QYmYBCaU9', 'quantidade': 1}</msg>
<var>${produto}</var>
<arg>{"idProduto": "${id}", "quantidade": 1}</arg>
<arg>json</arg>
<doc>Evaluates the given expression in Python and returns the result.</doc>
<status status="PASS" start="2025-06-05T23:40:55.363569" elapsed="0.000000"/>
</kw>
<kw name="Create List" owner="BuiltIn">
<msg time="2025-06-05T23:40:55.364568" level="INFO">@{produtos} = [ {'idProduto': 'lBEOUC9QYmYBCaU9', 'quantidade': 1} ]</msg>
<var>@{produtos}</var>
<arg>${produto}</arg>
<doc>Returns a list containing given items.</doc>
<status status="PASS" start="2025-06-05T23:40:55.363569" elapsed="0.000999"/>
</kw>
<kw name="Create Dictionary" owner="BuiltIn">
<msg time="2025-06-05T23:40:55.364568" level="INFO">&amp;{payload} = { produtos=[{'idProduto': 'lBEOUC9QYmYBCaU9', 'quantidade': 1}] }</msg>
<var>&amp;{payload}</var>
<arg>produtos=${produtos}</arg>
<doc>Creates and returns a dictionary based on the given ``items``.</doc>
<status status="PASS" start="2025-06-05T23:40:55.364568" elapsed="0.000000"/>
</kw>
<kw name="POST On Session" owner="RequestsLibrary">
<msg time="2025-06-05T23:40:55.549145" level="INFO">POST Request : url=https://compassuol.serverest.dev/carrinhos 
 path_url=/carrinhos 
 headers={'User-Agent': 'python-requests/2.32.3', 'Accept-Encoding': 'gzip, deflate, br', 'Accept': '*/*', 'Connection': 'keep-alive', 'Authorization': 'Bearer eyJhbGciOiJIUzI1NiIsInR5cCI6IkpXVCJ9.eyJlbWFpbCI6Im5odXRjaGluc29uQGV4YW1wbGUubmV0IiwicGFzc3dvcmQiOiIrNFFpTGphYXVNIiwiaWF0IjoxNzQ5MTc3NjU1LCJleHAiOjE3NDkxNzgyNTV9.kK_PsqcDSDKo_VsO_NKW2icRXHJ5du4OA65MGHwBh2Y', 'Content-Length': '66', 'Content-Type': 'application/json'} 
 body=b'{"produtos": [{"idProduto": "lBEOUC9QYmYBCaU9", "quantidade": 1}]}' 
 </msg>
<msg time="2025-06-05T23:40:55.549145" level="INFO">POST Response : url=https://compassuol.serverest.dev/carrinhos 
 status=201, reason=Created 
 headers={'access-control-allow-origin': '*', 'x-dns-prefetch-control': 'off', 'x-frame-options': 'SAMEORIGIN', 'strict-transport-security': 'max-age=15552000; includeSubDomains', 'x-download-options': 'noopen', 'x-content-type-options': 'nosniff', 'x-xss-protection': '1; mode=block', 'content-type': 'application/json; charset=utf-8', 'x-cloud-trace-context': '8f150b5d04cb6e89d748e6968317c2fa', 'date': 'Fri, 06 Jun 2025 02:40:55 GMT', 'server': 'Google Frontend', 'Content-Length': '82'} 
 body={
    "message": "Cadastro realizado com sucesso",
    "_id": "nYITrr4kkxNvi8qP"
} 
 </msg>
<msg time="2025-06-05T23:40:55.549145" level="INFO">${response} = &lt;Response [201]&gt;</msg>
<var>${response}</var>
<arg>ServeRest</arg>
<arg>/carrinhos</arg>
<arg>headers=${headers}</arg>
<arg>json=${payload}</arg>
<arg>expected_status=ANY</arg>
<doc>Sends a POST request on a previously created HTTP Session.</doc>
<status status="PASS" start="2025-06-05T23:40:55.364568" elapsed="0.184577"/>
</kw>
<kw name="Log To Console" owner="BuiltIn">
<arg>Carrinho criado: ${response.content}</arg>
<doc>Logs the given message to the console.</doc>
<status status="PASS" start="2025-06-05T23:40:55.550159" elapsed="0.000988"/>
</kw>
<kw name="Set Global Variable" owner="BuiltIn">
<msg time="2025-06-05T23:40:55.552146" level="INFO">${response} = &lt;Response [201]&gt;</msg>
<arg>${response}</arg>
<doc>Makes a variable available globally in all tests and suites.</doc>
<status status="PASS" start="2025-06-05T23:40:55.551147" elapsed="0.000999"/>
</kw>
<arg>${id_produto}</arg>
<status status="PASS" start="2025-06-05T23:40:55.362567" elapsed="0.189579"/>
</kw>
<kw name="Validar Status Code" owner="common">
<kw name="Should Be Equal As Integers" owner="BuiltIn">
<msg time="2025-06-05T23:40:55.554144" level="INFO">Argument types are:
&lt;class 'int'&gt;
&lt;class 'str'&gt;</msg>
<arg>${response.status_code}</arg>
<arg>${status_esperado}</arg>
<doc>Fails if objects are unequal after converting them to integers.</doc>
<status status="PASS" start="2025-06-05T23:40:55.553145" elapsed="0.000999"/>
</kw>
<arg>201</arg>
<status status="PASS" start="2025-06-05T23:40:55.552146" elapsed="0.001998"/>
</kw>
<kw name="Cancelar Carrinho" owner="carrinhos_keywords" type="TEARDOWN">
<kw name="Create Dictionary" owner="BuiltIn">
<msg time="2025-06-05T23:40:55.555159" level="INFO">&amp;{headers} = { Authorization=Bearer eyJhbGciOiJIUzI1NiIsInR5cCI6IkpXVCJ9.eyJlbWFpbCI6Im5odXRjaGluc29uQGV4YW1wbGUubmV0IiwicGFzc3dvcmQiOiIrNFFpTGphYXVNIiwiaWF0IjoxNzQ5MTc3NjU1LCJleHAiOjE3NDkxNzgyNTV9.kK_PsqcDSDKo_Vs...</msg>
<var>&amp;{headers}</var>
<arg>Authorization=${auth_token}</arg>
<doc>Creates and returns a dictionary based on the given ``items``.</doc>
<status status="PASS" start="2025-06-05T23:40:55.555159" elapsed="0.000000"/>
</kw>
<kw name="DELETE On Session" owner="RequestsLibrary">
<msg time="2025-06-05T23:40:55.720254" level="INFO">DELETE Request : url=https://compassuol.serverest.dev/carrinhos/cancelar-compra 
 path_url=/carrinhos/cancelar-compra 
 headers={'User-Agent': 'python-requests/2.32.3', 'Accept-Encoding': 'gzip, deflate, br', 'Accept': '*/*', 'Connection': 'keep-alive', 'Authorization': 'Bearer eyJhbGciOiJIUzI1NiIsInR5cCI6IkpXVCJ9.eyJlbWFpbCI6Im5odXRjaGluc29uQGV4YW1wbGUubmV0IiwicGFzc3dvcmQiOiIrNFFpTGphYXVNIiwiaWF0IjoxNzQ5MTc3NjU1LCJleHAiOjE3NDkxNzgyNTV9.kK_PsqcDSDKo_VsO_NKW2icRXHJ5du4OA65MGHwBh2Y', 'Content-Length': '0'} 
 body=None 
 </msg>
<msg time="2025-06-05T23:40:55.720254" level="INFO">DELETE Response : url=https://compassuol.serverest.dev/carrinhos/cancelar-compra 
 status=200, reason=OK 
 headers={'access-control-allow-origin': '*', 'x-dns-prefetch-control': 'off', 'x-frame-options': 'SAMEORIGIN', 'strict-transport-security': 'max-age=15552000; includeSubDomains', 'x-download-options': 'noopen', 'x-content-type-options': 'nosniff', 'x-xss-protection': '1; mode=block', 'content-type': 'application/json; charset=utf-8', 'x-cloud-trace-context': '08a0316263837a73d748e6968317c0dd', 'date': 'Fri, 06 Jun 2025 02:40:55 GMT', 'server': 'Google Frontend', 'Content-Length': '86'} 
 body={
    "message": "Registro excluído com sucesso. Estoque dos produtos reabastecido"
} 
 </msg>
<msg time="2025-06-05T23:40:55.720254" level="INFO">${response} = &lt;Response [200]&gt;</msg>
<var>${response}</var>
<arg>ServeRest</arg>
<arg>/carrinhos/cancelar-compra</arg>
<arg>headers=${headers}</arg>
<arg>expected_status=ANY</arg>
<doc>Sends a DELETE request on a previously created HTTP Session.</doc>
<status status="PASS" start="2025-06-05T23:40:55.556145" elapsed="0.164109"/>
</kw>
<kw name="Log To Console" owner="BuiltIn">
<arg>Carrinho cancelado: ${response.content}</arg>
<doc>Logs the given message to the console.</doc>
<status status="PASS" start="2025-06-05T23:40:55.721254" elapsed="0.001000"/>
</kw>
<kw name="Set Global Variable" owner="BuiltIn">
<msg time="2025-06-05T23:40:55.722254" level="INFO">${response} = &lt;Response [200]&gt;</msg>
<arg>${response}</arg>
<doc>Makes a variable available globally in all tests and suites.</doc>
<status status="PASS" start="2025-06-05T23:40:55.722254" elapsed="0.000000"/>
</kw>
<status status="PASS" start="2025-06-05T23:40:55.555159" elapsed="0.168096"/>
</kw>
<tag>CT019</tag>
<tag>POSTCARRINHO</tag>
<status status="PASS" start="2025-06-05T23:40:54.536128" elapsed="1.187127"/>
</test>
<test id="s1-s1-t2" name="Cenário: POST Criar Carrinho com Produto Inexistente - 400" line="20">
<kw name="Criar Usuário Dinâmico" owner="usuarios_keywords">
<kw name="First Name" owner="FakerLibrary">
<msg time="2025-06-05T23:40:55.725254" level="INFO">${nome} = Margaret</msg>
<var>${nome}</var>
<status status="PASS" start="2025-06-05T23:40:55.724253" elapsed="0.001001"/>
</kw>
<kw name="Email" owner="FakerLibrary">
<msg time="2025-06-05T23:40:55.726256" level="INFO">${email} = lunablake@example.com</msg>
<var>${email}</var>
<status status="PASS" start="2025-06-05T23:40:55.725254" elapsed="0.001002"/>
</kw>
<kw name="Password" owner="FakerLibrary">
<msg time="2025-06-05T23:40:55.726256" level="INFO">${senha} = )6m0VahdA@</msg>
<var>${senha}</var>
<doc>Generate a random password of the specified ``length``.</doc>
<status status="PASS" start="2025-06-05T23:40:55.726256" elapsed="0.000000"/>
</kw>
<kw name="Sanitizar Senha" owner="common">
<kw name="Set Variable" owner="BuiltIn">
<msg time="2025-06-05T23:40:55.727253" level="INFO">${s} = )6m0VahdA@</msg>
<var>${s}</var>
<arg>${senha_original}</arg>
<doc>Returns the given values which can then be assigned to a variables.</doc>
<status status="PASS" start="2025-06-05T23:40:55.727253" elapsed="0.000000"/>
</kw>
<kw name="Replace String" owner="String">
<msg time="2025-06-05T23:40:55.728253" level="INFO">${s} = )6m0VahdA@</msg>
<var>${s}</var>
<arg>${s}</arg>
<arg>\${</arg>
<arg>_</arg>
<doc>Replaces ``search_for`` in the given ``string`` with ``replace_with``.</doc>
<status status="PASS" start="2025-06-05T23:40:55.727253" elapsed="0.001000"/>
</kw>
<kw name="Replace String" owner="String">
<msg time="2025-06-05T23:40:55.728253" level="INFO">${s} = )6m0VahdA@</msg>
<var>${s}</var>
<arg>${s}</arg>
<arg>}</arg>
<arg>_</arg>
<doc>Replaces ``search_for`` in the given ``string`` with ``replace_with``.</doc>
<status status="PASS" start="2025-06-05T23:40:55.728253" elapsed="0.000000"/>
</kw>
<kw name="Replace String" owner="String">
<msg time="2025-06-05T23:40:55.728253" level="INFO">${s} = )6m0VahdA@</msg>
<var>${s}</var>
<arg>${s}</arg>
<arg>&amp;</arg>
<arg>_</arg>
<doc>Replaces ``search_for`` in the given ``string`` with ``replace_with``.</doc>
<status status="PASS" start="2025-06-05T23:40:55.728253" elapsed="0.000000"/>
</kw>
<kw name="Replace String" owner="String">
<msg time="2025-06-05T23:40:55.729253" level="INFO">${s} = )6m0VahdA@</msg>
<var>${s}</var>
<arg>${s}</arg>
<arg>=</arg>
<arg>_</arg>
<doc>Replaces ``search_for`` in the given ``string`` with ``replace_with``.</doc>
<status status="PASS" start="2025-06-05T23:40:55.729253" elapsed="0.000000"/>
</kw>
<kw name="Replace String" owner="String">
<msg time="2025-06-05T23:40:55.729253" level="INFO">${s} = )6m0VahdA@</msg>
<var>${s}</var>
<arg>${s}</arg>
<arg>*</arg>
<arg>_</arg>
<doc>Replaces ``search_for`` in the given ``string`` with ``replace_with``.</doc>
<status status="PASS" start="2025-06-05T23:40:55.729253" elapsed="0.000000"/>
</kw>
<kw name="Replace String" owner="String">
<msg time="2025-06-05T23:40:55.730254" level="INFO">${s} = )6m0VahdA@</msg>
<var>${s}</var>
<arg>${s}</arg>
<arg>"</arg>
<arg>_</arg>
<doc>Replaces ``search_for`` in the given ``string`` with ``replace_with``.</doc>
<status status="PASS" start="2025-06-05T23:40:55.730254" elapsed="0.000000"/>
</kw>
<kw name="Replace String" owner="String">
<msg time="2025-06-05T23:40:55.730254" level="INFO">${s} = )6m0VahdA@</msg>
<var>${s}</var>
<arg>${s}</arg>
<arg>'</arg>
<arg>_</arg>
<doc>Replaces ``search_for`` in the given ``string`` with ``replace_with``.</doc>
<status status="PASS" start="2025-06-05T23:40:55.730254" elapsed="0.000000"/>
</kw>
<return>
<value>${s}</value>
<status status="PASS" start="2025-06-05T23:40:55.730254" elapsed="0.000000"/>
</return>
<msg time="2025-06-05T23:40:55.731254" level="INFO">${senha} = )6m0VahdA@</msg>
<var>${senha}</var>
<arg>${senha}</arg>
<status status="PASS" start="2025-06-05T23:40:55.726256" elapsed="0.004998"/>
</kw>
<kw name="Set Suite Variable" owner="BuiltIn">
<msg time="2025-06-05T23:40:55.731254" level="INFO">${nome} = Margaret</msg>
<arg>${nome}</arg>
<arg>${nome}</arg>
<doc>Makes a variable available everywhere within the scope of the current suite.</doc>
<status status="PASS" start="2025-06-05T23:40:55.731254" elapsed="0.000000"/>
</kw>
<kw name="Set Suite Variable" owner="BuiltIn">
<msg time="2025-06-05T23:40:55.732254" level="INFO">${email} = lunablake@example.com</msg>
<arg>${email}</arg>
<arg>${email}</arg>
<doc>Makes a variable available everywhere within the scope of the current suite.</doc>
<status status="PASS" start="2025-06-05T23:40:55.731254" elapsed="0.001000"/>
</kw>
<kw name="Set Suite Variable" owner="BuiltIn">
<msg time="2025-06-05T23:40:55.732254" level="INFO">${senha} = )6m0VahdA@</msg>
<arg>${senha}</arg>
<arg>${senha}</arg>
<doc>Makes a variable available everywhere within the scope of the current suite.</doc>
<status status="PASS" start="2025-06-05T23:40:55.732254" elapsed="0.000000"/>
</kw>
<kw name="Create Dictionary" owner="BuiltIn">
<msg time="2025-06-05T23:40:55.733253" level="INFO">&amp;{payload} = { nome=Margaret | email=lunablake@example.com | password=)6m0VahdA@ | administrador=true }</msg>
<var>&amp;{payload}</var>
<arg>nome=${nome}</arg>
<arg>email=${email}</arg>
<arg>password=${senha}</arg>
<arg>administrador=true</arg>
<doc>Creates and returns a dictionary based on the given ``items``.</doc>
<status status="PASS" start="2025-06-05T23:40:55.732254" elapsed="0.000999"/>
</kw>
<kw name="POST On Session" owner="RequestsLibrary">
<msg time="2025-06-05T23:40:55.916196" level="INFO">POST Request : url=https://compassuol.serverest.dev/usuarios 
 path_url=/usuarios 
 headers={'User-Agent': 'python-requests/2.32.3', 'Accept-Encoding': 'gzip, deflate, br', 'Accept': '*/*', 'Connection': 'keep-alive', 'Content-Length': '86', 'Content-Type': 'application/x-www-form-urlencoded'} 
 body=nome=Margaret&amp;email=lunablake%40example.com&amp;password=%296m0VahdA%40&amp;administrador=true 
 </msg>
<msg time="2025-06-05T23:40:55.916196" level="INFO">POST Response : url=https://compassuol.serverest.dev/usuarios 
 status=201, reason=Created 
 headers={'access-control-allow-origin': '*', 'x-dns-prefetch-control': 'off', 'x-frame-options': 'SAMEORIGIN', 'strict-transport-security': 'max-age=15552000; includeSubDomains', 'x-download-options': 'noopen', 'x-content-type-options': 'nosniff', 'x-xss-protection': '1; mode=block', 'content-type': 'application/json; charset=utf-8', 'x-cloud-trace-context': 'ef908adf7bad83bdd748e6968317c80c', 'date': 'Fri, 06 Jun 2025 02:40:56 GMT', 'server': 'Google Frontend', 'Content-Length': '82'} 
 body={
    "message": "Cadastro realizado com sucesso",
    "_id": "7rI1nYfVLGDsYxvr"
} 
 </msg>
<msg time="2025-06-05T23:40:55.916196" level="INFO">${response} = &lt;Response [201]&gt;</msg>
<var>${response}</var>
<arg>ServeRest</arg>
<arg>/usuarios</arg>
<arg>data=${payload}</arg>
<doc>Sends a POST request on a previously created HTTP Session.</doc>
<status status="PASS" start="2025-06-05T23:40:55.733253" elapsed="0.182943"/>
</kw>
<kw name="Set Global Variable" owner="BuiltIn">
<msg time="2025-06-05T23:40:55.917194" level="INFO">${id_usuario} = 7rI1nYfVLGDsYxvr</msg>
<arg>${id_usuario}</arg>
<arg>${response.json()["_id"]}</arg>
<doc>Makes a variable available globally in all tests and suites.</doc>
<status status="PASS" start="2025-06-05T23:40:55.916196" elapsed="0.000998"/>
</kw>
<status status="PASS" start="2025-06-05T23:40:55.724253" elapsed="0.192941"/>
</kw>
<kw name="Realizar Login Com Usuário Dinâmico" owner="login_keywords">
<kw name="Create Dictionary" owner="BuiltIn">
<msg time="2025-06-05T23:40:55.919182" level="INFO">&amp;{payload} = { email=lunablake@example.com | password=)6m0VahdA@ }</msg>
<var>&amp;{payload}</var>
<arg>email=${email}</arg>
<arg>password=${senha}</arg>
<doc>Creates and returns a dictionary based on the given ``items``.</doc>
<status status="PASS" start="2025-06-05T23:40:55.918316" elapsed="0.000866"/>
</kw>
<kw name="POST On Session" owner="RequestsLibrary">
<msg time="2025-06-05T23:40:56.079103" level="INFO">POST Request : url=https://compassuol.serverest.dev/login 
 path_url=/login 
 headers={'User-Agent': 'python-requests/2.32.3', 'Accept-Encoding': 'gzip, deflate, br', 'Accept': '*/*', 'Connection': 'keep-alive', 'Content-Length': '53', 'Content-Type': 'application/x-www-form-urlencoded'} 
 body=email=lunablake%40example.com&amp;password=%296m0VahdA%40 
 </msg>
<msg time="2025-06-05T23:40:56.079103" level="INFO">POST Response : url=https://compassuol.serverest.dev/login 
 status=200, reason=OK 
 headers={'access-control-allow-origin': '*', 'x-dns-prefetch-control': 'off', 'x-frame-options': 'SAMEORIGIN', 'strict-transport-security': 'max-age=15552000; includeSubDomains', 'x-download-options': 'noopen', 'x-content-type-options': 'nosniff', 'x-xss-protection': '1; mode=block', 'content-type': 'application/json; charset=utf-8', 'x-cloud-trace-context': '5e74944bd0c244ddd748e6968317c949', 'date': 'Fri, 06 Jun 2025 02:40:56 GMT', 'server': 'Google Frontend', 'Content-Length': '283'} 
 body={
    "message": "Login realizado com sucesso",
    "authorization": "Bearer eyJhbGciOiJIUzI1NiIsInR5cCI6IkpXVCJ9.eyJlbWFpbCI6Imx1bmFibGFrZUBleGFtcGxlLmNvbSIsInBhc3N3b3JkIjoiKTZtMFZhaGRBQCIsImlhdCI6MTc0OTE3NzY1NiwiZXhwIjoxNzQ5MTc4MjU2fQ.PdEOfYWImALFFqD4CUc-GnRPiYXi6UriMd2s7lXVUW0"
} 
 </msg>
<msg time="2025-06-05T23:40:56.079103" level="INFO">${response} = &lt;Response [200]&gt;</msg>
<var>${response}</var>
<arg>ServeRest</arg>
<arg>/login</arg>
<arg>data=${payload}</arg>
<doc>Sends a POST request on a previously created HTTP Session.</doc>
<status status="PASS" start="2025-06-05T23:40:55.919182" elapsed="0.159921"/>
</kw>
<kw name="Set Global Variable" owner="BuiltIn">
<msg time="2025-06-05T23:40:56.080973" level="INFO">${auth_token} = Bearer eyJhbGciOiJIUzI1NiIsInR5cCI6IkpXVCJ9.eyJlbWFpbCI6Imx1bmFibGFrZUBleGFtcGxlLmNvbSIsInBhc3N3b3JkIjoiKTZtMFZhaGRBQCIsImlhdCI6MTc0OTE3NzY1NiwiZXhwIjoxNzQ5MTc4MjU2fQ.PdEOfYWImALFFqD4CUc-GnRPiYXi6UriM...</msg>
<arg>${auth_token}</arg>
<arg>${response.json()["authorization"]}</arg>
<doc>Makes a variable available globally in all tests and suites.</doc>
<status status="PASS" start="2025-06-05T23:40:56.080038" elapsed="0.000935"/>
</kw>
<status status="PASS" start="2025-06-05T23:40:55.918316" elapsed="0.162657"/>
</kw>
<kw name="Gerar ID Inexistente" owner="common">
<kw name="Generate Random String" owner="String">
<msg time="2025-06-05T23:40:56.081987" level="INFO">${id_inexistente} = sGxVqSWlksKiXhyZ</msg>
<var>${id_inexistente}</var>
<arg>16</arg>
<arg>[LETTERS]</arg>
<doc>Generates a string with a desired ``length`` from the given ``chars``.</doc>
<status status="PASS" start="2025-06-05T23:40:56.081987" elapsed="0.000000"/>
</kw>
<kw name="Set Suite Variable" owner="BuiltIn">
<msg time="2025-06-05T23:40:56.082973" level="INFO">${id_inexistente} = sGxVqSWlksKiXhyZ</msg>
<arg>${id_inexistente}</arg>
<doc>Makes a variable available everywhere within the scope of the current suite.</doc>
<status status="PASS" start="2025-06-05T23:40:56.081987" elapsed="0.000986"/>
</kw>
<status status="PASS" start="2025-06-05T23:40:56.080973" elapsed="0.002000"/>
</kw>
<kw name="Criar Carrinho Com Produto Inexistente" owner="carrinhos_keywords">
<kw name="Create Dictionary" owner="BuiltIn">
<msg time="2025-06-05T23:40:56.083986" level="INFO">&amp;{headers} = { Authorization=Bearer eyJhbGciOiJIUzI1NiIsInR5cCI6IkpXVCJ9.eyJlbWFpbCI6Imx1bmFibGFrZUBleGFtcGxlLmNvbSIsInBhc3N3b3JkIjoiKTZtMFZhaGRBQCIsImlhdCI6MTc0OTE3NzY1NiwiZXhwIjoxNzQ5MTc4MjU2fQ.PdEOfYWImALFFqD4C...</msg>
<var>&amp;{headers}</var>
<arg>Authorization=${auth_token}</arg>
<doc>Creates and returns a dictionary based on the given ``items``.</doc>
<status status="PASS" start="2025-06-05T23:40:56.083986" elapsed="0.000000"/>
</kw>
<kw name="Evaluate" owner="BuiltIn">
<msg time="2025-06-05T23:40:56.084986" level="INFO">${produto} = {'idProduto': 'sGxVqSWlksKiXhyZ', 'quantidade': 1}</msg>
<var>${produto}</var>
<arg>{"idProduto": "${id_inexistente}", "quantidade": 1}</arg>
<arg>json</arg>
<doc>Evaluates the given expression in Python and returns the result.</doc>
<status status="PASS" start="2025-06-05T23:40:56.083986" elapsed="0.001000"/>
</kw>
<kw name="Create List" owner="BuiltIn">
<msg time="2025-06-05T23:40:56.084986" level="INFO">@{produtos} = [ {'idProduto': 'sGxVqSWlksKiXhyZ', 'quantidade': 1} ]</msg>
<var>@{produtos}</var>
<arg>${produto}</arg>
<doc>Returns a list containing given items.</doc>
<status status="PASS" start="2025-06-05T23:40:56.084986" elapsed="0.000000"/>
</kw>
<kw name="Create Dictionary" owner="BuiltIn">
<msg time="2025-06-05T23:40:56.085986" level="INFO">&amp;{payload} = { produtos=[{'idProduto': 'sGxVqSWlksKiXhyZ', 'quantidade': 1}] }</msg>
<var>&amp;{payload}</var>
<arg>produtos=${produtos}</arg>
<doc>Creates and returns a dictionary based on the given ``items``.</doc>
<status status="PASS" start="2025-06-05T23:40:56.084986" elapsed="0.001000"/>
</kw>
<kw name="POST On Session" owner="RequestsLibrary">
<msg time="2025-06-05T23:40:56.253277" level="INFO">POST Request : url=https://compassuol.serverest.dev/carrinhos 
 path_url=/carrinhos 
 headers={'User-Agent': 'python-requests/2.32.3', 'Accept-Encoding': 'gzip, deflate, br', 'Accept': '*/*', 'Connection': 'keep-alive', 'Authorization': 'Bearer eyJhbGciOiJIUzI1NiIsInR5cCI6IkpXVCJ9.eyJlbWFpbCI6Imx1bmFibGFrZUBleGFtcGxlLmNvbSIsInBhc3N3b3JkIjoiKTZtMFZhaGRBQCIsImlhdCI6MTc0OTE3NzY1NiwiZXhwIjoxNzQ5MTc4MjU2fQ.PdEOfYWImALFFqD4CUc-GnRPiYXi6UriMd2s7lXVUW0', 'Content-Length': '66', 'Content-Type': 'application/json'} 
 body=b'{"produtos": [{"idProduto": "sGxVqSWlksKiXhyZ", "quantidade": 1}]}' 
 </msg>
<msg time="2025-06-05T23:40:56.253277" level="INFO">POST Response : url=https://compassuol.serverest.dev/carrinhos 
 status=400, reason=Bad Request 
 headers={'access-control-allow-origin': '*', 'x-dns-prefetch-control': 'off', 'x-frame-options': 'SAMEORIGIN', 'strict-transport-security': 'max-age=15552000; includeSubDomains', 'x-download-options': 'noopen', 'x-content-type-options': 'nosniff', 'x-xss-protection': '1; mode=block', 'content-type': 'application/json; charset=utf-8', 'x-cloud-trace-context': 'a4c6eb3c5fee8321d748e6968317cd1e', 'date': 'Fri, 06 Jun 2025 02:40:56 GMT', 'server': 'Google Frontend', 'Content-Length': '150'} 
 body={
    "message": "Produto não encontrado",
    "item": {
        "idProduto": "sGxVqSWlksKiXhyZ",
        "quantidade": 1,
        "index": 0
    }
} 
 </msg>
<msg time="2025-06-05T23:40:56.254277" level="INFO">${response} = &lt;Response [400]&gt;</msg>
<var>${response}</var>
<arg>ServeRest</arg>
<arg>/carrinhos</arg>
<arg>headers=${headers}</arg>
<arg>json=${payload}</arg>
<arg>expected_status=ANY</arg>
<doc>Sends a POST request on a previously created HTTP Session.</doc>
<status status="PASS" start="2025-06-05T23:40:56.085986" elapsed="0.168291"/>
</kw>
<kw name="Log To Console" owner="BuiltIn">
<arg>Carrinho criado com produto inválido: ${response.content}</arg>
<doc>Logs the given message to the console.</doc>
<status status="PASS" start="2025-06-05T23:40:56.254277" elapsed="0.001000"/>
</kw>
<kw name="Set Global Variable" owner="BuiltIn">
<msg time="2025-06-05T23:40:56.255277" level="INFO">${response} = &lt;Response [400]&gt;</msg>
<arg>${response}</arg>
<doc>Makes a variable available globally in all tests and suites.</doc>
<status status="PASS" start="2025-06-05T23:40:56.255277" elapsed="0.000000"/>
</kw>
<status status="PASS" start="2025-06-05T23:40:56.082973" elapsed="0.173304"/>
</kw>
<kw name="Validar Status Code" owner="common">
<kw name="Should Be Equal As Integers" owner="BuiltIn">
<msg time="2025-06-05T23:40:56.257277" level="INFO">Argument types are:
&lt;class 'int'&gt;
&lt;class 'str'&gt;</msg>
<arg>${response.status_code}</arg>
<arg>${status_esperado}</arg>
<doc>Fails if objects are unequal after converting them to integers.</doc>
<status status="PASS" start="2025-06-05T23:40:56.256277" elapsed="0.001000"/>
</kw>
<arg>400</arg>
<status status="PASS" start="2025-06-05T23:40:56.256277" elapsed="0.001000"/>
</kw>
<kw name="Sleep" owner="BuiltIn" type="TEARDOWN">
<msg time="2025-06-05T23:40:56.258277" level="INFO">Slept 0 seconds.</msg>
<arg>${global_delay}</arg>
<doc>Pauses the test executed for the given time.</doc>
<status status="PASS" start="2025-06-05T23:40:56.258277" elapsed="0.000000"/>
</kw>
<tag>CT020</tag>
<tag>POSTCARRINHO</tag>
<status status="PASS" start="2025-06-05T23:40:55.723255" elapsed="0.535022"/>
</test>
<test id="s1-s1-t3" name="Cenário: POST Criar Carrinho com Produto Duplicado - 400" line="28">
<kw name="Criar Usuário Dinâmico" owner="usuarios_keywords">
<kw name="First Name" owner="FakerLibrary">
<msg time="2025-06-05T23:40:56.260263" level="INFO">${nome} = Omar</msg>
<var>${nome}</var>
<status status="PASS" start="2025-06-05T23:40:56.259262" elapsed="0.001001"/>
</kw>
<kw name="Email" owner="FakerLibrary">
<msg time="2025-06-05T23:40:56.260263" level="INFO">${email} = john49@example.org</msg>
<var>${email}</var>
<status status="PASS" start="2025-06-05T23:40:56.260263" elapsed="0.000000"/>
</kw>
<kw name="Password" owner="FakerLibrary">
<msg time="2025-06-05T23:40:56.261262" level="INFO">${senha} = 8rHKEfpz+w</msg>
<var>${senha}</var>
<doc>Generate a random password of the specified ``length``.</doc>
<status status="PASS" start="2025-06-05T23:40:56.261262" elapsed="0.000000"/>
</kw>
<kw name="Sanitizar Senha" owner="common">
<kw name="Set Variable" owner="BuiltIn">
<msg time="2025-06-05T23:40:56.262262" level="INFO">${s} = 8rHKEfpz+w</msg>
<var>${s}</var>
<arg>${senha_original}</arg>
<doc>Returns the given values which can then be assigned to a variables.</doc>
<status status="PASS" start="2025-06-05T23:40:56.262262" elapsed="0.000000"/>
</kw>
<kw name="Replace String" owner="String">
<msg time="2025-06-05T23:40:56.263277" level="INFO">${s} = 8rHKEfpz+w</msg>
<var>${s}</var>
<arg>${s}</arg>
<arg>\${</arg>
<arg>_</arg>
<doc>Replaces ``search_for`` in the given ``string`` with ``replace_with``.</doc>
<status status="PASS" start="2025-06-05T23:40:56.262262" elapsed="0.001015"/>
</kw>
<kw name="Replace String" owner="String">
<msg time="2025-06-05T23:40:56.263277" level="INFO">${s} = 8rHKEfpz+w</msg>
<var>${s}</var>
<arg>${s}</arg>
<arg>}</arg>
<arg>_</arg>
<doc>Replaces ``search_for`` in the given ``string`` with ``replace_with``.</doc>
<status status="PASS" start="2025-06-05T23:40:56.263277" elapsed="0.000000"/>
</kw>
<kw name="Replace String" owner="String">
<msg time="2025-06-05T23:40:56.263277" level="INFO">${s} = 8rHKEfpz+w</msg>
<var>${s}</var>
<arg>${s}</arg>
<arg>&amp;</arg>
<arg>_</arg>
<doc>Replaces ``search_for`` in the given ``string`` with ``replace_with``.</doc>
<status status="PASS" start="2025-06-05T23:40:56.263277" elapsed="0.000000"/>
</kw>
<kw name="Replace String" owner="String">
<msg time="2025-06-05T23:40:56.264278" level="INFO">${s} = 8rHKEfpz+w</msg>
<var>${s}</var>
<arg>${s}</arg>
<arg>=</arg>
<arg>_</arg>
<doc>Replaces ``search_for`` in the given ``string`` with ``replace_with``.</doc>
<status status="PASS" start="2025-06-05T23:40:56.264278" elapsed="0.000000"/>
</kw>
<kw name="Replace String" owner="String">
<msg time="2025-06-05T23:40:56.264278" level="INFO">${s} = 8rHKEfpz+w</msg>
<var>${s}</var>
<arg>${s}</arg>
<arg>*</arg>
<arg>_</arg>
<doc>Replaces ``search_for`` in the given ``string`` with ``replace_with``.</doc>
<status status="PASS" start="2025-06-05T23:40:56.264278" elapsed="0.000000"/>
</kw>
<kw name="Replace String" owner="String">
<msg time="2025-06-05T23:40:56.265276" level="INFO">${s} = 8rHKEfpz+w</msg>
<var>${s}</var>
<arg>${s}</arg>
<arg>"</arg>
<arg>_</arg>
<doc>Replaces ``search_for`` in the given ``string`` with ``replace_with``.</doc>
<status status="PASS" start="2025-06-05T23:40:56.264278" elapsed="0.000998"/>
</kw>
<kw name="Replace String" owner="String">
<msg time="2025-06-05T23:40:56.265276" level="INFO">${s} = 8rHKEfpz+w</msg>
<var>${s}</var>
<arg>${s}</arg>
<arg>'</arg>
<arg>_</arg>
<doc>Replaces ``search_for`` in the given ``string`` with ``replace_with``.</doc>
<status status="PASS" start="2025-06-05T23:40:56.265276" elapsed="0.000000"/>
</kw>
<return>
<value>${s}</value>
<status status="PASS" start="2025-06-05T23:40:56.265276" elapsed="0.000000"/>
</return>
<msg time="2025-06-05T23:40:56.265276" level="INFO">${senha} = 8rHKEfpz+w</msg>
<var>${senha}</var>
<arg>${senha}</arg>
<status status="PASS" start="2025-06-05T23:40:56.261262" elapsed="0.004014"/>
</kw>
<kw name="Set Suite Variable" owner="BuiltIn">
<msg time="2025-06-05T23:40:56.266277" level="INFO">${nome} = Omar</msg>
<arg>${nome}</arg>
<arg>${nome}</arg>
<doc>Makes a variable available everywhere within the scope of the current suite.</doc>
<status status="PASS" start="2025-06-05T23:40:56.266277" elapsed="0.000000"/>
</kw>
<kw name="Set Suite Variable" owner="BuiltIn">
<msg time="2025-06-05T23:40:56.267263" level="INFO">${email} = john49@example.org</msg>
<arg>${email}</arg>
<arg>${email}</arg>
<doc>Makes a variable available everywhere within the scope of the current suite.</doc>
<status status="PASS" start="2025-06-05T23:40:56.266277" elapsed="0.000986"/>
</kw>
<kw name="Set Suite Variable" owner="BuiltIn">
<msg time="2025-06-05T23:40:56.267263" level="INFO">${senha} = 8rHKEfpz+w</msg>
<arg>${senha}</arg>
<arg>${senha}</arg>
<doc>Makes a variable available everywhere within the scope of the current suite.</doc>
<status status="PASS" start="2025-06-05T23:40:56.267263" elapsed="0.000000"/>
</kw>
<kw name="Create Dictionary" owner="BuiltIn">
<msg time="2025-06-05T23:40:56.268263" level="INFO">&amp;{payload} = { nome=Omar | email=john49@example.org | password=8rHKEfpz+w | administrador=true }</msg>
<var>&amp;{payload}</var>
<arg>nome=${nome}</arg>
<arg>email=${email}</arg>
<arg>password=${senha}</arg>
<arg>administrador=true</arg>
<doc>Creates and returns a dictionary based on the given ``items``.</doc>
<status status="PASS" start="2025-06-05T23:40:56.267263" elapsed="0.001000"/>
</kw>
<kw name="POST On Session" owner="RequestsLibrary">
<msg time="2025-06-05T23:40:56.453726" level="INFO">POST Request : url=https://compassuol.serverest.dev/usuarios 
 path_url=/usuarios 
 headers={'User-Agent': 'python-requests/2.32.3', 'Accept-Encoding': 'gzip, deflate, br', 'Accept': '*/*', 'Connection': 'keep-alive', 'Content-Length': '77', 'Content-Type': 'application/x-www-form-urlencoded'} 
 body=nome=Omar&amp;email=john49%40example.org&amp;password=8rHKEfpz%2Bw&amp;administrador=true 
 </msg>
<msg time="2025-06-05T23:40:56.453726" level="INFO">POST Response : url=https://compassuol.serverest.dev/usuarios 
 status=201, reason=Created 
 headers={'access-control-allow-origin': '*', 'x-dns-prefetch-control': 'off', 'x-frame-options': 'SAMEORIGIN', 'strict-transport-security': 'max-age=15552000; includeSubDomains', 'x-download-options': 'noopen', 'x-content-type-options': 'nosniff', 'x-xss-protection': '1; mode=block', 'content-type': 'application/json; charset=utf-8', 'x-cloud-trace-context': '1c0517f2df3fb63ad748e6968317c2c9', 'date': 'Fri, 06 Jun 2025 02:40:56 GMT', 'server': 'Google Frontend', 'Content-Length': '82'} 
 body={
    "message": "Cadastro realizado com sucesso",
    "_id": "cWfDDByyki9dfuH7"
} 
 </msg>
<msg time="2025-06-05T23:40:56.453726" level="INFO">${response} = &lt;Response [201]&gt;</msg>
<var>${response}</var>
<arg>ServeRest</arg>
<arg>/usuarios</arg>
<arg>data=${payload}</arg>
<doc>Sends a POST request on a previously created HTTP Session.</doc>
<status status="PASS" start="2025-06-05T23:40:56.268263" elapsed="0.186464"/>
</kw>
<kw name="Set Global Variable" owner="BuiltIn">
<msg time="2025-06-05T23:40:56.456727" level="INFO">${id_usuario} = cWfDDByyki9dfuH7</msg>
<arg>${id_usuario}</arg>
<arg>${response.json()["_id"]}</arg>
<doc>Makes a variable available globally in all tests and suites.</doc>
<status status="PASS" start="2025-06-05T23:40:56.454727" elapsed="0.002000"/>
</kw>
<status status="PASS" start="2025-06-05T23:40:56.259262" elapsed="0.198466"/>
</kw>
<kw name="Realizar Login Com Usuário Dinâmico" owner="login_keywords">
<kw name="Create Dictionary" owner="BuiltIn">
<msg time="2025-06-05T23:40:56.459725" level="INFO">&amp;{payload} = { email=john49@example.org | password=8rHKEfpz+w }</msg>
<var>&amp;{payload}</var>
<arg>email=${email}</arg>
<arg>password=${senha}</arg>
<doc>Creates and returns a dictionary based on the given ``items``.</doc>
<status status="PASS" start="2025-06-05T23:40:56.458724" elapsed="0.001001"/>
</kw>
<kw name="POST On Session" owner="RequestsLibrary">
<msg time="2025-06-05T23:40:56.640716" level="INFO">POST Request : url=https://compassuol.serverest.dev/login 
 path_url=/login 
 headers={'User-Agent': 'python-requests/2.32.3', 'Accept-Encoding': 'gzip, deflate, br', 'Accept': '*/*', 'Connection': 'keep-alive', 'Content-Length': '48', 'Content-Type': 'application/x-www-form-urlencoded'} 
 body=email=john49%40example.org&amp;password=8rHKEfpz%2Bw 
 </msg>
<msg time="2025-06-05T23:40:56.640716" level="INFO">POST Response : url=https://compassuol.serverest.dev/login 
 status=200, reason=OK 
 headers={'access-control-allow-origin': '*', 'x-dns-prefetch-control': 'off', 'x-frame-options': 'SAMEORIGIN', 'strict-transport-security': 'max-age=15552000; includeSubDomains', 'x-download-options': 'noopen', 'x-content-type-options': 'nosniff', 'x-xss-protection': '1; mode=block', 'content-type': 'application/json; charset=utf-8', 'x-cloud-trace-context': 'b3ac66d4495672bdd748e6968317c0d5', 'date': 'Fri, 06 Jun 2025 02:40:56 GMT', 'server': 'Google Frontend', 'Content-Length': '279'} 
 body={
    "message": "Login realizado com sucesso",
    "authorization": "Bearer eyJhbGciOiJIUzI1NiIsInR5cCI6IkpXVCJ9.eyJlbWFpbCI6ImpvaG40OUBleGFtcGxlLm9yZyIsInBhc3N3b3JkIjoiOHJIS0VmcHordyIsImlhdCI6MTc0OTE3NzY1NiwiZXhwIjoxNzQ5MTc4MjU2fQ.VeWpO-cybMmBJFHKThknOYBPGvRzyPqbEzaO7RASq9k"
} 
 </msg>
<msg time="2025-06-05T23:40:56.640716" level="INFO">${response} = &lt;Response [200]&gt;</msg>
<var>${response}</var>
<arg>ServeRest</arg>
<arg>/login</arg>
<arg>data=${payload}</arg>
<doc>Sends a POST request on a previously created HTTP Session.</doc>
<status status="PASS" start="2025-06-05T23:40:56.460727" elapsed="0.179989"/>
</kw>
<kw name="Set Global Variable" owner="BuiltIn">
<msg time="2025-06-05T23:40:56.642700" level="INFO">${auth_token} = Bearer eyJhbGciOiJIUzI1NiIsInR5cCI6IkpXVCJ9.eyJlbWFpbCI6ImpvaG40OUBleGFtcGxlLm9yZyIsInBhc3N3b3JkIjoiOHJIS0VmcHordyIsImlhdCI6MTc0OTE3NzY1NiwiZXhwIjoxNzQ5MTc4MjU2fQ.VeWpO-cybMmBJFHKThknOYBPGvRzyPqbEzaO7...</msg>
<arg>${auth_token}</arg>
<arg>${response.json()["authorization"]}</arg>
<doc>Makes a variable available globally in all tests and suites.</doc>
<status status="PASS" start="2025-06-05T23:40:56.641700" elapsed="0.001000"/>
</kw>
<status status="PASS" start="2025-06-05T23:40:56.457728" elapsed="0.184972"/>
</kw>
<kw name="Criar Produto Para Carrinho" owner="produtos_keywords">
<kw name="Word" owner="FakerLibrary">
<msg time="2025-06-05T23:40:56.643700" level="INFO">${palavra} = beyond</msg>
<var>${palavra}</var>
<doc>Generate a word.</doc>
<status status="PASS" start="2025-06-05T23:40:56.643700" elapsed="0.000000"/>
</kw>
<kw name="Random Int" owner="FakerLibrary">
<msg time="2025-06-05T23:40:56.643700" level="INFO">${numero} = 4331</msg>
<var>${numero}</var>
<arg>1000</arg>
<arg>9999</arg>
<doc>Generate a random integer between two integers ``min`` and ``max`` inclusive
while observing the provided ``step`` value.</doc>
<status status="PASS" start="2025-06-05T23:40:56.643700" elapsed="0.000000"/>
</kw>
<kw name="Set Variable" owner="BuiltIn">
<msg time="2025-06-05T23:40:56.644701" level="INFO">${nome_produto} = beyond_4331</msg>
<var>${nome_produto}</var>
<arg>${palavra}_${numero}</arg>
<doc>Returns the given values which can then be assigned to a variables.</doc>
<status status="PASS" start="2025-06-05T23:40:56.644701" elapsed="0.000000"/>
</kw>
<kw name="Set Variable" owner="BuiltIn">
<msg time="2025-06-05T23:40:56.644701" level="INFO">${preco} = 199</msg>
<var>${preco}</var>
<arg>199</arg>
<doc>Returns the given values which can then be assigned to a variables.</doc>
<status status="PASS" start="2025-06-05T23:40:56.644701" elapsed="0.000000"/>
</kw>
<kw name="Set Variable" owner="BuiltIn">
<msg time="2025-06-05T23:40:56.645713" level="INFO">${descricao} = Produto do Carrinho</msg>
<var>${descricao}</var>
<arg>Produto do Carrinho</arg>
<doc>Returns the given values which can then be assigned to a variables.</doc>
<status status="PASS" start="2025-06-05T23:40:56.644701" elapsed="0.001012"/>
</kw>
<kw name="Set Variable" owner="BuiltIn">
<msg time="2025-06-05T23:40:56.645713" level="INFO">${quantidade} = 5</msg>
<var>${quantidade}</var>
<arg>5</arg>
<doc>Returns the given values which can then be assigned to a variables.</doc>
<status status="PASS" start="2025-06-05T23:40:56.645713" elapsed="0.000000"/>
</kw>
<kw name="Create Dictionary" owner="BuiltIn">
<msg time="2025-06-05T23:40:56.646704" level="INFO">&amp;{headers} = { Authorization=Bearer eyJhbGciOiJIUzI1NiIsInR5cCI6IkpXVCJ9.eyJlbWFpbCI6ImpvaG40OUBleGFtcGxlLm9yZyIsInBhc3N3b3JkIjoiOHJIS0VmcHordyIsImlhdCI6MTc0OTE3NzY1NiwiZXhwIjoxNzQ5MTc4MjU2fQ.VeWpO-cybMmBJFHKThknO...</msg>
<var>&amp;{headers}</var>
<arg>Authorization=${auth_token}</arg>
<doc>Creates and returns a dictionary based on the given ``items``.</doc>
<status status="PASS" start="2025-06-05T23:40:56.645713" elapsed="0.000991"/>
</kw>
<kw name="Create Dictionary" owner="BuiltIn">
<msg time="2025-06-05T23:40:56.646704" level="INFO">&amp;{payload} = { nome=beyond_4331 | preco=199 | descricao=Produto do Carrinho | quantidade=5 }</msg>
<var>&amp;{payload}</var>
<arg>nome=${nome_produto}</arg>
<arg>preco=${preco}</arg>
<arg>descricao=${descricao}</arg>
<arg>quantidade=${quantidade}</arg>
<doc>Creates and returns a dictionary based on the given ``items``.</doc>
<status status="PASS" start="2025-06-05T23:40:56.646704" elapsed="0.000993"/>
</kw>
<kw name="POST On Session" owner="RequestsLibrary">
<msg time="2025-06-05T23:40:56.838786" level="INFO">POST Request : url=https://compassuol.serverest.dev/produtos 
 path_url=/produtos 
 headers={'User-Agent': 'python-requests/2.32.3', 'Accept-Encoding': 'gzip, deflate, br', 'Accept': '*/*', 'Connection': 'keep-alive', 'Authorization': 'Bearer eyJhbGciOiJIUzI1NiIsInR5cCI6IkpXVCJ9.eyJlbWFpbCI6ImpvaG40OUBleGFtcGxlLm9yZyIsInBhc3N3b3JkIjoiOHJIS0VmcHordyIsImlhdCI6MTc0OTE3NzY1NiwiZXhwIjoxNzQ5MTc4MjU2fQ.VeWpO-cybMmBJFHKThknOYBPGvRzyPqbEzaO7RASq9k', 'Content-Length': '69', 'Content-Type': 'application/x-www-form-urlencoded'} 
 body=nome=beyond_4331&amp;preco=199&amp;descricao=Produto+do+Carrinho&amp;quantidade=5 
 </msg>
<msg time="2025-06-05T23:40:56.838786" level="INFO">POST Response : url=https://compassuol.serverest.dev/produtos 
 status=201, reason=Created 
 headers={'access-control-allow-origin': '*', 'x-dns-prefetch-control': 'off', 'x-frame-options': 'SAMEORIGIN', 'strict-transport-security': 'max-age=15552000; includeSubDomains', 'x-download-options': 'noopen', 'x-content-type-options': 'nosniff', 'x-xss-protection': '1; mode=block', 'content-type': 'application/json; charset=utf-8', 'x-cloud-trace-context': '44d91358f43821ddd748e6968317c804', 'date': 'Fri, 06 Jun 2025 02:40:57 GMT', 'server': 'Google Frontend', 'Content-Length': '82'} 
 body={
    "message": "Cadastro realizado com sucesso",
    "_id": "pzGRSBzkAyVKD6tB"
} 
 </msg>
<msg time="2025-06-05T23:40:56.839789" level="INFO">${response} = &lt;Response [201]&gt;</msg>
<var>${response}</var>
<arg>ServeRest</arg>
<arg>/produtos</arg>
<arg>headers=${headers}</arg>
<arg>data=${payload}</arg>
<arg>expected_status=ANY</arg>
<doc>Sends a POST request on a previously created HTTP Session.</doc>
<status status="PASS" start="2025-06-05T23:40:56.647697" elapsed="0.192092"/>
</kw>
<kw name="Log To Console" owner="BuiltIn">
<arg>Produto criado: ${response.content}</arg>
<doc>Logs the given message to the console.</doc>
<status status="PASS" start="2025-06-05T23:40:56.839789" elapsed="0.000999"/>
</kw>
<kw name="Should Be Equal As Integers" owner="BuiltIn">
<msg time="2025-06-05T23:40:56.842788" level="INFO">Argument types are:
&lt;class 'int'&gt;
&lt;class 'str'&gt;</msg>
<arg>${response.status_code}</arg>
<arg>201</arg>
<doc>Fails if objects are unequal after converting them to integers.</doc>
<status status="PASS" start="2025-06-05T23:40:56.840788" elapsed="0.002000"/>
</kw>
<kw name="Set Variable" owner="BuiltIn">
<msg time="2025-06-05T23:40:56.843787" level="INFO">${id_produto} = pzGRSBzkAyVKD6tB</msg>
<var>${id_produto}</var>
<arg>${response.json()["_id"]}</arg>
<doc>Returns the given values which can then be assigned to a variables.</doc>
<status status="PASS" start="2025-06-05T23:40:56.843787" elapsed="0.000000"/>
</kw>
<kw name="Set Suite Variable" owner="BuiltIn">
<msg time="2025-06-05T23:40:56.844791" level="INFO">${id_produto} = pzGRSBzkAyVKD6tB</msg>
<arg>${id_produto}</arg>
<doc>Makes a variable available everywhere within the scope of the current suite.</doc>
<status status="PASS" start="2025-06-05T23:40:56.844791" elapsed="0.000000"/>
</kw>
<kw name="Set Suite Variable" owner="BuiltIn">
<msg time="2025-06-05T23:40:56.844791" level="INFO">${nome_produto} = beyond_4331</msg>
<arg>${nome_produto}</arg>
<doc>Makes a variable available everywhere within the scope of the current suite.</doc>
<status status="PASS" start="2025-06-05T23:40:56.844791" elapsed="0.000000"/>
</kw>
<status status="PASS" start="2025-06-05T23:40:56.642700" elapsed="0.202091"/>
</kw>
<kw name="Criar Carrinho Com Produto Duplicado" owner="carrinhos_keywords">
<kw name="Should Not Be Empty" owner="BuiltIn">
<msg time="2025-06-05T23:40:56.845787" level="INFO">Length is 16.</msg>
<arg>${id_produto}</arg>
<doc>Verifies that the given item is not empty.</doc>
<status status="PASS" start="2025-06-05T23:40:56.845787" elapsed="0.000999"/>
</kw>
<kw name="Log To Console" owner="BuiltIn">
<arg>ID do produto duplicado: ${id_produto}</arg>
<doc>Logs the given message to the console.</doc>
<status status="PASS" start="2025-06-05T23:40:56.846786" elapsed="0.000000"/>
</kw>
<kw name="Create Dictionary" owner="BuiltIn">
<msg time="2025-06-05T23:40:56.847785" level="INFO">&amp;{headers} = { Authorization=Bearer eyJhbGciOiJIUzI1NiIsInR5cCI6IkpXVCJ9.eyJlbWFpbCI6ImpvaG40OUBleGFtcGxlLm9yZyIsInBhc3N3b3JkIjoiOHJIS0VmcHordyIsImlhdCI6MTc0OTE3NzY1NiwiZXhwIjoxNzQ5MTc4MjU2fQ.VeWpO-cybMmBJFHKThknO...</msg>
<var>&amp;{headers}</var>
<arg>Authorization=${auth_token}</arg>
<arg>Content-Type=application/json</arg>
<doc>Creates and returns a dictionary based on the given ``items``.</doc>
<status status="PASS" start="2025-06-05T23:40:56.846786" elapsed="0.000999"/>
</kw>
<kw name="Create Dictionary" owner="BuiltIn">
<msg time="2025-06-05T23:40:56.847785" level="INFO">&amp;{produto1} = { idProduto=pzGRSBzkAyVKD6tB | quantidade=1 }</msg>
<var>&amp;{produto1}</var>
<arg>idProduto=${id_produto}</arg>
<arg>quantidade=1</arg>
<doc>Creates and returns a dictionary based on the given ``items``.</doc>
<status status="PASS" start="2025-06-05T23:40:56.847785" elapsed="0.000000"/>
</kw>
<kw name="Create Dictionary" owner="BuiltIn">
<msg time="2025-06-05T23:40:56.848785" level="INFO">&amp;{produto2} = { idProduto=pzGRSBzkAyVKD6tB | quantidade=2 }</msg>
<var>&amp;{produto2}</var>
<arg>idProduto=${id_produto}</arg>
<arg>quantidade=2</arg>
<doc>Creates and returns a dictionary based on the given ``items``.</doc>
<status status="PASS" start="2025-06-05T23:40:56.847785" elapsed="0.001000"/>
</kw>
<kw name="Create List" owner="BuiltIn">
<msg time="2025-06-05T23:40:56.848785" level="INFO">@{lista_produtos} = [ {'idProduto': 'pzGRSBzkAyVKD6tB', 'quantidade': '1'} | {'idProduto': 'pzGRSBzkAyVKD6tB', 'quantidade': '2'} ]</msg>
<var>@{lista_produtos}</var>
<arg>${produto1}</arg>
<arg>${produto2}</arg>
<doc>Returns a list containing given items.</doc>
<status status="PASS" start="2025-06-05T23:40:56.848785" elapsed="0.000000"/>
</kw>
<kw name="Create Dictionary" owner="BuiltIn">
<msg time="2025-06-05T23:40:56.849787" level="INFO">&amp;{payload} = { produtos=[{'idProduto': 'pzGRSBzkAyVKD6tB', 'quantidade': '1'}, {'idProduto': 'pzGRSBzkAyVKD6tB', 'quantidade': '2'}] }</msg>
<var>&amp;{payload}</var>
<arg>produtos=${lista_produtos}</arg>
<doc>Creates and returns a dictionary based on the given ``items``.</doc>
<status status="PASS" start="2025-06-05T23:40:56.848785" elapsed="0.001002"/>
</kw>
<kw name="Evaluate" owner="BuiltIn">
<msg time="2025-06-05T23:40:56.849787" level="INFO">${json_payload} = {"produtos": [{"idProduto": "pzGRSBzkAyVKD6tB", "quantidade": "1"}, {"idProduto": "pzGRSBzkAyVKD6tB", "quantidade": "2"}]}</msg>
<var>${json_payload}</var>
<arg>json.dumps(${payload})</arg>
<arg>json</arg>
<doc>Evaluates the given expression in Python and returns the result.</doc>
<status status="PASS" start="2025-06-05T23:40:56.849787" elapsed="0.000000"/>
</kw>
<kw name="POST On Session" owner="RequestsLibrary">
<msg time="2025-06-05T23:40:57.013913" level="INFO">POST Request : url=https://compassuol.serverest.dev/carrinhos 
 path_url=/carrinhos 
 headers={'User-Agent': 'python-requests/2.32.3', 'Accept-Encoding': 'gzip, deflate, br', 'Accept': '*/*', 'Connection': 'keep-alive', 'Authorization': 'Bearer eyJhbGciOiJIUzI1NiIsInR5cCI6IkpXVCJ9.eyJlbWFpbCI6ImpvaG40OUBleGFtcGxlLm9yZyIsInBhc3N3b3JkIjoiOHJIS0VmcHordyIsImlhdCI6MTc0OTE3NzY1NiwiZXhwIjoxNzQ5MTc4MjU2fQ.VeWpO-cybMmBJFHKThknOYBPGvRzyPqbEzaO7RASq9k', 'Content-Type': 'application/json', 'Content-Length': '122'} 
 body={"produtos": [{"idProduto": "pzGRSBzkAyVKD6tB", "quantidade": "1"}, {"idProduto": "pzGRSBzkAyVKD6tB", "quantidade": "2"}]} 
 </msg>
<msg time="2025-06-05T23:40:57.013913" level="INFO">POST Response : url=https://compassuol.serverest.dev/carrinhos 
 status=400, reason=Bad Request 
 headers={'access-control-allow-origin': '*', 'x-dns-prefetch-control': 'off', 'x-frame-options': 'SAMEORIGIN', 'strict-transport-security': 'max-age=15552000; includeSubDomains', 'x-download-options': 'noopen', 'x-content-type-options': 'nosniff', 'x-xss-protection': '1; mode=block', 'content-type': 'application/json; charset=utf-8', 'x-cloud-trace-context': '2e46eb4bb72f1c38d748e6968317c01e', 'date': 'Fri, 06 Jun 2025 02:40:57 GMT', 'server': 'Google Frontend', 'Content-Length': '128'} 
 body={
    "message": "Não é permitido possuir produto duplicado",
    "idProdutosDuplicados": [
        "pzGRSBzkAyVKD6tB"
    ]
} 
 </msg>
<msg time="2025-06-05T23:40:57.013913" level="INFO">${response} = &lt;Response [400]&gt;</msg>
<var>${response}</var>
<arg>ServeRest</arg>
<arg>/carrinhos</arg>
<arg>headers=${headers}</arg>
<arg>data=${json_payload}</arg>
<arg>expected_status=ANY</arg>
<doc>Sends a POST request on a previously created HTTP Session.</doc>
<status status="PASS" start="2025-06-05T23:40:56.850788" elapsed="0.163125"/>
</kw>
<kw name="Log To Console" owner="BuiltIn">
<arg>Resposta com produto duplicado: ${response.content}</arg>
<doc>Logs the given message to the console.</doc>
<status status="PASS" start="2025-06-05T23:40:57.013913" elapsed="0.001001"/>
</kw>
<kw name="Set Global Variable" owner="BuiltIn">
<msg time="2025-06-05T23:40:57.015912" level="INFO">${response} = &lt;Response [400]&gt;</msg>
<arg>${response}</arg>
<doc>Makes a variable available globally in all tests and suites.</doc>
<status status="PASS" start="2025-06-05T23:40:57.014914" elapsed="0.000998"/>
</kw>
<status status="PASS" start="2025-06-05T23:40:56.845787" elapsed="0.170125"/>
</kw>
<kw name="Validar Status Code" owner="common">
<kw name="Should Be Equal As Integers" owner="BuiltIn">
<msg time="2025-06-05T23:40:57.017899" level="INFO">Argument types are:
&lt;class 'int'&gt;
&lt;class 'str'&gt;</msg>
<arg>${response.status_code}</arg>
<arg>${status_esperado}</arg>
<doc>Fails if objects are unequal after converting them to integers.</doc>
<status status="PASS" start="2025-06-05T23:40:57.016899" elapsed="0.001000"/>
</kw>
<arg>400</arg>
<status status="PASS" start="2025-06-05T23:40:57.015912" elapsed="0.001987"/>
</kw>
<kw name="Sleep" owner="BuiltIn" type="TEARDOWN">
<msg time="2025-06-05T23:40:57.017899" level="INFO">Slept 0 seconds.</msg>
<arg>${global_delay}</arg>
<doc>Pauses the test executed for the given time.</doc>
<status status="PASS" start="2025-06-05T23:40:57.017899" elapsed="0.000000"/>
</kw>
<tag>CT021</tag>
<tag>POSTCARRINHO</tag>
<status status="PASS" start="2025-06-05T23:40:56.258277" elapsed="0.760623"/>
</test>
<test id="s1-s1-t4" name="Cenário: POST Criar Segundo Carrinho para o Mesmo Usuário - 400" line="36">
<kw name="Criar Usuário Dinâmico" owner="usuarios_keywords">
<kw name="First Name" owner="FakerLibrary">
<msg time="2025-06-05T23:40:57.019897" level="INFO">${nome} = Dana</msg>
<var>${nome}</var>
<status status="PASS" start="2025-06-05T23:40:57.019897" elapsed="0.000000"/>
</kw>
<kw name="Email" owner="FakerLibrary">
<msg time="2025-06-05T23:40:57.020897" level="INFO">${email} = fmartinez@example.net</msg>
<var>${email}</var>
<status status="PASS" start="2025-06-05T23:40:57.020897" elapsed="0.000000"/>
</kw>
<kw name="Password" owner="FakerLibrary">
<msg time="2025-06-05T23:40:57.020897" level="INFO">${senha} = ^$5*3zQfzi</msg>
<var>${senha}</var>
<doc>Generate a random password of the specified ``length``.</doc>
<status status="PASS" start="2025-06-05T23:40:57.020897" elapsed="0.000000"/>
</kw>
<kw name="Sanitizar Senha" owner="common">
<kw name="Set Variable" owner="BuiltIn">
<msg time="2025-06-05T23:40:57.021913" level="INFO">${s} = ^$5*3zQfzi</msg>
<var>${s}</var>
<arg>${senha_original}</arg>
<doc>Returns the given values which can then be assigned to a variables.</doc>
<status status="PASS" start="2025-06-05T23:40:57.021913" elapsed="0.000000"/>
</kw>
<kw name="Replace String" owner="String">
<msg time="2025-06-05T23:40:57.022915" level="INFO">${s} = ^$5*3zQfzi</msg>
<var>${s}</var>
<arg>${s}</arg>
<arg>\${</arg>
<arg>_</arg>
<doc>Replaces ``search_for`` in the given ``string`` with ``replace_with``.</doc>
<status status="PASS" start="2025-06-05T23:40:57.022915" elapsed="0.000000"/>
</kw>
<kw name="Replace String" owner="String">
<msg time="2025-06-05T23:40:57.022915" level="INFO">${s} = ^$5*3zQfzi</msg>
<var>${s}</var>
<arg>${s}</arg>
<arg>}</arg>
<arg>_</arg>
<doc>Replaces ``search_for`` in the given ``string`` with ``replace_with``.</doc>
<status status="PASS" start="2025-06-05T23:40:57.022915" elapsed="0.000000"/>
</kw>
<kw name="Replace String" owner="String">
<msg time="2025-06-05T23:40:57.023903" level="INFO">${s} = ^$5*3zQfzi</msg>
<var>${s}</var>
<arg>${s}</arg>
<arg>&amp;</arg>
<arg>_</arg>
<doc>Replaces ``search_for`` in the given ``string`` with ``replace_with``.</doc>
<status status="PASS" start="2025-06-05T23:40:57.022915" elapsed="0.000988"/>
</kw>
<kw name="Replace String" owner="String">
<msg time="2025-06-05T23:40:57.023903" level="INFO">${s} = ^$5*3zQfzi</msg>
<var>${s}</var>
<arg>${s}</arg>
<arg>=</arg>
<arg>_</arg>
<doc>Replaces ``search_for`` in the given ``string`` with ``replace_with``.</doc>
<status status="PASS" start="2025-06-05T23:40:57.023903" elapsed="0.000000"/>
</kw>
<kw name="Replace String" owner="String">
<msg time="2025-06-05T23:40:57.024902" level="INFO">${s} = ^$5_3zQfzi</msg>
<var>${s}</var>
<arg>${s}</arg>
<arg>*</arg>
<arg>_</arg>
<doc>Replaces ``search_for`` in the given ``string`` with ``replace_with``.</doc>
<status status="PASS" start="2025-06-05T23:40:57.023903" elapsed="0.000999"/>
</kw>
<kw name="Replace String" owner="String">
<msg time="2025-06-05T23:40:57.024902" level="INFO">${s} = ^$5_3zQfzi</msg>
<var>${s}</var>
<arg>${s}</arg>
<arg>"</arg>
<arg>_</arg>
<doc>Replaces ``search_for`` in the given ``string`` with ``replace_with``.</doc>
<status status="PASS" start="2025-06-05T23:40:57.024902" elapsed="0.000000"/>
</kw>
<kw name="Replace String" owner="String">
<msg time="2025-06-05T23:40:57.024902" level="INFO">${s} = ^$5_3zQfzi</msg>
<var>${s}</var>
<arg>${s}</arg>
<arg>'</arg>
<arg>_</arg>
<doc>Replaces ``search_for`` in the given ``string`` with ``replace_with``.</doc>
<status status="PASS" start="2025-06-05T23:40:57.024902" elapsed="0.000000"/>
</kw>
<return>
<value>${s}</value>
<status status="PASS" start="2025-06-05T23:40:57.025900" elapsed="0.000000"/>
</return>
<msg time="2025-06-05T23:40:57.025900" level="INFO">${senha} = ^$5_3zQfzi</msg>
<var>${senha}</var>
<arg>${senha}</arg>
<status status="PASS" start="2025-06-05T23:40:57.021913" elapsed="0.003987"/>
</kw>
<kw name="Set Suite Variable" owner="BuiltIn">
<msg time="2025-06-05T23:40:57.025900" level="INFO">${nome} = Dana</msg>
<arg>${nome}</arg>
<arg>${nome}</arg>
<doc>Makes a variable available everywhere within the scope of the current suite.</doc>
<status status="PASS" start="2025-06-05T23:40:57.025900" elapsed="0.000000"/>
</kw>
<kw name="Set Suite Variable" owner="BuiltIn">
<msg time="2025-06-05T23:40:57.026900" level="INFO">${email} = fmartinez@example.net</msg>
<arg>${email}</arg>
<arg>${email}</arg>
<doc>Makes a variable available everywhere within the scope of the current suite.</doc>
<status status="PASS" start="2025-06-05T23:40:57.026900" elapsed="0.000000"/>
</kw>
<kw name="Set Suite Variable" owner="BuiltIn">
<msg time="2025-06-05T23:40:57.026900" level="INFO">${senha} = ^$5_3zQfzi</msg>
<arg>${senha}</arg>
<arg>${senha}</arg>
<doc>Makes a variable available everywhere within the scope of the current suite.</doc>
<status status="PASS" start="2025-06-05T23:40:57.026900" elapsed="0.000000"/>
</kw>
<kw name="Create Dictionary" owner="BuiltIn">
<msg time="2025-06-05T23:40:57.027899" level="INFO">&amp;{payload} = { nome=Dana | email=fmartinez@example.net | password=^$5_3zQfzi | administrador=true }</msg>
<var>&amp;{payload}</var>
<arg>nome=${nome}</arg>
<arg>email=${email}</arg>
<arg>password=${senha}</arg>
<arg>administrador=true</arg>
<doc>Creates and returns a dictionary based on the given ``items``.</doc>
<status status="PASS" start="2025-06-05T23:40:57.027899" elapsed="0.000000"/>
</kw>
<kw name="POST On Session" owner="RequestsLibrary">
<msg time="2025-06-05T23:40:57.211060" level="INFO">POST Request : url=https://compassuol.serverest.dev/usuarios 
 path_url=/usuarios 
 headers={'User-Agent': 'python-requests/2.32.3', 'Accept-Encoding': 'gzip, deflate, br', 'Accept': '*/*', 'Connection': 'keep-alive', 'Content-Length': '82', 'Content-Type': 'application/x-www-form-urlencoded'} 
 body=nome=Dana&amp;email=fmartinez%40example.net&amp;password=%5E%245_3zQfzi&amp;administrador=true 
 </msg>
<msg time="2025-06-05T23:40:57.211060" level="INFO">POST Response : url=https://compassuol.serverest.dev/usuarios 
 status=201, reason=Created 
 headers={'access-control-allow-origin': '*', 'x-dns-prefetch-control': 'off', 'x-frame-options': 'SAMEORIGIN', 'strict-transport-security': 'max-age=15552000; includeSubDomains', 'x-download-options': 'noopen', 'x-content-type-options': 'nosniff', 'x-xss-protection': '1; mode=block', 'content-type': 'application/json; charset=utf-8', 'x-cloud-trace-context': 'b9a2e78c60681802d748e6968317cfd7', 'date': 'Fri, 06 Jun 2025 02:40:57 GMT', 'server': 'Google Frontend', 'Content-Length': '82'} 
 body={
    "message": "Cadastro realizado com sucesso",
    "_id": "cISztBzRRN8icg8C"
} 
 </msg>
<msg time="2025-06-05T23:40:57.211060" level="INFO">${response} = &lt;Response [201]&gt;</msg>
<var>${response}</var>
<arg>ServeRest</arg>
<arg>/usuarios</arg>
<arg>data=${payload}</arg>
<doc>Sends a POST request on a previously created HTTP Session.</doc>
<status status="PASS" start="2025-06-05T23:40:57.027899" elapsed="0.183161"/>
</kw>
<kw name="Set Global Variable" owner="BuiltIn">
<msg time="2025-06-05T23:40:57.212058" level="INFO">${id_usuario} = cISztBzRRN8icg8C</msg>
<arg>${id_usuario}</arg>
<arg>${response.json()["_id"]}</arg>
<doc>Makes a variable available globally in all tests and suites.</doc>
<status status="PASS" start="2025-06-05T23:40:57.212058" elapsed="0.001004"/>
</kw>
<status status="PASS" start="2025-06-05T23:40:57.019897" elapsed="0.193165"/>
</kw>
<kw name="Realizar Login Com Usuário Dinâmico" owner="login_keywords">
<kw name="Create Dictionary" owner="BuiltIn">
<msg time="2025-06-05T23:40:57.214060" level="INFO">&amp;{payload} = { email=fmartinez@example.net | password=^$5_3zQfzi }</msg>
<var>&amp;{payload}</var>
<arg>email=${email}</arg>
<arg>password=${senha}</arg>
<doc>Creates and returns a dictionary based on the given ``items``.</doc>
<status status="PASS" start="2025-06-05T23:40:57.213062" elapsed="0.000998"/>
</kw>
<kw name="POST On Session" owner="RequestsLibrary">
<msg time="2025-06-05T23:40:57.376603" level="INFO">POST Request : url=https://compassuol.serverest.dev/login 
 path_url=/login 
 headers={'User-Agent': 'python-requests/2.32.3', 'Accept-Encoding': 'gzip, deflate, br', 'Accept': '*/*', 'Connection': 'keep-alive', 'Content-Length': '53', 'Content-Type': 'application/x-www-form-urlencoded'} 
 body=email=fmartinez%40example.net&amp;password=%5E%245_3zQfzi 
 </msg>
<msg time="2025-06-05T23:40:57.377605" level="INFO">POST Response : url=https://compassuol.serverest.dev/login 
 status=200, reason=OK 
 headers={'access-control-allow-origin': '*', 'x-dns-prefetch-control': 'off', 'x-frame-options': 'SAMEORIGIN', 'strict-transport-security': 'max-age=15552000; includeSubDomains', 'x-download-options': 'noopen', 'x-content-type-options': 'nosniff', 'x-xss-protection': '1; mode=block', 'content-type': 'application/json; charset=utf-8', 'x-cloud-trace-context': '2fe40a83d1e3df21d748e6968317c1ff', 'date': 'Fri, 06 Jun 2025 02:40:57 GMT', 'server': 'Google Frontend', 'Content-Length': '283'} 
 body={
    "message": "Login realizado com sucesso",
    "authorization": "Bearer eyJhbGciOiJIUzI1NiIsInR5cCI6IkpXVCJ9.eyJlbWFpbCI6ImZtYXJ0aW5lekBleGFtcGxlLm5ldCIsInBhc3N3b3JkIjoiXiQ1XzN6UWZ6aSIsImlhdCI6MTc0OTE3NzY1NywiZXhwIjoxNzQ5MTc4MjU3fQ.OYZrRo2l1YjyFGEhcOtK4kq-OBOPDBSzsxwnodw5YZg"
} 
 </msg>
<msg time="2025-06-05T23:40:57.377605" level="INFO">${response} = &lt;Response [200]&gt;</msg>
<var>${response}</var>
<arg>ServeRest</arg>
<arg>/login</arg>
<arg>data=${payload}</arg>
<doc>Sends a POST request on a previously created HTTP Session.</doc>
<status status="PASS" start="2025-06-05T23:40:57.214060" elapsed="0.163545"/>
</kw>
<kw name="Set Global Variable" owner="BuiltIn">
<msg time="2025-06-05T23:40:57.378604" level="INFO">${auth_token} = Bearer eyJhbGciOiJIUzI1NiIsInR5cCI6IkpXVCJ9.eyJlbWFpbCI6ImZtYXJ0aW5lekBleGFtcGxlLm5ldCIsInBhc3N3b3JkIjoiXiQ1XzN6UWZ6aSIsImlhdCI6MTc0OTE3NzY1NywiZXhwIjoxNzQ5MTc4MjU3fQ.OYZrRo2l1YjyFGEhcOtK4kq-OBOPDBSzs...</msg>
<arg>${auth_token}</arg>
<arg>${response.json()["authorization"]}</arg>
<doc>Makes a variable available globally in all tests and suites.</doc>
<status status="PASS" start="2025-06-05T23:40:57.377605" elapsed="0.000999"/>
</kw>
<status status="PASS" start="2025-06-05T23:40:57.213062" elapsed="0.165542"/>
</kw>
<kw name="Criar Produto Para Carrinho" owner="produtos_keywords">
<kw name="Word" owner="FakerLibrary">
<msg time="2025-06-05T23:40:57.379607" level="INFO">${palavra} = dream</msg>
<var>${palavra}</var>
<doc>Generate a word.</doc>
<status status="PASS" start="2025-06-05T23:40:57.379607" elapsed="0.000000"/>
</kw>
<kw name="Random Int" owner="FakerLibrary">
<msg time="2025-06-05T23:40:57.380602" level="INFO">${numero} = 9821</msg>
<var>${numero}</var>
<arg>1000</arg>
<arg>9999</arg>
<doc>Generate a random integer between two integers ``min`` and ``max`` inclusive
while observing the provided ``step`` value.</doc>
<status status="PASS" start="2025-06-05T23:40:57.379607" elapsed="0.000995"/>
</kw>
<kw name="Set Variable" owner="BuiltIn">
<msg time="2025-06-05T23:40:57.380602" level="INFO">${nome_produto} = dream_9821</msg>
<var>${nome_produto}</var>
<arg>${palavra}_${numero}</arg>
<doc>Returns the given values which can then be assigned to a variables.</doc>
<status status="PASS" start="2025-06-05T23:40:57.380602" elapsed="0.000000"/>
</kw>
<kw name="Set Variable" owner="BuiltIn">
<msg time="2025-06-05T23:40:57.380602" level="INFO">${preco} = 199</msg>
<var>${preco}</var>
<arg>199</arg>
<doc>Returns the given values which can then be assigned to a variables.</doc>
<status status="PASS" start="2025-06-05T23:40:57.380602" elapsed="0.001000"/>
</kw>
<kw name="Set Variable" owner="BuiltIn">
<msg time="2025-06-05T23:40:57.381602" level="INFO">${descricao} = Produto do Carrinho</msg>
<var>${descricao}</var>
<arg>Produto do Carrinho</arg>
<doc>Returns the given values which can then be assigned to a variables.</doc>
<status status="PASS" start="2025-06-05T23:40:57.381602" elapsed="0.000000"/>
</kw>
<kw name="Set Variable" owner="BuiltIn">
<msg time="2025-06-05T23:40:57.381602" level="INFO">${quantidade} = 5</msg>
<var>${quantidade}</var>
<arg>5</arg>
<doc>Returns the given values which can then be assigned to a variables.</doc>
[...]
</test>
<test id="s1-s4-t8" name="Cenário: PUT Editar Usuário Usando E-mail Já Existente - 400" line="61">
<kw name="Carregar Dados de Usuário Válido" owner="usuarios_keywords">
<kw name="Name" owner="FakerLibrary">
<msg time="2025-06-05T23:52:10.110830" level="INFO">${nome} = Briana Lee</msg>
<var>${nome}</var>
<doc>:example: 'John Doe'</doc>
<status status="PASS" start="2025-06-05T23:52:10.109723" elapsed="0.001107"/>
</kw>
<kw name="Email" owner="FakerLibrary">
<msg time="2025-06-05T23:52:10.110830" level="INFO">${email} = scottsalas@example.net</msg>
<var>${email}</var>
<status status="PASS" start="2025-06-05T23:52:10.110830" elapsed="0.000000"/>
</kw>
<kw name="Set Suite Variable" owner="BuiltIn">
<msg time="2025-06-05T23:52:10.111842" level="INFO">${usuario_nome} = Briana Lee</msg>
<arg>${usuario_nome}</arg>
<arg>${nome}</arg>
<doc>Makes a variable available everywhere within the scope of the current suite.</doc>
<status status="PASS" start="2025-06-05T23:52:10.110830" elapsed="0.001012"/>
</kw>
<kw name="Set Suite Variable" owner="BuiltIn">
<msg time="2025-06-05T23:52:10.111842" level="INFO">${usuario_email} = scottsalas@example.net</msg>
<arg>${usuario_email}</arg>
<arg>${email}</arg>
<doc>Makes a variable available everywhere within the scope of the current suite.</doc>
<status status="PASS" start="2025-06-05T23:52:10.111842" elapsed="0.000000"/>
</kw>
<kw name="Log" owner="BuiltIn">
<msg time="2025-06-05T23:52:10.112840" level="INFO">Nome gerado: Briana Lee</msg>
<arg>Nome gerado: ${usuario_nome}</arg>
<doc>Logs the given message with the given level.</doc>
<status status="PASS" start="2025-06-05T23:52:10.111842" elapsed="0.000998"/>
</kw>
<kw name="Log" owner="BuiltIn">
<msg time="2025-06-05T23:52:10.112840" level="INFO">Email gerado: scottsalas@example.net</msg>
<arg>Email gerado: ${usuario_email}</arg>
<doc>Logs the given message with the given level.</doc>
<status status="PASS" start="2025-06-05T23:52:10.112840" elapsed="0.000000"/>
</kw>
<status status="PASS" start="2025-06-05T23:52:10.109723" elapsed="0.003117"/>
</kw>
<kw name="POST Endpoint /usuarios" owner="usuarios_keywords">
<kw name="Create Dictionary" owner="BuiltIn">
<msg time="2025-06-05T23:52:10.114039" level="INFO">&amp;{payload} = { nome=Briana Lee | email=scottsalas@example.net | password=12345678901 | administrador=true }</msg>
<var>&amp;{payload}</var>
<arg>nome=${usuario_nome}</arg>
<arg>email=${usuario_email}</arg>
<arg>password=${usuario_senha}</arg>
<arg>administrador=${usuario_administrador}</arg>
<doc>Creates and returns a dictionary based on the given ``items``.</doc>
<status status="PASS" start="2025-06-05T23:52:10.114039" elapsed="0.000000"/>
</kw>
<kw name="POST On Session" owner="RequestsLibrary">
<msg time="2025-06-05T23:52:10.285864" level="INFO">POST Request : url=https://compassuol.serverest.dev/usuarios 
 path_url=/usuarios 
 headers={'User-Agent': 'python-requests/2.32.3', 'Accept-Encoding': 'gzip, deflate, br', 'Accept': '*/*', 'Connection': 'keep-alive', 'Content-Length': '109', 'Content-Type': 'application/json'} 
 body=b'{"nome": "Briana Lee", "email": "scottsalas@example.net", "password": "12345678901", "administrador": "true"}' 
 </msg>
<msg time="2025-06-05T23:52:10.285864" level="INFO">POST Response : url=https://compassuol.serverest.dev/usuarios 
 status=201, reason=Created 
 headers={'access-control-allow-origin': '*', 'x-dns-prefetch-control': 'off', 'x-frame-options': 'SAMEORIGIN', 'strict-transport-security': 'max-age=15552000; includeSubDomains', 'x-download-options': 'noopen', 'x-content-type-options': 'nosniff', 'x-xss-protection': '1; mode=block', 'content-type': 'application/json; charset=utf-8', 'x-cloud-trace-context': 'da096b6bda143ee3170ce815e5420853', 'date': 'Fri, 06 Jun 2025 02:52:10 GMT', 'server': 'Google Frontend', 'Content-Length': '82'} 
 body={
    "message": "Cadastro realizado com sucesso",
    "_id": "OdMSPQpLAMcvmOFp"
} 
 </msg>
<msg time="2025-06-05T23:52:10.285864" level="INFO">${response} = &lt;Response [201]&gt;</msg>
<var>${response}</var>
<arg>ServeRest</arg>
<arg>/usuarios</arg>
<arg>json=${payload}</arg>
<arg>expected_status=ANY</arg>
<doc>Sends a POST request on a previously created HTTP Session.</doc>
<status status="PASS" start="2025-06-05T23:52:10.114039" elapsed="0.171825"/>
</kw>
<kw name="Log To Console" owner="BuiltIn">
<arg>Response: ${response.content}</arg>
<doc>Logs the given message to the console.</doc>
<status status="PASS" start="2025-06-05T23:52:10.285864" elapsed="0.000000"/>
</kw>
<kw name="Set Global Variable" owner="BuiltIn">
<msg time="2025-06-05T23:52:10.285864" level="INFO">${response} = &lt;Response [201]&gt;</msg>
<arg>${response}</arg>
<doc>Makes a variable available globally in all tests and suites.</doc>
<status status="PASS" start="2025-06-05T23:52:10.285864" elapsed="0.000000"/>
</kw>
<status status="PASS" start="2025-06-05T23:52:10.113830" elapsed="0.172034"/>
</kw>
<kw name="Validar Status Code" owner="common">
<kw name="Should Be Equal As Integers" owner="BuiltIn">
<msg time="2025-06-05T23:52:10.285864" level="INFO">Argument types are:
&lt;class 'int'&gt;
&lt;class 'str'&gt;</msg>
<arg>${response.status_code}</arg>
<arg>${status_esperado}</arg>
<doc>Fails if objects are unequal after converting them to integers.</doc>
<status status="PASS" start="2025-06-05T23:52:10.285864" elapsed="0.000000"/>
</kw>
<arg>201</arg>
<status status="PASS" start="2025-06-05T23:52:10.285864" elapsed="0.000000"/>
</kw>
<kw name="Set Variable" owner="BuiltIn">
<msg time="2025-06-05T23:52:10.285864" level="INFO">${email_existente} = scottsalas@example.net</msg>
<var>${email_existente}</var>
<arg>${usuario_email}</arg>
<doc>Returns the given values which can then be assigned to a variables.</doc>
<status status="PASS" start="2025-06-05T23:52:10.285864" elapsed="0.000000"/>
</kw>
<kw name="Carregar Dados de Usuário Válido" owner="usuarios_keywords">
<kw name="Name" owner="FakerLibrary">
<msg time="2025-06-05T23:52:10.285864" level="INFO">${nome} = Joshua Rivera</msg>
<var>${nome}</var>
<doc>:example: 'John Doe'</doc>
<status status="PASS" start="2025-06-05T23:52:10.285864" elapsed="0.000000"/>
</kw>
<kw name="Email" owner="FakerLibrary">
<msg time="2025-06-05T23:52:10.285864" level="INFO">${email} = aaron30@example.org</msg>
<var>${email}</var>
<status status="PASS" start="2025-06-05T23:52:10.285864" elapsed="0.000000"/>
</kw>
<kw name="Set Suite Variable" owner="BuiltIn">
<msg time="2025-06-05T23:52:10.285864" level="INFO">${usuario_nome} = Joshua Rivera</msg>
<arg>${usuario_nome}</arg>
<arg>${nome}</arg>
<doc>Makes a variable available everywhere within the scope of the current suite.</doc>
<status status="PASS" start="2025-06-05T23:52:10.285864" elapsed="0.000000"/>
</kw>
<kw name="Set Suite Variable" owner="BuiltIn">
<msg time="2025-06-05T23:52:10.285864" level="INFO">${usuario_email} = aaron30@example.org</msg>
<arg>${usuario_email}</arg>
<arg>${email}</arg>
<doc>Makes a variable available everywhere within the scope of the current suite.</doc>
<status status="PASS" start="2025-06-05T23:52:10.285864" elapsed="0.000000"/>
</kw>
<kw name="Log" owner="BuiltIn">
<msg time="2025-06-05T23:52:10.285864" level="INFO">Nome gerado: Joshua Rivera</msg>
<arg>Nome gerado: ${usuario_nome}</arg>
<doc>Logs the given message with the given level.</doc>
<status status="PASS" start="2025-06-05T23:52:10.285864" elapsed="0.000000"/>
</kw>
<kw name="Log" owner="BuiltIn">
<msg time="2025-06-05T23:52:10.285864" level="INFO">Email gerado: aaron30@example.org</msg>
<arg>Email gerado: ${usuario_email}</arg>
<doc>Logs the given message with the given level.</doc>
<status status="PASS" start="2025-06-05T23:52:10.285864" elapsed="0.000000"/>
</kw>
<status status="PASS" start="2025-06-05T23:52:10.285864" elapsed="0.000000"/>
</kw>
<kw name="POST Endpoint /usuarios" owner="usuarios_keywords">
<kw name="Create Dictionary" owner="BuiltIn">
<msg time="2025-06-05T23:52:10.295956" level="INFO">&amp;{payload} = { nome=Joshua Rivera | email=aaron30@example.org | password=12345678901 | administrador=true }</msg>
<var>&amp;{payload}</var>
<arg>nome=${usuario_nome}</arg>
<arg>email=${usuario_email}</arg>
<arg>password=${usuario_senha}</arg>
<arg>administrador=${usuario_administrador}</arg>
<doc>Creates and returns a dictionary based on the given ``items``.</doc>
<status status="PASS" start="2025-06-05T23:52:10.294944" elapsed="0.001012"/>
</kw>
<kw name="POST On Session" owner="RequestsLibrary">
<msg time="2025-06-05T23:52:10.455511" level="INFO">POST Request : url=https://compassuol.serverest.dev/usuarios 
 path_url=/usuarios 
 headers={'User-Agent': 'python-requests/2.32.3', 'Accept-Encoding': 'gzip, deflate, br', 'Accept': '*/*', 'Connection': 'keep-alive', 'Content-Length': '109', 'Content-Type': 'application/json'} 
 body=b'{"nome": "Joshua Rivera", "email": "aaron30@example.org", "password": "12345678901", "administrador": "true"}' 
 </msg>
<msg time="2025-06-05T23:52:10.455511" level="INFO">POST Response : url=https://compassuol.serverest.dev/usuarios 
 status=201, reason=Created 
 headers={'access-control-allow-origin': '*', 'x-dns-prefetch-control': 'off', 'x-frame-options': 'SAMEORIGIN', 'strict-transport-security': 'max-age=15552000; includeSubDomains', 'x-download-options': 'noopen', 'x-content-type-options': 'nosniff', 'x-xss-protection': '1; mode=block', 'content-type': 'application/json; charset=utf-8', 'x-cloud-trace-context': '962d05240cce9ec2170ce815e54205c5', 'date': 'Fri, 06 Jun 2025 02:52:10 GMT', 'server': 'Google Frontend', 'Content-Length': '82'} 
 body={
    "message": "Cadastro realizado com sucesso",
    "_id": "1ifQtVoIWIn7Hdjd"
} 
 </msg>
<msg time="2025-06-05T23:52:10.455511" level="INFO">${response} = &lt;Response [201]&gt;</msg>
<var>${response}</var>
<arg>ServeRest</arg>
<arg>/usuarios</arg>
<arg>json=${payload}</arg>
<arg>expected_status=ANY</arg>
<doc>Sends a POST request on a previously created HTTP Session.</doc>
<status status="PASS" start="2025-06-05T23:52:10.295956" elapsed="0.159555"/>
</kw>
<kw name="Log To Console" owner="BuiltIn">
<arg>Response: ${response.content}</arg>
<doc>Logs the given message to the console.</doc>
<status status="PASS" start="2025-06-05T23:52:10.455511" elapsed="0.001000"/>
</kw>
<kw name="Set Global Variable" owner="BuiltIn">
<msg time="2025-06-05T23:52:10.457669" level="INFO">${response} = &lt;Response [201]&gt;</msg>
<arg>${response}</arg>
<doc>Makes a variable available globally in all tests and suites.</doc>
<status status="PASS" start="2025-06-05T23:52:10.456511" elapsed="0.001158"/>
</kw>
<status status="PASS" start="2025-06-05T23:52:10.285864" elapsed="0.171805"/>
</kw>
<kw name="Validar Status Code" owner="common">
<kw name="Should Be Equal As Integers" owner="BuiltIn">
<msg time="2025-06-05T23:52:10.459300" level="INFO">Argument types are:
&lt;class 'int'&gt;
&lt;class 'str'&gt;</msg>
<arg>${response.status_code}</arg>
<arg>${status_esperado}</arg>
<doc>Fails if objects are unequal after converting them to integers.</doc>
<status status="PASS" start="2025-06-05T23:52:10.458179" elapsed="0.001121"/>
</kw>
<arg>201</arg>
<status status="PASS" start="2025-06-05T23:52:10.458179" elapsed="0.001121"/>
</kw>
<kw name="Salvar ID do Usuário Criado" owner="usuarios_keywords">
<kw name="Set Variable" owner="BuiltIn">
<msg time="2025-06-05T23:52:10.460392" level="INFO">${id} = 1ifQtVoIWIn7Hdjd</msg>
<var>${id}</var>
<arg>${response.json()["_id"]}</arg>
<doc>Returns the given values which can then be assigned to a variables.</doc>
<status status="PASS" start="2025-06-05T23:52:10.459300" elapsed="0.001092"/>
</kw>
<kw name="Set Suite Variable" owner="BuiltIn">
<msg time="2025-06-05T23:52:10.460392" level="INFO">${usuario_id} = 1ifQtVoIWIn7Hdjd</msg>
<arg>${usuario_id}</arg>
<arg>${id}</arg>
<doc>Makes a variable available everywhere within the scope of the current suite.</doc>
<status status="PASS" start="2025-06-05T23:52:10.460392" elapsed="0.001003"/>
</kw>
<status status="PASS" start="2025-06-05T23:52:10.459300" elapsed="0.002095"/>
</kw>
<kw name="Editar Usuário Com Email Existente" owner="usuarios_keywords">
<kw name="Name" owner="FakerLibrary">
<msg time="2025-06-05T23:52:10.462400" level="INFO">${novo_nome} = Scott Mcdonald</msg>
<var>${novo_nome}</var>
<doc>:example: 'John Doe'</doc>
<status status="PASS" start="2025-06-05T23:52:10.461395" elapsed="0.001005"/>
</kw>
<kw name="Set Suite Variable" owner="BuiltIn">
<msg time="2025-06-05T23:52:10.462400" level="INFO">${usuario_nome} = Scott Mcdonald</msg>
<arg>${usuario_nome}</arg>
<arg>${novo_nome}</arg>
<doc>Makes a variable available everywhere within the scope of the current suite.</doc>
<status status="PASS" start="2025-06-05T23:52:10.462400" elapsed="0.000000"/>
</kw>
<kw name="Set Suite Variable" owner="BuiltIn">
<msg time="2025-06-05T23:52:10.463399" level="INFO">${usuario_email} = scottsalas@example.net</msg>
<arg>${usuario_email}</arg>
<arg>${email_usado}</arg>
<doc>Makes a variable available everywhere within the scope of the current suite.</doc>
<status status="PASS" start="2025-06-05T23:52:10.462400" elapsed="0.000999"/>
</kw>
<kw name="PUT Endpoint /usuarios/${usuario_id}" owner="usuarios_keywords" source_name="PUT Endpoint /usuarios/${id}">
<kw name="Create Dictionary" owner="BuiltIn">
<msg time="2025-06-05T23:52:10.464399" level="INFO">&amp;{payload} = { nome=Scott Mcdonald | email=scottsalas@example.net | password=12345678901 | administrador=true }</msg>
<var>&amp;{payload}</var>
<arg>nome=${usuario_nome}</arg>
<arg>email=${usuario_email}</arg>
<arg>password=${usuario_senha}</arg>
<arg>administrador=${usuario_administrador}</arg>
<doc>Creates and returns a dictionary based on the given ``items``.</doc>
<status status="PASS" start="2025-06-05T23:52:10.463399" elapsed="0.001000"/>
</kw>
<kw name="PUT On Session" owner="RequestsLibrary">
<msg time="2025-06-05T23:52:10.626521" level="INFO">PUT Request : url=https://compassuol.serverest.dev/usuarios/1ifQtVoIWIn7Hdjd 
 path_url=/usuarios/1ifQtVoIWIn7Hdjd 
 headers={'User-Agent': 'python-requests/2.32.3', 'Accept-Encoding': 'gzip, deflate, br', 'Accept': '*/*', 'Connection': 'keep-alive', 'Content-Length': '113', 'Content-Type': 'application/json'} 
 body=b'{"nome": "Scott Mcdonald", "email": "scottsalas@example.net", "password": "12345678901", "administrador": "true"}' 
 </msg>
<msg time="2025-06-05T23:52:10.626521" level="INFO">PUT Response : url=https://compassuol.serverest.dev/usuarios/1ifQtVoIWIn7Hdjd 
 status=400, reason=Bad Request 
 headers={'access-control-allow-origin': '*', 'x-dns-prefetch-control': 'off', 'x-frame-options': 'SAMEORIGIN', 'strict-transport-security': 'max-age=15552000; includeSubDomains', 'x-download-options': 'noopen', 'x-content-type-options': 'nosniff', 'x-xss-protection': '1; mode=block', 'content-type': 'application/json; charset=utf-8', 'x-cloud-trace-context': 'd8d7ebca7ae12b6e170ce815e5420676', 'date': 'Fri, 06 Jun 2025 02:52:10 GMT', 'server': 'Google Frontend', 'Content-Length': '53'} 
 body={
    "message": "Este email já está sendo usado"
} 
 </msg>
<msg time="2025-06-05T23:52:10.626521" level="INFO">${response} = &lt;Response [400]&gt;</msg>
<var>${response}</var>
<arg>ServeRest</arg>
<arg>/usuarios/${id}</arg>
<arg>json=${payload}</arg>
<arg>expected_status=ANY</arg>
<doc>Sends a PUT request on a previously created HTTP Session.</doc>
<status status="PASS" start="2025-06-05T23:52:10.464399" elapsed="0.162122"/>
</kw>
<kw name="Log To Console" owner="BuiltIn">
<arg>Response: ${response.content}</arg>
<doc>Logs the given message to the console.</doc>
<status status="PASS" start="2025-06-05T23:52:10.627536" elapsed="0.000986"/>
</kw>
<kw name="Set Global Variable" owner="BuiltIn">
<msg time="2025-06-05T23:52:10.628522" level="INFO">${response} = &lt;Response [400]&gt;</msg>
<arg>${response}</arg>
<doc>Makes a variable available globally in all tests and suites.</doc>
<status status="PASS" start="2025-06-05T23:52:10.628522" elapsed="0.000000"/>
</kw>
<status status="PASS" start="2025-06-05T23:52:10.463399" elapsed="0.165123"/>
</kw>
<arg>${email_existente}</arg>
<status status="PASS" start="2025-06-05T23:52:10.461395" elapsed="0.167127"/>
</kw>
<kw name="Validar Status Code" owner="common">
<kw name="Should Be Equal As Integers" owner="BuiltIn">
<msg time="2025-06-05T23:52:10.630536" level="INFO">Argument types are:
&lt;class 'int'&gt;
&lt;class 'str'&gt;</msg>
<arg>${response.status_code}</arg>
<arg>${status_esperado}</arg>
<doc>Fails if objects are unequal after converting them to integers.</doc>
<status status="PASS" start="2025-06-05T23:52:10.629523" elapsed="0.001013"/>
</kw>
<arg>400</arg>
<status status="PASS" start="2025-06-05T23:52:10.629523" elapsed="0.001013"/>
</kw>
<kw name="Validar Mensagem de Erro" owner="usuarios_keywords">
<kw name="Should Be Equal" owner="BuiltIn">
<arg>${response.json()["message"]}</arg>
<arg>${mensagem_esperada}</arg>
<doc>Fails if the given objects are unequal.</doc>
<status status="PASS" start="2025-06-05T23:52:10.630536" elapsed="0.000986"/>
</kw>
<arg>Este email já está sendo usado</arg>
<status status="PASS" start="2025-06-05T23:52:10.630536" elapsed="0.000986"/>
</kw>
<kw name="Sleep" owner="BuiltIn" type="TEARDOWN">
<msg time="2025-06-05T23:52:10.632522" level="INFO">Slept 0 seconds.</msg>
<arg>${global_delay}</arg>
<doc>Pauses the test executed for the given time.</doc>
<status status="PASS" start="2025-06-05T23:52:10.632522" elapsed="0.000000"/>
</kw>
<tag>CT008</tag>
<tag>PUTUSUARIO</tag>
<status status="PASS" start="2025-06-05T23:52:10.108724" elapsed="0.523798"/>
</test>
<doc>Arquivo de Testes para o Endpoint /usuarios</doc>
<status status="FAIL" start="2025-06-05T23:52:04.904510" elapsed="5.729061"/>
</suite>
<status status="FAIL" start="2025-06-05T23:40:53.322716" elapsed="677.311973"/>
</suite>
<statistics>
<total>
<stat pass="21" fail="3" skip="0">All Tests</stat>
</total>
<tag>
<stat pass="1" fail="0" skip="0">CT001</stat>
<stat pass="1" fail="0" skip="0">CT002</stat>
<stat pass="1" fail="0" skip="0">CT003</stat>
<stat pass="0" fail="1" skip="0">CT004</stat>
<stat pass="0" fail="1" skip="0">CT005</stat>
<stat pass="0" fail="1" skip="0">CT006</stat>
<stat pass="1" fail="0" skip="0">CT007</stat>
<stat pass="1" fail="0" skip="0">CT008</stat>
<stat pass="1" fail="0" skip="0">CT009</stat>
<stat pass="1" fail="0" skip="0">CT010</stat>
<stat pass="1" fail="0" skip="0">CT011</stat>
<stat pass="1" fail="0" skip="0">CT012</stat>
<stat pass="1" fail="0" skip="0">CT013</stat>
<stat pass="1" fail="0" skip="0">CT014</stat>
<stat pass="1" fail="0" skip="0">CT015</stat>
<stat pass="1" fail="0" skip="0">CT016</stat>
<stat pass="1" fail="0" skip="0">CT017</stat>
<stat pass="1" fail="0" skip="0">CT018</stat>
<stat pass="1" fail="0" skip="0">CT019</stat>
<stat pass="1" fail="0" skip="0">CT020</stat>
<stat pass="1" fail="0" skip="0">CT021</stat>
<stat pass="1" fail="0" skip="0">CT022</stat>
<stat pass="1" fail="0" skip="0">CT023</stat>
<stat pass="1" fail="0" skip="0">CT024</stat>
<stat pass="2" fail="0" skip="0">DELETECARRINHO</stat>
<stat pass="1" fail="0" skip="0">DELETEPRODUTO</stat>
<stat pass="4" fail="0" skip="0">POSTCARRINHO</stat>
<stat pass="4" fail="0" skip="0">POSTLOGIN</stat>
<stat pass="3" fail="0" skip="0">POSTPRODUTO</stat>
<stat pass="3" fail="3" skip="0">POSTUSUARIO</stat>
<stat pass="2" fail="0" skip="0">PUTPRODUTO</stat>
<stat pass="2" fail="0" skip="0">PUTUSUARIO</stat>
</tag>
<suite>
<stat name="Tests" id="s1" pass="21" fail="3" skip="0">Tests</stat>
<stat name="Carrinhos Tests" id="s1-s1" pass="6" fail="0" skip="0">Tests.Carrinhos Tests</stat>
<stat name="Login Tests" id="s1-s2" pass="4" fail="0" skip="0">Tests.Login Tests</stat>
<stat name="Produtos Tests" id="s1-s3" pass="6" fail="0" skip="0">Tests.Produtos Tests</stat>
<stat name="Usuarios Tests" id="s1-s4" pass="5" fail="3" skip="0">Tests.Usuarios Tests</stat>
</suite>
</statistics>
<errors>
</errors>
</robot>
