<?xml version="1.0" encoding="UTF-8"?>
<robot generator="Robot 7.2.2 (Python 3.10.6 on win32)" generated="2025-05-20T22:27:00.740723" rpa="false" schemaversion="5">
<suite id="s1" name="Usuarios" source="C:\Users\Pedro\Documents\Compass UOL\Documentos\Semana 10 - Base Testes Automatizados + Testes automatizados de APIs REST com Robot Framework\Curso Robot Framework\ApiTesting\tests\usuarios.robot">
<test id="s1-t1" name="Cenário 01: Cadastrar um novo usuário com sucesso na ServeRest" line="7">
<kw name="Criar um usuário novo" owner="usuarios">
<kw name="Generate Random String" owner="String">
<msg time="2025-05-20T22:27:00.938746" level="INFO">${palavra_aleatoria} = vyvssaqt</msg>
<var>${palavra_aleatoria}</var>
<arg>length=8</arg>
<arg>chars=[LOWER]</arg>
<doc>Generates a string with a desired ``length`` from the given ``chars``.</doc>
<status status="PASS" start="2025-05-20T22:27:00.938746" elapsed="0.000000"/>
</kw>
<kw name="Set Test Variable" owner="BuiltIn">
<msg time="2025-05-20T22:27:00.939746" level="INFO">${email_teste} = vyvssaqt@qa.com.br</msg>
<arg>${email_teste}</arg>
<arg>${palavra_aleatoria}@qa.com.br</arg>
<doc>Makes a variable available everywhere within the scope of the current test.</doc>
<status status="PASS" start="2025-05-20T22:27:00.938746" elapsed="0.001000"/>
</kw>
<kw name="Log" owner="BuiltIn">
<msg time="2025-05-20T22:27:00.940746" level="INFO">vyvssaqt@qa.com.br</msg>
<arg>${email_teste}</arg>
<doc>Logs the given message with the given level.</doc>
<status status="PASS" start="2025-05-20T22:27:00.939746" elapsed="0.001000"/>
</kw>
<status status="PASS" start="2025-05-20T22:27:00.937746" elapsed="0.003000"/>
</kw>
<kw name="Cadastrar o usuário na ServeRest" owner="usuarios">
<kw name="Criar Sessão na ServeRest" owner="usuarios">
<kw name="Create Dictionary" owner="BuiltIn">
<msg time="2025-05-20T22:27:00.941746" level="INFO">${headers} = {'accept': 'application/json', 'Content-Type': 'application/json'}</msg>
<var>${headers}</var>
<arg>accept=application/json</arg>
<arg>Content-Type=application/json</arg>
<doc>Creates and returns a dictionary based on the given ``items``.</doc>
<status status="PASS" start="2025-05-20T22:27:00.941746" elapsed="0.000000"/>
</kw>
<kw name="Create Session" owner="RequestsLibrary">
<msg time="2025-05-20T22:27:00.941746" level="INFO">Creating Session using : alias=ServeRest, url=https://serverest.dev, headers={'accept': 'application/json', 'Content-Type': 'application/json'},                     cookies={}, auth=None, timeout=None, proxies=None, verify=False,                     debug=0 </msg>
<arg>alias=ServeRest</arg>
<arg>url=https://serverest.dev</arg>
<arg>headers=${headers}</arg>
<doc>Create Session: create a HTTP session to a server</doc>
<status status="PASS" start="2025-05-20T22:27:00.941746" elapsed="0.001124"/>
</kw>
<status status="PASS" start="2025-05-20T22:27:00.940746" elapsed="0.002124"/>
</kw>
<kw name="Create Dictionary" owner="BuiltIn">
<msg time="2025-05-20T22:27:00.942870" level="INFO">${body} = {'nome': 'Pedro QA', 'email': 'vyvssaqt@qa.com.br', 'password': '0123456789', 'administrador': 'true'}</msg>
<var>${body}</var>
<arg>nome=Pedro QA</arg>
<arg>email=${email_teste}</arg>
<arg>password=0123456789</arg>
<arg>administrador=true</arg>
<doc>Creates and returns a dictionary based on the given ``items``.</doc>
<status status="PASS" start="2025-05-20T22:27:00.942870" elapsed="0.000000"/>
</kw>
<kw name="Log" owner="BuiltIn">
<msg time="2025-05-20T22:27:00.943746" level="INFO">{'nome': 'Pedro QA', 'email': 'vyvssaqt@qa.com.br', 'password': '0123456789', 'administrador': 'true'}</msg>
<arg>${body}</arg>
<doc>Logs the given message with the given level.</doc>
<status status="PASS" start="2025-05-20T22:27:00.942870" elapsed="0.000876"/>
</kw>
<kw name="POST On Session" owner="RequestsLibrary">
<msg time="2025-05-20T22:27:01.297029" level="INFO">POST Request : url=https://serverest.dev/usuarios 
 path_url=/usuarios 
 headers={'User-Agent': 'python-requests/2.32.3', 'Accept-Encoding': 'gzip, deflate, br', 'accept': 'application/json', 'Connection': 'keep-alive', 'Content-Type': 'application/json', 'Content-Length': '102'} 
 body=b'{"nome": "Pedro QA", "email": "vyvssaqt@qa.com.br", "password": "0123456789", "administrador": "true"}' 
 </msg>
<msg time="2025-05-20T22:27:01.297029" level="INFO">POST Response : url=https://serverest.dev/usuarios 
 status=201, reason=Created 
 headers={'access-control-allow-origin': '*', 'x-dns-prefetch-control': 'off', 'x-frame-options': 'SAMEORIGIN', 'strict-transport-security': 'max-age=15552000; includeSubDomains', 'x-download-options': 'noopen', 'x-content-type-options': 'nosniff', 'x-xss-protection': '1; mode=block', 'content-type': 'application/json; charset=utf-8', 'x-cloud-trace-context': 'f38184cb507ca41d0da6aa79659c429f;o=1', 'date': 'Wed, 21 May 2025 01:27:01 GMT', 'server': 'Google Frontend', 'Content-Length': '82'} 
 body={
    "message": "Cadastro realizado com sucesso",
    "_id": "B4vx7GavCpq0t2xP"
} 
 </msg>
<msg time="2025-05-20T22:27:01.297029" level="INFO">C:\Users\Pedro\AppData\Local\Programs\Python\Python310\lib\site-packages\urllib3\connectionpool.py:1097: InsecureRequestWarning: Unverified HTTPS request is being made to host 'serverest.dev'. Adding certificate verification is strongly advised. See: https://urllib3.readthedocs.io/en/latest/advanced-usage.html#tls-warnings
  warnings.warn(</msg>
<msg time="2025-05-20T22:27:01.298032" level="INFO">${resposta} = &lt;Response [201]&gt;</msg>
<var>${resposta}</var>
<arg>alias=ServeRest</arg>
<arg>url=/usuarios</arg>
<arg>json=${body}</arg>
<doc>Sends a POST request on a previously created HTTP Session.</doc>
<status status="PASS" start="2025-05-20T22:27:00.943746" elapsed="0.354286"/>
</kw>
<kw name="Log" owner="BuiltIn">
<msg time="2025-05-20T22:27:01.300031" level="INFO">{'message': 'Cadastro realizado com sucesso', '_id': 'B4vx7GavCpq0t2xP'}</msg>
<arg>${resposta.json()}</arg>
<doc>Logs the given message with the given level.</doc>
<status status="PASS" start="2025-05-20T22:27:01.299033" elapsed="0.000998"/>
</kw>
<status status="PASS" start="2025-05-20T22:27:00.940746" elapsed="0.359285"/>
</kw>
<status status="PASS" start="2025-05-20T22:27:00.936746" elapsed="0.364281"/>
</test>
<status status="PASS" start="2025-05-20T22:27:00.743746" elapsed="0.559288"/>
</suite>
<statistics>
<total>
<stat pass="1" fail="0" skip="0">All Tests</stat>
</total>
<tag>
</tag>
<suite>
<stat name="Usuarios" id="s1" pass="1" fail="0" skip="0">Usuarios</stat>
</suite>
</statistics>
<errors>
</errors>
</robot>
