<?xml version="1.0" encoding="UTF-8"?>
<robot generator="Robot 7.2.2 (Python 3.10.6 on win32)" generated="2025-06-11T18:49:57.730441" rpa="false" schemaversion="5">
<suite id="s1" name="Tests" source="C:\Users\Pedro\Documents\Compass UOL\Documentos\Semana 13 - Introdução Automação Web\QAx\projects\mark85-robot-express\tests">
<suite id="s1-s1" name="Login Tests" source="C:\Users\Pedro\Documents\Compass UOL\Documentos\Semana 13 - Introdução Automação Web\QAx\projects\mark85-robot-express\tests\login_tests.robot">
<test id="s1-s1-t1" name="Deve poder logar um usuário pré-cadastrado" line="9">
<kw name="Start Session" owner="base_keywords" type="SETUP">
<kw name="New Browser" owner="Browser">
<msg time="2025-06-11T18:50:02.791827" level="INFO">{"browser": "firefox", "headless": false, "chromiumSandbox": false, "devtools": false, "handleSIGHUP": true, "handleSIGINT": true, "handleSIGTERM": true, "slowMo": 0.0, "timeout": 30000.0, "tracesDir": "C:\\Users\\Pedro\\Documents\\Compass UOL\\Documentos\\Semana 13 - Introdu\u00e7\u00e3o Automa\u00e7\u00e3o Web\\QAx\\projects\\mark85-robot-express\\logs\\browser\\traces\\temp\\2d9a5c62-3936-4bad-ac63-6c7bb47f4b13"}</msg>
<msg time="2025-06-11T18:50:02.856326" level="INFO">Starting Browser process C:\Users\Pedro\AppData\Local\Programs\Python\Python310\lib\site-packages\Browser\wrapper\index.js using at 127.0.0.1:60987</msg>
<msg time="2025-06-11T18:50:05.741262" level="INFO">Successfully created browser with options: {"browser":"firefox","headless":false,"chromiumSandbox":false,"devtools":false,"handleSIGHUP":true,"handleSIGINT":true,"handleSIGTERM":true,"slowMo":0,"timeout":30000,"tracesDir":"C:\\Users\\Pedro\\Documents\\Compass UOL\\Documentos\\Semana 13 - Introdução Automação Web\\QAx\\projects\\mark85-robot-express\\logs\\browser\\traces\\temp\\2d9a5c62-3936-4bad-ac63-6c7bb47f4b13"}</msg>
<arg>browser=firefox</arg>
<arg>headless=False</arg>
<tag>BrowserControl</tag>
<tag>Setter</tag>
<doc>Create a new playwright Browser with specified options.</doc>
<status status="PASS" start="2025-06-11T18:50:02.790827" elapsed="2.951437"/>
</kw>
<kw name="New Page" owner="Browser">
<msg time="2025-06-11T18:50:08.258398" level="INFO">Successfully initialized new page object and opened url: http://localhost:3000</msg>
<msg time="2025-06-11T18:50:08.258398" level="INFO">No context was open. New context was automatically opened when this page is created.</msg>
<arg>${BASE_URL}</arg>
<tag>BrowserControl</tag>
<tag>Setter</tag>
<doc>Open a new Page.</doc>
<status status="PASS" start="2025-06-11T18:50:05.742264" elapsed="2.516134"/>
</kw>
<status status="PASS" start="2025-06-11T18:50:02.788827" elapsed="5.470576"/>
</kw>
<kw name="Create Dictionary" owner="BuiltIn">
<msg time="2025-06-11T18:50:08.261404" level="INFO">${user} = {'name': 'Pedro Login', 'email': 'pedro.login@gmail.com', 'password': 'testando123'}</msg>
<var>${user}</var>
<arg>name=Pedro Login</arg>
<arg>email=pedro.login@gmail.com</arg>
<arg>password=testando123</arg>
<doc>Creates and returns a dictionary based on the given ``items``.</doc>
<status status="PASS" start="2025-06-11T18:50:08.259403" elapsed="0.002001"/>
</kw>
<kw name="Remove user from database" owner="database">
<msg time="2025-06-11T18:50:08.374398" level="INFO">removing user by pedro.login@gmail.com</msg>
<arg>${user}[email]</arg>
<status status="PASS" start="2025-06-11T18:50:08.261404" elapsed="0.113999"/>
</kw>
<kw name="Insert user from database" owner="database">
<msg time="2025-06-11T18:50:08.411399" level="INFO">{'name': 'Pedro Login', 'email': 'pedro.login@gmail.com', 'password': 'testando123'}</msg>
<arg>${user}</arg>
<status status="PASS" start="2025-06-11T18:50:08.375403" elapsed="0.036997"/>
</kw>
<kw name="Submit login form" owner="LoginPage">
<kw name="Fill Text" owner="Browser">
<msg time="2025-06-11T18:50:08.414403" level="INFO">Fills the text 'pedro.login@gmail.com' in the given field.</msg>
<arg>css=input[placeholder$=mail]</arg>
<arg>${user}[email]</arg>
<tag>PageContent</tag>
<tag>Setter</tag>
<doc>Clears and fills the given ``txt`` into the text field found by ``selector``.</doc>
<status status="PASS" start="2025-06-11T18:50:08.413399" elapsed="0.086000"/>
</kw>
<kw name="Fill Text" owner="Browser">
<msg time="2025-06-11T18:50:08.500410" level="INFO">Fills the text 'testando123' in the given field.</msg>
<arg>css=input[placeholder=Senha]</arg>
<arg>${user}[password]</arg>
<tag>PageContent</tag>
<tag>Setter</tag>
<doc>Clears and fills the given ``txt`` into the text field found by ``selector``.</doc>
<status status="PASS" start="2025-06-11T18:50:08.499399" elapsed="0.032000"/>
</kw>
<kw name="Click" owner="Browser">
<msg time="2025-06-11T18:50:08.533411" level="INFO">Clicks the element 'css=button &gt;&gt; text=Entrar'.</msg>
<arg>css=button &gt;&gt; text=Entrar</arg>
<tag>PageContent</tag>
<tag>Setter</tag>
<doc>Simulates mouse click on the element found by ``selector``.</doc>
<status status="PASS" start="2025-06-11T18:50:08.532398" elapsed="0.103004"/>
</kw>
<arg>${user}</arg>
<status status="PASS" start="2025-06-11T18:50:08.412400" elapsed="0.223002"/>
</kw>
<kw name="User should be logged in" owner="Header">
<kw name="Split String" owner="String">
<msg time="2025-06-11T18:50:08.637402" level="INFO">@{splited_name} = [ Pedro | Login ]</msg>
<var>@{splited_name}</var>
<arg>${name}</arg>
<doc>Splits the ``string`` using ``separator`` as a delimiter string.</doc>
<status status="PASS" start="2025-06-11T18:50:08.637402" elapsed="0.000000"/>
</kw>
<kw name="Set Variable" owner="BuiltIn">
<msg time="2025-06-11T18:50:08.638402" level="INFO">${element} = css=header .right small</msg>
<var>${element}</var>
<arg>css=header .right small</arg>
<doc>Returns the given values which can then be assigned to a variables.</doc>
<status status="PASS" start="2025-06-11T18:50:08.638402" elapsed="0.000000"/>
</kw>
<kw name="Wait For Elements State" owner="Browser">
<msg time="2025-06-11T18:50:08.752052" level="INFO">Waited for Element with selector css=header .right small at state visible</msg>
<arg>${element}</arg>
<arg>visible</arg>
<arg>5</arg>
<tag>PageContent</tag>
<tag>Wait</tag>
<doc>Waits for the element found by ``selector`` to satisfy state option.</doc>
<status status="PASS" start="2025-06-11T18:50:08.638402" elapsed="0.113650"/>
</kw>
<kw name="Get Text" owner="Browser">
<msg time="2025-06-11T18:50:08.809049" level="INFO">Text: 'Olá, Pedro'</msg>
<arg>${element}</arg>
<arg>equal</arg>
<arg>Olá, ${splited_name}[0]</arg>
<tag>Assertion</tag>
<tag>Getter</tag>
<tag>PageContent</tag>
<doc>Returns text attribute of the element found by ``selector``.</doc>
<status status="PASS" start="2025-06-11T18:50:08.753066" elapsed="0.056983"/>
</kw>
<arg>${user}[name]</arg>
<status status="PASS" start="2025-06-11T18:50:08.636401" elapsed="0.173648"/>
</kw>
<kw name="Take Screenshot" owner="Browser" type="TEARDOWN">
<msg time="2025-06-11T18:50:08.973065" level="INFO" html="true">&lt;/td&gt;&lt;/tr&gt;&lt;tr&gt;&lt;td colspan="3"&gt;&lt;a href="browser/screenshot/robotframework-browser-screenshot-1.png" target="_blank"&gt;&lt;img src="browser/screenshot/robotframework-browser-screenshot-1.png" width="800px"/&gt;&lt;/a&gt;</msg>
<tag>PageContent</tag>
<doc>Takes a screenshot of the current window or element and saves it to disk.</doc>
<status status="PASS" start="2025-06-11T18:50:08.810049" elapsed="0.163016"/>
</kw>
<msg time="2025-06-11T18:50:08.996064" level="INFO">Switching context to context=bc5debb9-ab16-49dd-90bd-1ae17db6b0ee in CURRENT</msg>
<msg time="2025-06-11T18:50:09.005052" level="INFO">Successfully changed active context: context=bc5debb9-ab16-49dd-90bd-1ae17db6b0ee</msg>
<msg time="2025-06-11T18:50:09.036052" level="INFO">Successfully closed Context</msg>
<status status="PASS" start="2025-06-11T18:50:02.787827" elapsed="6.186221"/>
</test>
<test id="s1-s1-t2" name="Não deve logar com senha inválida" line="21">
<kw name="Start Session" owner="base_keywords" type="SETUP">
<kw name="New Browser" owner="Browser">
<msg time="2025-06-11T18:50:09.044057" level="INFO">Switching browser to browser=4b95a79f-e0f2-4c95-b998-eed25b2e2629</msg>
<msg time="2025-06-11T18:50:09.049055" level="INFO">Successfully changed active browser: browser=4b95a79f-e0f2-4c95-b998-eed25b2e2629</msg>
<msg time="2025-06-11T18:50:09.049055" level="INFO">Reusing existing browser with id: browser=4b95a79f-e0f2-4c95-b998-eed25b2e2629</msg>
<arg>browser=firefox</arg>
<arg>headless=False</arg>
<tag>BrowserControl</tag>
<tag>Setter</tag>
<doc>Create a new playwright Browser with specified options.</doc>
<status status="PASS" start="2025-06-11T18:50:09.042055" elapsed="0.007000"/>
</kw>
<kw name="New Page" owner="Browser">
<msg time="2025-06-11T18:50:09.855468" level="INFO">Successfully initialized new page object and opened url: http://localhost:3000</msg>
<msg time="2025-06-11T18:50:09.855468" level="INFO">No context was open. New context was automatically opened when this page is created.</msg>
<arg>${BASE_URL}</arg>
<tag>BrowserControl</tag>
<tag>Setter</tag>
<doc>Open a new Page.</doc>
<status status="PASS" start="2025-06-11T18:50:09.050054" elapsed="0.806413"/>
</kw>
<status status="PASS" start="2025-06-11T18:50:09.041056" elapsed="0.815411"/>
</kw>
<kw name="Create Dictionary" owner="BuiltIn">
<msg time="2025-06-11T18:50:09.857465" level="INFO">${user} = {'name': 'Caneca de Porcelana', 'email': 'amocanecas@porcelana.com', 'password': '123456789'}</msg>
<var>${user}</var>
<arg>name=Caneca de Porcelana</arg>
<arg>email=amocanecas@porcelana.com</arg>
<arg>password=123456789</arg>
<doc>Creates and returns a dictionary based on the given ``items``.</doc>
<status status="PASS" start="2025-06-11T18:50:09.856467" elapsed="0.000998"/>
</kw>
<kw name="Remove user from database" owner="database">
<msg time="2025-06-11T18:50:09.872562" level="INFO">removing user by amocanecas@porcelana.com</msg>
<arg>${user}[email]</arg>
<status status="PASS" start="2025-06-11T18:50:09.857465" elapsed="0.015097"/>
</kw>
<kw name="Insert user from database" owner="database">
<msg time="2025-06-11T18:50:09.905021" level="INFO">{'name': 'Caneca de Porcelana', 'email': 'amocanecas@porcelana.com', 'password': '123456789'}</msg>
<arg>${user}</arg>
<status status="PASS" start="2025-06-11T18:50:09.872562" elapsed="0.032459"/>
</kw>
<kw name="Set To Dictionary" owner="Collections">
<arg>${user}</arg>
<arg>password=abc123</arg>
<doc>Adds the given ``key_value_pairs`` and/or ``items`` to the ``dictionary``.</doc>
<status status="PASS" start="2025-06-11T18:50:09.905021" elapsed="0.000999"/>
</kw>
<kw name="Submit login form" owner="LoginPage">
<kw name="Fill Text" owner="Browser">
<msg time="2025-06-11T18:50:09.908034" level="INFO">Fills the text 'amocanecas@porcelana.com' in the given field.</msg>
<arg>css=input[placeholder$=mail]</arg>
<arg>${user}[email]</arg>
<tag>PageContent</tag>
<tag>Setter</tag>
<doc>Clears and fills the given ``txt`` into the text field found by ``selector``.</doc>
<status status="PASS" start="2025-06-11T18:50:09.907036" elapsed="0.061441"/>
</kw>
<kw name="Fill Text" owner="Browser">
<msg time="2025-06-11T18:50:09.969489" level="INFO">Fills the text 'abc123' in the given field.</msg>
<arg>css=input[placeholder=Senha]</arg>
<arg>${user}[password]</arg>
<tag>PageContent</tag>
<tag>Setter</tag>
<doc>Clears and fills the given ``txt`` into the text field found by ``selector``.</doc>
<status status="PASS" start="2025-06-11T18:50:09.968477" elapsed="0.028998"/>
</kw>
<kw name="Click" owner="Browser">
<msg time="2025-06-11T18:50:09.999477" level="INFO">Clicks the element 'css=button &gt;&gt; text=Entrar'.</msg>
<arg>css=button &gt;&gt; text=Entrar</arg>
<tag>PageContent</tag>
<tag>Setter</tag>
<doc>Simulates mouse click on the element found by ``selector``.</doc>
<status status="PASS" start="2025-06-11T18:50:09.998479" elapsed="0.120024"/>
</kw>
<arg>${user}</arg>
<status status="PASS" start="2025-06-11T18:50:09.906020" elapsed="0.213482"/>
</kw>
<kw name="Notice should be" owner="Notice">
<kw name="Set Variable" owner="BuiltIn">
<msg time="2025-06-11T18:50:10.121495" level="INFO">${element} = css=.notice p</msg>
<var>${element}</var>
<arg>css=.notice p</arg>
<doc>Returns the given values which can then be assigned to a variables.</doc>
<status status="PASS" start="2025-06-11T18:50:10.120494" elapsed="0.001001"/>
</kw>
<kw name="Wait For Elements State" owner="Browser">
<msg time="2025-06-11T18:50:10.232163" level="INFO">Waited for Element with selector css=.notice p at state visible</msg>
<arg>${element}</arg>
<arg>visible</arg>
<arg>5</arg>
<tag>PageContent</tag>
<tag>Wait</tag>
<doc>Waits for the element found by ``selector`` to satisfy state option.</doc>
<status status="PASS" start="2025-06-11T18:50:10.121495" elapsed="0.110668"/>
</kw>
<kw name="Get Text" owner="Browser">
<msg time="2025-06-11T18:50:10.277660" level="INFO">Text: 'Ocorreu um erro ao fazer login, verifique suas credenciais.'</msg>
<arg>${element}</arg>
<arg>equal</arg>
<arg>${expected_text}</arg>
<tag>Assertion</tag>
<tag>Getter</tag>
<tag>PageContent</tag>
<doc>Returns text attribute of the element found by ``selector``.</doc>
<status status="PASS" start="2025-06-11T18:50:10.233161" elapsed="0.044499"/>
</kw>
<arg>Ocorreu um erro ao fazer login, verifique suas credenciais.</arg>
<status status="PASS" start="2025-06-11T18:50:10.119502" elapsed="0.158158"/>
</kw>
<kw name="Take Screenshot" owner="Browser" type="TEARDOWN">
<msg time="2025-06-11T18:50:10.409659" level="INFO" html="true">&lt;/td&gt;&lt;/tr&gt;&lt;tr&gt;&lt;td colspan="3"&gt;&lt;a href="browser/screenshot/robotframework-browser-screenshot-2.png" target="_blank"&gt;&lt;img src="browser/screenshot/robotframework-browser-screenshot-2.png" width="800px"/&gt;&lt;/a&gt;</msg>
<tag>PageContent</tag>
<doc>Takes a screenshot of the current window or element and saves it to disk.</doc>
<status status="PASS" start="2025-06-11T18:50:10.278659" elapsed="0.131000"/>
</kw>
<msg time="2025-06-11T18:50:10.427671" level="INFO">Switching context to context=6428d3d0-84b5-46db-8235-bcbd3a32eac7 in CURRENT</msg>
<msg time="2025-06-11T18:50:10.435658" level="INFO">Successfully changed active context: context=6428d3d0-84b5-46db-8235-bcbd3a32eac7</msg>
<msg time="2025-06-11T18:50:10.456663" level="INFO">Successfully closed Context</msg>
<status status="PASS" start="2025-06-11T18:50:09.037054" elapsed="1.372605"/>
</test>
<doc>Cenário de autenticação do usuário</doc>
<status status="PASS" start="2025-06-11T18:49:57.762443" elapsed="12.695216"/>
</suite>
<suite id="s1-s2" name="Online Tests" source="C:\Users\Pedro\Documents\Compass UOL\Documentos\Semana 13 - Introdução Automação Web\QAx\projects\mark85-robot-express\tests\online_tests.robot">
<test id="s1-s2-t1" name="Webapp deve estar online" line="6">
<kw name="Start Session" owner="base_keywords">
<kw name="New Browser" owner="Browser">
<msg time="2025-06-11T18:50:10.507671" level="INFO">Switching browser to browser=4b95a79f-e0f2-4c95-b998-eed25b2e2629</msg>
<msg time="2025-06-11T18:50:10.510657" level="INFO">Successfully changed active browser: browser=4b95a79f-e0f2-4c95-b998-eed25b2e2629</msg>
<msg time="2025-06-11T18:50:10.510657" level="INFO">Reusing existing browser with id: browser=4b95a79f-e0f2-4c95-b998-eed25b2e2629</msg>
<arg>browser=firefox</arg>
<arg>headless=False</arg>
<tag>BrowserControl</tag>
<tag>Setter</tag>
<doc>Create a new playwright Browser with specified options.</doc>
<status status="PASS" start="2025-06-11T18:50:10.506658" elapsed="0.003999"/>
</kw>
<kw name="New Page" owner="Browser">
<msg time="2025-06-11T18:50:11.282974" level="INFO">Successfully initialized new page object and opened url: http://localhost:3000</msg>
<msg time="2025-06-11T18:50:11.282974" level="INFO">No context was open. New context was automatically opened when this page is created.</msg>
<arg>${BASE_URL}</arg>
<tag>BrowserControl</tag>
<tag>Setter</tag>
<doc>Open a new Page.</doc>
<status status="PASS" start="2025-06-11T18:50:10.510657" elapsed="0.772317"/>
</kw>
<status status="PASS" start="2025-06-11T18:50:10.506658" elapsed="0.776316"/>
</kw>
<kw name="Get Title" owner="Browser">
<msg time="2025-06-11T18:50:11.294985" level="INFO">Title: 'Mark85 by QAx'</msg>
<arg>equal</arg>
<arg>Mark85 by QAx</arg>
<tag>Assertion</tag>
<tag>Getter</tag>
<tag>PageContent</tag>
<doc>Returns the title of the current page.</doc>
<status status="PASS" start="2025-06-11T18:50:11.283973" elapsed="0.012013"/>
</kw>
<msg time="2025-06-11T18:50:11.315972" level="INFO">Switching context to context=d7c71c7d-9b83-4a3e-8b3a-cb696cac284e in CURRENT</msg>
<msg time="2025-06-11T18:50:11.323986" level="INFO">Successfully changed active context: context=d7c71c7d-9b83-4a3e-8b3a-cb696cac284e</msg>
<msg time="2025-06-11T18:50:11.343975" level="INFO">Successfully closed Context</msg>
<status status="PASS" start="2025-06-11T18:50:10.502657" elapsed="0.793329"/>
</test>
<doc>Online</doc>
<status status="PASS" start="2025-06-11T18:50:10.464661" elapsed="0.880310"/>
</suite>
<suite id="s1-s3" name="Signup Tests" source="C:\Users\Pedro\Documents\Compass UOL\Documentos\Semana 13 - Introdução Automação Web\QAx\projects\mark85-robot-express\tests\signup_tests.robot">
<test id="s1-s3-t1" name="Deve poder cadastrar um novo usuário" line="10">
<kw name="Start Session" owner="base_keywords" type="SETUP">
<kw name="New Browser" owner="Browser">
<msg time="2025-06-11T18:50:11.392986" level="INFO">Switching browser to browser=4b95a79f-e0f2-4c95-b998-eed25b2e2629</msg>
<msg time="2025-06-11T18:50:11.395986" level="INFO">Successfully changed active browser: browser=4b95a79f-e0f2-4c95-b998-eed25b2e2629</msg>
<msg time="2025-06-11T18:50:11.395986" level="INFO">Reusing existing browser with id: browser=4b95a79f-e0f2-4c95-b998-eed25b2e2629</msg>
<arg>browser=firefox</arg>
<arg>headless=False</arg>
<tag>BrowserControl</tag>
<tag>Setter</tag>
<doc>Create a new playwright Browser with specified options.</doc>
<status status="PASS" start="2025-06-11T18:50:11.391971" elapsed="0.004015"/>
</kw>
<kw name="New Page" owner="Browser">
<msg time="2025-06-11T18:50:12.170150" level="INFO">Successfully initialized new page object and opened url: http://localhost:3000</msg>
<msg time="2025-06-11T18:50:12.170150" level="INFO">No context was open. New context was automatically opened when this page is created.</msg>
<arg>${BASE_URL}</arg>
<tag>BrowserControl</tag>
<tag>Setter</tag>
<doc>Open a new Page.</doc>
<status status="PASS" start="2025-06-11T18:50:11.395986" elapsed="0.774164"/>
</kw>
<status status="PASS" start="2025-06-11T18:50:11.391971" elapsed="0.779175"/>
</kw>
<kw name="Create Dictionary" owner="BuiltIn">
<msg time="2025-06-11T18:50:12.172156" level="INFO">${user} = {'name': 'Pedro Afonso', 'email': 'pedro.afonso@qa.com.br', 'password': 'testando123'}</msg>
<var>${user}</var>
<arg>name=Pedro Afonso</arg>
<arg>email=pedro.afonso@qa.com.br</arg>
<arg>password=testando123</arg>
<doc>Creates and returns a dictionary based on the given ``items``.</doc>
<status status="PASS" start="2025-06-11T18:50:12.171146" elapsed="0.001010"/>
</kw>
<kw name="Remove user from database" owner="database">
<msg time="2025-06-11T18:50:12.186923" level="INFO">removing user by pedro.afonso@qa.com.br</msg>
<arg>${user}[email]</arg>
<status status="PASS" start="2025-06-11T18:50:12.173148" elapsed="0.013775"/>
</kw>
<kw name="Go to signup page" owner="SignupPage">
<kw name="Go To" owner="Browser">
<msg time="2025-06-11T18:50:12.331905" level="INFO">Successfully opened URL http://localhost:3000/signup</msg>
<arg>${BASE_URL}/signup</arg>
<tag>BrowserControl</tag>
<tag>Setter</tag>
<doc>Navigates to the given ``url``.</doc>
<status status="PASS" start="2025-06-11T18:50:12.188901" elapsed="0.143004"/>
</kw>
<kw name="Wait For Elements State" owner="Browser">
<msg time="2025-06-11T18:50:12.375905" level="INFO">Waited for Element with selector css=h1 at state visible</msg>
<arg>css=h1</arg>
<arg>visible</arg>
<arg>5</arg>
<tag>PageContent</tag>
<tag>Wait</tag>
<doc>Waits for the element found by ``selector`` to satisfy state option.</doc>
<status status="PASS" start="2025-06-11T18:50:12.332906" elapsed="0.042999"/>
</kw>
<kw name="Get Text" owner="Browser">
<msg time="2025-06-11T18:50:12.426902" level="INFO">Text: 'Faça seu cadastro'</msg>
<arg>css=h1</arg>
<arg>equal</arg>
<arg>Faça seu cadastro</arg>
<tag>Assertion</tag>
<tag>Getter</tag>
<tag>PageContent</tag>
<doc>Returns text attribute of the element found by ``selector``.</doc>
<status status="PASS" start="2025-06-11T18:50:12.375905" elapsed="0.050997"/>
</kw>
<status status="PASS" start="2025-06-11T18:50:12.187901" elapsed="0.240006"/>
</kw>
<kw name="Submit signup form" owner="SignupPage">
<kw name="Fill Text" owner="Browser">
<msg time="2025-06-11T18:50:12.429905" level="INFO">Fills the text 'Pedro Afonso' in the given field.</msg>
<arg>css=input[name=name]</arg>
<arg>${user}[name]</arg>
<tag>PageContent</tag>
<tag>Setter</tag>
<doc>Clears and fills the given ``txt`` into the text field found by ``selector``.</doc>
<status status="PASS" start="2025-06-11T18:50:12.428903" elapsed="0.033002"/>
</kw>
<kw name="Fill Text" owner="Browser">
<msg time="2025-06-11T18:50:12.462902" level="INFO">Fills the text 'pedro.afonso@qa.com.br' in the given field.</msg>
<arg>css=input[name=email]</arg>
<arg>${user}[email]</arg>
<tag>PageContent</tag>
<tag>Setter</tag>
<doc>Clears and fills the given ``txt`` into the text field found by ``selector``.</doc>
<status status="PASS" start="2025-06-11T18:50:12.461905" elapsed="0.029999"/>
</kw>
<kw name="Fill Text" owner="Browser">
<msg time="2025-06-11T18:50:12.492903" level="INFO">Fills the text 'testando123' in the given field.</msg>
<arg>css=input[name=password]</arg>
<arg>${user}[password]</arg>
<tag>PageContent</tag>
<tag>Setter</tag>
<doc>Clears and fills the given ``txt`` into the text field found by ``selector``.</doc>
<status status="PASS" start="2025-06-11T18:50:12.491904" elapsed="0.025001"/>
</kw>
<kw name="Click" owner="Browser">
<msg time="2025-06-11T18:50:12.518901" level="INFO">Clicks the element 'css=button[type=submit] &gt;&gt; text=Cadastrar'.</msg>
<arg>css=button[type=submit] &gt;&gt; text=Cadastrar</arg>
<tag>PageContent</tag>
<tag>Setter</tag>
<doc>Simulates mouse click on the element found by ``selector``.</doc>
<status status="PASS" start="2025-06-11T18:50:12.517903" elapsed="0.136593"/>
</kw>
<arg>${user}</arg>
<status status="PASS" start="2025-06-11T18:50:12.427907" elapsed="0.226589"/>
</kw>
<kw name="Notice should be" owner="Notice">
<kw name="Set Variable" owner="BuiltIn">
<msg time="2025-06-11T18:50:12.656495" level="INFO">${element} = css=.notice p</msg>
<var>${element}</var>
<arg>css=.notice p</arg>
<doc>Returns the given values which can then be assigned to a variables.</doc>
<status status="PASS" start="2025-06-11T18:50:12.655500" elapsed="0.000995"/>
</kw>
<kw name="Wait For Elements State" owner="Browser">
<msg time="2025-06-11T18:50:12.768208" level="INFO">Waited for Element with selector css=.notice p at state visible</msg>
<arg>${element}</arg>
<arg>visible</arg>
<arg>5</arg>
<tag>PageContent</tag>
<tag>Wait</tag>
<doc>Waits for the element found by ``selector`` to satisfy state option.</doc>
<status status="PASS" start="2025-06-11T18:50:12.656495" elapsed="0.111713"/>
</kw>
<kw name="Get Text" owner="Browser">
<msg time="2025-06-11T18:50:12.790207" level="INFO">Text: 'Boas vindas ao Mark85, o seu gerenciador de tarefas.'</msg>
<arg>${element}</arg>
<arg>equal</arg>
<arg>${expected_text}</arg>
<tag>Assertion</tag>
<tag>Getter</tag>
<tag>PageContent</tag>
<doc>Returns text attribute of the element found by ``selector``.</doc>
<status status="PASS" start="2025-06-11T18:50:12.769208" elapsed="0.020999"/>
</kw>
<arg>Boas vindas ao Mark85, o seu gerenciador de tarefas.</arg>
<status status="PASS" start="2025-06-11T18:50:12.654496" elapsed="0.135711"/>
</kw>
<kw name="Take Screenshot" owner="Browser" type="TEARDOWN">
<msg time="2025-06-11T18:50:12.942211" level="INFO" html="true">&lt;/td&gt;&lt;/tr&gt;&lt;tr&gt;&lt;td colspan="3"&gt;&lt;a href="browser/screenshot/robotframework-browser-screenshot-3.png" target="_blank"&gt;&lt;img src="browser/screenshot/robotframework-browser-screenshot-3.png" width="800px"/&gt;&lt;/a&gt;</msg>
<tag>PageContent</tag>
<doc>Takes a screenshot of the current window or element and saves it to disk.</doc>
<status status="PASS" start="2025-06-11T18:50:12.791209" elapsed="0.152004"/>
</kw>
<msg time="2025-06-11T18:50:12.963209" level="INFO">Switching context to context=92afc847-01cf-4607-abf5-32bafe0cdaac in CURRENT</msg>
<msg time="2025-06-11T18:50:12.972209" level="INFO">Successfully changed active context: context=92afc847-01cf-4607-abf5-32bafe0cdaac</msg>
<msg time="2025-06-11T18:50:12.994213" level="INFO">Successfully closed Context</msg>
<status status="PASS" start="2025-06-11T18:50:11.387976" elapsed="1.555237"/>
</test>
<test id="s1-s3-t2" name="Não deve permitir o cadastro com email duplicado" line="23">
<kw name="Start Session" owner="base_keywords" type="SETUP">
<kw name="New Browser" owner="Browser">
<msg time="2025-06-11T18:50:13.002209" level="INFO">Switching browser to browser=4b95a79f-e0f2-4c95-b998-eed25b2e2629</msg>
<msg time="2025-06-11T18:50:13.006209" level="INFO">Successfully changed active browser: browser=4b95a79f-e0f2-4c95-b998-eed25b2e2629</msg>
<msg time="2025-06-11T18:50:13.006209" level="INFO">Reusing existing browser with id: browser=4b95a79f-e0f2-4c95-b998-eed25b2e2629</msg>
<arg>browser=firefox</arg>
<arg>headless=False</arg>
<tag>BrowserControl</tag>
<tag>Setter</tag>
<doc>Create a new playwright Browser with specified options.</doc>
<status status="PASS" start="2025-06-11T18:50:13.001227" elapsed="0.004982"/>
</kw>
<kw name="New Page" owner="Browser">
<msg time="2025-06-11T18:50:13.817099" level="INFO">Successfully initialized new page object and opened url: http://localhost:3000</msg>
<msg time="2025-06-11T18:50:13.817099" level="INFO">No context was open. New context was automatically opened when this page is created.</msg>
<arg>${BASE_URL}</arg>
<tag>BrowserControl</tag>
<tag>Setter</tag>
<doc>Open a new Page.</doc>
<status status="PASS" start="2025-06-11T18:50:13.006209" elapsed="0.810890"/>
</kw>
<status status="PASS" start="2025-06-11T18:50:13.000208" elapsed="0.817893"/>
</kw>
<kw name="Create Dictionary" owner="BuiltIn">
<msg time="2025-06-11T18:50:13.819099" level="INFO">${user} = {'name': 'Afonso Pedro', 'email': 'afonso.pedro@aq.com.br', 'password': 'testando123'}</msg>
<var>${user}</var>
<arg>name=Afonso Pedro</arg>
<arg>email=afonso.pedro@aq.com.br</arg>
<arg>password=testando123</arg>
<doc>Creates and returns a dictionary based on the given ``items``.</doc>
<status status="PASS" start="2025-06-11T18:50:13.818101" elapsed="0.000998"/>
</kw>
<kw name="Remove user from database" owner="database">
<msg time="2025-06-11T18:50:13.834098" level="INFO">removing user by afonso.pedro@aq.com.br</msg>
<arg>${user}[email]</arg>
<status status="PASS" start="2025-06-11T18:50:13.820113" elapsed="0.013985"/>
</kw>
<kw name="Insert user from database" owner="database">
<msg time="2025-06-11T18:50:13.865984" level="INFO">{'name': 'Afonso Pedro', 'email': 'afonso.pedro@aq.com.br', 'password': 'testando123'}</msg>
<arg>${user}</arg>
<status status="PASS" start="2025-06-11T18:50:13.834098" elapsed="0.031886"/>
</kw>
<kw name="Go to signup page" owner="SignupPage">
<kw name="Go To" owner="Browser">
<msg time="2025-06-11T18:50:14.011987" level="INFO">Successfully opened URL http://localhost:3000/signup</msg>
<arg>${BASE_URL}/signup</arg>
<tag>BrowserControl</tag>
<tag>Setter</tag>
<doc>Navigates to the given ``url``.</doc>
<status status="PASS" start="2025-06-11T18:50:13.866988" elapsed="0.145996"/>
</kw>
<kw name="Wait For Elements State" owner="Browser">
<msg time="2025-06-11T18:50:14.060998" level="INFO">Waited for Element with selector css=h1 at state visible</msg>
<arg>css=h1</arg>
<arg>visible</arg>
<arg>5</arg>
<tag>PageContent</tag>
<tag>Wait</tag>
<doc>Waits for the element found by ``selector`` to satisfy state option.</doc>
<status status="PASS" start="2025-06-11T18:50:14.012984" elapsed="0.049000"/>
</kw>
<kw name="Get Text" owner="Browser">
<msg time="2025-06-11T18:50:14.181983" level="INFO">Text: 'Faça seu cadastro'</msg>
<arg>css=h1</arg>
<arg>equal</arg>
<arg>Faça seu cadastro</arg>
<tag>Assertion</tag>
<tag>Getter</tag>
<tag>PageContent</tag>
<doc>Returns text attribute of the element found by ``selector``.</doc>
<status status="PASS" start="2025-06-11T18:50:14.061984" elapsed="0.119999"/>
</kw>
<status status="PASS" start="2025-06-11T18:50:13.866988" elapsed="0.314995"/>
</kw>
<kw name="Submit signup form" owner="SignupPage">
<kw name="Fill Text" owner="Browser">
<msg time="2025-06-11T18:50:14.184990" level="INFO">Fills the text 'Afonso Pedro' in the given field.</msg>
<arg>css=input[name=name]</arg>
<arg>${user}[name]</arg>
<tag>PageContent</tag>
<tag>Setter</tag>
<doc>Clears and fills the given ``txt`` into the text field found by ``selector``.</doc>
<status status="PASS" start="2025-06-11T18:50:14.183985" elapsed="0.032000"/>
</kw>
<kw name="Fill Text" owner="Browser">
<msg time="2025-06-11T18:50:14.217989" level="INFO">Fills the text 'afonso.pedro@aq.com.br' in the given field.</msg>
<arg>css=input[name=email]</arg>
<arg>${user}[email]</arg>
<tag>PageContent</tag>
<tag>Setter</tag>
<doc>Clears and fills the given ``txt`` into the text field found by ``selector``.</doc>
<status status="PASS" start="2025-06-11T18:50:14.216987" elapsed="0.028233"/>
</kw>
<kw name="Fill Text" owner="Browser">
<msg time="2025-06-11T18:50:14.246219" level="INFO">Fills the text 'testando123' in the given field.</msg>
<arg>css=input[name=password]</arg>
<arg>${user}[password]</arg>
<tag>PageContent</tag>
<tag>Setter</tag>
<doc>Clears and fills the given ``txt`` into the text field found by ``selector``.</doc>
<status status="PASS" start="2025-06-11T18:50:14.245220" elapsed="0.024998"/>
</kw>
<kw name="Click" owner="Browser">
<msg time="2025-06-11T18:50:14.271219" level="INFO">Clicks the element 'css=button[type=submit] &gt;&gt; text=Cadastrar'.</msg>
<arg>css=button[type=submit] &gt;&gt; text=Cadastrar</arg>
<tag>PageContent</tag>
<tag>Setter</tag>
<doc>Simulates mouse click on the element found by ``selector``.</doc>
<status status="PASS" start="2025-06-11T18:50:14.270218" elapsed="0.133849"/>
</kw>
<arg>${user}</arg>
<status status="PASS" start="2025-06-11T18:50:14.183184" elapsed="0.220883"/>
</kw>
<kw name="Notice should be" owner="Notice">
<kw name="Set Variable" owner="BuiltIn">
<msg time="2025-06-11T18:50:14.406054" level="INFO">${element} = css=.notice p</msg>
<var>${element}</var>
<arg>css=.notice p</arg>
<doc>Returns the given values which can then be assigned to a variables.</doc>
<status status="PASS" start="2025-06-11T18:50:14.405054" elapsed="0.001000"/>
</kw>
<kw name="Wait For Elements State" owner="Browser">
<msg time="2025-06-11T18:50:14.452052" level="INFO">Waited for Element with selector css=.notice p at state visible</msg>
<arg>${element}</arg>
<arg>visible</arg>
<arg>5</arg>
<tag>PageContent</tag>
<tag>Wait</tag>
<doc>Waits for the element found by ``selector`` to satisfy state option.</doc>
<status status="PASS" start="2025-06-11T18:50:14.406054" elapsed="0.045998"/>
</kw>
<kw name="Get Text" owner="Browser">
<msg time="2025-06-11T18:50:14.500052" level="INFO">Text: 'Oops! Já existe uma conta com o e-mail informado.'</msg>
<arg>${element}</arg>
<arg>equal</arg>
<arg>${expected_text}</arg>
<tag>Assertion</tag>
<tag>Getter</tag>
<tag>PageContent</tag>
<doc>Returns text attribute of the element found by ``selector``.</doc>
<status status="PASS" start="2025-06-11T18:50:14.453067" elapsed="0.046985"/>
</kw>
<arg>Oops! Já existe uma conta com o e-mail informado.</arg>
<status status="PASS" start="2025-06-11T18:50:14.404067" elapsed="0.095985"/>
</kw>
<kw name="Take Screenshot" owner="Browser" type="TEARDOWN">
<msg time="2025-06-11T18:50:14.645392" level="INFO" html="true">&lt;/td&gt;&lt;/tr&gt;&lt;tr&gt;&lt;td colspan="3"&gt;&lt;a href="browser/screenshot/robotframework-browser-screenshot-4.png" target="_blank"&gt;&lt;img src="browser/screenshot/robotframework-browser-screenshot-4.png" width="800px"/&gt;&lt;/a&gt;</msg>
<tag>PageContent</tag>
<doc>Takes a screenshot of the current window or element and saves it to disk.</doc>
<status status="PASS" start="2025-06-11T18:50:14.501068" elapsed="0.144324"/>
</kw>
<msg time="2025-06-11T18:50:14.742403" level="INFO">Switching context to context=36b0baad-4ffd-4178-a1b5-6e061c9298ba in CURRENT</msg>
<msg time="2025-06-11T18:50:14.750389" level="INFO">Successfully changed active context: context=36b0baad-4ffd-4178-a1b5-6e061c9298ba</msg>
<msg time="2025-06-11T18:50:14.773390" level="INFO">Successfully closed Context</msg>
<tag>dup</tag>
<status status="PASS" start="2025-06-11T18:50:12.995209" elapsed="1.651181"/>
</test>
<test id="s1-s3-t3" name="Campos Obrigatórios" line="38">
<kw name="Start Session" owner="base_keywords" type="SETUP">
<kw name="New Browser" owner="Browser">
<msg time="2025-06-11T18:50:14.779390" level="INFO">Switching browser to browser=4b95a79f-e0f2-4c95-b998-eed25b2e2629</msg>
<msg time="2025-06-11T18:50:14.783393" level="INFO">Successfully changed active browser: browser=4b95a79f-e0f2-4c95-b998-eed25b2e2629</msg>
<msg time="2025-06-11T18:50:14.784399" level="INFO">Reusing existing browser with id: browser=4b95a79f-e0f2-4c95-b998-eed25b2e2629</msg>
<arg>browser=firefox</arg>
<arg>headless=False</arg>
<tag>BrowserControl</tag>
<tag>Setter</tag>
<doc>Create a new playwright Browser with specified options.</doc>
<status status="PASS" start="2025-06-11T18:50:14.778405" elapsed="0.005994"/>
</kw>
<kw name="New Page" owner="Browser">
<msg time="2025-06-11T18:50:15.576596" level="INFO">Successfully initialized new page object and opened url: http://localhost:3000</msg>
<msg time="2025-06-11T18:50:15.576596" level="INFO">No context was open. New context was automatically opened when this page is created.</msg>
<arg>${BASE_URL}</arg>
<tag>BrowserControl</tag>
<tag>Setter</tag>
<doc>Open a new Page.</doc>
<status status="PASS" start="2025-06-11T18:50:14.784399" elapsed="0.792197"/>
</kw>
<status status="PASS" start="2025-06-11T18:50:14.777405" elapsed="0.799191"/>
</kw>
<kw name="Create Dictionary" owner="BuiltIn">
<msg time="2025-06-11T18:50:15.579595" level="INFO">${user} = {'name': '', 'email': '', 'password': ''}</msg>
<var>${user}</var>
<arg>name=${EMPTY}</arg>
<arg>email=${EMPTY}</arg>
<arg>password=${EMPTY}</arg>
<doc>Creates and returns a dictionary based on the given ``items``.</doc>
<status status="PASS" start="2025-06-11T18:50:15.577594" elapsed="0.002001"/>
</kw>
<kw name="Go to signup page" owner="SignupPage">
<kw name="Go To" owner="Browser">
<msg time="2025-06-11T18:50:15.718594" level="INFO">Successfully opened URL http://localhost:3000/signup</msg>
<arg>${BASE_URL}/signup</arg>
<tag>BrowserControl</tag>
<tag>Setter</tag>
<doc>Navigates to the given ``url``.</doc>
<status status="PASS" start="2025-06-11T18:50:15.581596" elapsed="0.136998"/>
</kw>
<kw name="Wait For Elements State" owner="Browser">
<msg time="2025-06-11T18:50:15.757608" level="INFO">Waited for Element with selector css=h1 at state visible</msg>
<arg>css=h1</arg>
<arg>visible</arg>
<arg>5</arg>
<tag>PageContent</tag>
<tag>Wait</tag>
<doc>Waits for the element found by ``selector`` to satisfy state option.</doc>
<status status="PASS" start="2025-06-11T18:50:15.719595" elapsed="0.039000"/>
</kw>
<kw name="Get Text" owner="Browser">
<msg time="2025-06-11T18:50:15.804596" level="INFO">Text: 'Faça seu cadastro'</msg>
<arg>css=h1</arg>
<arg>equal</arg>
<arg>Faça seu cadastro</arg>
<tag>Assertion</tag>
<tag>Getter</tag>
<tag>PageContent</tag>
<doc>Returns text attribute of the element found by ``selector``.</doc>
<status status="PASS" start="2025-06-11T18:50:15.758595" elapsed="0.046001"/>
</kw>
<status status="PASS" start="2025-06-11T18:50:15.580604" elapsed="0.223992"/>
</kw>
<kw name="Submit signup form" owner="SignupPage">
<kw name="Fill Text" owner="Browser">
<msg time="2025-06-11T18:50:15.806593" level="INFO">Fills the text '' in the given field.</msg>
<arg>css=input[name=name]</arg>
<arg>${user}[name]</arg>
<tag>PageContent</tag>
<tag>Setter</tag>
<doc>Clears and fills the given ``txt`` into the text field found by ``selector``.</doc>
<status status="PASS" start="2025-06-11T18:50:15.806593" elapsed="0.036001"/>
</kw>
<kw name="Fill Text" owner="Browser">
<msg time="2025-06-11T18:50:15.843593" level="INFO">Fills the text '' in the given field.</msg>
<arg>css=input[name=email]</arg>
<arg>${user}[email]</arg>
<tag>PageContent</tag>
<tag>Setter</tag>
<doc>Clears and fills the given ``txt`` into the text field found by ``selector``.</doc>
<status status="PASS" start="2025-06-11T18:50:15.842594" elapsed="0.023999"/>
</kw>
<kw name="Fill Text" owner="Browser">
<msg time="2025-06-11T18:50:15.867596" level="INFO">Fills the text '' in the given field.</msg>
<arg>css=input[name=password]</arg>
<arg>${user}[password]</arg>
<tag>PageContent</tag>
<tag>Setter</tag>
<doc>Clears and fills the given ``txt`` into the text field found by ``selector``.</doc>
<status status="PASS" start="2025-06-11T18:50:15.866593" elapsed="0.023000"/>
</kw>
<kw name="Click" owner="Browser">
<msg time="2025-06-11T18:50:15.891598" level="INFO">Clicks the element 'css=button[type=submit] &gt;&gt; text=Cadastrar'.</msg>
<arg>css=button[type=submit] &gt;&gt; text=Cadastrar</arg>
<tag>PageContent</tag>
<tag>Setter</tag>
<doc>Simulates mouse click on the element found by ``selector``.</doc>
<status status="PASS" start="2025-06-11T18:50:15.890594" elapsed="0.104966"/>
</kw>
<arg>${user}</arg>
<status status="PASS" start="2025-06-11T18:50:15.805609" elapsed="0.189951"/>
</kw>
<kw name="Alert should be" owner="Alert">
<kw name="Wait For Elements State" owner="Browser">
<msg time="2025-06-11T18:50:16.009110" level="INFO">Waited for Element with selector css=.alert-error &gt;&gt; text=Informe seu nome completo at state visible</msg>
<arg>css=.alert-error &gt;&gt; text=${expected_text}</arg>
<arg>visible</arg>
<arg>5</arg>
<tag>PageContent</tag>
<tag>Wait</tag>
<doc>Waits for the element found by ``selector`` to satisfy state option.</doc>
<status status="PASS" start="2025-06-11T18:50:15.997561" elapsed="0.012550"/>
</kw>
<arg>Informe seu nome completo</arg>
<status status="PASS" start="2025-06-11T18:50:15.996556" elapsed="0.013555"/>
</kw>
<kw name="Alert should be" owner="Alert">
<kw name="Wait For Elements State" owner="Browser">
<msg time="2025-06-11T18:50:16.021107" level="INFO">Waited for Element with selector css=.alert-error &gt;&gt; text=Informe seu e-email at state visible</msg>
<arg>css=.alert-error &gt;&gt; text=${expected_text}</arg>
<arg>visible</arg>
<arg>5</arg>
<tag>PageContent</tag>
<tag>Wait</tag>
<doc>Waits for the element found by ``selector`` to satisfy state option.</doc>
<status status="PASS" start="2025-06-11T18:50:16.011110" elapsed="0.009997"/>
</kw>
<arg>Informe seu e-email</arg>
<status status="PASS" start="2025-06-11T18:50:16.010111" elapsed="0.012013"/>
</kw>
<kw name="Alert should be" owner="Alert">
<kw name="Wait For Elements State" owner="Browser">
<msg time="2025-06-11T18:50:16.033109" level="INFO">Waited for Element with selector css=.alert-error &gt;&gt; text=Informe uma senha com pelo menos 6 digitos at state visible</msg>
<arg>css=.alert-error &gt;&gt; text=${expected_text}</arg>
<arg>visible</arg>
<arg>5</arg>
<tag>PageContent</tag>
<tag>Wait</tag>
<doc>Waits for the element found by ``selector`` to satisfy state option.</doc>
<status status="PASS" start="2025-06-11T18:50:16.023109" elapsed="0.010000"/>
</kw>
<arg>Informe uma senha com pelo menos 6 digitos</arg>
<status status="PASS" start="2025-06-11T18:50:16.022124" elapsed="0.011984"/>
</kw>
<kw name="Take Screenshot" owner="Browser" type="TEARDOWN">
<msg time="2025-06-11T18:50:16.173067" level="INFO" html="true">&lt;/td&gt;&lt;/tr&gt;&lt;tr&gt;&lt;td colspan="3"&gt;&lt;a href="browser/screenshot/robotframework-browser-screenshot-5.png" target="_blank"&gt;&lt;img src="browser/screenshot/robotframework-browser-screenshot-5.png" width="800px"/&gt;&lt;/a&gt;</msg>
<tag>PageContent</tag>
<doc>Takes a screenshot of the current window or element and saves it to disk.</doc>
<status status="PASS" start="2025-06-11T18:50:16.034318" elapsed="0.138749"/>
</kw>
<msg time="2025-06-11T18:50:16.190071" level="INFO">Switching context to context=f988eab7-0495-4439-a2d4-1a21a626d631 in CURRENT</msg>
<msg time="2025-06-11T18:50:16.198073" level="INFO">Successfully changed active context: context=f988eab7-0495-4439-a2d4-1a21a626d631</msg>
<msg time="2025-06-11T18:50:16.220084" level="INFO">Successfully closed Context</msg>
<tag>Required</tag>
<status status="PASS" start="2025-06-11T18:50:14.774391" elapsed="1.398676"/>
</test>
<test id="s1-s3-t4" name="Não deve cadastrar com email incorreto" line="52">
<kw name="Start Session" owner="base_keywords" type="SETUP">
<kw name="New Browser" owner="Browser">
<msg time="2025-06-11T18:50:16.227069" level="INFO">Switching browser to browser=4b95a79f-e0f2-4c95-b998-eed25b2e2629</msg>
<msg time="2025-06-11T18:50:16.230078" level="INFO">Successfully changed active browser: browser=4b95a79f-e0f2-4c95-b998-eed25b2e2629</msg>
<msg time="2025-06-11T18:50:16.231072" level="INFO">Reusing existing browser with id: browser=4b95a79f-e0f2-4c95-b998-eed25b2e2629</msg>
<arg>browser=firefox</arg>
<arg>headless=False</arg>
<tag>BrowserControl</tag>
<tag>Setter</tag>
<doc>Create a new playwright Browser with specified options.</doc>
<status status="PASS" start="2025-06-11T18:50:16.226067" elapsed="0.005005"/>
</kw>
<kw name="New Page" owner="Browser">
<msg time="2025-06-11T18:50:17.028882" level="INFO">Successfully initialized new page object and opened url: http://localhost:3000</msg>
<msg time="2025-06-11T18:50:17.028882" level="INFO">No context was open. New context was automatically opened when this page is created.</msg>
<arg>${BASE_URL}</arg>
<tag>BrowserControl</tag>
<tag>Setter</tag>
<doc>Open a new Page.</doc>
<status status="PASS" start="2025-06-11T18:50:16.231072" elapsed="0.798799"/>
</kw>
<status status="PASS" start="2025-06-11T18:50:16.225077" elapsed="0.804794"/>
</kw>
<kw name="Create Dictionary" owner="BuiltIn">
<msg time="2025-06-11T18:50:17.030870" level="INFO">${user} = {'name': 'Charles Xavier', 'email': 'xavier.com.br', 'password': 'testando123'}</msg>
<var>${user}</var>
<arg>name=Charles Xavier</arg>
<arg>email=xavier.com.br</arg>
<arg>password=testando123</arg>
<doc>Creates and returns a dictionary based on the given ``items``.</doc>
<status status="PASS" start="2025-06-11T18:50:17.030870" elapsed="0.001003"/>
</kw>
<kw name="Go to signup page" owner="SignupPage">
<kw name="Go To" owner="Browser">
<msg time="2025-06-11T18:50:17.167866" level="INFO">Successfully opened URL http://localhost:3000/signup</msg>
<arg>${BASE_URL}/signup</arg>
<tag>BrowserControl</tag>
<tag>Setter</tag>
<doc>Navigates to the given ``url``.</doc>
<status status="PASS" start="2025-06-11T18:50:17.032870" elapsed="0.135998"/>
</kw>
<kw name="Wait For Elements State" owner="Browser">
<msg time="2025-06-11T18:50:17.210864" level="INFO">Waited for Element with selector css=h1 at state visible</msg>
<arg>css=h1</arg>
<arg>visible</arg>
<arg>5</arg>
<tag>PageContent</tag>
<tag>Wait</tag>
<doc>Waits for the element found by ``selector`` to satisfy state option.</doc>
<status status="PASS" start="2025-06-11T18:50:17.168868" elapsed="0.042998"/>
</kw>
<kw name="Get Text" owner="Browser">
<msg time="2025-06-11T18:50:17.260866" level="INFO">Text: 'Faça seu cadastro'</msg>
<arg>css=h1</arg>
<arg>equal</arg>
<arg>Faça seu cadastro</arg>
<tag>Assertion</tag>
<tag>Getter</tag>
<tag>PageContent</tag>
<doc>Returns text attribute of the element found by ``selector``.</doc>
<status status="PASS" start="2025-06-11T18:50:17.211866" elapsed="0.049000"/>
</kw>
<status status="PASS" start="2025-06-11T18:50:17.031873" elapsed="0.228993"/>
</kw>
<kw name="Submit signup form" owner="SignupPage">
<kw name="Fill Text" owner="Browser">
<msg time="2025-06-11T18:50:17.262865" level="INFO">Fills the text 'Charles Xavier' in the given field.</msg>
<arg>css=input[name=name]</arg>
<arg>${user}[name]</arg>
<tag>PageContent</tag>
<tag>Setter</tag>
<doc>Clears and fills the given ``txt`` into the text field found by ``selector``.</doc>
<status status="PASS" start="2025-06-11T18:50:17.261865" elapsed="0.033004"/>
</kw>
<kw name="Fill Text" owner="Browser">
<msg time="2025-06-11T18:50:17.295881" level="INFO">Fills the text 'xavier.com.br' in the given field.</msg>
<arg>css=input[name=email]</arg>
<arg>${user}[email]</arg>
<tag>PageContent</tag>
<tag>Setter</tag>
<doc>Clears and fills the given ``txt`` into the text field found by ``selector``.</doc>
<status status="PASS" start="2025-06-11T18:50:17.294869" elapsed="0.025996"/>
</kw>
<kw name="Fill Text" owner="Browser">
<msg time="2025-06-11T18:50:17.322867" level="INFO">Fills the text 'testando123' in the given field.</msg>
<arg>css=input[name=password]</arg>
<arg>${user}[password]</arg>
<tag>PageContent</tag>
<tag>Setter</tag>
<doc>Clears and fills the given ``txt`` into the text field found by ``selector``.</doc>
<status status="PASS" start="2025-06-11T18:50:17.321880" elapsed="0.023988"/>
</kw>
<kw name="Click" owner="Browser">
<msg time="2025-06-11T18:50:17.346866" level="INFO">Clicks the element 'css=button[type=submit] &gt;&gt; text=Cadastrar'.</msg>
<arg>css=button[type=submit] &gt;&gt; text=Cadastrar</arg>
<tag>PageContent</tag>
<tag>Setter</tag>
<doc>Simulates mouse click on the element found by ``selector``.</doc>
<status status="PASS" start="2025-06-11T18:50:17.345868" elapsed="0.119041"/>
</kw>
<arg>${user}</arg>
<status status="PASS" start="2025-06-11T18:50:17.261865" elapsed="0.203044"/>
</kw>
<kw name="Alert should be" owner="Alert">
<kw name="Wait For Elements State" owner="Browser">
<msg time="2025-06-11T18:50:17.477426" level="INFO">Waited for Element with selector css=.alert-error &gt;&gt; text=Digite um e-mail válido at state visible</msg>
<arg>css=.alert-error &gt;&gt; text=${expected_text}</arg>
<arg>visible</arg>
<arg>5</arg>
<tag>PageContent</tag>
<tag>Wait</tag>
<doc>Waits for the element found by ``selector`` to satisfy state option.</doc>
<status status="PASS" start="2025-06-11T18:50:17.465909" elapsed="0.012518"/>
</kw>
<arg>Digite um e-mail válido</arg>
<status status="PASS" start="2025-06-11T18:50:17.465909" elapsed="0.012518"/>
</kw>
<kw name="Take Screenshot" owner="Browser" type="TEARDOWN">
<msg time="2025-06-11T18:50:17.613801" level="INFO" html="true">&lt;/td&gt;&lt;/tr&gt;&lt;tr&gt;&lt;td colspan="3"&gt;&lt;a href="browser/screenshot/robotframework-browser-screenshot-6.png" target="_blank"&gt;&lt;img src="browser/screenshot/robotframework-browser-screenshot-6.png" width="800px"/&gt;&lt;/a&gt;</msg>
<tag>PageContent</tag>
<doc>Takes a screenshot of the current window or element and saves it to disk.</doc>
<status status="PASS" start="2025-06-11T18:50:17.478427" elapsed="0.136369"/>
</kw>
<msg time="2025-06-11T18:50:17.631799" level="INFO">Switching context to context=3897b314-dbad-4866-a4b7-78ad9c9fa0a4 in CURRENT</msg>
<msg time="2025-06-11T18:50:17.639795" level="INFO">Successfully changed active context: context=3897b314-dbad-4866-a4b7-78ad9c9fa0a4</msg>
<msg time="2025-06-11T18:50:17.660803" level="INFO">Successfully closed Context</msg>
<tag>EmailInvalido</tag>
<status status="PASS" start="2025-06-11T18:50:16.221073" elapsed="1.393723"/>
</test>
<test id="s1-s3-t5" name="Não deve cadastrar senha muito curta" line="64">
<kw name="Start Session" owner="base_keywords" type="SETUP">
<kw name="New Browser" owner="Browser">
<msg time="2025-06-11T18:50:17.667799" level="INFO">Switching browser to browser=4b95a79f-e0f2-4c95-b998-eed25b2e2629</msg>
<msg time="2025-06-11T18:50:17.670801" level="INFO">Successfully changed active browser: browser=4b95a79f-e0f2-4c95-b998-eed25b2e2629</msg>
<msg time="2025-06-11T18:50:17.670801" level="INFO">Reusing existing browser with id: browser=4b95a79f-e0f2-4c95-b998-eed25b2e2629</msg>
<arg>browser=firefox</arg>
<arg>headless=False</arg>
<tag>BrowserControl</tag>
<tag>Setter</tag>
<doc>Create a new playwright Browser with specified options.</doc>
<status status="PASS" start="2025-06-11T18:50:17.666800" elapsed="0.004001"/>
</kw>
<kw name="New Page" owner="Browser">
<msg time="2025-06-11T18:50:18.469739" level="INFO">Successfully initialized new page object and opened url: http://localhost:3000</msg>
<msg time="2025-06-11T18:50:18.470737" level="INFO">No context was open. New context was automatically opened when this page is created.</msg>
<arg>${BASE_URL}</arg>
<tag>BrowserControl</tag>
<tag>Setter</tag>
<doc>Open a new Page.</doc>
<status status="PASS" start="2025-06-11T18:50:17.671808" elapsed="0.798929"/>
</kw>
<status status="PASS" start="2025-06-11T18:50:17.665806" elapsed="0.804931"/>
</kw>
<kw name="Create List" owner="BuiltIn">
<msg time="2025-06-11T18:50:18.471742" level="INFO">@{password_list} = [ 1 | 12 | 123 | 1234 | 12345 ]</msg>
<var>@{password_list}</var>
<arg>1</arg>
<arg>12</arg>
<arg>123</arg>
<arg>1234</arg>
<arg>12345</arg>
<doc>Returns a list containing given items.</doc>
<status status="PASS" start="2025-06-11T18:50:18.471742" elapsed="0.000000"/>
</kw>
<for flavor="IN">
<iter>
<kw name="Create Dictionary" owner="BuiltIn">
<msg time="2025-06-11T18:50:18.474738" level="INFO">${user} = {'name': 'Pedro Afonso', 'email': 'pedro.afonso@qa.gov.br', 'password': '1'}</msg>
<var>${user}</var>
<arg>name=Pedro Afonso</arg>
<arg>email=pedro.afonso@qa.gov.br</arg>
<arg>password=${password}</arg>
<doc>Creates and returns a dictionary based on the given ``items``.</doc>
<status status="PASS" start="2025-06-11T18:50:18.473737" elapsed="0.001001"/>
</kw>
<kw name="Go to signup page" owner="SignupPage">
<kw name="Go To" owner="Browser">
<msg time="2025-06-11T18:50:18.616742" level="INFO">Successfully opened URL http://localhost:3000/signup</msg>
<arg>${BASE_URL}/signup</arg>
<tag>BrowserControl</tag>
<tag>Setter</tag>
<doc>Navigates to the given ``url``.</doc>
<status status="PASS" start="2025-06-11T18:50:18.475741" elapsed="0.141001"/>
</kw>
<kw name="Wait For Elements State" owner="Browser">
<msg time="2025-06-11T18:50:18.660751" level="INFO">Waited for Element with selector css=h1 at state visible</msg>
<arg>css=h1</arg>
<arg>visible</arg>
<arg>5</arg>
<tag>PageContent</tag>
<tag>Wait</tag>
<doc>Waits for the element found by ``selector`` to satisfy state option.</doc>
<status status="PASS" start="2025-06-11T18:50:18.617752" elapsed="0.042999"/>
</kw>
<kw name="Get Text" owner="Browser">
<msg time="2025-06-11T18:50:18.710736" level="INFO">Text: 'Faça seu cadastro'</msg>
<arg>css=h1</arg>
<arg>equal</arg>
<arg>Faça seu cadastro</arg>
<tag>Assertion</tag>
<tag>Getter</tag>
<tag>PageContent</tag>
<doc>Returns text attribute of the element found by ``selector``.</doc>
<status status="PASS" start="2025-06-11T18:50:18.661751" elapsed="0.048985"/>
</kw>
<status status="PASS" start="2025-06-11T18:50:18.474738" elapsed="0.236999"/>
</kw>
<kw name="Submit signup form" owner="SignupPage">
<kw name="Fill Text" owner="Browser">
<msg time="2025-06-11T18:50:18.713751" level="INFO">Fills the text 'Pedro Afonso' in the given field.</msg>
<arg>css=input[name=name]</arg>
<arg>${user}[name]</arg>
<tag>PageContent</tag>
<tag>Setter</tag>
<doc>Clears and fills the given ``txt`` into the text field found by ``selector``.</doc>
<status status="PASS" start="2025-06-11T18:50:18.712751" elapsed="0.032000"/>
</kw>
<kw name="Fill Text" owner="Browser">
<msg time="2025-06-11T18:50:18.745751" level="INFO">Fills the text 'pedro.afonso@qa.gov.br' in the given field.</msg>
<arg>css=input[name=email]</arg>
<arg>${user}[email]</arg>
<tag>PageContent</tag>
<tag>Setter</tag>
<doc>Clears and fills the given ``txt`` into the text field found by ``selector``.</doc>
<status status="PASS" start="2025-06-11T18:50:18.744751" elapsed="0.031984"/>
</kw>
<kw name="Fill Text" owner="Browser">
<msg time="2025-06-11T18:50:18.778739" level="INFO">Fills the text '1' in the given field.</msg>
<arg>css=input[name=password]</arg>
<arg>${user}[password]</arg>
<tag>PageContent</tag>
<tag>Setter</tag>
<doc>Clears and fills the given ``txt`` into the text field found by ``selector``.</doc>
<status status="PASS" start="2025-06-11T18:50:18.777748" elapsed="0.031990"/>
</kw>
<kw name="Click" owner="Browser">
<msg time="2025-06-11T18:50:18.810740" level="INFO">Clicks the element 'css=button[type=submit] &gt;&gt; text=Cadastrar'.</msg>
<arg>css=button[type=submit] &gt;&gt; text=Cadastrar</arg>
<tag>PageContent</tag>
<tag>Setter</tag>
<doc>Simulates mouse click on the element found by ``selector``.</doc>
<status status="PASS" start="2025-06-11T18:50:18.809738" elapsed="0.156003"/>
</kw>
<arg>${user}</arg>
<status status="PASS" start="2025-06-11T18:50:18.711737" elapsed="0.254004"/>
</kw>
<kw name="Alert should be" owner="Alert">
<kw name="Wait For Elements State" owner="Browser">
<msg time="2025-06-11T18:50:19.030741" level="INFO">Waited for Element with selector css=.alert-error &gt;&gt; text=Informe uma senha com pelo menos 6 digitos at state visible</msg>
<arg>css=.alert-error &gt;&gt; text=${expected_text}</arg>
<arg>visible</arg>
<arg>5</arg>
<tag>PageContent</tag>
<tag>Wait</tag>
<doc>Waits for the element found by ``selector`` to satisfy state option.</doc>
<status status="PASS" start="2025-06-11T18:50:18.966738" elapsed="0.064003"/>
</kw>
<arg>Informe uma senha com pelo menos 6 digitos</arg>
<status status="PASS" start="2025-06-11T18:50:18.965741" elapsed="0.065000"/>
</kw>
<var name="${password}">1</var>
<status status="PASS" start="2025-06-11T18:50:18.473737" elapsed="0.557004"/>
</iter>
<iter>
<kw name="Create Dictionary" owner="BuiltIn">
<msg time="2025-06-11T18:50:19.032751" level="INFO">${user} = {'name': 'Pedro Afonso', 'email': 'pedro.afonso@qa.gov.br', 'password': '12'}</msg>
<var>${user}</var>
<arg>name=Pedro Afonso</arg>
<arg>email=pedro.afonso@qa.gov.br</arg>
<arg>password=${password}</arg>
<doc>Creates and returns a dictionary based on the given ``items``.</doc>
<status status="PASS" start="2025-06-11T18:50:19.031753" elapsed="0.000998"/>
</kw>
<kw name="Go to signup page" owner="SignupPage">
<kw name="Go To" owner="Browser">
<msg time="2025-06-11T18:50:19.199739" level="INFO">Successfully opened URL http://localhost:3000/signup</msg>
<arg>${BASE_URL}/signup</arg>
<tag>BrowserControl</tag>
<tag>Setter</tag>
<doc>Navigates to the given ``url``.</doc>
<status status="PASS" start="2025-06-11T18:50:19.033751" elapsed="0.166987"/>
</kw>
<kw name="Wait For Elements State" owner="Browser">
<msg time="2025-06-11T18:50:19.239737" level="INFO">Waited for Element with selector css=h1 at state visible</msg>
<arg>css=h1</arg>
<arg>visible</arg>
<arg>5</arg>
<tag>PageContent</tag>
<tag>Wait</tag>
<doc>Waits for the element found by ``selector`` to satisfy state option.</doc>
<status status="PASS" start="2025-06-11T18:50:19.200738" elapsed="0.040002"/>
</kw>
<kw name="Get Text" owner="Browser">
<msg time="2025-06-11T18:50:19.288738" level="INFO">Text: 'Faça seu cadastro'</msg>
<arg>css=h1</arg>
<arg>equal</arg>
<arg>Faça seu cadastro</arg>
<tag>Assertion</tag>
<tag>Getter</tag>
<tag>PageContent</tag>
<doc>Returns text attribute of the element found by ``selector``.</doc>
<status status="PASS" start="2025-06-11T18:50:19.240740" elapsed="0.047998"/>
</kw>
<status status="PASS" start="2025-06-11T18:50:19.032751" elapsed="0.256988"/>
</kw>
<kw name="Submit signup form" owner="SignupPage">
<kw name="Fill Text" owner="Browser">
<msg time="2025-06-11T18:50:19.291751" level="INFO">Fills the text 'Pedro Afonso' in the given field.</msg>
<arg>css=input[name=name]</arg>
<arg>${user}[name]</arg>
<tag>PageContent</tag>
<tag>Setter</tag>
<doc>Clears and fills the given ``txt`` into the text field found by ``selector``.</doc>
<status status="PASS" start="2025-06-11T18:50:19.290751" elapsed="0.021992"/>
</kw>
<kw name="Fill Text" owner="Browser">
<msg time="2025-06-11T18:50:19.315740" level="INFO">Fills the text 'pedro.afonso@qa.gov.br' in the given field.</msg>
<arg>css=input[name=email]</arg>
<arg>${user}[email]</arg>
<tag>PageContent</tag>
<tag>Setter</tag>
<doc>Clears and fills the given ``txt`` into the text field found by ``selector``.</doc>
<status status="PASS" start="2025-06-11T18:50:19.313740" elapsed="0.026995"/>
</kw>
<kw name="Fill Text" owner="Browser">
<msg time="2025-06-11T18:50:19.341734" level="INFO">Fills the text '12' in the given field.</msg>
<arg>css=input[name=password]</arg>
<arg>${user}[password]</arg>
<tag>PageContent</tag>
<tag>Setter</tag>
<doc>Clears and fills the given ``txt`` into the text field found by ``selector``.</doc>
<status status="PASS" start="2025-06-11T18:50:19.340735" elapsed="0.024007"/>
</kw>
<kw name="Click" owner="Browser">
<msg time="2025-06-11T18:50:19.366736" level="INFO">Clicks the element 'css=button[type=submit] &gt;&gt; text=Cadastrar'.</msg>
<arg>css=button[type=submit] &gt;&gt; text=Cadastrar</arg>
<tag>PageContent</tag>
<tag>Setter</tag>
<doc>Simulates mouse click on the element found by ``selector``.</doc>
<status status="PASS" start="2025-06-11T18:50:19.365743" elapsed="0.112321"/>
</kw>
<arg>${user}</arg>
<status status="PASS" start="2025-06-11T18:50:19.289739" elapsed="0.189328"/>
</kw>
<kw name="Alert should be" owner="Alert">
<kw name="Wait For Elements State" owner="Browser">
<msg time="2025-06-11T18:50:19.489074" level="INFO">Waited for Element with selector css=.alert-error &gt;&gt; text=Informe uma senha com pelo menos 6 digitos at state visible</msg>
<arg>css=.alert-error &gt;&gt; text=${expected_text}</arg>
<arg>visible</arg>
<arg>5</arg>
<tag>PageContent</tag>
<tag>Wait</tag>
<doc>Waits for the element found by ``selector`` to satisfy state option.</doc>
<status status="PASS" start="2025-06-11T18:50:19.480074" elapsed="0.009000"/>
</kw>
<arg>Informe uma senha com pelo menos 6 digitos</arg>
<status status="PASS" start="2025-06-11T18:50:19.479067" elapsed="0.011006"/>
</kw>
<var name="${password}">12</var>
<status status="PASS" start="2025-06-11T18:50:19.031753" elapsed="0.458320"/>
</iter>
<iter>
<kw name="Create Dictionary" owner="BuiltIn">
<msg time="2025-06-11T18:50:19.491079" level="INFO">${user} = {'name': 'Pedro Afonso', 'email': 'pedro.afonso@qa.gov.br', 'password': '123'}</msg>
<var>${user}</var>
<arg>name=Pedro Afonso</arg>
<arg>email=pedro.afonso@qa.gov.br</arg>
<arg>password=${password}</arg>
<doc>Creates and returns a dictionary based on the given ``items``.</doc>
<status status="PASS" start="2025-06-11T18:50:19.490073" elapsed="0.001006"/>
</kw>
<kw name="Go to signup page" owner="SignupPage">
<kw name="Go To" owner="Browser">
<msg time="2025-06-11T18:50:19.619068" level="INFO">Successfully opened URL http://localhost:3000/signup</msg>
<arg>${BASE_URL}/signup</arg>
<tag>BrowserControl</tag>
<tag>Setter</tag>
<doc>Navigates to the given ``url``.</doc>
<status status="PASS" start="2025-06-11T18:50:19.492077" elapsed="0.126991"/>
</kw>
<kw name="Wait For Elements State" owner="Browser">
<msg time="2025-06-11T18:50:19.658067" level="INFO">Waited for Element with selector css=h1 at state visible</msg>
<arg>css=h1</arg>
<arg>visible</arg>
<arg>5</arg>
<tag>PageContent</tag>
<tag>Wait</tag>
<doc>Waits for the element found by ``selector`` to satisfy state option.</doc>
<status status="PASS" start="2025-06-11T18:50:19.620065" elapsed="0.039001"/>
</kw>
<kw name="Get Text" owner="Browser">
<msg time="2025-06-11T18:50:19.708069" level="INFO">Text: 'Faça seu cadastro'</msg>
<arg>css=h1</arg>
<arg>equal</arg>
<arg>Faça seu cadastro</arg>
<tag>Assertion</tag>
<tag>Getter</tag>
<tag>PageContent</tag>
<doc>Returns text attribute of the element found by ``selector``.</doc>
<status status="PASS" start="2025-06-11T18:50:19.659066" elapsed="0.050000"/>
</kw>
<status status="PASS" start="2025-06-11T18:50:19.491079" elapsed="0.217987"/>
</kw>
<kw name="Submit signup form" owner="SignupPage">
<kw name="Fill Text" owner="Browser">
<msg time="2025-06-11T18:50:19.711062" level="INFO">Fills the text 'Pedro Afonso' in the given field.</msg>
<arg>css=input[name=name]</arg>
<arg>${user}[name]</arg>
<tag>PageContent</tag>
<tag>Setter</tag>
<doc>Clears and fills the given ``txt`` into the text field found by ``selector``.</doc>
<status status="PASS" start="2025-06-11T18:50:19.710062" elapsed="0.021004"/>
</kw>
<kw name="Fill Text" owner="Browser">
<msg time="2025-06-11T18:50:19.732064" level="INFO">Fills the text 'pedro.afonso@qa.gov.br' in the given field.</msg>
<arg>css=input[name=email]</arg>
<arg>${user}[email]</arg>
<tag>PageContent</tag>
<tag>Setter</tag>
<doc>Clears and fills the given ``txt`` into the text field found by ``selector``.</doc>
<status status="PASS" start="2025-06-11T18:50:19.731066" elapsed="0.025997"/>
</kw>
<kw name="Fill Text" owner="Browser">
<msg time="2025-06-11T18:50:19.758066" level="INFO">Fills the text '123' in the given field.</msg>
<arg>css=input[name=password]</arg>
<arg>${user}[password]</arg>
<tag>PageContent</tag>
<tag>Setter</tag>
<doc>Clears and fills the given ``txt`` into the text field found by ``selector``.</doc>
<status status="PASS" start="2025-06-11T18:50:19.757063" elapsed="0.027001"/>
</kw>
<kw name="Click" owner="Browser">
<msg time="2025-06-11T18:50:19.785064" level="INFO">Clicks the element 'css=button[type=submit] &gt;&gt; text=Cadastrar'.</msg>
<arg>css=button[type=submit] &gt;&gt; text=Cadastrar</arg>
<tag>PageContent</tag>
<tag>Setter</tag>
<doc>Simulates mouse click on the element found by ``selector``.</doc>
<status status="PASS" start="2025-06-11T18:50:19.784064" elapsed="0.110561"/>
</kw>
<arg>${user}</arg>
<status status="PASS" start="2025-06-11T18:50:19.709066" elapsed="0.185559"/>
</kw>
<kw name="Alert should be" owner="Alert">
<kw name="Wait For Elements State" owner="Browser">
<msg time="2025-06-11T18:50:19.905627" level="INFO">Waited for Element with selector css=.alert-error &gt;&gt; text=Informe uma senha com pelo menos 6 digitos at state visible</msg>
<arg>css=.alert-error &gt;&gt; text=${expected_text}</arg>
<arg>visible</arg>
<arg>5</arg>
<tag>PageContent</tag>
<tag>Wait</tag>
<doc>Waits for the element found by ``selector`` to satisfy state option.</doc>
<status status="PASS" start="2025-06-11T18:50:19.895640" elapsed="0.009987"/>
</kw>
<arg>Informe uma senha com pelo menos 6 digitos</arg>
<status status="PASS" start="2025-06-11T18:50:19.894625" elapsed="0.011002"/>
</kw>
<var name="${password}">123</var>
<status status="PASS" start="2025-06-11T18:50:19.490073" elapsed="0.415554"/>
</iter>
<iter>
<kw name="Create Dictionary" owner="BuiltIn">
<msg time="2025-06-11T18:50:19.906640" level="INFO">${user} = {'name': 'Pedro Afonso', 'email': 'pedro.afonso@qa.gov.br', 'password': '1234'}</msg>
<var>${user}</var>
<arg>name=Pedro Afonso</arg>
<arg>email=pedro.afonso@qa.gov.br</arg>
<arg>password=${password}</arg>
<doc>Creates and returns a dictionary based on the given ``items``.</doc>
<status status="PASS" start="2025-06-11T18:50:19.906640" elapsed="0.000997"/>
</kw>
<kw name="Go to signup page" owner="SignupPage">
<kw name="Go To" owner="Browser">
<msg time="2025-06-11T18:50:20.010211" level="INFO">Successfully opened URL http://localhost:3000/signup</msg>
<arg>${BASE_URL}/signup</arg>
<tag>BrowserControl</tag>
<tag>Setter</tag>
<doc>Navigates to the given ``url``.</doc>
<status status="PASS" start="2025-06-11T18:50:19.907637" elapsed="0.102574"/>
</kw>
<kw name="Wait For Elements State" owner="Browser">
<msg time="2025-06-11T18:50:20.054209" level="INFO">Waited for Element with selector css=h1 at state visible</msg>
<arg>css=h1</arg>
<arg>visible</arg>
<arg>5</arg>
<tag>PageContent</tag>
<tag>Wait</tag>
<doc>Waits for the element found by ``selector`` to satisfy state option.</doc>
<status status="PASS" start="2025-06-11T18:50:20.011212" elapsed="0.043999"/>
</kw>
<kw name="Get Text" owner="Browser">
<msg time="2025-06-11T18:50:20.103210" level="INFO">Text: 'Faça seu cadastro'</msg>
<arg>css=h1</arg>
<arg>equal</arg>
<arg>Faça seu cadastro</arg>
<tag>Assertion</tag>
<tag>Getter</tag>
<tag>PageContent</tag>
<doc>Returns text attribute of the element found by ``selector``.</doc>
<status status="PASS" start="2025-06-11T18:50:20.055211" elapsed="0.047999"/>
</kw>
<status status="PASS" start="2025-06-11T18:50:19.907637" elapsed="0.195573"/>
</kw>
<kw name="Submit signup form" owner="SignupPage">
<kw name="Fill Text" owner="Browser">
<msg time="2025-06-11T18:50:20.105209" level="INFO">Fills the text 'Pedro Afonso' in the given field.</msg>
<arg>css=input[name=name]</arg>
<arg>${user}[name]</arg>
<tag>PageContent</tag>
<tag>Setter</tag>
<doc>Clears and fills the given ``txt`` into the text field found by ``selector``.</doc>
<status status="PASS" start="2025-06-11T18:50:20.104209" elapsed="0.022002"/>
</kw>
<kw name="Fill Text" owner="Browser">
<msg time="2025-06-11T18:50:20.127387" level="INFO">Fills the text 'pedro.afonso@qa.gov.br' in the given field.</msg>
<arg>css=input[name=email]</arg>
<arg>${user}[email]</arg>
<tag>PageContent</tag>
<tag>Setter</tag>
<doc>Clears and fills the given ``txt`` into the text field found by ``selector``.</doc>
<status status="PASS" start="2025-06-11T18:50:20.126211" elapsed="0.025997"/>
</kw>
<kw name="Fill Text" owner="Browser">
<msg time="2025-06-11T18:50:20.154206" level="INFO">Fills the text '1234' in the given field.</msg>
<arg>css=input[name=password]</arg>
<arg>${user}[password]</arg>
<tag>PageContent</tag>
<tag>Setter</tag>
<doc>Clears and fills the given ``txt`` into the text field found by ``selector``.</doc>
<status status="PASS" start="2025-06-11T18:50:20.153207" elapsed="0.025002"/>
</kw>
<kw name="Click" owner="Browser">
<msg time="2025-06-11T18:50:20.179207" level="INFO">Clicks the element 'css=button[type=submit] &gt;&gt; text=Cadastrar'.</msg>
<arg>css=button[type=submit] &gt;&gt; text=Cadastrar</arg>
<tag>PageContent</tag>
<tag>Setter</tag>
<doc>Simulates mouse click on the element found by ``selector``.</doc>
<status status="PASS" start="2025-06-11T18:50:20.178209" elapsed="0.117095"/>
</kw>
<arg>${user}</arg>
<status status="PASS" start="2025-06-11T18:50:20.103210" elapsed="0.192094"/>
</kw>
<kw name="Alert should be" owner="Alert">
<kw name="Wait For Elements State" owner="Browser">
<msg time="2025-06-11T18:50:20.334304" level="INFO">Waited for Element with selector css=.alert-error &gt;&gt; text=Informe uma senha com pelo menos 6 digitos at state visible</msg>
<arg>css=.alert-error &gt;&gt; text=${expected_text}</arg>
<arg>visible</arg>
<arg>5</arg>
<tag>PageContent</tag>
<tag>Wait</tag>
<doc>Waits for the element found by ``selector`` to satisfy state option.</doc>
<status status="PASS" start="2025-06-11T18:50:20.297320" elapsed="0.036984"/>
</kw>
<arg>Informe uma senha com pelo menos 6 digitos</arg>
<status status="PASS" start="2025-06-11T18:50:20.296307" elapsed="0.037997"/>
</kw>
<var name="${password}">1234</var>
<status status="PASS" start="2025-06-11T18:50:19.905627" elapsed="0.428677"/>
</iter>
<iter>
<kw name="Create Dictionary" owner="BuiltIn">
<msg time="2025-06-11T18:50:20.336304" level="INFO">${user} = {'name': 'Pedro Afonso', 'email': 'pedro.afonso@qa.gov.br', 'password': '12345'}</msg>
<var>${user}</var>
<arg>name=Pedro Afonso</arg>
<arg>email=pedro.afonso@qa.gov.br</arg>
<arg>password=${password}</arg>
<doc>Creates and returns a dictionary based on the given ``items``.</doc>
<status status="PASS" start="2025-06-11T18:50:20.335320" elapsed="0.000984"/>
</kw>
<kw name="Go to signup page" owner="SignupPage">
<kw name="Go To" owner="Browser">
<msg time="2025-06-11T18:50:20.442306" level="INFO">Successfully opened URL http://localhost:3000/signup</msg>
<arg>${BASE_URL}/signup</arg>
<tag>BrowserControl</tag>
<tag>Setter</tag>
<doc>Navigates to the given ``url``.</doc>
<status status="PASS" start="2025-06-11T18:50:20.337303" elapsed="0.105003"/>
</kw>
<kw name="Wait For Elements State" owner="Browser">
<msg time="2025-06-11T18:50:20.481305" level="INFO">Waited for Element with selector css=h1 at state visible</msg>
<arg>css=h1</arg>
<arg>visible</arg>
<arg>5</arg>
<tag>PageContent</tag>
<tag>Wait</tag>
<doc>Waits for the element found by ``selector`` to satisfy state option.</doc>
<status status="PASS" start="2025-06-11T18:50:20.442306" elapsed="0.038999"/>
</kw>
<kw name="Get Text" owner="Browser">
<msg time="2025-06-11T18:50:20.531307" level="INFO">Text: 'Faça seu cadastro'</msg>
<arg>css=h1</arg>
<arg>equal</arg>
<arg>Faça seu cadastro</arg>
<tag>Assertion</tag>
<tag>Getter</tag>
<tag>PageContent</tag>
<doc>Returns text attribute of the element found by ``selector``.</doc>
<status status="PASS" start="2025-06-11T18:50:20.482309" elapsed="0.048998"/>
</kw>
<status status="PASS" start="2025-06-11T18:50:20.336304" elapsed="0.195003"/>
</kw>
<kw name="Submit signup form" owner="SignupPage">
<kw name="Fill Text" owner="Browser">
<msg time="2025-06-11T18:50:20.533305" level="INFO">Fills the text 'Pedro Afonso' in the given field.</msg>
<arg>css=input[name=name]</arg>
<arg>${user}[name]</arg>
<tag>PageContent</tag>
<tag>Setter</tag>
<doc>Clears and fills the given ``txt`` into the text field found by ``selector``.</doc>
<status status="PASS" start="2025-06-11T18:50:20.532309" elapsed="0.019995"/>
</kw>
<kw name="Fill Text" owner="Browser">
<msg time="2025-06-11T18:50:20.554320" level="INFO">Fills the text 'pedro.afonso@qa.gov.br' in the given field.</msg>
<arg>css=input[name=email]</arg>
<arg>${user}[email]</arg>
<tag>PageContent</tag>
<tag>Setter</tag>
<doc>Clears and fills the given ``txt`` into the text field found by ``selector``.</doc>
<status status="PASS" start="2025-06-11T18:50:20.553305" elapsed="0.025000"/>
</kw>
<kw name="Fill Text" owner="Browser">
<msg time="2025-06-11T18:50:20.580309" level="INFO">Fills the text '12345' in the given field.</msg>
<arg>css=input[name=password]</arg>
<arg>${user}[password]</arg>
<tag>PageContent</tag>
<tag>Setter</tag>
<doc>Clears and fills the given ``txt`` into the text field found by ``selector``.</doc>
<status status="PASS" start="2025-06-11T18:50:20.578305" elapsed="0.024005"/>
</kw>
<kw name="Click" owner="Browser">
<msg time="2025-06-11T18:50:20.603309" level="INFO">Clicks the element 'css=button[type=submit] &gt;&gt; text=Cadastrar'.</msg>
<arg>css=button[type=submit] &gt;&gt; text=Cadastrar</arg>
<tag>PageContent</tag>
<tag>Setter</tag>
<doc>Simulates mouse click on the element found by ``selector``.</doc>
<status status="PASS" start="2025-06-11T18:50:20.602310" elapsed="0.128742"/>
</kw>
<arg>${user}</arg>
<status status="PASS" start="2025-06-11T18:50:20.531307" elapsed="0.199745"/>
</kw>
<kw name="Alert should be" owner="Alert">
<kw name="Wait For Elements State" owner="Browser">
<msg time="2025-06-11T18:50:20.742048" level="INFO">Waited for Element with selector css=.alert-error &gt;&gt; text=Informe uma senha com pelo menos 6 digitos at state visible</msg>
<arg>css=.alert-error &gt;&gt; text=${expected_text}</arg>
<arg>visible</arg>
<arg>5</arg>
<tag>PageContent</tag>
<tag>Wait</tag>
<doc>Waits for the element found by ``selector`` to satisfy state option.</doc>
<status status="PASS" start="2025-06-11T18:50:20.732054" elapsed="0.010997"/>
</kw>
<arg>Informe uma senha com pelo menos 6 digitos</arg>
<status status="PASS" start="2025-06-11T18:50:20.731052" elapsed="0.011999"/>
</kw>
<var name="${password}">12345</var>
<status status="PASS" start="2025-06-11T18:50:20.335320" elapsed="0.407731"/>
</iter>
<var>${password}</var>
<value>@{password_list}</value>
<status status="PASS" start="2025-06-11T18:50:18.472751" elapsed="2.270300"/>
</for>
<kw name="Take Screenshot" owner="Browser" type="TEARDOWN">
<msg time="2025-06-11T18:50:20.877048" level="INFO" html="true">&lt;/td&gt;&lt;/tr&gt;&lt;tr&gt;&lt;td colspan="3"&gt;&lt;a href="browser/screenshot/robotframework-browser-screenshot-7.png" target="_blank"&gt;&lt;img src="browser/screenshot/robotframework-browser-screenshot-7.png" width="800px"/&gt;&lt;/a&gt;</msg>
<tag>PageContent</tag>
<doc>Takes a screenshot of the current window or element and saves it to disk.</doc>
<status status="PASS" start="2025-06-11T18:50:20.743051" elapsed="0.135011"/>
</kw>
<msg time="2025-06-11T18:50:20.895062" level="INFO">Switching context to context=8476e478-737e-4e98-b851-307242c00193 in CURRENT</msg>
<msg time="2025-06-11T18:50:20.902049" level="INFO">Successfully changed active context: context=8476e478-737e-4e98-b851-307242c00193</msg>
<msg time="2025-06-11T18:50:20.922052" level="INFO">Successfully closed Context</msg>
<tag>temp</tag>
<status status="PASS" start="2025-06-11T18:50:17.661801" elapsed="3.216261"/>
</test>
<doc>Cenários de testes do cadastro de usuários</doc>
<status status="PASS" start="2025-06-11T18:50:11.351975" elapsed="9.571106"/>
</suite>
<suite id="s1-s4" name="Tasks" source="C:\Users\Pedro\Documents\Compass UOL\Documentos\Semana 13 - Introdução Automação Web\QAx\projects\mark85-robot-express\tests\tasks">
<suite id="s1-s4-s1" name="Create" source="C:\Users\Pedro\Documents\Compass UOL\Documentos\Semana 13 - Introdução Automação Web\QAx\projects\mark85-robot-express\tests\tasks\create.robot">
<test id="s1-s4-s1-t1" name="Deve poder cadadastrar uma nova tarefa" line="8">
<kw name="Start Session" owner="base_keywords" type="SETUP">
<kw name="New Browser" owner="Browser">
<msg time="2025-06-11T18:50:20.975046" level="INFO">Switching browser to browser=4b95a79f-e0f2-4c95-b998-eed25b2e2629</msg>
<msg time="2025-06-11T18:50:20.978046" level="INFO">Successfully changed active browser: browser=4b95a79f-e0f2-4c95-b998-eed25b2e2629</msg>
<msg time="2025-06-11T18:50:20.978046" level="INFO">Reusing existing browser with id: browser=4b95a79f-e0f2-4c95-b998-eed25b2e2629</msg>
<arg>browser=firefox</arg>
<arg>headless=False</arg>
<tag>BrowserControl</tag>
<tag>Setter</tag>
<doc>Create a new playwright Browser with specified options.</doc>
<status status="PASS" start="2025-06-11T18:50:20.975046" elapsed="0.003000"/>
</kw>
<kw name="New Page" owner="Browser">
<msg time="2025-06-11T18:50:21.761243" level="INFO">Successfully initialized new page object and opened url: http://localhost:3000</msg>
<msg time="2025-06-11T18:50:21.761243" level="INFO">No context was open. New context was automatically opened when this page is created.</msg>
<arg>${BASE_URL}</arg>
<tag>BrowserControl</tag>
<tag>Setter</tag>
<doc>Open a new Page.</doc>
<status status="PASS" start="2025-06-11T18:50:20.979049" elapsed="0.783196"/>
</kw>
<status status="PASS" start="2025-06-11T18:50:20.974046" elapsed="0.788199"/>
</kw>
<kw name="Get fixture" owner="base_keywords">
<kw name="Load Json From File" owner="JSONLibrary">
<msg time="2025-06-11T18:50:21.766239" level="INFO">${data} = {'create': {'user': {'name': 'Steve Jobs', 'email': 'jobs@apple.com', 'password': 'testando123'}, 'task': {'name': 'Criar uma nova versão do Ipod', 'tags': ['ios', 'music', 'ipod']}}, 'duplicate': {'u...</msg>
<var>${data}</var>
<arg>${EXECDIR}/resources/fixtures/${file_name}.json</arg>
<arg>encoding=utf-8</arg>
<doc>Load JSON from file.</doc>
<status status="PASS" start="2025-06-11T18:50:21.764246" elapsed="0.001993"/>
</kw>
<return>
<value>${data}[${scenario}]</value>
<status status="PASS" start="2025-06-11T18:50:21.766239" elapsed="0.001002"/>
</return>
<msg time="2025-06-11T18:50:21.767241" level="INFO">${data} = {'user': {'name': 'Steve Jobs', 'email': 'jobs@apple.com', 'password': 'testando123'}, 'task': {'name': 'Criar uma nova versão do Ipod', 'tags': ['ios', 'music', 'ipod']}}</msg>
<var>${data}</var>
<arg>tasks</arg>
<arg>create</arg>
<status status="PASS" start="2025-06-11T18:50:21.763242" elapsed="0.003999"/>
</kw>
<kw name="Clean user from database" owner="database">
<arg>${data}[user][email]</arg>
<status status="PASS" start="2025-06-11T18:50:21.768242" elapsed="0.038006"/>
</kw>
<kw name="Insert user from database" owner="database">
<msg time="2025-06-11T18:50:21.837651" level="INFO">{'name': 'Steve Jobs', 'email': 'jobs@apple.com', 'password': 'testando123'}</msg>
<arg>${data}[user]</arg>
<status status="PASS" start="2025-06-11T18:50:21.807236" elapsed="0.030415"/>
</kw>
<kw name="Submit login form" owner="LoginPage">
<kw name="Fill Text" owner="Browser">
<msg time="2025-06-11T18:50:21.839651" level="INFO">Fills the text 'jobs@apple.com' in the given field.</msg>
<arg>css=input[placeholder$=mail]</arg>
<arg>${user}[email]</arg>
<tag>PageContent</tag>
<tag>Setter</tag>
<doc>Clears and fills the given ``txt`` into the text field found by ``selector``.</doc>
<status status="PASS" start="2025-06-11T18:50:21.839651" elapsed="0.057872"/>
</kw>
<kw name="Fill Text" owner="Browser">
<msg time="2025-06-11T18:50:21.899538" level="INFO">Fills the text 'testando123' in the given field.</msg>
<arg>css=input[placeholder=Senha]</arg>
<arg>${user}[password]</arg>
<tag>PageContent</tag>
<tag>Setter</tag>
<doc>Clears and fills the given ``txt`` into the text field found by ``selector``.</doc>
<status status="PASS" start="2025-06-11T18:50:21.898522" elapsed="0.028000"/>
</kw>
<kw name="Click" owner="Browser">
<msg time="2025-06-11T18:50:21.927536" level="INFO">Clicks the element 'css=button &gt;&gt; text=Entrar'.</msg>
<arg>css=button &gt;&gt; text=Entrar</arg>
<tag>PageContent</tag>
<tag>Setter</tag>
<doc>Simulates mouse click on the element found by ``selector``.</doc>
<status status="PASS" start="2025-06-11T18:50:21.927536" elapsed="0.123674"/>
</kw>
<arg>${data}[user]</arg>
<status status="PASS" start="2025-06-11T18:50:21.838651" elapsed="0.212559"/>
</kw>
<kw name="User should be logged in" owner="Header">
<kw name="Split String" owner="String">
<msg time="2025-06-11T18:50:22.054210" level="INFO">@{splited_name} = [ Steve | Jobs ]</msg>
<var>@{splited_name}</var>
<arg>${name}</arg>
<doc>Splits the ``string`` using ``separator`` as a delimiter string.</doc>
<status status="PASS" start="2025-06-11T18:50:22.053211" elapsed="0.000999"/>
</kw>
<kw name="Set Variable" owner="BuiltIn">
<msg time="2025-06-11T18:50:22.054210" level="INFO">${element} = css=header .right small</msg>
<var>${element}</var>
<arg>css=header .right small</arg>
<doc>Returns the given values which can then be assigned to a variables.</doc>
<status status="PASS" start="2025-06-11T18:50:22.054210" elapsed="0.000000"/>
</kw>
<kw name="Wait For Elements State" owner="Browser">
<msg time="2025-06-11T18:50:22.162854" level="INFO">Waited for Element with selector css=header .right small at state visible</msg>
<arg>${element}</arg>
<arg>visible</arg>
<arg>5</arg>
<tag>PageContent</tag>
<tag>Wait</tag>
<doc>Waits for the element found by ``selector`` to satisfy state option.</doc>
<status status="PASS" start="2025-06-11T18:50:22.054210" elapsed="0.108644"/>
</kw>
<kw name="Get Text" owner="Browser">
<msg time="2025-06-11T18:50:22.208854" level="INFO">Text: 'Olá, Steve'</msg>
<arg>${element}</arg>
<arg>equal</arg>
<arg>Olá, ${splited_name}[0]</arg>
<tag>Assertion</tag>
<tag>Getter</tag>
<tag>PageContent</tag>
<doc>Returns text attribute of the element found by ``selector``.</doc>
<status status="PASS" start="2025-06-11T18:50:22.163862" elapsed="0.044992"/>
</kw>
<arg>${data}[user][name]</arg>
<status status="PASS" start="2025-06-11T18:50:22.052210" elapsed="0.156644"/>
</kw>
<kw name="Go to task form" owner="Header">
<kw name="Click" owner="Browser">
<msg time="2025-06-11T18:50:22.210858" level="INFO">Clicks the element 'css=.button-add'.</msg>
<arg>css=.button-add</arg>
<tag>PageContent</tag>
<tag>Setter</tag>
<doc>Simulates mouse click on the element found by ``selector``.</doc>
<status status="PASS" start="2025-06-11T18:50:22.210858" elapsed="0.082630"/>
</kw>
<status status="PASS" start="2025-06-11T18:50:22.209867" elapsed="0.083621"/>
</kw>
<kw name="Submit task form" owner="TaskCreatePage">
<kw name="Fill Text" owner="Browser">
[...]
<status status="PASS" start="2025-06-11T18:50:35.117366" elapsed="0.007997"/>
</kw>
<kw name="Click" owner="Browser">
<msg time="2025-06-11T18:50:35.127363" level="INFO">Clicks the element 'xpath=//strong[text()="Criar a IA do Ultron"]/..//button[@class="task-remove"]'.</msg>
<arg>${element}</arg>
<tag>PageContent</tag>
<tag>Setter</tag>
<doc>Simulates mouse click on the element found by ``selector``.</doc>
<status status="PASS" start="2025-06-11T18:50:35.126365" elapsed="0.075698"/>
</kw>
<arg>${data}[task][name]</arg>
<status status="PASS" start="2025-06-11T18:50:35.116363" elapsed="0.085700"/>
</kw>
<kw name="Task should not exist" owner="TaskPage">
<kw name="Wait For Elements State" owner="Browser">
<msg time="2025-06-11T18:50:35.305499" level="INFO">Waited for Element with selector css=.task-todo &gt;&gt; text=Criar a IA do Ultron at state detached</msg>
<arg>css=.task-todo &gt;&gt; text=${task_name}</arg>
<arg>detached</arg>
<arg>5</arg>
<tag>PageContent</tag>
<tag>Wait</tag>
<doc>Waits for the element found by ``selector`` to satisfy state option.</doc>
<status status="PASS" start="2025-06-11T18:50:35.203066" elapsed="0.103449"/>
</kw>
<arg>${data}[task][name]</arg>
<status status="PASS" start="2025-06-11T18:50:35.203066" elapsed="0.103449"/>
</kw>
<kw name="Take Screenshot" owner="Browser" type="TEARDOWN">
<msg time="2025-06-11T18:50:35.446924" level="INFO" html="true">&lt;/td&gt;&lt;/tr&gt;&lt;tr&gt;&lt;td colspan="3"&gt;&lt;a href="browser/screenshot/robotframework-browser-screenshot-11.png" target="_blank"&gt;&lt;img src="browser/screenshot/robotframework-browser-screenshot-11.png" width="800px"/&gt;&lt;/a&gt;</msg>
<tag>PageContent</tag>
<doc>Takes a screenshot of the current window or element and saves it to disk.</doc>
<status status="PASS" start="2025-06-11T18:50:35.306902" elapsed="0.141034"/>
</kw>
<msg time="2025-06-11T18:50:35.464936" level="INFO">Switching context to context=2e4109fa-cc73-4c4c-afe4-794f28161f43 in CURRENT</msg>
<msg time="2025-06-11T18:50:35.471923" level="INFO">Successfully changed active context: context=2e4109fa-cc73-4c4c-afe4-794f28161f43</msg>
<msg time="2025-06-11T18:50:35.492926" level="INFO">Successfully closed Context</msg>
<status status="PASS" start="2025-06-11T18:50:33.756690" elapsed="1.691246"/>
</test>
<doc>Cenários de testes de remoção de tarefas</doc>
<status status="PASS" start="2025-06-11T18:50:33.717696" elapsed="1.776230"/>
</suite>
<suite id="s1-s4-s3" name="Update" source="C:\Users\Pedro\Documents\Compass UOL\Documentos\Semana 13 - Introdução Automação Web\QAx\projects\mark85-robot-express\tests\tasks\update.robot">
<test id="s1-s4-s3-t1" name="Deve poder marcar uma tarefa como concluída" line="8">
<kw name="Start Session" owner="base_keywords" type="SETUP">
<kw name="New Browser" owner="Browser">
<msg time="2025-06-11T18:50:35.547924" level="INFO">Switching browser to browser=4b95a79f-e0f2-4c95-b998-eed25b2e2629</msg>
<msg time="2025-06-11T18:50:35.549927" level="INFO">Successfully changed active browser: browser=4b95a79f-e0f2-4c95-b998-eed25b2e2629</msg>
<msg time="2025-06-11T18:50:35.549927" level="INFO">Reusing existing browser with id: browser=4b95a79f-e0f2-4c95-b998-eed25b2e2629</msg>
<arg>browser=firefox</arg>
<arg>headless=False</arg>
<tag>BrowserControl</tag>
<tag>Setter</tag>
<doc>Create a new playwright Browser with specified options.</doc>
<status status="PASS" start="2025-06-11T18:50:35.545926" elapsed="0.005005"/>
</kw>
<kw name="New Page" owner="Browser">
<msg time="2025-06-11T18:50:36.340480" level="INFO">Successfully initialized new page object and opened url: http://localhost:3000</msg>
<msg time="2025-06-11T18:50:36.340480" level="INFO">No context was open. New context was automatically opened when this page is created.</msg>
<arg>${BASE_URL}</arg>
<tag>BrowserControl</tag>
<tag>Setter</tag>
<doc>Open a new Page.</doc>
<status status="PASS" start="2025-06-11T18:50:35.550931" elapsed="0.789549"/>
</kw>
<status status="PASS" start="2025-06-11T18:50:35.544926" elapsed="0.795554"/>
</kw>
<kw name="Get fixture" owner="base_keywords">
<kw name="Load Json From File" owner="JSONLibrary">
<msg time="2025-06-11T18:50:36.343486" level="INFO">${data} = {'create': {'user': {'name': 'Steve Jobs', 'email': 'jobs@apple.com', 'password': 'testando123'}, 'task': {'name': 'Criar uma nova versão do Ipod', 'tags': ['ios', 'music', 'ipod']}}, 'duplicate': {'u...</msg>
<var>${data}</var>
<arg>${EXECDIR}/resources/fixtures/${file_name}.json</arg>
<arg>encoding=utf-8</arg>
<doc>Load JSON from file.</doc>
<status status="PASS" start="2025-06-11T18:50:36.342475" elapsed="0.001011"/>
</kw>
<return>
<value>${data}[${scenario}]</value>
<status status="PASS" start="2025-06-11T18:50:36.343486" elapsed="0.000000"/>
</return>
<msg time="2025-06-11T18:50:36.344474" level="INFO">${data} = {'user': {'name': 'Tony Stark', 'email': 'tony@stark.com', 'password': 'testando123'}, 'task': {'name': 'Criar uma nova IA', 'tags': ['jarvis', 'ultron', 'ark']}}</msg>
<var>${data}</var>
<arg>tasks</arg>
<arg>done</arg>
<status status="PASS" start="2025-06-11T18:50:36.341479" elapsed="0.002995"/>
</kw>
<kw name="Clean user from database" owner="database">
<arg>${data}[user][email]</arg>
<status status="PASS" start="2025-06-11T18:50:36.344474" elapsed="0.037144"/>
</kw>
<kw name="Insert user from database" owner="database">
<msg time="2025-06-11T18:50:36.412288" level="INFO">{'name': 'Tony Stark', 'email': 'tony@stark.com', 'password': 'testando123'}</msg>
<arg>${data}[user]</arg>
<status status="PASS" start="2025-06-11T18:50:36.382253" elapsed="0.030035"/>
</kw>
<kw name="POST user session" owner="services">
<kw name="Create Dictionary" owner="BuiltIn">
<msg time="2025-06-11T18:50:36.414268" level="INFO">${payload} = {'email': 'tony@stark.com', 'password': 'testando123'}</msg>
<var>${payload}</var>
<arg>email=${user}[email]</arg>
<arg>password=${user}[password]</arg>
<doc>Creates and returns a dictionary based on the given ``items``.</doc>
<status status="PASS" start="2025-06-11T18:50:36.413268" elapsed="0.001000"/>
</kw>
<kw name="POST" owner="RequestsLibrary">
<msg time="2025-06-11T18:50:36.448907" level="INFO">POST Request : url=http://localhost:3333/sessions 
 path_url=/sessions 
 headers={'User-Agent': 'python-requests/2.32.3', 'Accept-Encoding': 'gzip, deflate, br', 'Accept': '*/*', 'Connection': 'keep-alive', 'Content-Length': '54', 'Content-Type': 'application/json'} 
 body=b'{"email": "tony@stark.com", "password": "testando123"}' 
 </msg>
<msg time="2025-06-11T18:50:36.448907" level="INFO">POST Response : url=http://localhost:3333/sessions 
 status=200, reason=OK 
 headers={'X-Powered-By': 'Express', 'Access-Control-Allow-Origin': '*', 'Content-Type': 'application/json; charset=utf-8', 'Content-Length': '577', 'ETag': 'W/"241-hQFND438YX+KsJc11YLJse1Yg+c"', 'Date': 'Wed, 11 Jun 2025 21:50:36 GMT', 'Connection': 'keep-alive', 'Keep-Alive': 'timeout=5'} 
 body={"user":{"_id":"6849fa2c5883624e41c1f6f6","name":"Tony Stark","email":"tony@stark.com","password":"$2b$08$Fe0l4cWwIZp3Yp6kjOPrwOvbg4Cvmcewy8JXU1/wXM7ZOkKHqjYja"},"token":"eyJhbGciOiJIUzI1NiIsInR5cCI6IkpXVCJ9.eyJpZCI6IjY4NDlmYTJjNTg4MzYyNGU0MWMxZjZmNiIsInVzZXIiOnsiX2lkIjoiNjg0OWZhMmM1ODgzNjI0ZTQxYzFmNmY2IiwibmFtZSI6IlRvbnkgU3RhcmsiLCJlbWFpbCI6InRvbnlAc3RhcmsuY29tIiwicGFzc3dvcmQiOiIkMmIkMDgkRmUwbDRjV3dJWnAzWXA2a2pPUHJ3T3ZiZzRDdm1jZXd5OEpYVTEvd1hNN1pPa0tIcWpZamEifSwiaWF0IjoxNzQ5Njc4NjM2LCJleHAiOjE3NTA1NDI2MzZ9.iUzpUT-Wld8AxUZMA8tsI1v7pdlxbVEB6euNFOtIU10","expires_in":"10d"} 
 </msg>
<msg time="2025-06-11T18:50:36.448907" level="INFO">${resp} = &lt;Response [200]&gt;</msg>
<var>${resp}</var>
<arg>url=http://localhost:3333/sessions</arg>
<arg>json=${payload}</arg>
<arg>expected_status=200</arg>
<doc>Sends a POST request.</doc>
<status status="PASS" start="2025-06-11T18:50:36.414268" elapsed="0.034639"/>
</kw>
<kw name="Set Variable" owner="BuiltIn">
<msg time="2025-06-11T18:50:36.450922" level="INFO">${token} = eyJhbGciOiJIUzI1NiIsInR5cCI6IkpXVCJ9.eyJpZCI6IjY4NDlmYTJjNTg4MzYyNGU0MWMxZjZmNiIsInVzZXIiOnsiX2lkIjoiNjg0OWZhMmM1ODgzNjI0ZTQxYzFmNmY2IiwibmFtZSI6IlRvbnkgU3RhcmsiLCJlbWFpbCI6InRvbnlAc3RhcmsuY29tIiwicGF...</msg>
<var>${token}</var>
<arg>${resp.json()}[token]</arg>
<doc>Returns the given values which can then be assigned to a variables.</doc>
<status status="PASS" start="2025-06-11T18:50:36.449910" elapsed="0.001012"/>
</kw>
<kw name="Set Test Variable" owner="BuiltIn">
<msg time="2025-06-11T18:50:36.451919" level="INFO">${token} = eyJhbGciOiJIUzI1NiIsInR5cCI6IkpXVCJ9.eyJpZCI6IjY4NDlmYTJjNTg4MzYyNGU0MWMxZjZmNiIsInVzZXIiOnsiX2lkIjoiNjg0OWZhMmM1ODgzNjI0ZTQxYzFmNmY2IiwibmFtZSI6IlRvbnkgU3RhcmsiLCJlbWFpbCI6InRvbnlAc3RhcmsuY29tIiwicGF...</msg>
<arg>${token}</arg>
<doc>Makes a variable available everywhere within the scope of the current test.</doc>
<status status="PASS" start="2025-06-11T18:50:36.450922" elapsed="0.000997"/>
</kw>
<arg>${data}[user]</arg>
<status status="PASS" start="2025-06-11T18:50:36.413268" elapsed="0.038651"/>
</kw>
<kw name="POST a new task" owner="services">
<kw name="Create Dictionary" owner="BuiltIn">
<msg time="2025-06-11T18:50:36.453404" level="INFO">${headers} = {'Authorization': 'eyJhbGciOiJIUzI1NiIsInR5cCI6IkpXVCJ9.eyJpZCI6IjY4NDlmYTJjNTg4MzYyNGU0MWMxZjZmNiIsInVzZXIiOnsiX2lkIjoiNjg0OWZhMmM1ODgzNjI0ZTQxYzFmNmY2IiwibmFtZSI6IlRvbnkgU3RhcmsiLCJlbWFpbCI6InRvbnlA...</msg>
<var>${headers}</var>
<arg>Authorization=${token}</arg>
<doc>Creates and returns a dictionary based on the given ``items``.</doc>
<status status="PASS" start="2025-06-11T18:50:36.452382" elapsed="0.001022"/>
</kw>
<kw name="POST" owner="RequestsLibrary">
<msg time="2025-06-11T18:50:36.484442" level="INFO">POST Request : url=http://localhost:3333/tasks 
 path_url=/tasks 
 headers={'User-Agent': 'python-requests/2.32.3', 'Accept-Encoding': 'gzip, deflate, br', 'Accept': '*/*', 'Connection': 'keep-alive', 'Authorization': 'eyJhbGciOiJIUzI1NiIsInR5cCI6IkpXVCJ9.eyJpZCI6IjY4NDlmYTJjNTg4MzYyNGU0MWMxZjZmNiIsInVzZXIiOnsiX2lkIjoiNjg0OWZhMmM1ODgzNjI0ZTQxYzFmNmY2IiwibmFtZSI6IlRvbnkgU3RhcmsiLCJlbWFpbCI6InRvbnlAc3RhcmsuY29tIiwicGFzc3dvcmQiOiIkMmIkMDgkRmUwbDRjV3dJWnAzWXA2a2pPUHJ3T3ZiZzRDdm1jZXd5OEpYVTEvd1hNN1pPa0tIcWpZamEifSwiaWF0IjoxNzQ5Njc4NjM2LCJleHAiOjE3NTA1NDI2MzZ9.iUzpUT-Wld8AxUZMA8tsI1v7pdlxbVEB6euNFOtIU10', 'Content-Length': '66', 'Content-Type': 'application/json'} 
 body=b'{"name": "Criar uma nova IA", "tags": ["jarvis", "ultron", "ark"]}' 
 </msg>
<msg time="2025-06-11T18:50:36.484442" level="INFO">POST Response : url=http://localhost:3333/tasks 
 status=201, reason=Created 
 headers={'X-Powered-By': 'Express', 'Access-Control-Allow-Origin': '*', 'Content-Type': 'application/json; charset=utf-8', 'Content-Length': '144', 'ETag': 'W/"90-9KtwbN53mfgk+zwsyHwjtDEbg8E"', 'Date': 'Wed, 11 Jun 2025 21:50:36 GMT', 'Connection': 'keep-alive', 'Keep-Alive': 'timeout=5'} 
 body={"name":"Criar uma nova IA","is_done":false,"tags":["jarvis","ultron","ark"],"user":"6849fa2c5883624e41c1f6f6","_id":"6849fa2ce57a9aabd316aa98"} 
 </msg>
<arg>url=http://localhost:3333/tasks</arg>
<arg>json=${payload}</arg>
<arg>headers=${headers}</arg>
<arg>expected_status=201</arg>
<doc>Sends a POST request.</doc>
<status status="PASS" start="2025-06-11T18:50:36.453404" elapsed="0.031038"/>
</kw>
<arg>${data}[task]</arg>
<status status="PASS" start="2025-06-11T18:50:36.452382" elapsed="0.033076"/>
</kw>
<kw name="Submit login form" owner="LoginPage">
<kw name="Fill Text" owner="Browser">
<msg time="2025-06-11T18:50:36.487458" level="INFO">Fills the text 'tony@stark.com' in the given field.</msg>
<arg>css=input[placeholder$=mail]</arg>
<arg>${user}[email]</arg>
<tag>PageContent</tag>
<tag>Setter</tag>
<doc>Clears and fills the given ``txt`` into the text field found by ``selector``.</doc>
<status status="PASS" start="2025-06-11T18:50:36.486446" elapsed="0.059996"/>
</kw>
<kw name="Fill Text" owner="Browser">
<msg time="2025-06-11T18:50:36.548442" level="INFO">Fills the text 'testando123' in the given field.</msg>
<arg>css=input[placeholder=Senha]</arg>
<arg>${user}[password]</arg>
<tag>PageContent</tag>
<tag>Setter</tag>
<doc>Clears and fills the given ``txt`` into the text field found by ``selector``.</doc>
<status status="PASS" start="2025-06-11T18:50:36.547442" elapsed="0.026998"/>
</kw>
<kw name="Click" owner="Browser">
<msg time="2025-06-11T18:50:36.575443" level="INFO">Clicks the element 'css=button &gt;&gt; text=Entrar'.</msg>
<arg>css=button &gt;&gt; text=Entrar</arg>
<tag>PageContent</tag>
<tag>Setter</tag>
<doc>Simulates mouse click on the element found by ``selector``.</doc>
<status status="PASS" start="2025-06-11T18:50:36.574440" elapsed="0.127005"/>
</kw>
<arg>${data}[user]</arg>
<status status="PASS" start="2025-06-11T18:50:36.485458" elapsed="0.215987"/>
</kw>
<kw name="User should be logged in" owner="Header">
<kw name="Split String" owner="String">
<msg time="2025-06-11T18:50:36.703443" level="INFO">@{splited_name} = [ Tony | Stark ]</msg>
<var>@{splited_name}</var>
<arg>${name}</arg>
<doc>Splits the ``string`` using ``separator`` as a delimiter string.</doc>
<status status="PASS" start="2025-06-11T18:50:36.703443" elapsed="0.000000"/>
</kw>
<kw name="Set Variable" owner="BuiltIn">
<msg time="2025-06-11T18:50:36.704444" level="INFO">${element} = css=header .right small</msg>
<var>${element}</var>
<arg>css=header .right small</arg>
<doc>Returns the given values which can then be assigned to a variables.</doc>
<status status="PASS" start="2025-06-11T18:50:36.703443" elapsed="0.001001"/>
</kw>
<kw name="Wait For Elements State" owner="Browser">
<msg time="2025-06-11T18:50:36.807076" level="INFO">Waited for Element with selector css=header .right small at state visible</msg>
<arg>${element}</arg>
<arg>visible</arg>
<arg>5</arg>
<tag>PageContent</tag>
<tag>Wait</tag>
<doc>Waits for the element found by ``selector`` to satisfy state option.</doc>
<status status="PASS" start="2025-06-11T18:50:36.704444" elapsed="0.102632"/>
</kw>
<kw name="Get Text" owner="Browser">
<msg time="2025-06-11T18:50:36.853077" level="INFO">Text: 'Olá, Tony'</msg>
<arg>${element}</arg>
<arg>equal</arg>
<arg>Olá, ${splited_name}[0]</arg>
<tag>Assertion</tag>
<tag>Getter</tag>
<tag>PageContent</tag>
<doc>Returns text attribute of the element found by ``selector``.</doc>
<status status="PASS" start="2025-06-11T18:50:36.807076" elapsed="0.047016"/>
</kw>
<arg>${data}[user][name]</arg>
<status status="PASS" start="2025-06-11T18:50:36.702444" elapsed="0.151648"/>
</kw>
<kw name="Mark task as completed" owner="TaskPage">
<kw name="Set Variable" owner="BuiltIn">
<msg time="2025-06-11T18:50:36.856076" level="INFO">${element} = xpath=//strong[text()="Criar uma nova IA"]/..//button[@class="item-toggle"]</msg>
<var>${element}</var>
<arg>xpath=//strong[text()="${task_name}"]/..//button[@class="item-toggle"]</arg>
<doc>Returns the given values which can then be assigned to a variables.</doc>
<status status="PASS" start="2025-06-11T18:50:36.855091" elapsed="0.000985"/>
</kw>
<kw name="Wait For Elements State" owner="Browser">
<msg time="2025-06-11T18:50:36.864081" level="INFO">Waited for Element with selector xpath=//strong[text()="Criar uma nova IA"]/..//button[@class="item-toggle"] at state visible</msg>
<arg>${element}</arg>
<arg>visible</arg>
<arg>5</arg>
<tag>PageContent</tag>
<tag>Wait</tag>
<doc>Waits for the element found by ``selector`` to satisfy state option.</doc>
<status status="PASS" start="2025-06-11T18:50:36.856076" elapsed="0.009000"/>
</kw>
<kw name="Click" owner="Browser">
<msg time="2025-06-11T18:50:36.866090" level="INFO">Clicks the element 'xpath=//strong[text()="Criar uma nova IA"]/..//button[@class="item-toggle"]'.</msg>
<arg>${element}</arg>
<tag>PageContent</tag>
<tag>Setter</tag>
<doc>Simulates mouse click on the element found by ``selector``.</doc>
<status status="PASS" start="2025-06-11T18:50:36.865076" elapsed="0.069001"/>
</kw>
<arg>${data}[task][name]</arg>
<status status="PASS" start="2025-06-11T18:50:36.854092" elapsed="0.080988"/>
</kw>
<kw name="Task should be complete" owner="TaskPage">
<kw name="Set Variable" owner="BuiltIn">
<msg time="2025-06-11T18:50:36.937092" level="INFO">${element} = css=.task-done &gt;&gt; text=Criar uma nova IA</msg>
<var>${element}</var>
<arg>css=.task-done &gt;&gt; text=${task_name}</arg>
<doc>Returns the given values which can then be assigned to a variables.</doc>
<status status="PASS" start="2025-06-11T18:50:36.936078" elapsed="0.001014"/>
</kw>
<kw name="Wait For Elements State" owner="Browser">
<msg time="2025-06-11T18:50:37.038980" level="INFO">Waited for Element with selector css=.task-done &gt;&gt; text=Criar uma nova IA at state visible</msg>
<arg>${element}</arg>
<arg>visible</arg>
<arg>5</arg>
<tag>PageContent</tag>
<tag>Wait</tag>
<doc>Waits for the element found by ``selector`` to satisfy state option.</doc>
<status status="PASS" start="2025-06-11T18:50:36.937092" elapsed="0.101888"/>
</kw>
<kw name="Get Style" owner="Browser">
<msg time="2025-06-11T18:50:37.054397" level="INFO">Value of key: text-decoration-line</msg>
<msg time="2025-06-11T18:50:37.054397" level="INFO">Value of selected property: line-through</msg>
<arg>${element}</arg>
<arg>text-decoration-line</arg>
<arg>equal</arg>
<arg>line-through</arg>
<tag>Assertion</tag>
<tag>Getter</tag>
<tag>PageContent</tag>
<doc>Gets the computed style properties of the element selected by ``selector``.</doc>
<status status="PASS" start="2025-06-11T18:50:37.040015" elapsed="0.015383"/>
</kw>
<arg>${data}[task][name]</arg>
<status status="PASS" start="2025-06-11T18:50:36.935080" elapsed="0.120318"/>
</kw>
<kw name="Take Screenshot" owner="Browser" type="TEARDOWN">
<msg time="2025-06-11T18:50:37.191398" level="INFO" html="true">&lt;/td&gt;&lt;/tr&gt;&lt;tr&gt;&lt;td colspan="3"&gt;&lt;a href="browser/screenshot/robotframework-browser-screenshot-12.png" target="_blank"&gt;&lt;img src="browser/screenshot/robotframework-browser-screenshot-12.png" width="800px"/&gt;&lt;/a&gt;</msg>
<tag>PageContent</tag>
<doc>Takes a screenshot of the current window or element and saves it to disk.</doc>
<status status="PASS" start="2025-06-11T18:50:37.055398" elapsed="0.137010"/>
</kw>
<msg time="2025-06-11T18:50:37.209397" level="INFO">Switching context to context=33f319eb-a193-4f93-a832-d36f1612d421 in CURRENT</msg>
<msg time="2025-06-11T18:50:37.216397" level="INFO">Successfully changed active context: context=33f319eb-a193-4f93-a832-d36f1612d421</msg>
<msg time="2025-06-11T18:50:37.236398" level="INFO">Successfully closed Context</msg>
<status status="PASS" start="2025-06-11T18:50:35.541928" elapsed="1.650480"/>
</test>
<doc>Cenários de testes de atualização de tarefas</doc>
<status status="PASS" start="2025-06-11T18:50:35.502925" elapsed="1.735474"/>
</suite>
<status status="PASS" start="2025-06-11T18:50:20.930053" elapsed="16.315343"/>
</suite>
<status status="PASS" start="2025-06-11T18:49:57.733455" elapsed="39.513942"/>
</suite>
<statistics>
<total>
<stat pass="13" fail="0" skip="0">All Tests</stat>
</total>
<tag>
<stat pass="2" fail="0" skip="0">dup</stat>
<stat pass="1" fail="0" skip="0">EmailInvalido</stat>
<stat pass="1" fail="0" skip="0">Required</stat>
<stat pass="1" fail="0" skip="0">tags_limit</stat>
<stat pass="1" fail="0" skip="0">temp</stat>
</tag>
<suite>
<stat name="Tests" id="s1" pass="13" fail="0" skip="0">Tests</stat>
<stat name="Login Tests" id="s1-s1" pass="2" fail="0" skip="0">Tests.Login Tests</stat>
<stat name="Online Tests" id="s1-s2" pass="1" fail="0" skip="0">Tests.Online Tests</stat>
<stat name="Signup Tests" id="s1-s3" pass="5" fail="0" skip="0">Tests.Signup Tests</stat>
<stat name="Tasks" id="s1-s4" pass="5" fail="0" skip="0">Tests.Tasks</stat>
<stat name="Create" id="s1-s4-s1" pass="3" fail="0" skip="0">Tests.Tasks.Create</stat>
<stat name="Delete" id="s1-s4-s2" pass="1" fail="0" skip="0">Tests.Tasks.Delete</stat>
<stat name="Update" id="s1-s4-s3" pass="1" fail="0" skip="0">Tests.Tasks.Update</stat>
</suite>
</statistics>
<errors>
</errors>
</robot>
